#
# There is insufficient memory for the Java Runtime Environment to continue.
# Native memory allocation (malloc) failed to allocate 1181136 bytes for Chunk::new
# Possible reasons:
#   The system is out of physical RAM or swap space
#   In 32 bit mode, the process size limit was hit
# Possible solutions:
#   Reduce memory load on the system
#   Increase physical memory or swap space
#   Check if swap backing store is full
#   Use 64 bit Java on a 64 bit OS
#   Decrease Java heap size (-Xmx/-Xms)
#   Decrease number of Java threads
#   Decrease Java thread stack sizes (-Xss)
#   Set larger code cache with -XX:ReservedCodeCacheSize=
# This output file may be truncated or incomplete.
#
#  Out of Memory Error (allocation.cpp:390), pid=6964, tid=0x000000000000162c
#
# JRE version: OpenJDK Runtime Environment (8.0_76-b03) (build 1.8.0_76-release-b03)
# Java VM: OpenJDK 64-Bit Server VM (25.76-b03 mixed mode windows-amd64 compressed oops)
# Failed to write core dump. Minidumps are not enabled by default on client versions of Windows
#

---------------  T H R E A D  ---------------

Current thread (0x00000000168d8000):  JavaThread "C2 CompilerThread0" daemon [_thread_in_native, id=5676, stack(0x0000000018060000,0x0000000018160000)]

Stack: [0x0000000018060000,0x0000000018160000]
[error occurred during error reporting (printing stack bounds), id 0xc0000005]

Native frames: (J=compiled Java code, j=interpreted, Vv=VM code, C=native code)


Current CompileTask:
C2:   3825 2128       4       com.android.dx.dex.code.OutputFinisher::getAllConstants (47 bytes)


---------------  P R O C E S S  ---------------

Java Threads: ( => current thread )
  0x0000000016bcf000 JavaThread "pool-1-thread-1" [_thread_in_vm_trans, id=8356, stack(0x0000000019040000,0x0000000019140000)]
  0x0000000016983000 JavaThread "Service Thread" daemon [_thread_blocked, id=7572, stack(0x0000000018470000,0x0000000018570000)]
  0x0000000016920800 JavaThread "C1 CompilerThread3" daemon [_thread_in_native, id=8944, stack(0x0000000017e60000,0x0000000017f60000)]
  0x00000000168ff800 JavaThread "C2 CompilerThread2" daemon [_thread_in_native, id=5764, stack(0x0000000018310000,0x0000000018410000)]
  0x00000000168ea800 JavaThread "C2 CompilerThread1" daemon [_thread_in_native, id=3852, stack(0x00000000181d0000,0x00000000182d0000)]
=>0x00000000168d8000 JavaThread "C2 CompilerThread0" daemon [_thread_in_native, id=5676, stack(0x0000000018060000,0x0000000018160000)]
  0x00000000168ce800 JavaThread "Attach Listener" daemon [_thread_blocked, id=7508, stack(0x0000000017f60000,0x0000000018060000)]
  0x00000000168cd000 JavaThread "Signal Dispatcher" daemon [_thread_blocked, id=3884, stack(0x0000000017840000,0x0000000017940000)]
  0x000000001570b800 JavaThread "Finalizer" daemon [_thread_blocked, id=3860, stack(0x0000000017ca0000,0x0000000017da0000)]
  0x0000000015704800 JavaThread "Reference Handler" daemon [_thread_blocked, id=9212, stack(0x0000000017b40000,0x0000000017c40000)]
  0x000000000014e800 JavaThread "main" [_thread_blocked, id=2452, stack(0x00000000023a0000,0x00000000024a0000)]

Other Threads:
  0x000000000233f800 VMThread [stack: 0x0000000017970000,0x0000000017a70000] [id=3552]
  0x0000000016987800 WatcherThread [stack: 0x0000000018670000,0x0000000018770000] [id=2912]

VM state:not at safepoint (normal execution)

VM Mutex/Monitor currently owned by a thread: None

Heap:
 PSYoungGen      total 142336K, used 47719K [0x00000000eab00000, 0x00000000f4b00000, 0x0000000100000000)
  eden space 125440K, 26% used [0x00000000eab00000,0x00000000ecb39a10,0x00000000f2580000)
  from space 16896K, 87% used [0x00000000f3780000,0x00000000f45e03b8,0x00000000f4800000)
  to   space 18432K, 0% used [0x00000000f2580000,0x00000000f2580000,0x00000000f3780000)
 ParOldGen       total 84992K, used 23008K [0x00000000c0000000, 0x00000000c5300000, 0x00000000eab00000)
  object space 84992K, 27% used [0x00000000c0000000,0x00000000c16781f0,0x00000000c5300000)
 Metaspace       used 6487K, capacity 7408K, committed 7552K, reserved 1056768K
  class space    used 582K, capacity 616K, committed 640K, reserved 1048576K

Card table byte_map: [0x0000000011c00000,0x0000000011e10000] byte_map_base: 0x0000000011600000

Marking Bits: (ParMarkBitMap*) 0x00000000509a9d00
 Begin Bits: [0x0000000012b20000, 0x0000000013b20000)
 End Bits:   [0x0000000013b20000, 0x0000000014b20000)

Polling page: 0x0000000000130000

CodeCache: size=245760Kb used=9287Kb max_used=9287Kb free=236472Kb
 bounds [0x0000000002840000, 0x0000000003160000, 0x0000000011840000]
 total_blobs=2516 nmethods=2253 adapters=176
 compilation: enabled

Compilation events (10 events):
Event: 3.822 Thread 0x0000000016920800 nmethod 2287 0x0000000003154150 code [0x00000000031542c0, 0x0000000003154548]
Event: 3.822 Thread 0x0000000016920800 2288       3       com.android.dx.dex.code.LocalList$Entry::compareTo (63 bytes)
Event: 3.822 Thread 0x00000000168ea800 2289       4       com.android.dx.rop.code.SourcePosition::equals (46 bytes)
Event: 3.822 Thread 0x0000000016920800 nmethod 2288 0x0000000003153990 code [0x0000000003153b20, 0x0000000003153fe8]
Event: 3.822 Thread 0x00000000168ea800 nmethod 2289 0x0000000003152190 code [0x00000000031522e0, 0x0000000003152398]
Event: 3.822 Thread 0x0000000016920800 2290       3       com.android.dx.dex.code.form.Form21c::isCompatible (150 bytes)
Event: 3.823 Thread 0x00000000168ea800 2291       4       com.android.dx.util.FixedSizeList::equals (41 bytes)
Event: 3.823 Thread 0x0000000016920800 nmethod 2290 0x0000000003157ed0 code [0x0000000003158120, 0x0000000003159698]
Event: 3.823 Thread 0x0000000016920800 2293       3       java.util.Arrays::equals (78 bytes)
Event: 3.823 Thread 0x0000000016920800 nmethod 2293 0x0000000003153190 code [0x0000000003153320, 0x0000000003153808]

GC Heap History (10 events):
Event: 2.100 GC heap before
{Heap before GC invocations=2 (full 0):
 PSYoungGen      total 36864K, used 36611K [0x00000000eab00000, 0x00000000ed400000, 0x0000000100000000)
  eden space 31744K, 100% used [0x00000000eab00000,0x00000000eca00000,0x00000000eca00000)
  from space 5120K, 95% used [0x00000000eca00000,0x00000000ecec0ee8,0x00000000ecf00000)
  to   space 5120K, 0% used [0x00000000ecf00000,0x00000000ecf00000,0x00000000ed400000)
 ParOldGen       total 84992K, used 16K [0x00000000c0000000, 0x00000000c5300000, 0x00000000eab00000)
  object space 84992K, 0% used [0x00000000c0000000,0x00000000c0004000,0x00000000c5300000)
 Metaspace       used 5995K, capacity 7088K, committed 7296K, reserved 1056768K
  class space    used 565K, capacity 616K, committed 640K, reserved 1048576K
Event: 2.107 GC heap after
Heap after GC invocations=2 (full 0):
 PSYoungGen      total 36864K, used 5098K [0x00000000eab00000, 0x00000000ed400000, 0x0000000100000000)
  eden space 31744K, 0% used [0x00000000eab00000,0x00000000eab00000,0x00000000eca00000)
  from space 5120K, 99% used [0x00000000ecf00000,0x00000000ed3faab8,0x00000000ed400000)
  to   space 5120K, 0% used [0x00000000eca00000,0x00000000eca00000,0x00000000ecf00000)
 ParOldGen       total 84992K, used 2679K [0x00000000c0000000, 0x00000000c5300000, 0x00000000eab00000)
  object space 84992K, 3% used [0x00000000c0000000,0x00000000c029dd40,0x00000000c5300000)
 Metaspace       used 5995K, capacity 7088K, committed 7296K, reserved 1056768K
  class space    used 565K, capacity 616K, committed 640K, reserved 1048576K
}
Event: 2.181 GC heap before
{Heap before GC invocations=3 (full 0):
 PSYoungGen      total 36864K, used 36842K [0x00000000eab00000, 0x00000000ed400000, 0x0000000100000000)
  eden space 31744K, 100% used [0x00000000eab00000,0x00000000eca00000,0x00000000eca00000)
  from space 5120K, 99% used [0x00000000ecf00000,0x00000000ed3faab8,0x00000000ed400000)
  to   space 5120K, 0% used [0x00000000eca00000,0x00000000eca00000,0x00000000ecf00000)
 ParOldGen       total 84992K, used 2679K [0x00000000c0000000, 0x00000000c5300000, 0x00000000eab00000)
  object space 84992K, 3% used [0x00000000c0000000,0x00000000c029dd40,0x00000000c5300000)
 Metaspace       used 6037K, capacity 7088K, committed 7296K, reserved 1056768K
  class space    used 565K, capacity 616K, committed 640K, reserved 1048576K
Event: 2.187 GC heap after
Heap after GC invocations=3 (full 0):
 PSYoungGen      total 36864K, used 5114K [0x00000000eab00000, 0x00000000ef300000, 0x0000000100000000)
  eden space 31744K, 0% used [0x00000000eab00000,0x00000000eab00000,0x00000000eca00000)
  from space 5120K, 99% used [0x00000000eca00000,0x00000000ecefea90,0x00000000ecf00000)
  to   space 5120K, 0% used [0x00000000eee00000,0x00000000eee00000,0x00000000ef300000)
 ParOldGen       total 84992K, used 7289K [0x00000000c0000000, 0x00000000c5300000, 0x00000000eab00000)
  object space 84992K, 8% used [0x00000000c0000000,0x00000000c071e5b0,0x00000000c5300000)
 Metaspace       used 6037K, capacity 7088K, committed 7296K, reserved 1056768K
  class space    used 565K, capacity 616K, committed 640K, reserved 1048576K
}
Event: 2.464 GC heap before
{Heap before GC invocations=4 (full 0):
 PSYoungGen      total 36864K, used 36858K [0x00000000eab00000, 0x00000000ef300000, 0x0000000100000000)
  eden space 31744K, 100% used [0x00000000eab00000,0x00000000eca00000,0x00000000eca00000)
  from space 5120K, 99% used [0x00000000eca00000,0x00000000ecefea90,0x00000000ecf00000)
  to   space 5120K, 0% used [0x00000000eee00000,0x00000000eee00000,0x00000000ef300000)
 ParOldGen       total 84992K, used 7289K [0x00000000c0000000, 0x00000000c5300000, 0x00000000eab00000)
  object space 84992K, 8% used [0x00000000c0000000,0x00000000c071e5b0,0x00000000c5300000)
 Metaspace       used 6135K, capacity 7152K, committed 7296K, reserved 1056768K
  class space    used 565K, capacity 616K, committed 640K, reserved 1048576K
Event: 2.780 GC heap after
Heap after GC invocations=4 (full 0):
 PSYoungGen      total 68608K, used 5088K [0x00000000eab00000, 0x00000000ef300000, 0x0000000100000000)
  eden space 63488K, 0% used [0x00000000eab00000,0x00000000eab00000,0x00000000ee900000)
  from space 5120K, 99% used [0x00000000eee00000,0x00000000ef2f8010,0x00000000ef300000)
  to   space 5120K, 0% used [0x00000000ee900000,0x00000000ee900000,0x00000000eee00000)
 ParOldGen       total 84992K, used 12818K [0x00000000c0000000, 0x00000000c5300000, 0x00000000eab00000)
  object space 84992K, 15% used [0x00000000c0000000,0x00000000c0c84b78,0x00000000c5300000)
 Metaspace       used 6135K, capacity 7152K, committed 7296K, reserved 1056768K
  class space    used 565K, capacity 616K, committed 640K, reserved 1048576K
}
Event: 3.059 GC heap before
{Heap before GC invocations=5 (full 0):
 PSYoungGen      total 68608K, used 68576K [0x00000000eab00000, 0x00000000ef300000, 0x0000000100000000)
  eden space 63488K, 100% used [0x00000000eab00000,0x00000000ee900000,0x00000000ee900000)
  from space 5120K, 99% used [0x00000000eee00000,0x00000000ef2f8010,0x00000000ef300000)
  to   space 5120K, 0% used [0x00000000ee900000,0x00000000ee900000,0x00000000eee00000)
 ParOldGen       total 84992K, used 12818K [0x00000000c0000000, 0x00000000c5300000, 0x00000000eab00000)
  object space 84992K, 15% used [0x00000000c0000000,0x00000000c0c84b78,0x00000000c5300000)
 Metaspace       used 6188K, capacity 7216K, committed 7296K, reserved 1056768K
  class space    used 566K, capacity 616K, committed 640K, reserved 1048576K
Event: 3.088 GC heap after
Heap after GC invocations=5 (full 0):
 PSYoungGen      total 68608K, used 5102K [0x00000000eab00000, 0x00000000f4800000, 0x0000000100000000)
  eden space 63488K, 0% used [0x00000000eab00000,0x00000000eab00000,0x00000000ee900000)
  from space 5120K, 99% used [0x00000000ee900000,0x00000000eedfb918,0x00000000eee00000)
  to   space 16896K, 0% used [0x00000000f3780000,0x00000000f3780000,0x00000000f4800000)
 ParOldGen       total 84992K, used 23008K [0x00000000c0000000, 0x00000000c5300000, 0x00000000eab00000)
  object space 84992K, 27% used [0x00000000c0000000,0x00000000c16781f0,0x00000000c5300000)
 Metaspace       used 6188K, capacity 7216K, committed 7296K, reserved 1056768K
  class space    used 566K, capacity 616K, committed 640K, reserved 1048576K
}
Event: 3.258 GC heap before
{Heap before GC invocations=6 (full 0):
 PSYoungGen      total 68608K, used 68590K [0x00000000eab00000, 0x00000000f4800000, 0x0000000100000000)
  eden space 63488K, 100% used [0x00000000eab00000,0x00000000ee900000,0x00000000ee900000)
  from space 5120K, 99% used [0x00000000ee900000,0x00000000eedfb918,0x00000000eee00000)
  to   space 16896K, 0% used [0x00000000f3780000,0x00000000f3780000,0x00000000f4800000)
 ParOldGen       total 84992K, used 23008K [0x00000000c0000000, 0x00000000c5300000, 0x00000000eab00000)
  object space 84992K, 27% used [0x00000000c0000000,0x00000000c16781f0,0x00000000c5300000)
 Metaspace       used 6216K, capacity 7216K, committed 7296K, reserved 1056768K
  class space    used 566K, capacity 616K, committed 640K, reserved 1048576K
Event: 3.361 GC heap after
Heap after GC invocations=6 (full 0):
 PSYoungGen      total 142336K, used 14720K [0x00000000eab00000, 0x00000000f4b00000, 0x0000000100000000)
  eden space 125440K, 0% used [0x00000000eab00000,0x00000000eab00000,0x00000000f2580000)
  from space 16896K, 87% used [0x00000000f3780000,0x00000000f45e03b8,0x00000000f4800000)
  to   space 18432K, 0% used [0x00000000f2580000,0x00000000f2580000,0x00000000f3780000)
 ParOldGen       total 84992K, used 23008K [0x00000000c0000000, 0x00000000c5300000, 0x00000000eab00000)
  object space 84992K, 27% used [0x00000000c0000000,0x00000000c16781f0,0x00000000c5300000)
 Metaspace       used 6216K, capacity 7216K, committed 7296K, reserved 1056768K
  class space    used 566K, capacity 616K, committed 640K, reserved 1048576K
}

Deoptimization events (10 events):
Event: 3.503 Thread 0x0000000016bcf000 Uncommon trap: reason=class_check action=maybe_recompile pc=0x0000000002ce44b8 method=java.util.Arrays.hashCode([Ljava/lang/Object;)I @ 43
Event: 3.642 Thread 0x0000000016bcf000 Uncommon trap: reason=unstable_if action=reinterpret pc=0x0000000002e9d488 method=java.util.HashMap.resize()[Ljava/util/HashMap$Node; @ 206
Event: 3.792 Thread 0x0000000016bcf000 Uncommon trap: reason=speculate_class_check action=maybe_recompile pc=0x0000000002b96ccc method=com.android.dx.util.FixedSizeList.equals(Ljava/lang/Object;)Z @ 25
Event: 3.792 Thread 0x0000000016bcf000 Uncommon trap: reason=class_check action=maybe_recompile pc=0x0000000002b9a0a0 method=java.util.Arrays.equals([Ljava/lang/Object;[Ljava/lang/Object;)Z @ 62
Event: 3.792 Thread 0x0000000016bcf000 Uncommon trap: reason=speculate_class_check action=maybe_recompile pc=0x0000000002b96ccc method=com.android.dx.util.FixedSizeList.equals(Ljava/lang/Object;)Z @ 25
Event: 3.792 Thread 0x0000000016bcf000 Uncommon trap: reason=class_check action=maybe_recompile pc=0x0000000002b9a0a0 method=java.util.Arrays.equals([Ljava/lang/Object;[Ljava/lang/Object;)Z @ 62
Event: 3.792 Thread 0x0000000016bcf000 Uncommon trap: reason=speculate_class_check action=maybe_recompile pc=0x0000000002b96ccc method=com.android.dx.util.FixedSizeList.equals(Ljava/lang/Object;)Z @ 25
Event: 3.792 Thread 0x0000000016bcf000 Uncommon trap: reason=unstable_if action=reinterpret pc=0x0000000002b9a078 method=java.util.Arrays.equals([Ljava/lang/Object;[Ljava/lang/Object;)Z @ 23
Event: 3.793 Thread 0x0000000016bcf000 Uncommon trap: reason=speculate_class_check action=maybe_recompile pc=0x0000000002b96ccc method=com.android.dx.util.FixedSizeList.equals(Ljava/lang/Object;)Z @ 25
Event: 3.793 Thread 0x0000000016bcf000 Uncommon trap: reason=unstable_if action=reinterpret pc=0x0000000002fa09cc method=java.util.TreeMap.put(Ljava/lang/Object;Ljava/lang/Object;)Ljava/lang/Object; @ 163

Internal exceptions (5 events):
Event: 0.180 Thread 0x000000000014e800 Exception <a 'java/lang/NoSuchMethodError': Method sun.misc.Unsafe.defineClass(Ljava/lang/String;[BII)Ljava/lang/Class; name or signature does not match> (0x00000000eab07cc0) thrown at [C:\src\android\AOSP-openjdk\external\jetbrains\jdk\hotspot\src\share\vh_´
Ç?
Event: 0.180 Thread 0x000000000014e800 Exception <a 'java/lang/NoSuchMethodError': Method sun.misc.Unsafe.prefetchRead(Ljava/lang/Object;J)V name or signature does not match> (0x00000000eab07fa8) thrown at [C:\src\android\AOSP-openjdk\external\jetbrains\jdk\hotspot\src\share\vm\prims\jni.cpp, l¥;®õºö
Event: 2.120 Thread 0x0000000016bcc000 Implicit null exception at 0x0000000002c8fa76 to 0x0000000002c9119d
Event: 2.121 Thread 0x0000000016bcc000 Implicit null exception at 0x0000000002c878dd to 0x0000000002c88d05
Event: 2.167 Thread 0x00000000187b2800 Implicit null exception at 0x0000000002cc6b12 to 0x0000000002cc6c02

Events (10 events):
Event: 3.792 loading class com/android/dx/dex/code/CatchTable$Entry
Event: 3.792 loading class com/android/dx/dex/code/CatchTable$Entry done
Event: 3.793 Thread 0x0000000016bcf000 Uncommon trap: trap_request=0xffffff76 fr.pc=0x0000000002b96ccc
Event: 3.793 Thread 0x0000000016bcf000 DEOPT PACKING pc=0x0000000002b96ccc sp=0x000000001913e800
Event: 3.793 Thread 0x0000000016bcf000 DEOPT UNPACKING pc=0x000000000288556a sp=0x000000001913e7c0 mode 2
Event: 3.793 Thread 0x0000000016bcf000 Uncommon trap: trap_request=0xffffff65 fr.pc=0x0000000002fa09cc
Event: 3.793 Thread 0x0000000016bcf000 DEOPT PACKING pc=0x0000000002fa09cc sp=0x000000001913ea20
Event: 3.793 Thread 0x0000000016bcf000 DEOPT UNPACKING pc=0x000000000288556a sp=0x000000001913e9c0 mode 2
Event: 3.793 loading class com/android/dx/util/ByteArrayAnnotatedOutput
Event: 3.793 loading class com/android/dx/util/ByteArrayAnnotatedOutput done


Dynamic libraries:
0x000000013f6a0000 - 0x000000013f6d1000 	C:\Program Files\Android\Android Studio\jre\bin\java.exe
0x0000000077180000 - 0x0000000077329000 	C:\Windows\SYSTEM32\ntdll.dll
0x0000000077060000 - 0x000000007717f000 	C:\Windows\system32\kernel32.dll
0x000007fefd940000 - 0x000007fefd9ac000 	C:\Windows\system32\KERNELBASE.dll
0x000007feff3b0000 - 0x000007feff48b000 	C:\Windows\system32\ADVAPI32.dll
0x000007feff1a0000 - 0x000007feff23f000 	C:\Windows\system32\msvcrt.dll
0x000007fefed50000 - 0x000007fefed6f000 	C:\Windows\SYSTEM32\sechost.dll
0x000007fefec00000 - 0x000007fefed2d000 	C:\Windows\system32\RPCRT4.dll
0x0000000076f60000 - 0x000000007705a000 	C:\Windows\system32\USER32.dll
0x000007fefe9f0000 - 0x000007fefea57000 	C:\Windows\system32\GDI32.dll
0x000007fefed30000 - 0x000007fefed3e000 	C:\Windows\system32\LPK.dll
0x000007fefea90000 - 0x000007fefeb59000 	C:\Windows\system32\USP10.dll
0x000007fefbe40000 - 0x000007fefc034000 	C:\Windows\WinSxS\amd64_microsoft.windows.common-controls_6595b64144ccf1df_6.0.7601.17514_none_fa396087175ac9ac\COMCTL32.dll
0x000007fefeb80000 - 0x000007fefebf1000 	C:\Windows\system32\SHLWAPI.dll
0x000007fefea60000 - 0x000007fefea8e000 	C:\Windows\system32\IMM32.DLL
0x000007feff240000 - 0x000007feff349000 	C:\Windows\system32\MSCTF.dll
0x0000000065460000 - 0x0000000065532000 	C:\Program Files\Android\Android Studio\jre\jre\bin\msvcr100.dll
0x00000000501f0000 - 0x0000000050a24000 	C:\Program Files\Android\Android Studio\jre\jre\bin\server\jvm.dll
0x000007feec580000 - 0x000007feec589000 	C:\Windows\system32\WSOCK32.dll
0x000007fefee50000 - 0x000007fefee9d000 	C:\Windows\system32\WS2_32.dll
0x000007fefed40000 - 0x000007fefed48000 	C:\Windows\system32\NSI.dll
0x000007fefaf00000 - 0x000007fefaf3b000 	C:\Windows\system32\WINMM.dll
0x000007fefc6e0000 - 0x000007fefc6ec000 	C:\Windows\system32\VERSION.dll
0x0000000077340000 - 0x0000000077347000 	C:\Windows\system32\PSAPI.DLL
0x000007fef8e90000 - 0x000007fef8e9f000 	C:\Program Files\Android\Android Studio\jre\jre\bin\verify.dll
0x000007fef8440000 - 0x000007fef8469000 	C:\Program Files\Android\Android Studio\jre\jre\bin\java.dll
0x000007fef83f0000 - 0x000007fef8406000 	C:\Program Files\Android\Android Studio\jre\jre\bin\zip.dll
0x000007fefd9b0000 - 0x000007fefe738000 	C:\Windows\system32\SHELL32.dll
0x000007fefe7e0000 - 0x000007fefe9e3000 	C:\Windows\system32\ole32.dll
0x000007fefd5e0000 - 0x000007fefd5ef000 	C:\Windows\system32\profapi.dll

VM Arguments:
jvm_args: -Djava.awt.headless=true -Xmx1024M -Dfile.encoding=windows-1252 -Duser.country=FR -Duser.language=fr -Duser.variant 
java_command: com.android.dx.command.Main --dex --force-jumbo --num-threads=4 --multi-dex --output C:\Users\rhakanjin.Newsco\Desktop\workspaceAndroid\friendzone\app\build\intermediates\transforms\dex\debug\folders\1000\10\com.android.support-support-compat-25.1.0_32e93165fa6a55663657d3d6664a8d00f891a9f8 C:\Users\rhakanjin.Newsco\Desktop\workspaceAndroid\friendzone\app\build\intermediates\exploded-aar\com.android.support\support-compat\25.1.0\jars\classes.jar
java_class_path (initial): C:\Users\rhakanjin.Newsco\AppData\Local\Android\sdk\build-tools\25.0.2\lib\dx.jar
Launcher Type: SUN_STANDARD

Environment Variables:
PATH=c:\Program Files (x86)\Intel\iCLS Client\;c:\Program Files\Intel\iCLS Client\;C:\Windows\system32;C:\Windows;C:\Windows\System32\Wbem;C:\Windows\System32\WindowsPowerShell\v1.0\;c:\Program Files (x86)\Common Files\Roxio Shared\DLLShared\;c:\Program Files (x86)\Common Files\Roxio Shared\10.0\DLLShared\;C:\Program Files\Intel\Intel(R) Management Engine Components\DAL;C:\Program Files\Intel\Intel(R) Management Engine Components\IPT;C:\Program Files (x86)\Intel\Intel(R) Management Engine Components\DAL;C:\Program Files (x86)\Intel\Intel(R) Management Engine Components\IPT;C:\Program Files\nodejs\;C:\RailsInstaller\Ruby2.3.0\bin;c:\Program Files (x86)\Intel\iCLS Client\;c:\Program Files\Intel\iCLS Client\;C:\Windows\system32;C:\Windows;C:\Windows\System32\Wbem;C:\Windows\System32\WindowsPowerShell\v1.0\;c:\Program Files (x86)\Common Files\Roxio Shared\DLLShared\;c:\Program Files (x86)\Common Files\Roxio Shared\10.0\DLLShared\;C:\Program Files\Intel\Intel(R) Management Engine Components\DAL;C:\Program Files\Intel\Intel(R) Management Engine Components\IPT;C:\Program Files (x86)\Intel\Intel(R) Management Engine Components\DAL;C:\Program Files (x86)\Intel\Intel(R) Management Engine Components\IPT;C:\Users\rhakanjin.Newsco\AppData\Local\Programs\Git\cmd;C:\Users\rhakanjin.Newsco\AppData\Roaming\npm
USERNAME=rhakanjin
OS=Windows_NT
PROCESSOR_IDENTIFIER=Intel64 Family 6 Model 58 Stepping 9, GenuineIntel



---------------  S Y S T E M  ---------------

OS: Windows 7 , 64 bit Build 7601 (6.1.7601.17651)

CPU:total 8 (4 cores per cpu, 2 threads per core) family 6 model 58 stepping 9, cmov, cx8, fxsr, mmx, sse, sse2, sse3, ssse3, sse4.1, sse4.2, popcnt, avx, aes, clmul, erms, ht, tsc, tscinvbit, tscinv

Memory: 4k page, physical 8063920k(707568k free), swap 12256372k(5104k free)

vm_info: OpenJDK 64-Bit Server VM (25.76-b03) for windows-amd64 JRE (1.8.0_76-release-b03), built on Jun 29 2016 19:09:20 by "ralucas" with MS VC++ 10.0 (VS2010)

time: Thu Feb 16 11:39:22 2017
elapsed time: 3 seconds (0d 0h 0m 3s)

