#
# There is insufficient memory for the Java Runtime Environment to continue.
# Native memory allocation (malloc) failed to allocate 342416 bytes for Chunk::new
# Possible reasons:
#   The system is out of physical RAM or swap space
#   In 32 bit mode, the process size limit was hit
# Possible solutions:
#   Reduce memory load on the system
#   Increase physical memory or swap space
#   Check if swap backing store is full
#   Use 64 bit Java on a 64 bit OS
#   Decrease Java heap size (-Xmx/-Xms)
#   Decrease number of Java threads
#   Decrease Java thread stack sizes (-Xss)
#   Set larger code cache with -XX:ReservedCodeCacheSize=
# This output file may be truncated or incomplete.
#
#  Out of Memory Error (allocation.cpp:390), pid=8784, tid=0x0000000000000a18
#
# JRE version: OpenJDK Runtime Environment (8.0_76-b03) (build 1.8.0_76-release-b03)
# Java VM: OpenJDK 64-Bit Server VM (25.76-b03 mixed mode windows-amd64 compressed oops)
# Failed to write core dump. Minidumps are not enabled by default on client versions of Windows
#

---------------  T H R E A D  ---------------

Current thread (0x0000000056647000):  JavaThread "C2 CompilerThread2" daemon [_thread_in_native, id=2584, stack(0x00000000580d0000,0x00000000581d0000)]

Stack: [0x00000000580d0000,0x00000000581d0000]
[error occurred during error reporting (printing stack bounds), id 0xc0000005]

Native frames: (J=compiled Java code, j=interpreted, Vv=VM code, C=native code)


Current CompileTask:
C2:    990 1065       4       com.android.dx.ssa.LocalVariableExtractor::processBlock (383 bytes)


---------------  P R O C E S S  ---------------

Java Threads: ( => current thread )
  0x00000000567b4000 JavaThread "pool-2-thread-4" [_thread_blocked, id=7204, stack(0x0000000058dc0000,0x0000000058ec0000)]
  0x00000000567b7800 JavaThread "pool-2-thread-3" [_thread_in_Java, id=8772, stack(0x0000000058c50000,0x0000000058d50000)]
  0x00000000567a8000 JavaThread "pool-2-thread-2" [_thread_blocked, id=8308, stack(0x0000000058ab0000,0x0000000058bb0000)]
  0x00000000567a7000 JavaThread "pool-3-thread-1" [_thread_blocked, id=7572, stack(0x00000000588e0000,0x00000000589e0000)]
  0x00000000567aa000 JavaThread "pool-2-thread-1" [_thread_blocked, id=7320, stack(0x0000000058720000,0x0000000058820000)]
  0x00000000566cf800 JavaThread "Service Thread" daemon [_thread_blocked, id=7676, stack(0x0000000058440000,0x0000000058540000)]
  0x0000000056647800 JavaThread "C1 CompilerThread3" daemon [_thread_blocked, id=8744, stack(0x0000000058300000,0x0000000058400000)]
=>0x0000000056647000 JavaThread "C2 CompilerThread2" daemon [_thread_in_native, id=2584, stack(0x00000000580d0000,0x00000000581d0000)]
  0x000000005663c000 JavaThread "C2 CompilerThread1" daemon [_thread_in_native, id=3276, stack(0x0000000057f20000,0x0000000058020000)]
  0x0000000056636800 JavaThread "C2 CompilerThread0" daemon [_thread_in_native, id=8916, stack(0x0000000057ca0000,0x0000000057da0000)]
  0x0000000056630800 JavaThread "Attach Listener" daemon [_thread_blocked, id=4756, stack(0x0000000057e10000,0x0000000057f10000)]
  0x000000005662f000 JavaThread "Signal Dispatcher" daemon [_thread_blocked, id=8064, stack(0x0000000057ba0000,0x0000000057ca0000)]
  0x000000005568d800 JavaThread "Finalizer" daemon [_thread_blocked, id=5548, stack(0x00000000579e0000,0x0000000057ae0000)]
  0x0000000055684800 JavaThread "Reference Handler" daemon [_thread_blocked, id=7112, stack(0x00000000578e0000,0x00000000579e0000)]
  0x00000000002be800 JavaThread "main" [_thread_blocked, id=8820, stack(0x00000000024b0000,0x00000000025b0000)]

Other Threads:
  0x00000000565e0800 VMThread [stack: 0x0000000057700000,0x0000000057800000] [id=3480]
  0x00000000566d4000 WatcherThread [stack: 0x00000000585f0000,0x00000000586f0000] [id=7484]

VM state:not at safepoint (normal execution)

VM Mutex/Monitor currently owned by a thread: None

Heap:
 PSYoungGen      total 36864K, used 22168K [0x00000000eab00000, 0x00000000ed400000, 0x0000000100000000)
  eden space 31744K, 53% used [0x00000000eab00000,0x00000000ebba9208,0x00000000eca00000)
  from space 5120K, 99% used [0x00000000eca00000,0x00000000ecefd108,0x00000000ecf00000)
  to   space 5120K, 0% used [0x00000000ecf00000,0x00000000ecf00000,0x00000000ed400000)
 ParOldGen       total 84992K, used 679K [0x00000000c0000000, 0x00000000c5300000, 0x00000000eab00000)
  object space 84992K, 0% used [0x00000000c0000000,0x00000000c00a9fa8,0x00000000c5300000)
 Metaspace       used 5837K, capacity 6896K, committed 7040K, reserved 1056768K
  class space    used 572K, capacity 616K, committed 640K, reserved 1048576K

Card table byte_map: [0x0000000011c40000,0x0000000011e50000] byte_map_base: 0x0000000011640000

Marking Bits: (ParMarkBitMap*) 0x000000005fc59d00
 Begin Bits: [0x0000000012aa0000, 0x0000000013aa0000)
 End Bits:   [0x0000000013aa0000, 0x0000000014aa0000)

Polling page: 0x0000000000130000

CodeCache: size=245760Kb used=4452Kb max_used=4452Kb free=241307Kb
 bounds [0x0000000002880000, 0x0000000002ce0000, 0x0000000011880000]
 total_blobs=1452 nmethods=1184 adapters=182
 compilation: enabled

Compilation events (10 events):
Event: 0.972 Thread 0x0000000056647800 nmethod 1218 0x0000000002cd0e50 code [0x0000000002cd0fc0, 0x0000000002cd11b8]
Event: 0.972 Thread 0x0000000056647800 1217       2       java.util.HashMap::<init> (98 bytes)
Event: 0.972 Thread 0x0000000056647800 nmethod 1217 0x0000000002cd12d0 code [0x0000000002cd14c0, 0x0000000002cd1bc8]
Event: 0.972 Thread 0x0000000056647800 1219       2       java.util.concurrent.locks.AbstractOwnableSynchronizer::setExclusiveOwnerThread (6 bytes)
Event: 0.972 Thread 0x0000000056647800 nmethod 1219 0x0000000002cd2010 code [0x0000000002cd2160, 0x0000000002cd22d0]
Event: 0.974 Thread 0x0000000056647800 1220       1       com.android.dx.cf.attrib.BaseLocalVariables::getLocalVariables (5 bytes)
Event: 0.974 Thread 0x0000000056647800 nmethod 1220 0x0000000002cd2350 code [0x0000000002cd24a0, 0x0000000002cd25b0]
Event: 0.974 Thread 0x0000000056647800 1221       2       com.android.dx.util.Bits::isEmpty (26 bytes)
Event: 0.974 Thread 0x0000000056647800 nmethod 1221 0x0000000002cd2610 code [0x0000000002cd2760, 0x0000000002cd2910]
Event: 0.974 Thread 0x0000000056647800 1222       2       com.android.dx.cf.code.BasicBlocker::getBlockList (208 bytes)

GC Heap History (2 events):
Event: 0.771 GC heap before
{Heap before GC invocations=1 (full 0):
 PSYoungGen      total 36864K, used 31744K [0x00000000eab00000, 0x00000000ed400000, 0x0000000100000000)
  eden space 31744K, 100% used [0x00000000eab00000,0x00000000eca00000,0x00000000eca00000)
  from space 5120K, 0% used [0x00000000ecf00000,0x00000000ecf00000,0x00000000ed400000)
  to   space 5120K, 0% used [0x00000000eca00000,0x00000000eca00000,0x00000000ecf00000)
 ParOldGen       total 84992K, used 0K [0x00000000c0000000, 0x00000000c5300000, 0x00000000eab00000)
  object space 84992K, 0% used [0x00000000c0000000,0x00000000c0000000,0x00000000c5300000)
 Metaspace       used 5733K, capacity 6768K, committed 7040K, reserved 1056768K
  class space    used 572K, capacity 616K, committed 640K, reserved 1048576K
Event: 0.853 GC heap after
Heap after GC invocations=1 (full 0):
 PSYoungGen      total 36864K, used 5108K [0x00000000eab00000, 0x00000000ed400000, 0x0000000100000000)
  eden space 31744K, 0% used [0x00000000eab00000,0x00000000eab00000,0x00000000eca00000)
  from space 5120K, 99% used [0x00000000eca00000,0x00000000ecefd108,0x00000000ecf00000)
  to   space 5120K, 0% used [0x00000000ecf00000,0x00000000ecf00000,0x00000000ed400000)
 ParOldGen       total 84992K, used 679K [0x00000000c0000000, 0x00000000c5300000, 0x00000000eab00000)
  object space 84992K, 0% used [0x00000000c0000000,0x00000000c00a9fa8,0x00000000c5300000)
 Metaspace       used 5733K, capacity 6768K, committed 7040K, reserved 1056768K
  class space    used 572K, capacity 616K, committed 640K, reserved 1048576K
}

Deoptimization events (10 events):
Event: 0.566 Thread 0x00000000567aa000 Uncommon trap: reason=unstable_if action=reinterpret pc=0x0000000002a57020 method=java.util.BitSet.nextSetBit(I)I @ 87
Event: 0.649 Thread 0x00000000567aa000 Uncommon trap: reason=null_check action=make_not_entrant pc=0x0000000002b4db90 method=com.android.dx.rop.type.Type.equals(Ljava/lang/Object;)Z @ 8
Event: 0.699 Thread 0x00000000567aa000 Uncommon trap: reason=null_check action=make_not_entrant pc=0x0000000002bc29ac method=com.android.dx.ssa.SsaRenamer.getLocalForNewReg(I)Lcom/android/dx/rop/code/LocalItem; @ 19
Event: 0.704 Thread 0x00000000002be800 Uncommon trap: reason=unstable_if action=reinterpret pc=0x0000000002bd0d0c method=com.android.dx.rop.code.RegisterSpec.equals(ILcom/android/dx/rop/type/TypeBearer;Lcom/android/dx/rop/code/LocalItem;)Z @ 42
Event: 0.747 Thread 0x00000000567b4000 Uncommon trap: reason=unstable_if action=reinterpret pc=0x0000000002b6e804 method=com.android.dx.ssa.SsaRenamer$BlockRenamer.addMapping(ILcom/android/dx/rop/code/RegisterSpec;)V @ 120
Event: 0.752 Thread 0x00000000567b4000 Uncommon trap: reason=bimorphic action=maybe_recompile pc=0x0000000002b077f4 method=java.util.HashMap.getNode(ILjava/lang/Object;)Ljava/util/HashMap$Node; @ 126
Event: 0.951 Thread 0x00000000567b4000 Uncommon trap: reason=class_check action=maybe_recompile pc=0x0000000002c5fbf8 method=com.android.dx.ssa.SCCP.setLatticeValueTo(IILcom/android/dx/rop/cst/Constant;)Z @ 43
Event: 0.951 Thread 0x00000000567b4000 Uncommon trap: reason=class_check action=maybe_recompile pc=0x0000000002c5fbf8 method=com.android.dx.ssa.SCCP.setLatticeValueTo(IILcom/android/dx/rop/cst/Constant;)Z @ 43
Event: 0.951 Thread 0x00000000567b4000 Uncommon trap: reason=class_check action=maybe_recompile pc=0x0000000002c5fbf8 method=com.android.dx.ssa.SCCP.setLatticeValueTo(IILcom/android/dx/rop/cst/Constant;)Z @ 43
Event: 0.951 Thread 0x00000000567b4000 Uncommon trap: reason=class_check action=maybe_recompile pc=0x0000000002c5fbf8 method=com.android.dx.ssa.SCCP.setLatticeValueTo(IILcom/android/dx/rop/cst/Constant;)Z @ 43

Internal exceptions (4 events):
Event: 0.027 Thread 0x00000000002be800 Exception <a 'java/lang/NoSuchMethodError': Method sun.misc.Unsafe.defineClass(Ljava/lang/String;[BII)Ljava/lang/Class; name or signature does not match> (0x00000000eab07cc0) thrown at [C:\src\android\AOSP-openjdk\external\jetbrains\jdk\hotspot\src\share\v Ö‡¯ú?
Event: 0.027 Thread 0x00000000002be800 Exception <a 'java/lang/NoSuchMethodError': Method sun.misc.Unsafe.prefetchRead(Ljava/lang/Object;J)V name or signature does not match> (0x00000000eab07fa8) thrown at [C:\src\android\AOSP-openjdk\external\jetbrains\jdk\hotspot\src\share\vm\prims\jni.cpp, l.ze»‰?
Event: 0.649 Thread 0x00000000567aa000 Implicit null exception at 0x0000000002b4da92 to 0x0000000002b4db82
Event: 0.699 Thread 0x00000000567aa000 Implicit null exception at 0x0000000002bc01fc to 0x0000000002bc2965

Events (10 events):
Event: 0.951 Thread 0x00000000567b4000 DEOPT UNPACKING pc=0x00000000028c556a sp=0x0000000058ebec28 mode 2
Event: 0.951 Thread 0x00000000567b4000 Uncommon trap: trap_request=0xffffffde fr.pc=0x0000000002c5fbf8
Event: 0.951 Thread 0x00000000567b4000 DEOPT PACKING pc=0x0000000002c5fbf8 sp=0x0000000058ebece0
Event: 0.951 Thread 0x00000000567b4000 DEOPT UNPACKING pc=0x00000000028c556a sp=0x0000000058ebec28 mode 2
Event: 0.951 Thread 0x00000000567b4000 Uncommon trap: trap_request=0xffffffde fr.pc=0x0000000002c5fbf8
Event: 0.951 Thread 0x00000000567b4000 DEOPT PACKING pc=0x0000000002c5fbf8 sp=0x0000000058ebece0
Event: 0.951 Thread 0x00000000567b4000 DEOPT UNPACKING pc=0x00000000028c556a sp=0x0000000058ebec28 mode 2
Event: 0.951 Thread 0x00000000567b4000 Uncommon trap: trap_request=0xffffffde fr.pc=0x0000000002c5fbf8
Event: 0.951 Thread 0x00000000567b4000 DEOPT PACKING pc=0x0000000002c5fbf8 sp=0x0000000058ebece0
Event: 0.951 Thread 0x00000000567b4000 DEOPT UNPACKING pc=0x00000000028c556a sp=0x0000000058ebec28 mode 2


Dynamic libraries:
0x000000013f0c0000 - 0x000000013f0f1000 	C:\Program Files\Android\Android Studio\jre\bin\java.exe
0x0000000077180000 - 0x0000000077329000 	C:\Windows\SYSTEM32\ntdll.dll
0x0000000077060000 - 0x000000007717f000 	C:\Windows\system32\kernel32.dll
0x000007fefd940000 - 0x000007fefd9ac000 	C:\Windows\system32\KERNELBASE.dll
0x000007feff3b0000 - 0x000007feff48b000 	C:\Windows\system32\ADVAPI32.dll
0x000007feff1a0000 - 0x000007feff23f000 	C:\Windows\system32\msvcrt.dll
0x000007fefed50000 - 0x000007fefed6f000 	C:\Windows\SYSTEM32\sechost.dll
0x000007fefec00000 - 0x000007fefed2d000 	C:\Windows\system32\RPCRT4.dll
0x0000000076f60000 - 0x000000007705a000 	C:\Windows\system32\USER32.dll
0x000007fefe9f0000 - 0x000007fefea57000 	C:\Windows\system32\GDI32.dll
0x000007fefed30000 - 0x000007fefed3e000 	C:\Windows\system32\LPK.dll
0x000007fefea90000 - 0x000007fefeb59000 	C:\Windows\system32\USP10.dll
0x000007fefbe40000 - 0x000007fefc034000 	C:\Windows\WinSxS\amd64_microsoft.windows.common-controls_6595b64144ccf1df_6.0.7601.17514_none_fa396087175ac9ac\COMCTL32.dll
0x000007fefeb80000 - 0x000007fefebf1000 	C:\Windows\system32\SHLWAPI.dll
0x000007fefea60000 - 0x000007fefea8e000 	C:\Windows\system32\IMM32.DLL
0x000007feff240000 - 0x000007feff349000 	C:\Windows\system32\MSCTF.dll
0x0000000061f00000 - 0x0000000061fd2000 	C:\Program Files\Android\Android Studio\jre\jre\bin\msvcr100.dll
0x000000005f4a0000 - 0x000000005fcd4000 	C:\Program Files\Android\Android Studio\jre\jre\bin\server\jvm.dll
0x000007feec580000 - 0x000007feec589000 	C:\Windows\system32\WSOCK32.dll
0x000007fefee50000 - 0x000007fefee9d000 	C:\Windows\system32\WS2_32.dll
0x000007fefed40000 - 0x000007fefed48000 	C:\Windows\system32\NSI.dll
0x000007fefaf00000 - 0x000007fefaf3b000 	C:\Windows\system32\WINMM.dll
0x000007fefc6e0000 - 0x000007fefc6ec000 	C:\Windows\system32\VERSION.dll
0x0000000077340000 - 0x0000000077347000 	C:\Windows\system32\PSAPI.DLL
0x000007fef83d0000 - 0x000007fef83df000 	C:\Program Files\Android\Android Studio\jre\jre\bin\verify.dll
0x000007fef82f0000 - 0x000007fef8319000 	C:\Program Files\Android\Android Studio\jre\jre\bin\java.dll
0x000007fef7780000 - 0x000007fef7796000 	C:\Program Files\Android\Android Studio\jre\jre\bin\zip.dll
0x000007fefd9b0000 - 0x000007fefe738000 	C:\Windows\system32\SHELL32.dll
0x000007fefe7e0000 - 0x000007fefe9e3000 	C:\Windows\system32\ole32.dll
0x000007fefd5e0000 - 0x000007fefd5ef000 	C:\Windows\system32\profapi.dll

VM Arguments:
jvm_args: -Djava.awt.headless=true -Xmx1024M -Dfile.encoding=windows-1252 -Duser.country=FR -Duser.language=fr -Duser.variant 
java_command: com.android.dx.command.Main --dex --force-jumbo --num-threads=4 --multi-dex --output C:\Users\rhakanjin.Newsco\Desktop\workspaceAndroid\friendzone\app\build\intermediates\transforms\dex\debug\folders\1000\10\instant-run_3b56eb85b45b4b242fc8f8f17d7634ce92db2d79 C:\Users\rhakanjin.Newsco\Desktop\workspaceAndroid\friendzone\app\build\intermediates\incremental-runtime-classes\debug\instant-run.jar
java_class_path (initial): C:\Users\rhakanjin.Newsco\AppData\Local\Android\sdk\build-tools\25.0.2\lib\dx.jar
Launcher Type: SUN_STANDARD

Environment Variables:
PATH=c:\Program Files (x86)\Intel\iCLS Client\;c:\Program Files\Intel\iCLS Client\;C:\Windows\system32;C:\Windows;C:\Windows\System32\Wbem;C:\Windows\System32\WindowsPowerShell\v1.0\;c:\Program Files (x86)\Common Files\Roxio Shared\DLLShared\;c:\Program Files (x86)\Common Files\Roxio Shared\10.0\DLLShared\;C:\Program Files\Intel\Intel(R) Management Engine Components\DAL;C:\Program Files\Intel\Intel(R) Management Engine Components\IPT;C:\Program Files (x86)\Intel\Intel(R) Management Engine Components\DAL;C:\Program Files (x86)\Intel\Intel(R) Management Engine Components\IPT;C:\Program Files\nodejs\;C:\RailsInstaller\Ruby2.3.0\bin;c:\Program Files (x86)\Intel\iCLS Client\;c:\Program Files\Intel\iCLS Client\;C:\Windows\system32;C:\Windows;C:\Windows\System32\Wbem;C:\Windows\System32\WindowsPowerShell\v1.0\;c:\Program Files (x86)\Common Files\Roxio Shared\DLLShared\;c:\Program Files (x86)\Common Files\Roxio Shared\10.0\DLLShared\;C:\Program Files\Intel\Intel(R) Management Engine Components\DAL;C:\Program Files\Intel\Intel(R) Management Engine Components\IPT;C:\Program Files (x86)\Intel\Intel(R) Management Engine Components\DAL;C:\Program Files (x86)\Intel\Intel(R) Management Engine Components\IPT;C:\Users\rhakanjin.Newsco\AppData\Local\Programs\Git\cmd;C:\Users\rhakanjin.Newsco\AppData\Roaming\npm
USERNAME=rhakanjin
OS=Windows_NT
PROCESSOR_IDENTIFIER=Intel64 Family 6 Model 58 Stepping 9, GenuineIntel



---------------  S Y S T E M  ---------------

OS: Windows 7 , 64 bit Build 7601 (6.1.7601.17651)

CPU:total 8 (4 cores per cpu, 2 threads per core) family 6 model 58 stepping 9, cmov, cx8, fxsr, mmx, sse, sse2, sse3, ssse3, sse4.1, sse4.2, popcnt, avx, aes, clmul, erms, ht, tsc, tscinvbit, tscinv

Memory: 4k page, physical 8063920k(462808k free), swap 12256372k(7728k free)

vm_info: OpenJDK 64-Bit Server VM (25.76-b03) for windows-amd64 JRE (1.8.0_76-release-b03), built on Jun 29 2016 19:09:20 by "ralucas" with MS VC++ 10.0 (VS2010)

time: Mon Feb 13 13:49:58 2017
elapsed time: 0 seconds (0d 0h 0m 0s)

