#
# There is insufficient memory for the Java Runtime Environment to continue.
# Native memory allocation (malloc) failed to allocate 325616 bytes for Chunk::new
# Possible reasons:
#   The system is out of physical RAM or swap space
#   In 32 bit mode, the process size limit was hit
# Possible solutions:
#   Reduce memory load on the system
#   Increase physical memory or swap space
#   Check if swap backing store is full
#   Use 64 bit Java on a 64 bit OS
#   Decrease Java heap size (-Xmx/-Xms)
#   Decrease number of Java threads
#   Decrease Java thread stack sizes (-Xss)
#   Set larger code cache with -XX:ReservedCodeCacheSize=
# This output file may be truncated or incomplete.
#
#  Out of Memory Error (allocation.cpp:390), pid=8080, tid=0x0000000000002174
#
# JRE version: OpenJDK Runtime Environment (8.0_76-b03) (build 1.8.0_76-release-b03)
# Java VM: OpenJDK 64-Bit Server VM (25.76-b03 mixed mode windows-amd64 compressed oops)
# Failed to write core dump. Minidumps are not enabled by default on client versions of Windows
#

---------------  T H R E A D  ---------------

Current thread (0x00000000568c6000):  JavaThread "C2 CompilerThread0" daemon [_thread_in_native, id=8564, stack(0x00000000580c0000,0x00000000581c0000)]

Stack: [0x00000000580c0000,0x00000000581c0000]
[error occurred during error reporting (printing stack bounds), id 0xc0000005]

Native frames: (J=compiled Java code, j=interpreted, Vv=VM code, C=native code)


Current CompileTask:
C2:   1480 1081       4       com.android.dx.ssa.Dominators::eval (29 bytes)


---------------  P R O C E S S  ---------------

Java Threads: ( => current thread )
  0x0000000056a2a000 JavaThread "pool-3-thread-1" [_thread_blocked, id=4576, stack(0x00000000581c0000,0x00000000582c0000)]
  0x0000000056960800 JavaThread "Service Thread" daemon [_thread_blocked, id=8156, stack(0x0000000058890000,0x0000000058990000)]
  0x0000000056921800 JavaThread "C1 CompilerThread3" daemon [_thread_blocked, id=6184, stack(0x0000000058610000,0x0000000058710000)]
  0x0000000056911000 JavaThread "C2 CompilerThread2" daemon [_thread_in_native, id=6976, stack(0x00000000584a0000,0x00000000585a0000)]
  0x00000000568cf800 JavaThread "C2 CompilerThread1" daemon [_thread_in_native, id=7448, stack(0x00000000582c0000,0x00000000583c0000)]
=>0x00000000568c6000 JavaThread "C2 CompilerThread0" daemon [_thread_in_native, id=8564, stack(0x00000000580c0000,0x00000000581c0000)]
  0x00000000568c0800 JavaThread "Attach Listener" daemon [_thread_blocked, id=9032, stack(0x0000000057a10000,0x0000000057b10000)]
  0x00000000568be800 JavaThread "Signal Dispatcher" daemon [_thread_blocked, id=1208, stack(0x0000000057f20000,0x0000000058020000)]
  0x000000005580d800 JavaThread "Finalizer" daemon [_thread_blocked, id=7288, stack(0x0000000057d70000,0x0000000057e70000)]
  0x0000000055804800 JavaThread "Reference Handler" daemon [_thread_blocked, id=3500, stack(0x0000000057b70000,0x0000000057c70000)]
  0x000000000008e800 JavaThread "main" [_thread_in_Java, id=6624, stack(0x00000000022c0000,0x00000000023c0000)]

Other Threads:
  0x0000000056870800 VMThread [stack: 0x00000000578a0000,0x00000000579a0000] [id=8556]
  0x0000000056965000 WatcherThread [stack: 0x0000000058aa0000,0x0000000058ba0000] [id=6968]

VM state:not at safepoint (normal execution)

VM Mutex/Monitor currently owned by a thread: None

Heap:
 PSYoungGen      total 36864K, used 30769K [0x00000000eab00000, 0x00000000ed400000, 0x0000000100000000)
  eden space 31744K, 96% used [0x00000000eab00000,0x00000000ec90c520,0x00000000eca00000)
  from space 5120K, 0% used [0x00000000ecf00000,0x00000000ecf00000,0x00000000ed400000)
  to   space 5120K, 0% used [0x00000000eca00000,0x00000000eca00000,0x00000000ecf00000)
 ParOldGen       total 84992K, used 0K [0x00000000c0000000, 0x00000000c5300000, 0x00000000eab00000)
  object space 84992K, 0% used [0x00000000c0000000,0x00000000c0000000,0x00000000c5300000)
 Metaspace       used 5601K, capacity 6832K, committed 7040K, reserved 1056768K
  class space    used 552K, capacity 616K, committed 640K, reserved 1048576K

Card table byte_map: [0x0000000011af0000,0x0000000011d00000] byte_map_base: 0x00000000114f0000

Marking Bits: (ParMarkBitMap*) 0x000000005ac29d00
 Begin Bits: [0x0000000012c20000, 0x0000000013c20000)
 End Bits:   [0x0000000013c20000, 0x0000000014c20000)

Polling page: 0x0000000001c70000

CodeCache: size=245760Kb used=4493Kb max_used=4503Kb free=241266Kb
 bounds [0x0000000002730000, 0x0000000002ba0000, 0x0000000011730000]
 total_blobs=1398 nmethods=1138 adapters=174
 compilation: enabled

Compilation events (10 events):
Event: 1.433 Thread 0x0000000056921800 1090       3       com.android.dx.ssa.DeadCodeRemover::run (194 bytes)
Event: 1.435 Thread 0x0000000056921800 nmethod 1090 0x0000000002b6afd0 code [0x0000000002b6b360, 0x0000000002b6d108]
Event: 1.435 Thread 0x0000000056921800 1091       3       java.util.HashMap$HashIterator::hasNext (13 bytes)
Event: 1.436 Thread 0x0000000056921800 nmethod 1091 0x0000000002b6e1d0 code [0x0000000002b6e320, 0x0000000002b6e4d0]
Event: 1.436 Thread 0x0000000056921800 1092       1       java.util.HashMap$Node::getKey (5 bytes)
Event: 1.436 Thread 0x0000000056921800 nmethod 1092 0x0000000002b6e550 code [0x0000000002b6e6a0, 0x0000000002b6e7b0]
Event: 1.436 Thread 0x0000000056921800 1093       3       com.android.dx.ssa.SsaMethod::onInsnsChanged (16 bytes)
Event: 1.436 Thread 0x0000000056921800 nmethod 1093 0x0000000002b6e810 code [0x0000000002b6e960, 0x0000000002b6eaf0]
Event: 1.437 Thread 0x0000000056921800 1094   !   3       com.android.dx.cf.code.OneLocalsArray::set (106 bytes)
Event: 1.438 Thread 0x0000000056921800 nmethod 1094 0x0000000002b6eb90 code [0x0000000002b6ede0, 0x0000000002b6fbd8]

GC Heap History (0 events):
No events

Deoptimization events (10 events):
Event: 0.599 Thread 0x0000000056a3d000 Uncommon trap: reason=class_check action=maybe_recompile pc=0x00000000028bab00 method=com.android.dx.rop.cst.CstMemberRef.compareTo0(Lcom/android/dx/rop/cst/Constant;)I @ 1
Event: 0.611 Thread 0x0000000056a3d000 Uncommon trap: reason=speculate_class_check action=maybe_recompile pc=0x0000000002919478 method=com.android.dx.rop.cst.Constant.compareTo(Lcom/android/dx/rop/cst/Constant;)I @ 29
Event: 0.611 Thread 0x0000000056a3d000 Uncommon trap: reason=class_check action=maybe_recompile pc=0x00000000028bab00 method=com.android.dx.rop.cst.CstMemberRef.compareTo0(Lcom/android/dx/rop/cst/Constant;)I @ 1
Event: 0.611 Thread 0x0000000056a3d000 Uncommon trap: reason=speculate_class_check action=maybe_recompile pc=0x0000000002919478 method=com.android.dx.rop.cst.Constant.compareTo(Lcom/android/dx/rop/cst/Constant;)I @ 29
Event: 0.611 Thread 0x0000000056a3d000 Uncommon trap: reason=class_check action=maybe_recompile pc=0x00000000028bab00 method=com.android.dx.rop.cst.CstMemberRef.compareTo0(Lcom/android/dx/rop/cst/Constant;)I @ 1
Event: 0.611 Thread 0x0000000056a3d000 Uncommon trap: reason=unstable_if action=reinterpret pc=0x00000000029097cc method=java.util.HashMap.getNode(ILjava/lang/Object;)Ljava/util/HashMap$Node; @ 129
Event: 0.628 Thread 0x0000000056a3d000 Uncommon trap: reason=speculate_class_check action=maybe_recompile pc=0x0000000002919478 method=com.android.dx.rop.cst.Constant.compareTo(Lcom/android/dx/rop/cst/Constant;)I @ 29
Event: 0.628 Thread 0x0000000056a3d000 Uncommon trap: reason=class_check action=maybe_recompile pc=0x00000000028bab00 method=com.android.dx.rop.cst.CstMemberRef.compareTo0(Lcom/android/dx/rop/cst/Constant;)I @ 1
Event: 0.628 Thread 0x0000000056a3d000 Uncommon trap: reason=unstable_if action=reinterpret pc=0x00000000028b7204 method=com.android.dx.rop.cst.CstFieldRef.compareTo0(Lcom/android/dx/rop/cst/Constant;)I @ 7
Event: 1.285 Thread 0x0000000056a2f800 Uncommon trap: reason=unstable_if action=reinterpret pc=0x00000000029413e0 method=java.util.BitSet.nextSetBit(I)I @ 87

Internal exceptions (2 events):
Event: 0.019 Thread 0x000000000008e800 Exception <a 'java/lang/NoSuchMethodError': Method sun.misc.Unsafe.defineClass(Ljava/lang/String;[BII)Ljava/lang/Class; name or signature does not match> (0x00000000eab07cc0) thrown at [C:\src\android\AOSP-openjdk\external\jetbrains\jdk\hotspot\src\share\v$}¶vX§“?
Event: 0.019 Thread 0x000000000008e800 Exception <a 'java/lang/NoSuchMethodError': Method sun.misc.Unsafe.prefetchRead(Ljava/lang/Object;J)V name or signature does not match> (0x00000000eab07fa8) thrown at [C:\src\android\AOSP-openjdk\external\jetbrains\jdk\hotspot\src\share\vm\prims\jni.cpp, l

Events (10 events):
Event: 0.628 Thread 0x0000000056a3d000 DEOPT UNPACKING pc=0x000000000277556a sp=0x000000005920ea18 mode 2
Event: 0.688 Executing VM operation: ForceSafepoint
Event: 0.705 Executing VM operation: ForceSafepoint done
Event: 0.705 loading class java/util/ArrayList$1
Event: 0.705 loading class java/util/ArrayList$1 done
Event: 1.275 loading class com/android/dx/cf/code/BytecodeArray$ConstantParserVisitor
Event: 1.275 loading class com/android/dx/cf/code/BytecodeArray$ConstantParserVisitor done
Event: 1.285 Thread 0x0000000056a2f800 Uncommon trap: trap_request=0xffffff65 fr.pc=0x00000000029413e0
Event: 1.285 Thread 0x0000000056a2f800 DEOPT PACKING pc=0x00000000029413e0 sp=0x0000000058eeea70
Event: 1.285 Thread 0x0000000056a2f800 DEOPT UNPACKING pc=0x000000000277556a sp=0x0000000058eeea08 mode 2


Dynamic libraries:
0x000000013fdd0000 - 0x000000013fe01000 	C:\Program Files\Android\Android Studio\jre\bin\java.exe
0x0000000077180000 - 0x0000000077329000 	C:\Windows\SYSTEM32\ntdll.dll
0x0000000077060000 - 0x000000007717f000 	C:\Windows\system32\kernel32.dll
0x000007fefd940000 - 0x000007fefd9ac000 	C:\Windows\system32\KERNELBASE.dll
0x000007feff3b0000 - 0x000007feff48b000 	C:\Windows\system32\ADVAPI32.dll
0x000007feff1a0000 - 0x000007feff23f000 	C:\Windows\system32\msvcrt.dll
0x000007fefed50000 - 0x000007fefed6f000 	C:\Windows\SYSTEM32\sechost.dll
0x000007fefec00000 - 0x000007fefed2d000 	C:\Windows\system32\RPCRT4.dll
0x0000000076f60000 - 0x000000007705a000 	C:\Windows\system32\USER32.dll
0x000007fefe9f0000 - 0x000007fefea57000 	C:\Windows\system32\GDI32.dll
0x000007fefed30000 - 0x000007fefed3e000 	C:\Windows\system32\LPK.dll
0x000007fefea90000 - 0x000007fefeb59000 	C:\Windows\system32\USP10.dll
0x000007fefbe40000 - 0x000007fefc034000 	C:\Windows\WinSxS\amd64_microsoft.windows.common-controls_6595b64144ccf1df_6.0.7601.17514_none_fa396087175ac9ac\COMCTL32.dll
0x000007fefeb80000 - 0x000007fefebf1000 	C:\Windows\system32\SHLWAPI.dll
0x000007fefea60000 - 0x000007fefea8e000 	C:\Windows\system32\IMM32.DLL
0x000007feff240000 - 0x000007feff349000 	C:\Windows\system32\MSCTF.dll
0x00000000656c0000 - 0x0000000065792000 	C:\Program Files\Android\Android Studio\jre\jre\bin\msvcr100.dll
0x000000005a470000 - 0x000000005aca4000 	C:\Program Files\Android\Android Studio\jre\jre\bin\server\jvm.dll
0x000007feec580000 - 0x000007feec589000 	C:\Windows\system32\WSOCK32.dll
0x000007fefee50000 - 0x000007fefee9d000 	C:\Windows\system32\WS2_32.dll
0x000007fefed40000 - 0x000007fefed48000 	C:\Windows\system32\NSI.dll
0x000007fefaf00000 - 0x000007fefaf3b000 	C:\Windows\system32\WINMM.dll
0x000007fefc6e0000 - 0x000007fefc6ec000 	C:\Windows\system32\VERSION.dll
0x0000000077340000 - 0x0000000077347000 	C:\Windows\system32\PSAPI.DLL
0x000007fef8ee0000 - 0x000007fef8eef000 	C:\Program Files\Android\Android Studio\jre\jre\bin\verify.dll
0x000007fef8440000 - 0x000007fef8469000 	C:\Program Files\Android\Android Studio\jre\jre\bin\java.dll
0x000007fef8ec0000 - 0x000007fef8ed6000 	C:\Program Files\Android\Android Studio\jre\jre\bin\zip.dll
0x000007fefd9b0000 - 0x000007fefe738000 	C:\Windows\system32\SHELL32.dll
0x000007fefe7e0000 - 0x000007fefe9e3000 	C:\Windows\system32\ole32.dll
0x000007fefd5e0000 - 0x000007fefd5ef000 	C:\Windows\system32\profapi.dll

VM Arguments:
jvm_args: -Djava.awt.headless=true -Xmx1024M -Dfile.encoding=windows-1252 -Duser.country=FR -Duser.language=fr -Duser.variant 
java_command: com.android.dx.command.Main --dex --force-jumbo --num-threads=4 --multi-dex --output C:\Users\rhakanjin.Newsco\Desktop\workspaceAndroid\friendzone\app\build\intermediates\transforms\dex\debug\folders\1000\5\slice_0 C:\Users\rhakanjin.Newsco\Desktop\workspaceAndroid\friendzone\app\build\intermediates\transforms\instantRunSlicer\debug\folders\1\5\slice_0
java_class_path (initial): C:\Users\rhakanjin.Newsco\AppData\Local\Android\sdk\build-tools\25.0.2\lib\dx.jar
Launcher Type: SUN_STANDARD

Environment Variables:
PATH=c:\Program Files (x86)\Intel\iCLS Client\;c:\Program Files\Intel\iCLS Client\;C:\Windows\system32;C:\Windows;C:\Windows\System32\Wbem;C:\Windows\System32\WindowsPowerShell\v1.0\;c:\Program Files (x86)\Common Files\Roxio Shared\DLLShared\;c:\Program Files (x86)\Common Files\Roxio Shared\10.0\DLLShared\;C:\Program Files\Intel\Intel(R) Management Engine Components\DAL;C:\Program Files\Intel\Intel(R) Management Engine Components\IPT;C:\Program Files (x86)\Intel\Intel(R) Management Engine Components\DAL;C:\Program Files (x86)\Intel\Intel(R) Management Engine Components\IPT;C:\Program Files\nodejs\;C:\RailsInstaller\Ruby2.3.0\bin;c:\Program Files (x86)\Intel\iCLS Client\;c:\Program Files\Intel\iCLS Client\;C:\Windows\system32;C:\Windows;C:\Windows\System32\Wbem;C:\Windows\System32\WindowsPowerShell\v1.0\;c:\Program Files (x86)\Common Files\Roxio Shared\DLLShared\;c:\Program Files (x86)\Common Files\Roxio Shared\10.0\DLLShared\;C:\Program Files\Intel\Intel(R) Management Engine Components\DAL;C:\Program Files\Intel\Intel(R) Management Engine Components\IPT;C:\Program Files (x86)\Intel\Intel(R) Management Engine Components\DAL;C:\Program Files (x86)\Intel\Intel(R) Management Engine Components\IPT;C:\Users\rhakanjin.Newsco\AppData\Local\Programs\Git\cmd;C:\Users\rhakanjin.Newsco\AppData\Roaming\npm
USERNAME=rhakanjin
OS=Windows_NT
PROCESSOR_IDENTIFIER=Intel64 Family 6 Model 58 Stepping 9, GenuineIntel



---------------  S Y S T E M  ---------------

OS: Windows 7 , 64 bit Build 7601 (6.1.7601.17651)

CPU:total 8 (4 cores per cpu, 2 threads per core) family 6 model 58 stepping 9, cmov, cx8, fxsr, mmx, sse, sse2, sse3, ssse3, sse4.1, sse4.2, popcnt, avx, aes, clmul, erms, ht, tsc, tscinvbit, tscinv

Memory: 4k page, physical 8063920k(621320k free), swap 12256372k(4840k free)

vm_info: OpenJDK 64-Bit Server VM (25.76-b03) for windows-amd64 JRE (1.8.0_76-release-b03), built on Jun 29 2016 19:09:20 by "ralucas" with MS VC++ 10.0 (VS2010)

time: Thu Feb 16 10:28:02 2017
elapsed time: 1 seconds (0d 0h 0m 1s)

