#
# There is insufficient memory for the Java Runtime Environment to continue.
# Native memory allocation (malloc) failed to allocate 436816 bytes for Chunk::new
# Possible reasons:
#   The system is out of physical RAM or swap space
#   In 32 bit mode, the process size limit was hit
# Possible solutions:
#   Reduce memory load on the system
#   Increase physical memory or swap space
#   Check if swap backing store is full
#   Use 64 bit Java on a 64 bit OS
#   Decrease Java heap size (-Xmx/-Xms)
#   Decrease number of Java threads
#   Decrease Java thread stack sizes (-Xss)
#   Set larger code cache with -XX:ReservedCodeCacheSize=
# This output file may be truncated or incomplete.
#
#  Out of Memory Error (allocation.cpp:390), pid=2380, tid=0x000000000000122c
#
# JRE version: OpenJDK Runtime Environment (8.0_76-b03) (build 1.8.0_76-release-b03)
# Java VM: OpenJDK 64-Bit Server VM (25.76-b03 mixed mode windows-amd64 compressed oops)
# Failed to write core dump. Minidumps are not enabled by default on client versions of Windows
#

---------------  T H R E A D  ---------------

Current thread (0x00000000565e8000):  JavaThread "C2 CompilerThread1" daemon [_thread_in_native, id=4652, stack(0x0000000057de0000,0x0000000057ee0000)]

Stack: [0x0000000057de0000,0x0000000057ee0000]
[error occurred during error reporting (printing stack bounds), id 0xc0000005]

Native frames: (J=compiled Java code, j=interpreted, Vv=VM code, C=native code)


Current CompileTask:
C2:   2618 1370       4       com.android.dx.ssa.SCCP::simulateBranch (666 bytes)


---------------  P R O C E S S  ---------------

Java Threads: ( => current thread )
  0x00000000585a8800 JavaThread "pool-2-thread-4" [_thread_blocked, id=4092, stack(0x0000000059190000,0x0000000059290000)]
  0x000000005686b000 JavaThread "pool-2-thread-3" [_thread_blocked_trans, id=6016, stack(0x00000000594a0000,0x00000000595a0000)]
  0x0000000056869000 JavaThread "pool-2-thread-2" [_thread_blocked, id=292, stack(0x0000000059290000,0x0000000059390000)]
  0x00000000568c2800 JavaThread "pool-3-thread-1" [_thread_blocked, id=8936, stack(0x0000000059060000,0x0000000059160000)]
  0x00000000568a1800 JavaThread "pool-2-thread-1" [_thread_blocked, id=8528, stack(0x0000000058e20000,0x0000000058f20000)]
  0x0000000056679000 JavaThread "Service Thread" daemon [_thread_blocked, id=6524, stack(0x0000000058480000,0x0000000058580000)]
  0x00000000565f0000 JavaThread "C1 CompilerThread3" daemon [_thread_blocked, id=7432, stack(0x0000000058360000,0x0000000058460000)]
  0x00000000565eb000 JavaThread "C2 CompilerThread2" daemon [_thread_blocked, id=2944, stack(0x0000000058110000,0x0000000058210000)]
=>0x00000000565e8000 JavaThread "C2 CompilerThread1" daemon [_thread_in_native, id=4652, stack(0x0000000057de0000,0x0000000057ee0000)]
  0x00000000565e6000 JavaThread "C2 CompilerThread0" daemon [_thread_in_native, id=9092, stack(0x0000000057f40000,0x0000000058040000)]
  0x00000000565e0800 JavaThread "Attach Listener" daemon [_thread_blocked, id=8296, stack(0x0000000057c80000,0x0000000057d80000)]
  0x00000000565de800 JavaThread "Signal Dispatcher" daemon [_thread_blocked, id=5508, stack(0x0000000057ab0000,0x0000000057bb0000)]
  0x000000005585d800 JavaThread "Finalizer" daemon [_thread_blocked, id=3420, stack(0x0000000057570000,0x0000000057670000)]
  0x0000000055854800 JavaThread "Reference Handler" daemon [_thread_blocked, id=7984, stack(0x00000000578c0000,0x00000000579c0000)]
  0x0000000001dae800 JavaThread "main" [_thread_blocked, id=7936, stack(0x00000000024c0000,0x00000000025c0000)]

Other Threads:
  0x0000000056590800 VMThread [stack: 0x00000000576b0000,0x00000000577b0000] [id=5424]
  0x000000005667d800 WatcherThread [stack: 0x0000000058260000,0x0000000058360000] [id=7632]

VM state:not at safepoint (normal execution)

VM Mutex/Monitor currently owned by a thread: None

Heap:
 PSYoungGen      total 68608K, used 8679K [0x00000000eab00000, 0x00000000ef300000, 0x0000000100000000)
  eden space 63488K, 5% used [0x00000000eab00000,0x00000000eae7f2d8,0x00000000ee900000)
  from space 5120K, 99% used [0x00000000eee00000,0x00000000ef2fac88,0x00000000ef300000)
  to   space 5120K, 0% used [0x00000000ee900000,0x00000000ee900000,0x00000000eee00000)
 ParOldGen       total 84992K, used 4636K [0x00000000c0000000, 0x00000000c5300000, 0x00000000eab00000)
  object space 84992K, 5% used [0x00000000c0000000,0x00000000c0487128,0x00000000c5300000)
 Metaspace       used 5977K, capacity 7088K, committed 7296K, reserved 1056768K
  class space    used 563K, capacity 616K, committed 640K, reserved 1048576K

Card table byte_map: [0x0000000011c50000,0x0000000011e60000] byte_map_base: 0x0000000011650000

Marking Bits: (ParMarkBitMap*) 0x000000005ac29d00
 Begin Bits: [0x0000000012c70000, 0x0000000013c70000)
 End Bits:   [0x0000000013c70000, 0x0000000014c70000)

Polling page: 0x0000000000440000

CodeCache: size=245760Kb used=6382Kb max_used=6393Kb free=239377Kb
 bounds [0x0000000002890000, 0x0000000002ee0000, 0x0000000011890000]
 total_blobs=1741 nmethods=1478 adapters=176
 compilation: enabled

Compilation events (10 events):
Event: 2.493 Thread 0x00000000565f0000 nmethod 1491 0x0000000002ea8a10 code [0x0000000002ea8bc0, 0x0000000002ea9278]
Event: 2.493 Thread 0x00000000565f0000 1492       3       java.util.concurrent.ThreadPoolExecutor::isRunning (10 bytes)
Event: 2.493 Thread 0x00000000565f0000 nmethod 1492 0x0000000002ea2850 code [0x0000000002ea29a0, 0x0000000002ea2b30]
Event: 2.535 Thread 0x00000000565eb000 nmethod 1308 0x0000000002ecced0 code [0x0000000002ecd3c0, 0x0000000002ecfe40]
Event: 2.535 Thread 0x00000000565eb000 1484       4       java.io.DataInputStream::readUnsignedShort (39 bytes)
Event: 2.537 Thread 0x00000000565eb000 nmethod 1484 0x0000000002ea8350 code [0x0000000002ea84a0, 0x0000000002ea86b8]
Event: 2.537 Thread 0x00000000565eb000 1482       4       com.android.dx.rop.cst.StdConstantPool::set (123 bytes)
Event: 2.540 Thread 0x00000000565eb000 nmethod 1482 0x0000000002ea7bd0 code [0x0000000002ea7d40, 0x0000000002ea7ff8]
Event: 2.540 Thread 0x00000000565eb000 1481       4       com.android.dx.util.ByteArray::<init> (81 bytes)
Event: 2.541 Thread 0x00000000565eb000 nmethod 1481 0x0000000002ec9e90 code [0x0000000002ec9fe0, 0x0000000002eca0d8]

GC Heap History (4 events):
Event: 1.718 GC heap before
{Heap before GC invocations=1 (full 0):
 PSYoungGen      total 36864K, used 31744K [0x00000000eab00000, 0x00000000ed400000, 0x0000000100000000)
  eden space 31744K, 100% used [0x00000000eab00000,0x00000000eca00000,0x00000000eca00000)
  from space 5120K, 0% used [0x00000000ecf00000,0x00000000ecf00000,0x00000000ed400000)
  to   space 5120K, 0% used [0x00000000eca00000,0x00000000eca00000,0x00000000ecf00000)
 ParOldGen       total 84992K, used 0K [0x00000000c0000000, 0x00000000c5300000, 0x00000000eab00000)
  object space 84992K, 0% used [0x00000000c0000000,0x00000000c0000000,0x00000000c5300000)
 Metaspace       used 5748K, capacity 6896K, committed 7040K, reserved 1056768K
  class space    used 560K, capacity 616K, committed 640K, reserved 1048576K
Event: 2.053 GC heap after
Heap after GC invocations=1 (full 0):
 PSYoungGen      total 36864K, used 5108K [0x00000000eab00000, 0x00000000ef300000, 0x0000000100000000)
  eden space 31744K, 0% used [0x00000000eab00000,0x00000000eab00000,0x00000000eca00000)
  from space 5120K, 99% used [0x00000000eca00000,0x00000000ecefd2b0,0x00000000ecf00000)
  to   space 5120K, 0% used [0x00000000eee00000,0x00000000eee00000,0x00000000ef300000)
 ParOldGen       total 84992K, used 657K [0x00000000c0000000, 0x00000000c5300000, 0x00000000eab00000)
  object space 84992K, 0% used [0x00000000c0000000,0x00000000c00a4760,0x00000000c5300000)
 Metaspace       used 5748K, capacity 6896K, committed 7040K, reserved 1056768K
  class space    used 560K, capacity 616K, committed 640K, reserved 1048576K
}
Event: 2.337 GC heap before
{Heap before GC invocations=2 (full 0):
 PSYoungGen      total 36864K, used 36852K [0x00000000eab00000, 0x00000000ef300000, 0x0000000100000000)
  eden space 31744K, 100% used [0x00000000eab00000,0x00000000eca00000,0x00000000eca00000)
  from space 5120K, 99% used [0x00000000eca00000,0x00000000ecefd2b0,0x00000000ecf00000)
  to   space 5120K, 0% used [0x00000000eee00000,0x00000000eee00000,0x00000000ef300000)
 ParOldGen       total 84992K, used 657K [0x00000000c0000000, 0x00000000c5300000, 0x00000000eab00000)
  object space 84992K, 0% used [0x00000000c0000000,0x00000000c00a4760,0x00000000c5300000)
 Metaspace       used 5967K, capacity 7088K, committed 7296K, reserved 1056768K
  class space    used 563K, capacity 616K, committed 640K, reserved 1048576K
Event: 2.373 GC heap after
Heap after GC invocations=2 (full 0):
 PSYoungGen      total 68608K, used 5099K [0x00000000eab00000, 0x00000000ef300000, 0x0000000100000000)
  eden space 63488K, 0% used [0x00000000eab00000,0x00000000eab00000,0x00000000ee900000)
  from space 5120K, 99% used [0x00000000eee00000,0x00000000ef2fac88,0x00000000ef300000)
  to   space 5120K, 0% used [0x00000000ee900000,0x00000000ee900000,0x00000000eee00000)
 ParOldGen       total 84992K, used 4636K [0x00000000c0000000, 0x00000000c5300000, 0x00000000eab00000)
  object space 84992K, 5% used [0x00000000c0000000,0x00000000c0487128,0x00000000c5300000)
 Metaspace       used 5967K, capacity 7088K, committed 7296K, reserved 1056768K
  class space    used 563K, capacity 616K, committed 640K, reserved 1048576K
}

Deoptimization events (10 events):
Event: 2.118 Thread 0x00000000585a8800 Uncommon trap: reason=bimorphic action=maybe_recompile pc=0x0000000002d3b714 method=com.android.dx.cf.code.BytecodeArray.parseInstruction(ILcom/android/dx/cf/code/BytecodeArray$Visitor;)I @ 939
Event: 2.119 Thread 0x00000000585a8800 Uncommon trap: reason=class_check action=maybe_recompile pc=0x0000000002ab8260 method=com.android.dx.rop.type.Type.equals(Ljava/lang/Object;)Z @ 8
Event: 2.119 Thread 0x00000000585a8800 Uncommon trap: reason=bimorphic action=maybe_recompile pc=0x0000000002d3b714 method=com.android.dx.cf.code.BytecodeArray.parseInstruction(ILcom/android/dx/cf/code/BytecodeArray$Visitor;)I @ 939
Event: 2.137 Thread 0x00000000585a8800 Uncommon trap: reason=unstable_if action=reinterpret pc=0x0000000002affd84 method=com.android.dx.rop.cst.Constant.compareTo(Lcom/android/dx/rop/cst/Constant;)I @ 12
Event: 2.144 Thread 0x0000000056869000 Uncommon trap: reason=unstable_if action=reinterpret pc=0x0000000002bdcb0c method=com.android.dx.ssa.SsaMethod.updateOneDefinition(Lcom/android/dx/ssa/SsaInsn;Lcom/android/dx/rop/code/RegisterSpec;)V @ 4
Event: 2.152 Thread 0x00000000585a8800 Uncommon trap: reason=bimorphic action=maybe_recompile pc=0x0000000002d3b714 method=com.android.dx.cf.code.BytecodeArray.parseInstruction(ILcom/android/dx/cf/code/BytecodeArray$Visitor;)I @ 939
Event: 2.153 Thread 0x00000000585a8800 Uncommon trap: reason=bimorphic action=maybe_recompile pc=0x0000000002d3b714 method=com.android.dx.cf.code.BytecodeArray.parseInstruction(ILcom/android/dx/cf/code/BytecodeArray$Visitor;)I @ 939
Event: 2.262 Thread 0x0000000001dae800 Uncommon trap: reason=unstable_if action=reinterpret pc=0x0000000002dad3a8 method=com.android.dx.rop.cst.StdConstantPool.set(ILcom/android/dx/rop/cst/Constant;)V @ 12
Event: 2.282 Thread 0x00000000568a1800 Uncommon trap: reason=class_check action=maybe_recompile pc=0x0000000002aca868 method=com.android.dx.rop.type.Type.equals(Ljava/lang/Object;)Z @ 8
Event: 2.310 Thread 0x00000000585a8800 Uncommon trap: reason=null_check action=make_not_entrant pc=0x0000000002c73684 method=com.android.dx.ssa.SsaRenamer.getLocalForNewReg(I)Lcom/android/dx/rop/code/LocalItem; @ 19

Internal exceptions (3 events):
Event: 0.155 Thread 0x0000000001dae800 Exception <a 'java/lang/NoSuchMethodError': Method sun.misc.Unsafe.defineClass(Ljava/lang/String;[BII)Ljava/lang/Class; name or signature does not match> (0x00000000eab07cc0) thrown at [C:\src\android\AOSP-openjdk\external\jetbrains\jdk\hotspot\src\share\v[ý´LàÓÃ?
Event: 0.155 Thread 0x0000000001dae800 Exception <a 'java/lang/NoSuchMethodError': Method sun.misc.Unsafe.prefetchRead(Ljava/lang/Object;J)V name or signature does not match> (0x00000000eab07fa8) thrown at [C:\src\android\AOSP-openjdk\external\jetbrains\jdk\hotspot\src\share\vm\prims\jni.cpp, l®­õOz@
Event: 2.310 Thread 0x00000000585a8800 Implicit null exception at 0x0000000002c7154c to 0x0000000002c73669

Events (10 events):
Event: 2.282 Thread 0x00000000568a1800 DEOPT UNPACKING pc=0x00000000028d556a sp=0x0000000058f1e460 mode 2
Event: 2.291 Thread 0x00000000585a8800 DEOPT PACKING pc=0x0000000002b79bad sp=0x000000005928e7c0
Event: 2.291 Thread 0x00000000585a8800 DEOPT UNPACKING pc=0x00000000028d75bf sp=0x000000005928e528 mode 0
Event: 2.304 Thread 0x00000000568a1800 DEOPT PACKING pc=0x0000000002b79bad sp=0x0000000058f1e4d0
Event: 2.304 Thread 0x00000000568a1800 DEOPT UNPACKING pc=0x00000000028d75bf sp=0x0000000058f1e238 mode 0
Event: 2.310 Thread 0x00000000585a8800 Uncommon trap: trap_request=0xfffffff4 fr.pc=0x0000000002c73684
Event: 2.310 Thread 0x00000000585a8800 DEOPT PACKING pc=0x0000000002c73684 sp=0x000000005928e7c0
Event: 2.310 Thread 0x00000000585a8800 DEOPT UNPACKING pc=0x00000000028d556a sp=0x000000005928e678 mode 2
Event: 2.337 Executing VM operation: ParallelGCFailedAllocation
Event: 2.373 Executing VM operation: ParallelGCFailedAllocation done


Dynamic libraries:
0x000000013fdd0000 - 0x000000013fe01000 	C:\Program Files\Android\Android Studio\jre\bin\java.exe
0x0000000077180000 - 0x0000000077329000 	C:\Windows\SYSTEM32\ntdll.dll
0x0000000077060000 - 0x000000007717f000 	C:\Windows\system32\kernel32.dll
0x000007fefd940000 - 0x000007fefd9ac000 	C:\Windows\system32\KERNELBASE.dll
0x000007feff3b0000 - 0x000007feff48b000 	C:\Windows\system32\ADVAPI32.dll
0x000007feff1a0000 - 0x000007feff23f000 	C:\Windows\system32\msvcrt.dll
0x000007fefed50000 - 0x000007fefed6f000 	C:\Windows\SYSTEM32\sechost.dll
0x000007fefec00000 - 0x000007fefed2d000 	C:\Windows\system32\RPCRT4.dll
0x0000000076f60000 - 0x000000007705a000 	C:\Windows\system32\USER32.dll
0x000007fefe9f0000 - 0x000007fefea57000 	C:\Windows\system32\GDI32.dll
0x000007fefed30000 - 0x000007fefed3e000 	C:\Windows\system32\LPK.dll
0x000007fefea90000 - 0x000007fefeb59000 	C:\Windows\system32\USP10.dll
0x000007fefbe40000 - 0x000007fefc034000 	C:\Windows\WinSxS\amd64_microsoft.windows.common-controls_6595b64144ccf1df_6.0.7601.17514_none_fa396087175ac9ac\COMCTL32.dll
0x000007fefeb80000 - 0x000007fefebf1000 	C:\Windows\system32\SHLWAPI.dll
0x000007fefea60000 - 0x000007fefea8e000 	C:\Windows\system32\IMM32.DLL
0x000007feff240000 - 0x000007feff349000 	C:\Windows\system32\MSCTF.dll
0x00000000656c0000 - 0x0000000065792000 	C:\Program Files\Android\Android Studio\jre\jre\bin\msvcr100.dll
0x000000005a470000 - 0x000000005aca4000 	C:\Program Files\Android\Android Studio\jre\jre\bin\server\jvm.dll
0x000007feec580000 - 0x000007feec589000 	C:\Windows\system32\WSOCK32.dll
0x000007fefee50000 - 0x000007fefee9d000 	C:\Windows\system32\WS2_32.dll
0x000007fefed40000 - 0x000007fefed48000 	C:\Windows\system32\NSI.dll
0x000007fefaf00000 - 0x000007fefaf3b000 	C:\Windows\system32\WINMM.dll
0x000007fefc6e0000 - 0x000007fefc6ec000 	C:\Windows\system32\VERSION.dll
0x0000000077340000 - 0x0000000077347000 	C:\Windows\system32\PSAPI.DLL
0x000007fef8ee0000 - 0x000007fef8eef000 	C:\Program Files\Android\Android Studio\jre\jre\bin\verify.dll
0x000007fef8440000 - 0x000007fef8469000 	C:\Program Files\Android\Android Studio\jre\jre\bin\java.dll
0x000007fef8ec0000 - 0x000007fef8ed6000 	C:\Program Files\Android\Android Studio\jre\jre\bin\zip.dll
0x000007fefd9b0000 - 0x000007fefe738000 	C:\Windows\system32\SHELL32.dll
0x000007fefe7e0000 - 0x000007fefe9e3000 	C:\Windows\system32\ole32.dll
0x000007fefd5e0000 - 0x000007fefd5ef000 	C:\Windows\system32\profapi.dll

VM Arguments:
jvm_args: -Djava.awt.headless=true -Xmx1024M -Dfile.encoding=windows-1252 -Duser.country=FR -Duser.language=fr -Duser.variant 
java_command: com.android.dx.command.Main --dex --force-jumbo --num-threads=4 --multi-dex --output C:\Users\rhakanjin.Newsco\Desktop\workspaceAndroid\friendzone\app\build\intermediates\transforms\dex\debug\folders\1000\10\com.android.support-design-25.1.0_6b7208c6bc27c68535d59f8e4f4c03d6442dc730 C:\Users\rhakanjin.Newsco\Desktop\workspaceAndroid\friendzone\app\build\intermediates\exploded-aar\com.android.support\design\25.1.0\jars\classes.jar
java_class_path (initial): C:\Users\rhakanjin.Newsco\AppData\Local\Android\sdk\build-tools\25.0.2\lib\dx.jar
Launcher Type: SUN_STANDARD

Environment Variables:
PATH=c:\Program Files (x86)\Intel\iCLS Client\;c:\Program Files\Intel\iCLS Client\;C:\Windows\system32;C:\Windows;C:\Windows\System32\Wbem;C:\Windows\System32\WindowsPowerShell\v1.0\;c:\Program Files (x86)\Common Files\Roxio Shared\DLLShared\;c:\Program Files (x86)\Common Files\Roxio Shared\10.0\DLLShared\;C:\Program Files\Intel\Intel(R) Management Engine Components\DAL;C:\Program Files\Intel\Intel(R) Management Engine Components\IPT;C:\Program Files (x86)\Intel\Intel(R) Management Engine Components\DAL;C:\Program Files (x86)\Intel\Intel(R) Management Engine Components\IPT;C:\Program Files\nodejs\;C:\RailsInstaller\Ruby2.3.0\bin;c:\Program Files (x86)\Intel\iCLS Client\;c:\Program Files\Intel\iCLS Client\;C:\Windows\system32;C:\Windows;C:\Windows\System32\Wbem;C:\Windows\System32\WindowsPowerShell\v1.0\;c:\Program Files (x86)\Common Files\Roxio Shared\DLLShared\;c:\Program Files (x86)\Common Files\Roxio Shared\10.0\DLLShared\;C:\Program Files\Intel\Intel(R) Management Engine Components\DAL;C:\Program Files\Intel\Intel(R) Management Engine Components\IPT;C:\Program Files (x86)\Intel\Intel(R) Management Engine Components\DAL;C:\Program Files (x86)\Intel\Intel(R) Management Engine Components\IPT;C:\Users\rhakanjin.Newsco\AppData\Local\Programs\Git\cmd;C:\Users\rhakanjin.Newsco\AppData\Roaming\npm
USERNAME=rhakanjin
OS=Windows_NT
PROCESSOR_IDENTIFIER=Intel64 Family 6 Model 58 Stepping 9, GenuineIntel



---------------  S Y S T E M  ---------------

OS: Windows 7 , 64 bit Build 7601 (6.1.7601.17651)

CPU:total 8 (4 cores per cpu, 2 threads per core) family 6 model 58 stepping 9, cmov, cx8, fxsr, mmx, sse, sse2, sse3, ssse3, sse4.1, sse4.2, popcnt, avx, aes, clmul, erms, ht, tsc, tscinvbit, tscinv

Memory: 4k page, physical 8063920k(744680k free), swap 12256372k(5356k free)

vm_info: OpenJDK 64-Bit Server VM (25.76-b03) for windows-amd64 JRE (1.8.0_76-release-b03), built on Jun 29 2016 19:09:20 by "ralucas" with MS VC++ 10.0 (VS2010)

time: Thu Feb 16 10:30:53 2017
elapsed time: 2 seconds (0d 0h 0m 2s)

