#
# There is insufficient memory for the Java Runtime Environment to continue.
# Native memory allocation (malloc) failed to allocate 913936 bytes for Chunk::new
# Possible reasons:
#   The system is out of physical RAM or swap space
#   In 32 bit mode, the process size limit was hit
# Possible solutions:
#   Reduce memory load on the system
#   Increase physical memory or swap space
#   Check if swap backing store is full
#   Use 64 bit Java on a 64 bit OS
#   Decrease Java heap size (-Xmx/-Xms)
#   Decrease number of Java threads
#   Decrease Java thread stack sizes (-Xss)
#   Set larger code cache with -XX:ReservedCodeCacheSize=
# This output file may be truncated or incomplete.
#
#  Out of Memory Error (allocation.cpp:390), pid=6056, tid=0x00000000000023b8
#
# JRE version: OpenJDK Runtime Environment (8.0_76-b03) (build 1.8.0_76-release-b03)
# Java VM: OpenJDK 64-Bit Server VM (25.76-b03 mixed mode windows-amd64 compressed oops)
# Failed to write core dump. Minidumps are not enabled by default on client versions of Windows
#

---------------  T H R E A D  ---------------

Current thread (0x00000000168d7000):  JavaThread "C2 CompilerThread0" daemon [_thread_in_native, id=9144, stack(0x0000000018250000,0x0000000018350000)]

Stack: [0x0000000018250000,0x0000000018350000]
[error occurred during error reporting (printing stack bounds), id 0xc0000005]

Native frames: (J=compiled Java code, j=interpreted, Vv=VM code, C=native code)


Current CompileTask:
C2:   2043 1789   !   4       com.android.dx.cf.code.BytecodeArray::parseInstruction (2764 bytes)


---------------  P R O C E S S  ---------------

Java Threads: ( => current thread )
  0x0000000016bd4000 JavaThread "pool-1-thread-1" [_thread_in_Java, id=5588, stack(0x00000000192a0000,0x00000000193a0000)]
  0x000000001696a000 JavaThread "Service Thread" daemon [_thread_blocked, id=5832, stack(0x00000000186f0000,0x00000000187f0000)]
  0x0000000016900800 JavaThread "C1 CompilerThread3" daemon [_thread_blocked, id=3792, stack(0x0000000018580000,0x0000000018680000)]
  0x00000000168ef800 JavaThread "C2 CompilerThread2" daemon [_thread_in_native, id=6704, stack(0x0000000017ef0000,0x0000000017ff0000)]
  0x00000000168d9800 JavaThread "C2 CompilerThread1" daemon [_thread_in_vm, id=8392, stack(0x0000000018420000,0x0000000018520000)]
=>0x00000000168d7000 JavaThread "C2 CompilerThread0" daemon [_thread_in_native, id=9144, stack(0x0000000018250000,0x0000000018350000)]
  0x00000000168d2000 JavaThread "Attach Listener" daemon [_thread_blocked, id=5680, stack(0x0000000018020000,0x0000000018120000)]
  0x00000000168d0000 JavaThread "Signal Dispatcher" daemon [_thread_blocked, id=8568, stack(0x0000000017db0000,0x0000000017eb0000)]
  0x000000001592b800 JavaThread "Finalizer" daemon [_thread_blocked, id=8360, stack(0x0000000017bd0000,0x0000000017cd0000)]
  0x0000000015924800 JavaThread "Reference Handler" daemon [_thread_blocked, id=4184, stack(0x0000000017a60000,0x0000000017b60000)]
  0x000000000222e800 JavaThread "main" [_thread_blocked, id=1352, stack(0x00000000023a0000,0x00000000024a0000)]

Other Threads:
  0x0000000016880800 VMThread [stack: 0x0000000017850000,0x0000000017950000] [id=7864]
  0x000000001696e800 WatcherThread [stack: 0x00000000188f0000,0x00000000189f0000] [id=6568]

VM state:not at safepoint (normal execution)

VM Mutex/Monitor currently owned by a thread: None

Heap:
 PSYoungGen      total 132096K, used 25703K [0x00000000eab00000, 0x00000000f3100000, 0x0000000100000000)
  eden space 126976K, 16% used [0x00000000eab00000,0x00000000ebf1eed0,0x00000000f2700000)
  from space 5120K, 99% used [0x00000000f2c00000,0x00000000f30fade0,0x00000000f3100000)
  to   space 5120K, 0% used [0x00000000f2700000,0x00000000f2700000,0x00000000f2c00000)
 ParOldGen       total 84992K, used 24794K [0x00000000c0000000, 0x00000000c5300000, 0x00000000eab00000)
  object space 84992K, 29% used [0x00000000c0000000,0x00000000c1836ba0,0x00000000c5300000)
 Metaspace       used 6421K, capacity 7222K, committed 7296K, reserved 1056768K
  class space    used 600K, capacity 622K, committed 640K, reserved 1048576K

Card table byte_map: [0x0000000011bc0000,0x0000000011dd0000] byte_map_base: 0x00000000115c0000

Marking Bits: (ParMarkBitMap*) 0x00000000509a9d00
 Begin Bits: [0x0000000012d40000, 0x0000000013d40000)
 End Bits:   [0x0000000013d40000, 0x0000000014d40000)

Polling page: 0x0000000000140000

CodeCache: size=245760Kb used=7120Kb max_used=7131Kb free=238639Kb
 bounds [0x0000000002800000, 0x0000000002f00000, 0x0000000011800000]
 total_blobs=2201 nmethods=1933 adapters=181
 compilation: enabled

Compilation events (10 events):
Event: 2.000 Thread 0x00000000168d9800 1961       4       com.android.dx.util.ByteArray::<init> (81 bytes)
Event: 2.001 Thread 0x00000000168d9800 nmethod 1961 0x0000000002ef1190 code [0x0000000002ef12e0, 0x0000000002ef13d8]
Event: 2.001 Thread 0x00000000168d9800 1949       4       java.lang.StringBuilder::toString (17 bytes)
Event: 2.004 Thread 0x00000000168d9800 nmethod 1949 0x0000000002eefad0 code [0x0000000002eefc20, 0x0000000002eeff78]
Event: 2.004 Thread 0x00000000168d9800 1923       4       java.util.HashMap::newNode (13 bytes)
Event: 2.005 Thread 0x00000000168d9800 nmethod 1923 0x0000000002ef0e90 code [0x0000000002ef0fe0, 0x0000000002ef10d8]
Event: 2.005 Thread 0x00000000168d9800 1908       4       java.util.AbstractSet::<init> (5 bytes)
Event: 2.005 Thread 0x00000000168d9800 nmethod 1908 0x0000000002e3d650 code [0x0000000002e3d780, 0x0000000002e3d7d8]
Event: 2.005 Thread 0x00000000168d9800 1853   !   4       com.android.dx.rop.cst.StdConstantPool::get (24 bytes)
Event: 2.006 Thread 0x00000000168d9800 nmethod 1853 0x0000000002ef2350 code [0x0000000002ef2480, 0x0000000002ef2518]

GC Heap History (8 events):
Event: 0.848 GC heap before
{Heap before GC invocations=1 (full 0):
 PSYoungGen      total 36864K, used 31744K [0x00000000eab00000, 0x00000000ed400000, 0x0000000100000000)
  eden space 31744K, 100% used [0x00000000eab00000,0x00000000eca00000,0x00000000eca00000)
  from space 5120K, 0% used [0x00000000ecf00000,0x00000000ecf00000,0x00000000ed400000)
  to   space 5120K, 0% used [0x00000000eca00000,0x00000000eca00000,0x00000000ecf00000)
 ParOldGen       total 84992K, used 0K [0x00000000c0000000, 0x00000000c5300000, 0x00000000eab00000)
  object space 84992K, 0% used [0x00000000c0000000,0x00000000c0000000,0x00000000c5300000)
 Metaspace       used 5830K, capacity 6832K, committed 7040K, reserved 1056768K
  class space    used 571K, capacity 616K, committed 640K, reserved 1048576K
Event: 0.908 GC heap after
Heap after GC invocations=1 (full 0):
 PSYoungGen      total 36864K, used 5112K [0x00000000eab00000, 0x00000000ef300000, 0x0000000100000000)
  eden space 31744K, 0% used [0x00000000eab00000,0x00000000eab00000,0x00000000eca00000)
  from space 5120K, 99% used [0x00000000eca00000,0x00000000ecefe068,0x00000000ecf00000)
  to   space 5120K, 0% used [0x00000000eee00000,0x00000000eee00000,0x00000000ef300000)
 ParOldGen       total 84992K, used 1240K [0x00000000c0000000, 0x00000000c5300000, 0x00000000eab00000)
  object space 84992K, 1% used [0x00000000c0000000,0x00000000c01362e8,0x00000000c5300000)
 Metaspace       used 5830K, capacity 6832K, committed 7040K, reserved 1056768K
  class space    used 571K, capacity 616K, committed 640K, reserved 1048576K
}
Event: 1.088 GC heap before
{Heap before GC invocations=2 (full 0):
 PSYoungGen      total 36864K, used 36856K [0x00000000eab00000, 0x00000000ef300000, 0x0000000100000000)
  eden space 31744K, 100% used [0x00000000eab00000,0x00000000eca00000,0x00000000eca00000)
  from space 5120K, 99% used [0x00000000eca00000,0x00000000ecefe068,0x00000000ecf00000)
  to   space 5120K, 0% used [0x00000000eee00000,0x00000000eee00000,0x00000000ef300000)
 ParOldGen       total 84992K, used 1240K [0x00000000c0000000, 0x00000000c5300000, 0x00000000eab00000)
  object space 84992K, 1% used [0x00000000c0000000,0x00000000c01362e8,0x00000000c5300000)
 Metaspace       used 6033K, capacity 7024K, committed 7296K, reserved 1056768K
  class space    used 572K, capacity 616K, committed 640K, reserved 1048576K
Event: 1.109 GC heap after
Heap after GC invocations=2 (full 0):
 PSYoungGen      total 68608K, used 5106K [0x00000000eab00000, 0x00000000ef300000, 0x0000000100000000)
  eden space 63488K, 0% used [0x00000000eab00000,0x00000000eab00000,0x00000000ee900000)
  from space 5120K, 99% used [0x00000000eee00000,0x00000000ef2fc990,0x00000000ef300000)
  to   space 5120K, 0% used [0x00000000ee900000,0x00000000ee900000,0x00000000eee00000)
 ParOldGen       total 84992K, used 5507K [0x00000000c0000000, 0x00000000c5300000, 0x00000000eab00000)
  object space 84992K, 6% used [0x00000000c0000000,0x00000000c0560ec0,0x00000000c5300000)
 Metaspace       used 6033K, capacity 7024K, committed 7296K, reserved 1056768K
  class space    used 572K, capacity 616K, committed 640K, reserved 1048576K
}
Event: 1.254 GC heap before
{Heap before GC invocations=3 (full 0):
 PSYoungGen      total 68608K, used 68594K [0x00000000eab00000, 0x00000000ef300000, 0x0000000100000000)
  eden space 63488K, 100% used [0x00000000eab00000,0x00000000ee900000,0x00000000ee900000)
  from space 5120K, 99% used [0x00000000eee00000,0x00000000ef2fc990,0x00000000ef300000)
  to   space 5120K, 0% used [0x00000000ee900000,0x00000000ee900000,0x00000000eee00000)
 ParOldGen       total 84992K, used 5507K [0x00000000c0000000, 0x00000000c5300000, 0x00000000eab00000)
  object space 84992K, 6% used [0x00000000c0000000,0x00000000c0560ec0,0x00000000c5300000)
 Metaspace       used 6208K, capacity 7090K, committed 7296K, reserved 1056768K
  class space    used 591K, capacity 618K, committed 640K, reserved 1048576K
Event: 1.265 GC heap after
Heap after GC invocations=3 (full 0):
 PSYoungGen      total 68608K, used 5118K [0x00000000eab00000, 0x00000000f3100000, 0x0000000100000000)
  eden space 63488K, 0% used [0x00000000eab00000,0x00000000eab00000,0x00000000ee900000)
  from space 5120K, 99% used [0x00000000ee900000,0x00000000eedffb60,0x00000000eee00000)
  to   space 5120K, 0% used [0x00000000f2c00000,0x00000000f2c00000,0x00000000f3100000)
 ParOldGen       total 84992K, used 14831K [0x00000000c0000000, 0x00000000c5300000, 0x00000000eab00000)
  object space 84992K, 17% used [0x00000000c0000000,0x00000000c0e7bec0,0x00000000c5300000)
 Metaspace       used 6208K, capacity 7090K, committed 7296K, reserved 1056768K
  class space    used 591K, capacity 618K, committed 640K, reserved 1048576K
}
Event: 1.559 GC heap before
{Heap before GC invocations=4 (full 0):
 PSYoungGen      total 68608K, used 68606K [0x00000000eab00000, 0x00000000f3100000, 0x0000000100000000)
  eden space 63488K, 100% used [0x00000000eab00000,0x00000000ee900000,0x00000000ee900000)
  from space 5120K, 99% used [0x00000000ee900000,0x00000000eedffb60,0x00000000eee00000)
  to   space 5120K, 0% used [0x00000000f2c00000,0x00000000f2c00000,0x00000000f3100000)
 ParOldGen       total 84992K, used 14831K [0x00000000c0000000, 0x00000000c5300000, 0x00000000eab00000)
  object space 84992K, 17% used [0x00000000c0000000,0x00000000c0e7bec0,0x00000000c5300000)
 Metaspace       used 6305K, capacity 7090K, committed 7296K, reserved 1056768K
  class space    used 592K, capacity 618K, committed 640K, reserved 1048576K
Event: 1.593 GC heap after
Heap after GC invocations=4 (full 0):
 PSYoungGen      total 132096K, used 5099K [0x00000000eab00000, 0x00000000f3100000, 0x0000000100000000)
  eden space 126976K, 0% used [0x00000000eab00000,0x00000000eab00000,0x00000000f2700000)
  from space 5120K, 99% used [0x00000000f2c00000,0x00000000f30fade0,0x00000000f3100000)
  to   space 5120K, 0% used [0x00000000f2700000,0x00000000f2700000,0x00000000f2c00000)
 ParOldGen       total 84992K, used 24794K [0x00000000c0000000, 0x00000000c5300000, 0x00000000eab00000)
  object space 84992K, 29% used [0x00000000c0000000,0x00000000c1836ba0,0x00000000c5300000)
 Metaspace       used 6305K, capacity 7090K, committed 7296K, reserved 1056768K
  class space    used 592K, capacity 618K, committed 640K, reserved 1048576K
}

Deoptimization events (10 events):
Event: 1.529 Thread 0x0000000016bd1800 Uncommon trap: reason=class_check action=maybe_recompile pc=0x0000000002ba9dc0 method=java.util.HashMap.putVal(ILjava/lang/Object;Ljava/lang/Object;ZZ)Ljava/lang/Object; @ 203
Event: 1.529 Thread 0x0000000016bd1800 Uncommon trap: reason=bimorphic action=maybe_recompile pc=0x0000000002d743fc method=java.util.HashMap.getNode(ILjava/lang/Object;)Ljava/util/HashMap$Node; @ 126
Event: 1.624 Thread 0x0000000016bd1800 Uncommon trap: reason=bimorphic action=maybe_recompile pc=0x0000000002d743fc method=java.util.HashMap.getNode(ILjava/lang/Object;)Ljava/util/HashMap$Node; @ 126
Event: 1.840 Thread 0x0000000016bd4000 Uncommon trap: reason=class_check action=maybe_recompile pc=0x0000000002b5cff8 method=java.util.Arrays.hashCode([Ljava/lang/Object;)I @ 43
Event: 1.840 Thread 0x0000000016bd4000 Uncommon trap: reason=class_check action=maybe_recompile pc=0x0000000002b5cff8 method=java.util.Arrays.hashCode([Ljava/lang/Object;)I @ 43
Event: 1.840 Thread 0x0000000016bd4000 Uncommon trap: reason=class_check action=maybe_recompile pc=0x0000000002b5cff8 method=java.util.Arrays.hashCode([Ljava/lang/Object;)I @ 43
Event: 1.840 Thread 0x0000000016bd4000 Uncommon trap: reason=class_check action=maybe_recompile pc=0x0000000002b5cff8 method=java.util.Arrays.hashCode([Ljava/lang/Object;)I @ 43
Event: 1.860 Thread 0x0000000016bd4000 Uncommon trap: reason=class_check action=maybe_recompile pc=0x0000000002ba9dc0 method=java.util.HashMap.putVal(ILjava/lang/Object;Ljava/lang/Object;ZZ)Ljava/lang/Object; @ 203
Event: 1.862 Thread 0x0000000016bd4000 Uncommon trap: reason=class_check action=maybe_recompile pc=0x0000000002ba9dc0 method=java.util.HashMap.putVal(ILjava/lang/Object;Ljava/lang/Object;ZZ)Ljava/lang/Object; @ 203
Event: 1.914 Thread 0x0000000016bd4000 Uncommon trap: reason=bimorphic action=maybe_recompile pc=0x0000000002eba5f4 method=java.util.TreeMap.compare(Ljava/lang/Object;Ljava/lang/Object;)I @ 12

Internal exceptions (6 events):
Event: 0.180 Thread 0x000000000222e800 Exception <a 'java/lang/NoSuchMethodError': Method sun.misc.Unsafe.defineClass(Ljava/lang/String;[BII)Ljava/lang/Class; name or signature does not match> (0x00000000eab07cc0) thrown at [C:\src\android\AOSP-openjdk\external\jetbrains\jdk\hotspot\src\share\vY∑÷'!
Event: 0.180 Thread 0x000000000222e800 Exception <a 'java/lang/NoSuchMethodError': Method sun.misc.Unsafe.prefetchRead(Ljava/lang/Object;J)V name or signature does not match> (0x00000000eab07fa8) thrown at [C:\src\android\AOSP-openjdk\external\jetbrains\jdk\hotspot\src\share\vm\prims\jni.cpp, lp—¿[ÒÁ?
Event: 0.722 Thread 0x000000000222e800 Implicit null exception at 0x0000000002ab86d2 to 0x0000000002ab87c2
Event: 1.199 Thread 0x0000000016bdc800 Exception <a 'java/lang/ArrayIndexOutOfBoundsException': 18> (0x00000000ed617f28) thrown at [C:\src\android\AOSP-openjdk\external\jetbrains\jdk\hotspot\src\share\vm\interpreter\interpreterRuntime.cpp, line 366]
Event: 1.199 Thread 0x0000000016bdc800 Exception <a 'java/lang/ArrayIndexOutOfBoundsException': 145> (0x00000000ed619aa8) thrown at [C:\src\android\AOSP-openjdk\external\jetbrains\jdk\hotspot\src\share\vm\interpreter\interpreterRuntime.cpp, line 366]
Event: 1.200 Thread 0x0000000016bdc800 Exception <a 'java/lang/ArrayIndexOutOfBoundsException'> (0x00000000ed61ad90) thrown at [C:\src\android\AOSP-openjdk\external\jetbrains\jdk\hotspot\src\share\vm\runtime\sharedRuntime.cpp, line 605]

Events (10 events):
Event: 1.870 loading class com/android/dx/dex/file/CatchStructs done
Event: 1.903 Thread 0x0000000016bd4000 DEOPT PACKING pc=0x0000000002ec8cc9 sp=0x000000001939eec0
Event: 1.903 Thread 0x0000000016bd4000 DEOPT UNPACKING pc=0x00000000028475bf sp=0x000000001939ec50 mode 0
Event: 1.913 loading class com/android/dx/dex/file/ProtoIdItem
Event: 1.913 loading class com/android/dx/dex/file/ProtoIdItem done
Event: 1.914 Thread 0x0000000016bd4000 Uncommon trap: trap_request=0xffffffc6 fr.pc=0x0000000002eba5f4
Event: 1.914 Thread 0x0000000016bd4000 DEOPT PACKING pc=0x0000000002eba5f4 sp=0x000000001939ef00
Event: 1.914 Thread 0x0000000016bd4000 DEOPT UNPACKING pc=0x000000000284556a sp=0x000000001939ee30 mode 2
Event: 1.940 loading class com/android/dex/Leb128
Event: 1.940 loading class com/android/dex/Leb128 done


Dynamic libraries:
0x000000013f6a0000 - 0x000000013f6d1000 	C:\Program Files\Android\Android Studio\jre\bin\java.exe
0x0000000077180000 - 0x0000000077329000 	C:\Windows\SYSTEM32\ntdll.dll
0x0000000077060000 - 0x000000007717f000 	C:\Windows\system32\kernel32.dll
0x000007fefd940000 - 0x000007fefd9ac000 	C:\Windows\system32\KERNELBASE.dll
0x000007feff3b0000 - 0x000007feff48b000 	C:\Windows\system32\ADVAPI32.dll
0x000007feff1a0000 - 0x000007feff23f000 	C:\Windows\system32\msvcrt.dll
0x000007fefed50000 - 0x000007fefed6f000 	C:\Windows\SYSTEM32\sechost.dll
0x000007fefec00000 - 0x000007fefed2d000 	C:\Windows\system32\RPCRT4.dll
0x0000000076f60000 - 0x000000007705a000 	C:\Windows\system32\USER32.dll
0x000007fefe9f0000 - 0x000007fefea57000 	C:\Windows\system32\GDI32.dll
0x000007fefed30000 - 0x000007fefed3e000 	C:\Windows\system32\LPK.dll
0x000007fefea90000 - 0x000007fefeb59000 	C:\Windows\system32\USP10.dll
0x000007fefbe40000 - 0x000007fefc034000 	C:\Windows\WinSxS\amd64_microsoft.windows.common-controls_6595b64144ccf1df_6.0.7601.17514_none_fa396087175ac9ac\COMCTL32.dll
0x000007fefeb80000 - 0x000007fefebf1000 	C:\Windows\system32\SHLWAPI.dll
0x000007fefea60000 - 0x000007fefea8e000 	C:\Windows\system32\IMM32.DLL
0x000007feff240000 - 0x000007feff349000 	C:\Windows\system32\MSCTF.dll
0x0000000065460000 - 0x0000000065532000 	C:\Program Files\Android\Android Studio\jre\jre\bin\msvcr100.dll
0x00000000501f0000 - 0x0000000050a24000 	C:\Program Files\Android\Android Studio\jre\jre\bin\server\jvm.dll
0x000007feec580000 - 0x000007feec589000 	C:\Windows\system32\WSOCK32.dll
0x000007fefee50000 - 0x000007fefee9d000 	C:\Windows\system32\WS2_32.dll
0x000007fefed40000 - 0x000007fefed48000 	C:\Windows\system32\NSI.dll
0x000007fefaf00000 - 0x000007fefaf3b000 	C:\Windows\system32\WINMM.dll
0x000007fefc6e0000 - 0x000007fefc6ec000 	C:\Windows\system32\VERSION.dll
0x0000000077340000 - 0x0000000077347000 	C:\Windows\system32\PSAPI.DLL
0x000007fef8e90000 - 0x000007fef8e9f000 	C:\Program Files\Android\Android Studio\jre\jre\bin\verify.dll
0x000007fef8440000 - 0x000007fef8469000 	C:\Program Files\Android\Android Studio\jre\jre\bin\java.dll
0x000007fef83f0000 - 0x000007fef8406000 	C:\Program Files\Android\Android Studio\jre\jre\bin\zip.dll
0x000007fefd9b0000 - 0x000007fefe738000 	C:\Windows\system32\SHELL32.dll
0x000007fefe7e0000 - 0x000007fefe9e3000 	C:\Windows\system32\ole32.dll
0x000007fefd5e0000 - 0x000007fefd5ef000 	C:\Windows\system32\profapi.dll

VM Arguments:
jvm_args: -Djava.awt.headless=true -Xmx1024M -Dfile.encoding=windows-1252 -Duser.country=FR -Duser.language=fr -Duser.variant 
java_command: com.android.dx.command.Main --dex --force-jumbo --num-threads=4 --multi-dex --output C:\Users\rhakanjin.Newsco\Desktop\workspaceAndroid\friendzone\app\build\intermediates\transforms\dex\debug\folders\1000\10\com.google.firebase-firebase-database-10.0.1_70ab2c872184591c5dde02e2d5a6871dd0ed8df3 C:\Users\rhakanjin.Newsco\Desktop\workspaceAndroid\friendzone\app\build\intermediates\exploded-aar\com.google.firebase\firebase-database\10.0.1\jars\classes.jar
java_class_path (initial): C:\Users\rhakanjin.Newsco\AppData\Local\Android\sdk\build-tools\25.0.2\lib\dx.jar
Launcher Type: SUN_STANDARD

Environment Variables:
PATH=c:\Program Files (x86)\Intel\iCLS Client\;c:\Program Files\Intel\iCLS Client\;C:\Windows\system32;C:\Windows;C:\Windows\System32\Wbem;C:\Windows\System32\WindowsPowerShell\v1.0\;c:\Program Files (x86)\Common Files\Roxio Shared\DLLShared\;c:\Program Files (x86)\Common Files\Roxio Shared\10.0\DLLShared\;C:\Program Files\Intel\Intel(R) Management Engine Components\DAL;C:\Program Files\Intel\Intel(R) Management Engine Components\IPT;C:\Program Files (x86)\Intel\Intel(R) Management Engine Components\DAL;C:\Program Files (x86)\Intel\Intel(R) Management Engine Components\IPT;C:\Program Files\nodejs\;C:\RailsInstaller\Ruby2.3.0\bin;c:\Program Files (x86)\Intel\iCLS Client\;c:\Program Files\Intel\iCLS Client\;C:\Windows\system32;C:\Windows;C:\Windows\System32\Wbem;C:\Windows\System32\WindowsPowerShell\v1.0\;c:\Program Files (x86)\Common Files\Roxio Shared\DLLShared\;c:\Program Files (x86)\Common Files\Roxio Shared\10.0\DLLShared\;C:\Program Files\Intel\Intel(R) Management Engine Components\DAL;C:\Program Files\Intel\Intel(R) Management Engine Components\IPT;C:\Program Files (x86)\Intel\Intel(R) Management Engine Components\DAL;C:\Program Files (x86)\Intel\Intel(R) Management Engine Components\IPT;C:\Users\rhakanjin.Newsco\AppData\Local\Programs\Git\cmd;C:\Users\rhakanjin.Newsco\AppData\Roaming\npm
USERNAME=rhakanjin
OS=Windows_NT
PROCESSOR_IDENTIFIER=Intel64 Family 6 Model 58 Stepping 9, GenuineIntel



---------------  S Y S T E M  ---------------

OS: Windows 7 , 64 bit Build 7601 (6.1.7601.17651)

CPU:total 8 (4 cores per cpu, 2 threads per core) family 6 model 58 stepping 9, cmov, cx8, fxsr, mmx, sse, sse2, sse3, ssse3, sse4.1, sse4.2, popcnt, avx, aes, clmul, erms, ht, tsc, tscinvbit, tscinv

Memory: 4k page, physical 8063920k(676920k free), swap 12256372k(11600k free)

vm_info: OpenJDK 64-Bit Server VM (25.76-b03) for windows-amd64 JRE (1.8.0_76-release-b03), built on Jun 29 2016 19:09:20 by "ralucas" with MS VC++ 10.0 (VS2010)

time: Thu Feb 16 11:39:21 2017
elapsed time: 2 seconds (0d 0h 0m 2s)

