#
# There is insufficient memory for the Java Runtime Environment to continue.
# Native memory allocation (malloc) failed to allocate 32744 bytes for ChunkPool::allocate
# Possible reasons:
#   The system is out of physical RAM or swap space
#   In 32 bit mode, the process size limit was hit
# Possible solutions:
#   Reduce memory load on the system
#   Increase physical memory or swap space
#   Check if swap backing store is full
#   Use 64 bit Java on a 64 bit OS
#   Decrease Java heap size (-Xmx/-Xms)
#   Decrease number of Java threads
#   Decrease Java thread stack sizes (-Xss)
#   Set larger code cache with -XX:ReservedCodeCacheSize=
# This output file may be truncated or incomplete.
#
#  Out of Memory Error (allocation.cpp:273), pid=7412, tid=0x0000000000002078
#
# JRE version: OpenJDK Runtime Environment (8.0_76-b03) (build 1.8.0_76-release-b03)
# Java VM: OpenJDK 64-Bit Server VM (25.76-b03 mixed mode windows-amd64 compressed oops)
# Failed to write core dump. Minidumps are not enabled by default on client versions of Windows
#

---------------  T H R E A D  ---------------

Current thread (0x00000000565fc000):  JavaThread "C1 CompilerThread3" daemon [_thread_in_native, id=8312, stack(0x0000000058290000,0x0000000058390000)]

Stack: [0x0000000058290000,0x0000000058390000]
[error occurred during error reporting (printing stack bounds), id 0xc0000005]

Native frames: (J=compiled Java code, j=interpreted, Vv=VM code, C=native code)


Current CompileTask:
C1:    719 1158       3      
[error occurred during error reporting (printing current compile task), id 0xe0000001]


---------------  P R O C E S S  ---------------

Java Threads: ( => current thread )
  0x000000005679f000 JavaThread "pool-2-thread-3" [_thread_in_Java, id=2000, stack(0x0000000058cb0000,0x0000000058db0000)]
  0x0000000056795000 JavaThread "pool-3-thread-1" [_thread_blocked, id=6088, stack(0x00000000588b0000,0x00000000589b0000)]
  0x000000005667e800 JavaThread "Service Thread" daemon [_thread_blocked, id=6500, stack(0x0000000057d60000,0x0000000057e60000)]
=>0x00000000565fc000 JavaThread "C1 CompilerThread3" daemon [_thread_in_native, id=8312, stack(0x0000000058290000,0x0000000058390000)]
  0x00000000565f3000 JavaThread "C2 CompilerThread2" daemon [_thread_in_native, id=5136, stack(0x00000000580b0000,0x00000000581b0000)]
  0x000000005553b000 JavaThread "C2 CompilerThread1" daemon [_thread_in_native, id=5732, stack(0x0000000057eb0000,0x0000000057fb0000)]
  0x00000000565eb800 JavaThread "C2 CompilerThread0" daemon [_thread_in_native, id=7960, stack(0x0000000057ab0000,0x0000000057bb0000)]
  0x00000000565e6800 JavaThread "Attach Listener" daemon [_thread_blocked, id=7724, stack(0x0000000057c30000,0x0000000057d30000)]
  0x00000000565e5000 JavaThread "Signal Dispatcher" daemon [_thread_blocked, id=5148, stack(0x00000000579a0000,0x0000000057aa0000)]
  0x000000005552e800 JavaThread "Finalizer" daemon [_thread_blocked, id=4500, stack(0x0000000057870000,0x0000000057970000)]
  0x0000000055527800 JavaThread "Reference Handler" daemon [_thread_blocked, id=4380, stack(0x0000000057770000,0x0000000057870000)]
  0x000000000228e800 JavaThread "main" [_thread_blocked, id=7176, stack(0x00000000022a0000,0x00000000023a0000)]

Other Threads:
  0x000000005551f000 VMThread [stack: 0x0000000057530000,0x0000000057630000] [id=5932]
  0x000000005663e000 WatcherThread [stack: 0x00000000584c0000,0x00000000585c0000] [id=7520]

VM state:not at safepoint (normal execution)

VM Mutex/Monitor currently owned by a thread: None

Heap:
 PSYoungGen      total 36864K, used 13348K [0x00000000eab00000, 0x00000000ef300000, 0x0000000100000000)
  eden space 31744K, 26% used [0x00000000eab00000,0x00000000eb30ff70,0x00000000eca00000)
  from space 5120K, 99% used [0x00000000eca00000,0x00000000ecef9388,0x00000000ecf00000)
  to   space 5120K, 0% used [0x00000000eee00000,0x00000000eee00000,0x00000000ef300000)
 ParOldGen       total 84992K, used 1265K [0x00000000c0000000, 0x00000000c5300000, 0x00000000eab00000)
  object space 84992K, 1% used [0x00000000c0000000,0x00000000c013c770,0x00000000c5300000)
 Metaspace       used 5917K, capacity 6896K, committed 7040K, reserved 1056768K
  class space    used 575K, capacity 616K, committed 640K, reserved 1048576K

Card table byte_map: [0x0000000011b70000,0x0000000011d80000] byte_map_base: 0x0000000011570000

Marking Bits: (ParMarkBitMap*) 0x000000005ab69d00
 Begin Bits: [0x0000000012940000, 0x0000000013940000)
 End Bits:   [0x0000000013940000, 0x0000000014940000)

Polling page: 0x0000000000430000

CodeCache: size=245760Kb used=4352Kb max_used=4352Kb free=241407Kb
 bounds [0x00000000027b0000, 0x0000000002c00000, 0x00000000117b0000]
 total_blobs=1400 nmethods=1133 adapters=181
 compilation: enabled

Compilation events (10 events):
Event: 0.717 Thread 0x00000000565fc000 nmethod 1156 0x0000000002be7e90 code [0x0000000002be8040, 0x0000000002be8598]
Event: 0.717 Thread 0x00000000565fc000 1149       3       com.android.dx.cf.code.OneLocalsArray::merge (22 bytes)
Event: 0.718 Thread 0x00000000565fc000 nmethod 1149 0x0000000002bf2690 code [0x0000000002bf2860, 0x0000000002bf2f78]
Event: 0.718 Thread 0x00000000565fc000 1150   !   3       com.android.dx.cf.code.OneLocalsArray::merge (31 bytes)
Event: 0.718 Thread 0x00000000565fc000 nmethod 1150 0x0000000002be7790 code [0x0000000002be7940, 0x0000000002be7d08]
Event: 0.718 Thread 0x00000000565fc000 1151   !   3       com.android.dx.cf.code.ExecutionStack::merge (31 bytes)
Event: 0.718 Thread 0x00000000565fc000 nmethod 1151 0x0000000002bf31d0 code [0x0000000002bf3380, 0x0000000002bf3828]
Event: 0.718 Thread 0x00000000565fc000 1153       3       com.android.dx.cf.code.Frame::mergeSubroutineLists (90 bytes)
Event: 0.718 Thread 0x00000000565fc000 nmethod 1153 0x0000000002bf3990 code [0x0000000002bf3b60, 0x0000000002bf4428]
Event: 0.718 Thread 0x00000000565fc000 1158       3       com.android.dx.rop.code.Insn::contentEquals (84 bytes)

GC Heap History (2 events):
Event: 0.535 GC heap before
{Heap before GC invocations=1 (full 0):
 PSYoungGen      total 36864K, used 31744K [0x00000000eab00000, 0x00000000ed400000, 0x0000000100000000)
  eden space 31744K, 100% used [0x00000000eab00000,0x00000000eca00000,0x00000000eca00000)
  from space 5120K, 0% used [0x00000000ecf00000,0x00000000ecf00000,0x00000000ed400000)
  to   space 5120K, 0% used [0x00000000eca00000,0x00000000eca00000,0x00000000ecf00000)
 ParOldGen       total 84992K, used 0K [0x00000000c0000000, 0x00000000c5300000, 0x00000000eab00000)
  object space 84992K, 0% used [0x00000000c0000000,0x00000000c0000000,0x00000000c5300000)
 Metaspace       used 5859K, capacity 6896K, committed 7040K, reserved 1056768K
  class space    used 574K, capacity 616K, committed 640K, reserved 1048576K
Event: 0.663 GC heap after
Heap after GC invocations=1 (full 0):
 PSYoungGen      total 36864K, used 5092K [0x00000000eab00000, 0x00000000ef300000, 0x0000000100000000)
  eden space 31744K, 0% used [0x00000000eab00000,0x00000000eab00000,0x00000000eca00000)
  from space 5120K, 99% used [0x00000000eca00000,0x00000000ecef9388,0x00000000ecf00000)
  to   space 5120K, 0% used [0x00000000eee00000,0x00000000eee00000,0x00000000ef300000)
 ParOldGen       total 84992K, used 1265K [0x00000000c0000000, 0x00000000c5300000, 0x00000000eab00000)
  object space 84992K, 1% used [0x00000000c0000000,0x00000000c013c770,0x00000000c5300000)
 Metaspace       used 5859K, capacity 6896K, committed 7040K, reserved 1056768K
  class space    used 574K, capacity 616K, committed 640K, reserved 1048576K
}

Deoptimization events (8 events):
Event: 0.303 Thread 0x000000005679f000 Uncommon trap: reason=unstable_if action=reinterpret pc=0x000000000299d050 method=java.util.HashMap.getNode(ILjava/lang/Object;)Ljava/util/HashMap$Node; @ 62
Event: 0.308 Thread 0x000000005679f000 Uncommon trap: reason=unstable_if action=reinterpret pc=0x00000000029a5060 method=java.util.BitSet.nextSetBit(I)I @ 87
Event: 0.397 Thread 0x000000005678d000 Uncommon trap: reason=bimorphic action=maybe_recompile pc=0x00000000029dcd28 method=java.util.HashMap.getNode(ILjava/lang/Object;)Ljava/util/HashMap$Node; @ 126
Event: 0.436 Thread 0x000000000228e800 Uncommon trap: reason=unstable_if action=reinterpret pc=0x0000000002a4488c method=java.lang.String.<init>([CII)V @ 18
Event: 0.464 Thread 0x000000000228e800 Uncommon trap: reason=unstable_if action=reinterpret pc=0x0000000002a06398 method=java.lang.String.<init>([CII)V @ 18
Event: 0.698 Thread 0x000000005679f000 Uncommon trap: reason=bimorphic action=maybe_recompile pc=0x00000000029dcd28 method=java.util.HashMap.getNode(ILjava/lang/Object;)Ljava/util/HashMap$Node; @ 126
Event: 0.699 Thread 0x000000005679f000 Uncommon trap: reason=class_check action=maybe_recompile pc=0x0000000002b87cec method=java.util.HashMap.putVal(ILjava/lang/Object;Ljava/lang/Object;ZZ)Ljava/lang/Object; @ 203
Event: 0.704 Thread 0x000000005679f000 Uncommon trap: reason=null_check action=make_not_entrant pc=0x0000000002a407d0 method=com.android.dx.rop.type.Type.equals(Ljava/lang/Object;)Z @ 8

Internal exceptions (3 events):
Event: 0.023 Thread 0x000000000228e800 Exception <a 'java/lang/NoSuchMethodError': Method sun.misc.Unsafe.defineClass(Ljava/lang/String;[BII)Ljava/lang/Class; name or signature does not match> (0x00000000eab07cc0) thrown at [C:\src\android\AOSP-openjdk\external\jetbrains\jdk\hotspot\src\share\v{_ ¬R7—?
Event: 0.023 Thread 0x000000000228e800 Exception <a 'java/lang/NoSuchMethodError': Method sun.misc.Unsafe.prefetchRead(Ljava/lang/Object;J)V name or signature does not match> (0x00000000eab07fa8) thrown at [C:\src\android\AOSP-openjdk\external\jetbrains\jdk\hotspot\src\share\vm\prims\jni.cpp, l² %t†æ?
Event: 0.704 Thread 0x000000005679f000 Implicit null exception at 0x0000000002a406d2 to 0x0000000002a407c2

Events (10 events):
Event: 0.697 loading class com/android/dx/cf/code/BytecodeArray$ConstantParserVisitor done
Event: 0.698 Thread 0x000000005679f000 Uncommon trap: trap_request=0xffffffc6 fr.pc=0x00000000029dcd28
Event: 0.698 Thread 0x000000005679f000 DEOPT PACKING pc=0x00000000029dcd28 sp=0x0000000058daeb30
Event: 0.698 Thread 0x000000005679f000 DEOPT UNPACKING pc=0x00000000027f556a sp=0x0000000058daea58 mode 2
Event: 0.699 Thread 0x000000005679f000 Uncommon trap: trap_request=0xffffffde fr.pc=0x0000000002b87cec
Event: 0.699 Thread 0x000000005679f000 DEOPT PACKING pc=0x0000000002b87cec sp=0x0000000058daea80
Event: 0.699 Thread 0x000000005679f000 DEOPT UNPACKING pc=0x00000000027f556a sp=0x0000000058dae9f8 mode 2
Event: 0.704 Thread 0x000000005679f000 Uncommon trap: trap_request=0xfffffff4 fr.pc=0x0000000002a407d0
Event: 0.704 Thread 0x000000005679f000 DEOPT PACKING pc=0x0000000002a407d0 sp=0x0000000058dae770
Event: 0.704 Thread 0x000000005679f000 DEOPT UNPACKING pc=0x00000000027f556a sp=0x0000000058dae6f8 mode 2


Dynamic libraries:
0x000000013f110000 - 0x000000013f141000 	C:\Program Files\Android\Android Studio\jre\bin\java.exe
0x0000000077180000 - 0x0000000077329000 	C:\Windows\SYSTEM32\ntdll.dll
0x0000000077060000 - 0x000000007717f000 	C:\Windows\system32\kernel32.dll
0x000007fefd940000 - 0x000007fefd9ac000 	C:\Windows\system32\KERNELBASE.dll
0x000007feff3b0000 - 0x000007feff48b000 	C:\Windows\system32\ADVAPI32.dll
0x000007feff1a0000 - 0x000007feff23f000 	C:\Windows\system32\msvcrt.dll
0x000007fefed50000 - 0x000007fefed6f000 	C:\Windows\SYSTEM32\sechost.dll
0x000007fefec00000 - 0x000007fefed2d000 	C:\Windows\system32\RPCRT4.dll
0x0000000076f60000 - 0x000000007705a000 	C:\Windows\system32\USER32.dll
0x000007fefe9f0000 - 0x000007fefea57000 	C:\Windows\system32\GDI32.dll
0x000007fefed30000 - 0x000007fefed3e000 	C:\Windows\system32\LPK.dll
0x000007fefea90000 - 0x000007fefeb59000 	C:\Windows\system32\USP10.dll
0x000007fefbe40000 - 0x000007fefc034000 	C:\Windows\WinSxS\amd64_microsoft.windows.common-controls_6595b64144ccf1df_6.0.7601.17514_none_fa396087175ac9ac\COMCTL32.dll
0x000007fefeb80000 - 0x000007fefebf1000 	C:\Windows\system32\SHLWAPI.dll
0x000007fefea60000 - 0x000007fefea8e000 	C:\Windows\system32\IMM32.DLL
0x000007feff240000 - 0x000007feff349000 	C:\Windows\system32\MSCTF.dll
0x000000006f800000 - 0x000000006f8d2000 	C:\Program Files\Android\Android Studio\jre\jre\bin\msvcr100.dll
0x000000005a3b0000 - 0x000000005abe4000 	C:\Program Files\Android\Android Studio\jre\jre\bin\server\jvm.dll
0x000007feec580000 - 0x000007feec589000 	C:\Windows\system32\WSOCK32.dll
0x000007fefee50000 - 0x000007fefee9d000 	C:\Windows\system32\WS2_32.dll
0x000007fefed40000 - 0x000007fefed48000 	C:\Windows\system32\NSI.dll
0x000007fefaf00000 - 0x000007fefaf3b000 	C:\Windows\system32\WINMM.dll
0x000007fefc6e0000 - 0x000007fefc6ec000 	C:\Windows\system32\VERSION.dll
0x0000000077340000 - 0x0000000077347000 	C:\Windows\system32\PSAPI.DLL
0x000007fef8450000 - 0x000007fef845f000 	C:\Program Files\Android\Android Studio\jre\jre\bin\verify.dll
0x000007fef82f0000 - 0x000007fef8319000 	C:\Program Files\Android\Android Studio\jre\jre\bin\java.dll
0x000007fef83f0000 - 0x000007fef8406000 	C:\Program Files\Android\Android Studio\jre\jre\bin\zip.dll
0x000007fefd9b0000 - 0x000007fefe738000 	C:\Windows\system32\SHELL32.dll
0x000007fefe7e0000 - 0x000007fefe9e3000 	C:\Windows\system32\ole32.dll
0x000007fefd5e0000 - 0x000007fefd5ef000 	C:\Windows\system32\profapi.dll

VM Arguments:
jvm_args: -Djava.awt.headless=true -Xmx1024M -Dfile.encoding=windows-1252 -Duser.country=FR -Duser.language=fr -Duser.variant 
java_command: com.android.dx.command.Main --dex --force-jumbo --num-threads=4 --multi-dex --output C:\Users\rhakanjin.Newsco\Desktop\workspaceAndroid\friendzone\app\build\intermediates\transforms\dex\debug\folders\1000\10\com.google.firebase-firebase-config-10.0.1_ba540e47c456acdde8f81b1cc37f17fb0de90ca9 C:\Users\rhakanjin.Newsco\Desktop\workspaceAndroid\friendzone\app\build\intermediates\exploded-aar\com.google.firebase\firebase-config\10.0.1\jars\classes.jar
java_class_path (initial): C:\Users\rhakanjin.Newsco\AppData\Local\Android\sdk\build-tools\25.0.2\lib\dx.jar
Launcher Type: SUN_STANDARD

Environment Variables:
PATH=c:\Program Files (x86)\Intel\iCLS Client\;c:\Program Files\Intel\iCLS Client\;C:\Windows\system32;C:\Windows;C:\Windows\System32\Wbem;C:\Windows\System32\WindowsPowerShell\v1.0\;c:\Program Files (x86)\Common Files\Roxio Shared\DLLShared\;c:\Program Files (x86)\Common Files\Roxio Shared\10.0\DLLShared\;C:\Program Files\Intel\Intel(R) Management Engine Components\DAL;C:\Program Files\Intel\Intel(R) Management Engine Components\IPT;C:\Program Files (x86)\Intel\Intel(R) Management Engine Components\DAL;C:\Program Files (x86)\Intel\Intel(R) Management Engine Components\IPT;C:\Program Files\nodejs\;C:\RailsInstaller\Ruby2.3.0\bin;c:\Program Files (x86)\Intel\iCLS Client\;c:\Program Files\Intel\iCLS Client\;C:\Windows\system32;C:\Windows;C:\Windows\System32\Wbem;C:\Windows\System32\WindowsPowerShell\v1.0\;c:\Program Files (x86)\Common Files\Roxio Shared\DLLShared\;c:\Program Files (x86)\Common Files\Roxio Shared\10.0\DLLShared\;C:\Program Files\Intel\Intel(R) Management Engine Components\DAL;C:\Program Files\Intel\Intel(R) Management Engine Components\IPT;C:\Program Files (x86)\Intel\Intel(R) Management Engine Components\DAL;C:\Program Files (x86)\Intel\Intel(R) Management Engine Components\IPT;C:\Users\rhakanjin.Newsco\AppData\Local\Programs\Git\cmd;C:\Users\rhakanjin.Newsco\AppData\Roaming\npm
USERNAME=rhakanjin
OS=Windows_NT
PROCESSOR_IDENTIFIER=Intel64 Family 6 Model 58 Stepping 9, GenuineIntel



---------------  S Y S T E M  ---------------

OS: Windows 7 , 64 bit Build 7601 (6.1.7601.17651)

CPU:total 8 (4 cores per cpu, 2 threads per core) family 6 model 58 stepping 9, cmov, cx8, fxsr, mmx, sse, sse2, sse3, ssse3, sse4.1, sse4.2, popcnt, avx, aes, clmul, erms, ht, tsc, tscinvbit, tscinv

Memory: 4k page, physical 8063920k(712244k free), swap 12256372k(5092k free)

vm_info: OpenJDK 64-Bit Server VM (25.76-b03) for windows-amd64 JRE (1.8.0_76-release-b03), built on Jun 29 2016 19:09:20 by "ralucas" with MS VC++ 10.0 (VS2010)

time: Tue Feb 14 15:33:47 2017
elapsed time: 0 seconds (0d 0h 0m 0s)

