#
# There is insufficient memory for the Java Runtime Environment to continue.
# Native memory allocation (malloc) failed to allocate 1904016 bytes for Chunk::new
# Possible reasons:
#   The system is out of physical RAM or swap space
#   In 32 bit mode, the process size limit was hit
# Possible solutions:
#   Reduce memory load on the system
#   Increase physical memory or swap space
#   Check if swap backing store is full
#   Use 64 bit Java on a 64 bit OS
#   Decrease Java heap size (-Xmx/-Xms)
#   Decrease number of Java threads
#   Decrease Java thread stack sizes (-Xss)
#   Set larger code cache with -XX:ReservedCodeCacheSize=
# This output file may be truncated or incomplete.
#
#  Out of Memory Error (allocation.cpp:390), pid=6548, tid=0x0000000000001a0c
#
# JRE version: OpenJDK Runtime Environment (8.0_76-b03) (build 1.8.0_76-release-b03)
# Java VM: OpenJDK 64-Bit Server VM (25.76-b03 mixed mode windows-amd64 compressed oops)
# Failed to write core dump. Minidumps are not enabled by default on client versions of Windows
#

---------------  T H R E A D  ---------------

Current thread (0x0000000016796800):  JavaThread "C2 CompilerThread0" daemon [_thread_in_native, id=6668, stack(0x0000000017f50000,0x0000000018050000)]

Stack: [0x0000000017f50000,0x0000000018050000]
[error occurred during error reporting (printing stack bounds), id 0xc0000005]

Native frames: (J=compiled Java code, j=interpreted, Vv=VM code, C=native code)


Current CompileTask:
C2:   2312 1387   !   4       com.android.dx.cf.cst.ConstantPoolParser::parse0 (731 bytes)


---------------  P R O C E S S  ---------------

Java Threads: ( => current thread )
  0x000000001696c800 JavaThread "pool-1-thread-1" [_thread_blocked, id=7260, stack(0x0000000018300000,0x0000000018400000)]
  0x0000000016831000 JavaThread "Service Thread" daemon [_thread_blocked, id=6528, stack(0x0000000018430000,0x0000000018530000)]
  0x0000000016802000 JavaThread "C1 CompilerThread3" daemon [_thread_blocked, id=8904, stack(0x00000000181e0000,0x00000000182e0000)]
  0x00000000167a2800 JavaThread "C2 CompilerThread2" daemon [_thread_blocked, id=1708, stack(0x0000000017c90000,0x0000000017d90000)]
  0x000000001679c000 JavaThread "C2 CompilerThread1" daemon [_thread_blocked, id=8364, stack(0x0000000018050000,0x0000000018150000)]
=>0x0000000016796800 JavaThread "C2 CompilerThread0" daemon [_thread_in_native, id=6668, stack(0x0000000017f50000,0x0000000018050000)]
  0x0000000016790800 JavaThread "Attach Listener" daemon [_thread_blocked, id=4416, stack(0x0000000017db0000,0x0000000017eb0000)]
  0x000000001678f000 JavaThread "Signal Dispatcher" daemon [_thread_blocked, id=7060, stack(0x0000000017700000,0x0000000017800000)]
  0x00000000157e7800 JavaThread "Finalizer" daemon [_thread_blocked, id=5756, stack(0x0000000017b20000,0x0000000017c20000)]
  0x00000000157e4800 JavaThread "Reference Handler" daemon [_thread_blocked, id=4636, stack(0x00000000179c0000,0x0000000017ac0000)]
  0x000000000015e800 JavaThread "main" [_thread_blocked, id=5668, stack(0x0000000002470000,0x0000000002570000)]

Other Threads:
  0x0000000016740800 VMThread [stack: 0x0000000017850000,0x0000000017950000] [id=2408]
  0x0000000016814000 WatcherThread [stack: 0x0000000018560000,0x0000000018660000] [id=6524]

VM state:at safepoint (normal execution)

VM Mutex/Monitor currently owned by a thread:  ([mutex/lock_event])
[0x000000000015ccc0] Threads_lock - owner thread: 0x0000000016740800
[0x000000000015d1c0] Heap_lock - owner thread: 0x000000001696c800

Heap:
 PSYoungGen      total 68608K, used 16014K [0x00000000eab00000, 0x00000000ef300000, 0x0000000100000000)
  eden space 63488K, 17% used [0x00000000eab00000,0x00000000eb5a9d90,0x00000000ee900000)
  from space 5120K, 99% used [0x00000000eee00000,0x00000000ef2f9c78,0x00000000ef300000)
  to   space 5120K, 83% used [0x00000000ee900000,0x00000000eed30048,0x00000000eee00000)
 ParOldGen       total 84992K, used 4838K [0x00000000c0000000, 0x00000000c5300000, 0x00000000eab00000)
  object space 84992K, 5% used [0x00000000c0000000,0x00000000c04b98a0,0x00000000c5300000)
 Metaspace       used 6546K, capacity 7288K, committed 7552K, reserved 1056768K
  class space    used 611K, capacity 624K, committed 640K, reserved 1048576K

Card table byte_map: [0x0000000011c00000,0x0000000011e10000] byte_map_base: 0x0000000011600000

Marking Bits: (ParMarkBitMap*) 0x00000000509a9d00
 Begin Bits: [0x0000000012c00000, 0x0000000013c00000)
 End Bits:   [0x0000000013c00000, 0x0000000014c00000)

Polling page: 0x0000000000140000

CodeCache: size=245760Kb used=6757Kb max_used=6757Kb free=239002Kb
 bounds [0x0000000002840000, 0x0000000002ee0000, 0x0000000011840000]
 total_blobs=2075 nmethods=1799 adapters=187
 compilation: enabled

Compilation events (10 events):
Event: 2.233 Thread 0x0000000016802000 1801       3       com.android.dx.dex.code.form.Form11n::writeTo (45 bytes)
Event: 2.233 Thread 0x0000000016802000 nmethod 1801 0x0000000002ed9c90 code [0x0000000002ed9e80, 0x0000000002eda7c8]
Event: 2.233 Thread 0x0000000016802000 1800       3       com.android.dx.dex.code.form.Form21c::writeTo (34 bytes)
Event: 2.233 Thread 0x0000000016802000 nmethod 1800 0x0000000002edab50 code [0x0000000002edad20, 0x0000000002edb548]
Event: 2.234 Thread 0x0000000016802000 1809       1       com.android.dx.rop.annotation.Annotation::getVisibility (5 bytes)
Event: 2.234 Thread 0x0000000016802000 nmethod 1809 0x0000000002edb8d0 code [0x0000000002edba20, 0x0000000002edbb30]
Event: 2.234 Thread 0x0000000016802000 1810       3       com.android.dx.util.ByteArrayAnnotatedOutput::write (9 bytes)
Event: 2.234 Thread 0x0000000016802000 nmethod 1810 0x0000000002edbb90 code [0x0000000002edbd00, 0x0000000002edbf08]
Event: 2.234 Thread 0x0000000016802000 1811       3       com.android.dx.util.ByteArrayAnnotatedOutput::write (129 bytes)
Event: 2.235 Thread 0x0000000016802000 nmethod 1811 0x0000000002edbfd0 code [0x0000000002edc260, 0x0000000002edd268]

GC Heap History (4 events):
Event: 0.881 GC heap before
{Heap before GC invocations=1 (full 0):
 PSYoungGen      total 36864K, used 31744K [0x00000000eab00000, 0x00000000ed400000, 0x0000000100000000)
  eden space 31744K, 100% used [0x00000000eab00000,0x00000000eca00000,0x00000000eca00000)
  from space 5120K, 0% used [0x00000000ecf00000,0x00000000ecf00000,0x00000000ed400000)
  to   space 5120K, 0% used [0x00000000eca00000,0x00000000eca00000,0x00000000ecf00000)
 ParOldGen       total 84992K, used 0K [0x00000000c0000000, 0x00000000c5300000, 0x00000000eab00000)
  object space 84992K, 0% used [0x00000000c0000000,0x00000000c0000000,0x00000000c5300000)
 Metaspace       used 5823K, capacity 6832K, committed 7040K, reserved 1056768K
  class space    used 569K, capacity 616K, committed 640K, reserved 1048576K
Event: 1.188 GC heap after
Heap after GC invocations=1 (full 0):
 PSYoungGen      total 36864K, used 5112K [0x00000000eab00000, 0x00000000ef300000, 0x0000000100000000)
  eden space 31744K, 0% used [0x00000000eab00000,0x00000000eab00000,0x00000000eca00000)
  from space 5120K, 99% used [0x00000000eca00000,0x00000000ecefe088,0x00000000ecf00000)
  to   space 5120K, 0% used [0x00000000eee00000,0x00000000eee00000,0x00000000ef300000)
 ParOldGen       total 84992K, used 1035K [0x00000000c0000000, 0x00000000c5300000, 0x00000000eab00000)
  object space 84992K, 1% used [0x00000000c0000000,0x00000000c0102c08,0x00000000c5300000)
 Metaspace       used 5823K, capacity 6832K, committed 7040K, reserved 1056768K
  class space    used 569K, capacity 616K, committed 640K, reserved 1048576K
}
Event: 1.602 GC heap before
{Heap before GC invocations=2 (full 0):
 PSYoungGen      total 36864K, used 36856K [0x00000000eab00000, 0x00000000ef300000, 0x0000000100000000)
  eden space 31744K, 100% used [0x00000000eab00000,0x00000000eca00000,0x00000000eca00000)
  from space 5120K, 99% used [0x00000000eca00000,0x00000000ecefe088,0x00000000ecf00000)
  to   space 5120K, 0% used [0x00000000eee00000,0x00000000eee00000,0x00000000ef300000)
 ParOldGen       total 84992K, used 1035K [0x00000000c0000000, 0x00000000c5300000, 0x00000000eab00000)
  object space 84992K, 1% used [0x00000000c0000000,0x00000000c0102c08,0x00000000c5300000)
 Metaspace       used 5989K, capacity 6960K, committed 7040K, reserved 1056768K
  class space    used 571K, capacity 616K, committed 640K, reserved 1048576K
Event: 1.743 GC heap after
Heap after GC invocations=2 (full 0):
 PSYoungGen      total 68608K, used 5095K [0x00000000eab00000, 0x00000000ef300000, 0x0000000100000000)
  eden space 63488K, 0% used [0x00000000eab00000,0x00000000eab00000,0x00000000ee900000)
  from space 5120K, 99% used [0x00000000eee00000,0x00000000ef2f9c78,0x00000000ef300000)
  to   space 5120K, 0% used [0x00000000ee900000,0x00000000ee900000,0x00000000eee00000)
 ParOldGen       total 84992K, used 4838K [0x00000000c0000000, 0x00000000c5300000, 0x00000000eab00000)
  object space 84992K, 5% used [0x00000000c0000000,0x00000000c04b98a0,0x00000000c5300000)
 Metaspace       used 5989K, capacity 6960K, committed 7040K, reserved 1056768K
  class space    used 571K, capacity 616K, committed 640K, reserved 1048576K
}

Deoptimization events (10 events):
Event: 2.178 Thread 0x000000001696c800 Uncommon trap: reason=speculate_class_check action=maybe_recompile pc=0x0000000002ae2934 method=com.android.dx.util.FixedSizeList.equals(Ljava/lang/Object;)Z @ 25
Event: 2.178 Thread 0x000000001696c800 Uncommon trap: reason=class_check action=maybe_recompile pc=0x0000000002ad3a8c method=java.util.Arrays.equals([Ljava/lang/Object;[Ljava/lang/Object;)Z @ 62
Event: 2.178 Thread 0x000000001696c800 Uncommon trap: reason=speculate_class_check action=maybe_recompile pc=0x0000000002ae2934 method=com.android.dx.util.FixedSizeList.equals(Ljava/lang/Object;)Z @ 25
Event: 2.178 Thread 0x000000001696c800 Uncommon trap: reason=class_check action=maybe_recompile pc=0x0000000002ad3a8c method=java.util.Arrays.equals([Ljava/lang/Object;[Ljava/lang/Object;)Z @ 62
Event: 2.178 Thread 0x000000001696c800 Uncommon trap: reason=speculate_class_check action=maybe_recompile pc=0x0000000002ae2934 method=com.android.dx.util.FixedSizeList.equals(Ljava/lang/Object;)Z @ 25
Event: 2.178 Thread 0x000000001696c800 Uncommon trap: reason=class_check action=maybe_recompile pc=0x0000000002ad3a8c method=java.util.Arrays.equals([Ljava/lang/Object;[Ljava/lang/Object;)Z @ 62
Event: 2.178 Thread 0x000000001696c800 Uncommon trap: reason=speculate_class_check action=maybe_recompile pc=0x0000000002ae2934 method=com.android.dx.util.FixedSizeList.equals(Ljava/lang/Object;)Z @ 25
Event: 2.178 Thread 0x000000001696c800 Uncommon trap: reason=class_check action=maybe_recompile pc=0x0000000002ad3a8c method=java.util.Arrays.equals([Ljava/lang/Object;[Ljava/lang/Object;)Z @ 62
Event: 2.184 Thread 0x000000001696c800 Uncommon trap: reason=unstable_if action=reinterpret pc=0x0000000002e6057c method=java.util.Arrays.equals([Ljava/lang/Object;[Ljava/lang/Object;)Z @ 23
Event: 2.206 Thread 0x000000001696c800 Uncommon trap: reason=unstable_if action=reinterpret pc=0x0000000002e87874 method=com.android.dx.util.ByteArrayAnnotatedOutput.writeByte(I)V @ 13

Internal exceptions (4 events):
Event: 0.068 Thread 0x000000000015e800 Exception <a 'java/lang/NoSuchMethodError': Method sun.misc.Unsafe.defineClass(Ljava/lang/String;[BII)Ljava/lang/Class; name or signature does not match> (0x00000000eab07cc0) thrown at [C:\src\android\AOSP-openjdk\external\jetbrains\jdk\hotspot\src\share\vùí½‚L±?
Event: 0.068 Thread 0x000000000015e800 Exception <a 'java/lang/NoSuchMethodError': Method sun.misc.Unsafe.prefetchRead(Ljava/lang/Object;J)V name or signature does not match> (0x00000000eab07fa8) thrown at [C:\src\android\AOSP-openjdk\external\jetbrains\jdk\hotspot\src\share\vm\prims\jni.cpp, lIFF¾JÓý?
Event: 1.864 Thread 0x0000000016a0c000 Implicit null exception at 0x0000000002a55d12 to 0x0000000002a55e02
Event: 1.864 Thread 0x0000000016a0c000 Implicit null exception at 0x0000000002c61ef8 to 0x0000000002c620c1

Events (10 events):
Event: 2.235 loading class java/security/MessageDigest
Event: 2.235 loading class java/security/MessageDigestSpi
Event: 2.235 loading class java/security/MessageDigestSpi done
Event: 2.235 loading class java/security/MessageDigest done
Event: 2.235 loading class java/security/Security
Event: 2.236 loading class java/security/Security done
Event: 2.236 loading class java/security/Security$1
Event: 2.236 loading class java/security/Security$1 done
Event: 2.255 loading class java/util/Properties$LineReader
Event: 2.255 loading class java/util/Properties$LineReader done


Dynamic libraries:
0x000000013f6a0000 - 0x000000013f6d1000 	C:\Program Files\Android\Android Studio\jre\bin\java.exe
0x0000000077180000 - 0x0000000077329000 	C:\Windows\SYSTEM32\ntdll.dll
0x0000000077060000 - 0x000000007717f000 	C:\Windows\system32\kernel32.dll
0x000007fefd940000 - 0x000007fefd9ac000 	C:\Windows\system32\KERNELBASE.dll
0x000007feff3b0000 - 0x000007feff48b000 	C:\Windows\system32\ADVAPI32.dll
0x000007feff1a0000 - 0x000007feff23f000 	C:\Windows\system32\msvcrt.dll
0x000007fefed50000 - 0x000007fefed6f000 	C:\Windows\SYSTEM32\sechost.dll
0x000007fefec00000 - 0x000007fefed2d000 	C:\Windows\system32\RPCRT4.dll
0x0000000076f60000 - 0x000000007705a000 	C:\Windows\system32\USER32.dll
0x000007fefe9f0000 - 0x000007fefea57000 	C:\Windows\system32\GDI32.dll
0x000007fefed30000 - 0x000007fefed3e000 	C:\Windows\system32\LPK.dll
0x000007fefea90000 - 0x000007fefeb59000 	C:\Windows\system32\USP10.dll
0x000007fefbe40000 - 0x000007fefc034000 	C:\Windows\WinSxS\amd64_microsoft.windows.common-controls_6595b64144ccf1df_6.0.7601.17514_none_fa396087175ac9ac\COMCTL32.dll
0x000007fefeb80000 - 0x000007fefebf1000 	C:\Windows\system32\SHLWAPI.dll
0x000007fefea60000 - 0x000007fefea8e000 	C:\Windows\system32\IMM32.DLL
0x000007feff240000 - 0x000007feff349000 	C:\Windows\system32\MSCTF.dll
0x0000000065460000 - 0x0000000065532000 	C:\Program Files\Android\Android Studio\jre\jre\bin\msvcr100.dll
0x00000000501f0000 - 0x0000000050a24000 	C:\Program Files\Android\Android Studio\jre\jre\bin\server\jvm.dll
0x000007feec580000 - 0x000007feec589000 	C:\Windows\system32\WSOCK32.dll
0x000007fefee50000 - 0x000007fefee9d000 	C:\Windows\system32\WS2_32.dll
0x000007fefed40000 - 0x000007fefed48000 	C:\Windows\system32\NSI.dll
0x000007fefaf00000 - 0x000007fefaf3b000 	C:\Windows\system32\WINMM.dll
0x000007fefc6e0000 - 0x000007fefc6ec000 	C:\Windows\system32\VERSION.dll
0x0000000077340000 - 0x0000000077347000 	C:\Windows\system32\PSAPI.DLL
0x000007fef8e90000 - 0x000007fef8e9f000 	C:\Program Files\Android\Android Studio\jre\jre\bin\verify.dll
0x000007fef8440000 - 0x000007fef8469000 	C:\Program Files\Android\Android Studio\jre\jre\bin\java.dll
0x000007fef83f0000 - 0x000007fef8406000 	C:\Program Files\Android\Android Studio\jre\jre\bin\zip.dll
0x000007fefd9b0000 - 0x000007fefe738000 	C:\Windows\system32\SHELL32.dll
0x000007fefe7e0000 - 0x000007fefe9e3000 	C:\Windows\system32\ole32.dll
0x000007fefd5e0000 - 0x000007fefd5ef000 	C:\Windows\system32\profapi.dll

VM Arguments:
jvm_args: -Djava.awt.headless=true -Xmx1024M -Dfile.encoding=windows-1252 -Duser.country=FR -Duser.language=fr -Duser.variant 
java_command: com.android.dx.command.Main --dex --force-jumbo --num-threads=4 --multi-dex --output C:\Users\rhakanjin.Newsco\Desktop\workspaceAndroid\friendzone\app\build\intermediates\transforms\dex\debug\folders\1000\10\com.google.android.gms-play-services-plus-10.0.1_08849f53b3d6267af01df0b445f820cf7853baac C:\Users\rhakanjin.Newsco\Desktop\workspaceAndroid\friendzone\app\build\intermediates\exploded-aar\com.google.android.gms\play-services-plus\10.0.1\jars\classes.jar
java_class_path (initial): C:\Users\rhakanjin.Newsco\AppData\Local\Android\sdk\build-tools\25.0.2\lib\dx.jar
Launcher Type: SUN_STANDARD

Environment Variables:



---------------  S Y S T E M  ---------------

OS: Windows 7 , 64 bit Build 7601 (6.1.7601.17651)

CPU:total 8 (4 cores per cpu, 2 threads per core) family 6 model 58 stepping 9, cmov, cx8, fxsr, mmx, sse, sse2, sse3, ssse3, sse4.1, sse4.2, popcnt, avx, aes, clmul, erms, ht, tsc, tscinvbit, tscinv

Memory: 4k page, physical 8063920k(695868k free), swap 12256372k(4768k free)

vm_info: OpenJDK 64-Bit Server VM (25.76-b03) for windows-amd64 JRE (1.8.0_76-release-b03), built on Jun 29 2016 19:09:20 by "ralucas" with MS VC++ 10.0 (VS2010)

time: Thu Feb 16 11:39:09 2017
elapsed time: 2 seconds (0d 0h 0m 2s)

