#
# There is insufficient memory for the Java Runtime Environment to continue.
# Native memory allocation (malloc) failed to allocate 487696 bytes for Chunk::new
# Possible reasons:
#   The system is out of physical RAM or swap space
#   In 32 bit mode, the process size limit was hit
# Possible solutions:
#   Reduce memory load on the system
#   Increase physical memory or swap space
#   Check if swap backing store is full
#   Use 64 bit Java on a 64 bit OS
#   Decrease Java heap size (-Xmx/-Xms)
#   Decrease number of Java threads
#   Decrease Java thread stack sizes (-Xss)
#   Set larger code cache with -XX:ReservedCodeCacheSize=
# This output file may be truncated or incomplete.
#
#  Out of Memory Error (allocation.cpp:390), pid=6640, tid=0x0000000000000f20
#
# JRE version: OpenJDK Runtime Environment (8.0_76-b03) (build 1.8.0_76-release-b03)
# Java VM: OpenJDK 64-Bit Server VM (25.76-b03 mixed mode windows-amd64 compressed oops)
# Failed to write core dump. Minidumps are not enabled by default on client versions of Windows
#

---------------  T H R E A D  ---------------

Current thread (0x000000005677d800):  JavaThread "C2 CompilerThread0" daemon [_thread_in_native, id=3872, stack(0x0000000057ea0000,0x0000000057fa0000)]

Stack: [0x0000000057ea0000,0x0000000057fa0000]
[error occurred during error reporting (printing stack bounds), id 0xc0000005]

Native frames: (J=compiled Java code, j=interpreted, Vv=VM code, C=native code)


Current CompileTask:
C2:    394  607       4       com.android.dx.ssa.SsaBasicBlock::forEachInsn (37 bytes)


---------------  P R O C E S S  ---------------

Java Threads: ( => current thread )
  0x0000000056a71800 JavaThread "pool-2-thread-4" [_thread_blocked, id=7608, stack(0x0000000058e10000,0x0000000058f10000)]
  0x000000005692d800 JavaThread "pool-2-thread-3" [_thread_in_Java, id=6800, stack(0x0000000058c60000,0x0000000058d60000)]
  0x000000005692c800 JavaThread "pool-2-thread-2" [_thread_blocked, id=8436, stack(0x00000000586c0000,0x00000000587c0000)]
  0x0000000056903000 JavaThread "pool-3-thread-1" [_thread_blocked, id=8732, stack(0x0000000058ab0000,0x0000000058bb0000)]
  0x00000000568ff000 JavaThread "pool-2-thread-1" [_thread_in_vm, id=3384, stack(0x0000000058970000,0x0000000058a70000)]
  0x0000000056806800 JavaThread "Service Thread" daemon [_thread_blocked, id=7296, stack(0x00000000585c0000,0x00000000586c0000)]
  0x00000000567d7800 JavaThread "C1 CompilerThread3" daemon [_thread_blocked, id=8136, stack(0x0000000057fb0000,0x00000000580b0000)]
  0x00000000556ce800 JavaThread "C2 CompilerThread2" daemon [_thread_in_native, id=4404, stack(0x0000000058350000,0x0000000058450000)]
  0x00000000556cb800 JavaThread "C2 CompilerThread1" daemon [_thread_in_native, id=8056, stack(0x0000000058130000,0x0000000058230000)]
=>0x000000005677d800 JavaThread "C2 CompilerThread0" daemon [_thread_in_native, id=3872, stack(0x0000000057ea0000,0x0000000057fa0000)]
  0x0000000056778800 JavaThread "Attach Listener" daemon [_thread_blocked, id=4272, stack(0x0000000057cd0000,0x0000000057dd0000)]
  0x0000000056776800 JavaThread "Signal Dispatcher" daemon [_thread_blocked, id=5960, stack(0x0000000057ac0000,0x0000000057bc0000)]
  0x00000000556be800 JavaThread "Finalizer" daemon [_thread_blocked, id=4904, stack(0x0000000057990000,0x0000000057a90000)]
  0x00000000556b7800 JavaThread "Reference Handler" daemon [_thread_blocked, id=5772, stack(0x0000000057830000,0x0000000057930000)]
  0x000000000230e800 JavaThread "main" [_thread_blocked, id=5644, stack(0x0000000002420000,0x0000000002520000)]

Other Threads:
  0x00000000556ae800 VMThread [stack: 0x00000000576c0000,0x00000000577c0000] [id=7092]
  0x0000000056809800 WatcherThread [stack: 0x00000000587e0000,0x00000000588e0000] [id=7780]

VM state:not at safepoint (normal execution)

VM Mutex/Monitor currently owned by a thread:  ([mutex/lock_event])
[0x000000000230d6c0] MethodData_lock - owner thread: 0x00000000568ff000

Heap:
 PSYoungGen      total 36864K, used 16517K [0x00000000eab00000, 0x00000000ed400000, 0x0000000100000000)
  eden space 31744K, 52% used [0x00000000eab00000,0x00000000ebb217b8,0x00000000eca00000)
  from space 5120K, 0% used [0x00000000ecf00000,0x00000000ecf00000,0x00000000ed400000)
  to   space 5120K, 0% used [0x00000000eca00000,0x00000000eca00000,0x00000000ecf00000)
 ParOldGen       total 84992K, used 0K [0x00000000c0000000, 0x00000000c5300000, 0x00000000eab00000)
  object space 84992K, 0% used [0x00000000c0000000,0x00000000c0000000,0x00000000c5300000)
 Metaspace       used 5669K, capacity 6704K, committed 6784K, reserved 1056768K
  class space    used 574K, capacity 616K, committed 640K, reserved 1048576K

Card table byte_map: [0x0000000011bb0000,0x0000000011dc0000] byte_map_base: 0x00000000115b0000

Marking Bits: (ParMarkBitMap*) 0x000000005ab69d00
 Begin Bits: [0x0000000012ad0000, 0x0000000013ad0000)
 End Bits:   [0x0000000013ad0000, 0x0000000014ad0000)

Polling page: 0x0000000000130000

CodeCache: size=245760Kb used=2728Kb max_used=2742Kb free=243031Kb
 bounds [0x00000000027f0000, 0x0000000002aa0000, 0x00000000117f0000]
 total_blobs=950 nmethods=681 adapters=182
 compilation: disabled (not enough contiguous free space left)

Compilation events (10 events):
Event: 0.376 Thread 0x00000000556ce800  693       4       com.android.dx.util.LabeledList::indexOfLabel (22 bytes)
Event: 0.377 Thread 0x00000000556ce800 nmethod 693 0x0000000002a8f950 code [0x0000000002a8faa0, 0x0000000002a8fb58]
Event: 0.377 Thread 0x00000000556ce800  668   !   4       com.android.dx.rop.code.RegisterSpec::intern (70 bytes)
Event: 0.384 Thread 0x00000000567d7800 nmethod 694 0x0000000002a93590 code [0x0000000002a93860, 0x0000000002a95418]
Event: 0.384 Thread 0x00000000567d7800  698       3       com.android.dx.ssa.SsaMethod::deleteInsns (239 bytes)
Event: 0.387 Thread 0x00000000567d7800 nmethod 698 0x0000000002a96150 code [0x0000000002a96560, 0x0000000002a989b8]
Event: 0.387 Thread 0x00000000567d7800  696       3       com.android.dx.ssa.Dominators::compress (229 bytes)
Event: 0.387 Thread 0x00000000556ce800 nmethod 668 0x0000000002a9d910 code [0x0000000002a9db20, 0x0000000002a9e540]
Event: 0.388 Thread 0x00000000556ce800  697       4       com.android.dx.ssa.SsaRenamer$BlockRenamer::addMapping (143 bytes)
Event: 0.390 Thread 0x00000000567d7800 


GC Heap History (0 events):
No events

Deoptimization events (2 events):
Event: 0.334 Thread 0x00000000568ff000 Uncommon trap: reason=unstable_if action=reinterpret pc=0x00000000029e0018 method=java.util.HashMap.getNode(ILjava/lang/Object;)Ljava/util/HashMap$Node; @ 129
Event: 0.362 Thread 0x00000000568ff000 Uncommon trap: reason=unstable_if action=reinterpret pc=0x0000000002a0f960 method=java.util.BitSet.ensureCapacity(I)V @ 6

Internal exceptions (2 events):
Event: 0.021 Thread 0x000000000230e800 Exception <a 'java/lang/NoSuchMethodError': Method sun.misc.Unsafe.defineClass(Ljava/lang/String;[BII)Ljava/lang/Class; name or signature does not match> (0x00000000eab07cc0) thrown at [C:\src\android\AOSP-openjdk\external\jetbrains\jdk\hotspot\src\share\v˚D[»èeï?
Event: 0.021 Thread 0x000000000230e800 Exception <a 'java/lang/NoSuchMethodError': Method sun.misc.Unsafe.prefetchRead(Ljava/lang/Object;J)V name or signature does not match> (0x00000000eab07fa8) thrown at [C:\src\android\AOSP-openjdk\external\jetbrains\jdk\hotspot\src\share\vm\prims\jni.cpp, l

Events (10 events):
Event: 0.325 loading class java/util/ArrayList$1
Event: 0.325 loading class java/util/ArrayList$1 done
Event: 0.334 Thread 0x00000000568ff000 Uncommon trap: trap_request=0xffffff65 fr.pc=0x00000000029e0018
Event: 0.334 Thread 0x00000000568ff000 DEOPT PACKING pc=0x00000000029e0018 sp=0x0000000058a6eae0
Event: 0.334 Thread 0x00000000568ff000 DEOPT UNPACKING pc=0x000000000283556a sp=0x0000000058a6ea58 mode 2
Event: 0.361 Executing VM operation: ForceSafepoint
Event: 0.361 Executing VM operation: ForceSafepoint done
Event: 0.362 Thread 0x00000000568ff000 Uncommon trap: trap_request=0xffffff65 fr.pc=0x0000000002a0f960
Event: 0.362 Thread 0x00000000568ff000 DEOPT PACKING pc=0x0000000002a0f960 sp=0x0000000058a6ed80
Event: 0.362 Thread 0x00000000568ff000 DEOPT UNPACKING pc=0x000000000283556a sp=0x0000000058a6ecc0 mode 2


Dynamic libraries:
0x000000013f110000 - 0x000000013f141000 	C:\Program Files\Android\Android Studio\jre\bin\java.exe
0x0000000077180000 - 0x0000000077329000 	C:\Windows\SYSTEM32\ntdll.dll
0x0000000077060000 - 0x000000007717f000 	C:\Windows\system32\kernel32.dll
0x000007fefd940000 - 0x000007fefd9ac000 	C:\Windows\system32\KERNELBASE.dll
0x000007feff3b0000 - 0x000007feff48b000 	C:\Windows\system32\ADVAPI32.dll
0x000007feff1a0000 - 0x000007feff23f000 	C:\Windows\system32\msvcrt.dll
0x000007fefed50000 - 0x000007fefed6f000 	C:\Windows\SYSTEM32\sechost.dll
0x000007fefec00000 - 0x000007fefed2d000 	C:\Windows\system32\RPCRT4.dll
0x0000000076f60000 - 0x000000007705a000 	C:\Windows\system32\USER32.dll
0x000007fefe9f0000 - 0x000007fefea57000 	C:\Windows\system32\GDI32.dll
0x000007fefed30000 - 0x000007fefed3e000 	C:\Windows\system32\LPK.dll
0x000007fefea90000 - 0x000007fefeb59000 	C:\Windows\system32\USP10.dll
0x000007fefbe40000 - 0x000007fefc034000 	C:\Windows\WinSxS\amd64_microsoft.windows.common-controls_6595b64144ccf1df_6.0.7601.17514_none_fa396087175ac9ac\COMCTL32.dll
0x000007fefeb80000 - 0x000007fefebf1000 	C:\Windows\system32\SHLWAPI.dll
0x000007fefea60000 - 0x000007fefea8e000 	C:\Windows\system32\IMM32.DLL
0x000007feff240000 - 0x000007feff349000 	C:\Windows\system32\MSCTF.dll
0x000000006f800000 - 0x000000006f8d2000 	C:\Program Files\Android\Android Studio\jre\jre\bin\msvcr100.dll
0x000000005a3b0000 - 0x000000005abe4000 	C:\Program Files\Android\Android Studio\jre\jre\bin\server\jvm.dll
0x000007feec580000 - 0x000007feec589000 	C:\Windows\system32\WSOCK32.dll
0x000007fefee50000 - 0x000007fefee9d000 	C:\Windows\system32\WS2_32.dll
0x000007fefed40000 - 0x000007fefed48000 	C:\Windows\system32\NSI.dll
0x000007fefaf00000 - 0x000007fefaf3b000 	C:\Windows\system32\WINMM.dll
0x000007fefc6e0000 - 0x000007fefc6ec000 	C:\Windows\system32\VERSION.dll
0x0000000077340000 - 0x0000000077347000 	C:\Windows\system32\PSAPI.DLL
0x000007fef8450000 - 0x000007fef845f000 	C:\Program Files\Android\Android Studio\jre\jre\bin\verify.dll
0x000007fef82f0000 - 0x000007fef8319000 	C:\Program Files\Android\Android Studio\jre\jre\bin\java.dll
0x000007fef83f0000 - 0x000007fef8406000 	C:\Program Files\Android\Android Studio\jre\jre\bin\zip.dll
0x000007fefd9b0000 - 0x000007fefe738000 	C:\Windows\system32\SHELL32.dll
0x000007fefe7e0000 - 0x000007fefe9e3000 	C:\Windows\system32\ole32.dll
0x000007fefd5e0000 - 0x000007fefd5ef000 	C:\Windows\system32\profapi.dll

VM Arguments:
jvm_args: -Djava.awt.headless=true -Xmx1024M -Dfile.encoding=windows-1252 -Duser.country=FR -Duser.language=fr -Duser.variant 
java_command: com.android.dx.command.Main --dex --force-jumbo --num-threads=4 --multi-dex --output C:\Users\rhakanjin.Newsco\Desktop\workspaceAndroid\friendzone\app\build\intermediates\transforms\dex\debug\folders\1000\10\com.android.support-palette-v7-24.0.0_ff0f9ee7340e9b142fa917c3cb9ab67ebab3e97f C:\Users\rhakanjin.Newsco\Desktop\workspaceAndroid\friendzone\app\build\intermediates\exploded-aar\com.android.support\palette-v7\24.0.0\jars\classes.jar
java_class_path (initial): C:\Users\rhakanjin.Newsco\AppData\Local\Android\sdk\build-tools\25.0.2\lib\dx.jar
Launcher Type: SUN_STANDARD

Environment Variables:
PATH=c:\Program Files (x86)\Intel\iCLS Client\;c:\Program Files\Intel\iCLS Client\;C:\Windows\system32;C:\Windows;C:\Windows\System32\Wbem;C:\Windows\System32\WindowsPowerShell\v1.0\;c:\Program Files (x86)\Common Files\Roxio Shared\DLLShared\;c:\Program Files (x86)\Common Files\Roxio Shared\10.0\DLLShared\;C:\Program Files\Intel\Intel(R) Management Engine Components\DAL;C:\Program Files\Intel\Intel(R) Management Engine Components\IPT;C:\Program Files (x86)\Intel\Intel(R) Management Engine Components\DAL;C:\Program Files (x86)\Intel\Intel(R) Management Engine Components\IPT;C:\Program Files\nodejs\;C:\RailsInstaller\Ruby2.3.0\bin;c:\Program Files (x86)\Intel\iCLS Client\;c:\Program Files\Intel\iCLS Client\;C:\Windows\system32;C:\Windows;C:\Windows\System32\Wbem;C:\Windows\System32\WindowsPowerShell\v1.0\;c:\Program Files (x86)\Common Files\Roxio Shared\DLLShared\;c:\Program Files (x86)\Common Files\Roxio Shared\10.0\DLLShared\;C:\Program Files\Intel\Intel(R) Management Engine Components\DAL;C:\Program Files\Intel\Intel(R) Management Engine Components\IPT;C:\Program Files (x86)\Intel\Intel(R) Management Engine Components\DAL;C:\Program Files (x86)\Intel\Intel(R) Management Engine Components\IPT;C:\Users\rhakanjin.Newsco\AppData\Local\Programs\Git\cmd;C:\Users\rhakanjin.Newsco\AppData\Roaming\npm
USERNAME=rhakanjin
OS=Windows_NT
PROCESSOR_IDENTIFIER=Intel64 Family 6 Model 58 Stepping 9, GenuineIntel



---------------  S Y S T E M  ---------------

OS: Windows 7 , 64 bit Build 7601 (6.1.7601.17651)

CPU:total 8 (4 cores per cpu, 2 threads per core) family 6 model 58 stepping 9, cmov, cx8, fxsr, mmx, sse, sse2, sse3, ssse3, sse4.1, sse4.2, popcnt, avx, aes, clmul, erms, ht, tsc, tscinvbit, tscinv

Memory: 4k page, physical 8063920k(699456k free), swap 12256372k(4940k free)

vm_info: OpenJDK 64-Bit Server VM (25.76-b03) for windows-amd64 JRE (1.8.0_76-release-b03), built on Jun 29 2016 19:09:20 by "ralucas" with MS VC++ 10.0 (VS2010)

time: Tue Feb 14 15:33:46 2017
elapsed time: 0 seconds (0d 0h 0m 0s)

