#
# There is insufficient memory for the Java Runtime Environment to continue.
# Native memory allocation (malloc) failed to allocate 594896 bytes for Chunk::new
# Possible reasons:
#   The system is out of physical RAM or swap space
#   In 32 bit mode, the process size limit was hit
# Possible solutions:
#   Reduce memory load on the system
#   Increase physical memory or swap space
#   Check if swap backing store is full
#   Use 64 bit Java on a 64 bit OS
#   Decrease Java heap size (-Xmx/-Xms)
#   Decrease number of Java threads
#   Decrease Java thread stack sizes (-Xss)
#   Set larger code cache with -XX:ReservedCodeCacheSize=
# This output file may be truncated or incomplete.
#
#  Out of Memory Error (allocation.cpp:390), pid=3704, tid=0x0000000000000bd4
#
# JRE version: OpenJDK Runtime Environment (8.0_76-b03) (build 1.8.0_76-release-b03)
# Java VM: OpenJDK 64-Bit Server VM (25.76-b03 mixed mode windows-amd64 compressed oops)
# Failed to write core dump. Minidumps are not enabled by default on client versions of Windows
#

---------------  T H R E A D  ---------------

Current thread (0x0000000016755800):  JavaThread "C2 CompilerThread1" daemon [_thread_in_native, id=3028, stack(0x0000000017ec0000,0x0000000017fc0000)]

Stack: [0x0000000017ec0000,0x0000000017fc0000]
[error occurred during error reporting (printing stack bounds), id 0xc0000005]

Native frames: (J=compiled Java code, j=interpreted, Vv=VM code, C=native code)


Current CompileTask:
C2:   1866 1058   !   4       com.android.dx.cf.code.BytecodeArray::parseInstruction (2764 bytes)


---------------  P R O C E S S  ---------------

Java Threads: ( => current thread )
  0x0000000016a1d000 JavaThread "pool-2-thread-4" [_thread_blocked, id=7932, stack(0x0000000018e60000,0x0000000018f60000)]
  0x0000000016a52000 JavaThread "pool-2-thread-3" [_thread_blocked, id=5160, stack(0x00000000193c0000,0x00000000194c0000)]
  0x0000000016a50800 JavaThread "pool-2-thread-2" [_thread_blocked, id=2880, stack(0x00000000182c0000,0x00000000183c0000)]
  0x0000000016a4a000 JavaThread "pool-3-thread-1" [_thread_blocked, id=5156, stack(0x00000000191e0000,0x00000000192e0000)]
  0x0000000016a45800 JavaThread "pool-2-thread-1" [_thread_in_Java, id=2080, stack(0x0000000018fa0000,0x00000000190a0000)]
  0x0000000016768800 JavaThread "Service Thread" daemon [_thread_blocked, id=4748, stack(0x00000000183c0000,0x00000000184c0000)]
  0x000000001675d800 JavaThread "C1 CompilerThread3" daemon [_thread_blocked, id=8444, stack(0x00000000181a0000,0x00000000182a0000)]
  0x0000000016758800 JavaThread "C2 CompilerThread2" daemon [_thread_blocked, id=7432, stack(0x0000000018050000,0x0000000018150000)]
=>0x0000000016755800 JavaThread "C2 CompilerThread1" daemon [_thread_in_native, id=3028, stack(0x0000000017ec0000,0x0000000017fc0000)]
  0x0000000016753800 JavaThread "C2 CompilerThread0" daemon [_thread_in_native, id=8428, stack(0x0000000017ce0000,0x0000000017de0000)]
  0x0000000016750000 JavaThread "Attach Listener" daemon [_thread_blocked, id=6620, stack(0x0000000017b70000,0x0000000017c70000)]
  0x000000001674e000 JavaThread "Signal Dispatcher" daemon [_thread_blocked, id=4552, stack(0x0000000017a30000,0x0000000017b30000)]
  0x000000001558d000 JavaThread "Finalizer" daemon [_thread_blocked, id=8908, stack(0x00000000176e0000,0x00000000177e0000)]
  0x0000000016703800 JavaThread "Reference Handler" daemon [_thread_blocked, id=3980, stack(0x00000000127a0000,0x00000000128a0000)]
  0x0000000001d0e800 JavaThread "main" [_thread_blocked, id=6340, stack(0x0000000002290000,0x0000000002390000)]

Other Threads:
  0x0000000016702000 VMThread [stack: 0x0000000017830000,0x0000000017930000] [id=1196]
  0x000000001676d000 WatcherThread [stack: 0x0000000018550000,0x0000000018650000] [id=5776]

VM state:not at safepoint (normal execution)

VM Mutex/Monitor currently owned by a thread: None

Heap:
 PSYoungGen      total 36864K, used 35913K [0x00000000eab00000, 0x00000000ef300000, 0x0000000100000000)
  eden space 31744K, 97% used [0x00000000eab00000,0x00000000ec91a240,0x00000000eca00000)
  from space 5120K, 99% used [0x00000000eca00000,0x00000000ecef84f0,0x00000000ecf00000)
  to   space 5120K, 0% used [0x00000000eee00000,0x00000000eee00000,0x00000000ef300000)
 ParOldGen       total 84992K, used 435K [0x00000000c0000000, 0x00000000c5300000, 0x00000000eab00000)
  object space 84992K, 0% used [0x00000000c0000000,0x00000000c006cfb0,0x00000000c5300000)
 Metaspace       used 5968K, capacity 6960K, committed 7040K, reserved 1056768K
  class space    used 573K, capacity 616K, committed 640K, reserved 1048576K

Card table byte_map: [0x0000000011ad0000,0x0000000011ce0000] byte_map_base: 0x00000000114d0000

Marking Bits: (ParMarkBitMap*) 0x00000000509a9d00
 Begin Bits: [0x00000000129a0000, 0x00000000139a0000)
 End Bits:   [0x00000000139a0000, 0x00000000149a0000)

Polling page: 0x0000000001c60000

CodeCache: size=245760Kb used=5014Kb max_used=5032Kb free=240746Kb
 bounds [0x0000000002710000, 0x0000000002c00000, 0x0000000011710000]
 total_blobs=1538 nmethods=1270 adapters=181
 compilation: disabled (not enough contiguous free space left)

Compilation events (10 events):
Event: 1.776 Thread 0x000000001675d800 1251       3       com.android.dx.ssa.back.FirstFitLocalCombiningAllocator::handleUnassociatedParameters (60 bytes)
Event: 1.777 Thread 0x000000001675d800 nmethod 1251 0x0000000002bcc4d0 code [0x0000000002bcc680, 0x0000000002bccd18]
Event: 1.777 Thread 0x000000001675d800 1252       3       com.android.dx.rop.cst.CstBaseMethodRef::isClassInit (8 bytes)
Event: 1.777 Thread 0x000000001675d800 nmethod 1252 0x0000000002bccf90 code [0x0000000002bcd100, 0x0000000002bcd528]
Event: 1.778 Thread 0x000000001675d800 1253  s    3       com.android.dx.dex.file.MethodIdsSection::intern (55 bytes)
Event: 1.778 Thread 0x000000001675d800 nmethod 1253 0x0000000002bcd690 code [0x0000000002bcd8c0, 0x0000000002bce5a8]
Event: 1.796 Thread 0x0000000016758800 nmethod 1206 0x0000000002bd1710 code [0x0000000002bd1ae0, 0x0000000002bd3718]
Event: 1.797 Thread 0x0000000016758800 1242       4       com.android.dx.ssa.SsaMethod::deleteInsns (239 bytes)
Event: 1.817 Thread 0x0000000016753800 nmethod 1096 0x0000000002bda5d0 code [0x0000000002bda920, 0x0000000002bdcef0]
Event: 1.818 Thread 0x0000000016753800 1207       4       com.android.dx.ssa.LiteralOpUpgrader::tryReplacingWithConstant (161 bytes)

GC Heap History (2 events):
Event: 1.168 GC heap before
{Heap before GC invocations=1 (full 0):
 PSYoungGen      total 36864K, used 31744K [0x00000000eab00000, 0x00000000ed400000, 0x0000000100000000)
  eden space 31744K, 100% used [0x00000000eab00000,0x00000000eca00000,0x00000000eca00000)
  from space 5120K, 0% used [0x00000000ecf00000,0x00000000ecf00000,0x00000000ed400000)
  to   space 5120K, 0% used [0x00000000eca00000,0x00000000eca00000,0x00000000ecf00000)
 ParOldGen       total 84992K, used 0K [0x00000000c0000000, 0x00000000c5300000, 0x00000000eab00000)
  object space 84992K, 0% used [0x00000000c0000000,0x00000000c0000000,0x00000000c5300000)
 Metaspace       used 5726K, capacity 6768K, committed 7040K, reserved 1056768K
  class space    used 570K, capacity 616K, committed 640K, reserved 1048576K
Event: 1.385 GC heap after
Heap after GC invocations=1 (full 0):
 PSYoungGen      total 36864K, used 5089K [0x00000000eab00000, 0x00000000ef300000, 0x0000000100000000)
  eden space 31744K, 0% used [0x00000000eab00000,0x00000000eab00000,0x00000000eca00000)
  from space 5120K, 99% used [0x00000000eca00000,0x00000000ecef84f0,0x00000000ecf00000)
  to   space 5120K, 0% used [0x00000000eee00000,0x00000000eee00000,0x00000000ef300000)
 ParOldGen       total 84992K, used 435K [0x00000000c0000000, 0x00000000c5300000, 0x00000000eab00000)
  object space 84992K, 0% used [0x00000000c0000000,0x00000000c006cfb0,0x00000000c5300000)
 Metaspace       used 5726K, capacity 6768K, committed 7040K, reserved 1056768K
  class space    used 570K, capacity 616K, committed 640K, reserved 1048576K
}

Deoptimization events (8 events):
Event: 1.700 Thread 0x0000000016a1d000 Uncommon trap: reason=unstable_if action=reinterpret pc=0x0000000002b55494 method=com.android.dx.ssa.SCCP.simulateStmt(Lcom/android/dx/ssa/SsaInsn;)V @ 418
Event: 1.700 Thread 0x0000000016a1d000 Uncommon trap: reason=bimorphic action=maybe_recompile pc=0x00000000029c6e14 method=java.util.HashMap.getNode(ILjava/lang/Object;)Ljava/util/HashMap$Node; @ 126
Event: 1.700 Thread 0x0000000016a1d000 Uncommon trap: reason=class_check action=maybe_recompile pc=0x0000000002a8c56c method=java.util.HashMap.putVal(ILjava/lang/Object;Ljava/lang/Object;ZZ)Ljava/lang/Object; @ 203
Event: 1.700 Thread 0x0000000016a1d000 Uncommon trap: reason=bimorphic action=maybe_recompile pc=0x00000000029c6e14 method=java.util.HashMap.getNode(ILjava/lang/Object;)Ljava/util/HashMap$Node; @ 126
Event: 1.700 Thread 0x0000000016a1d000 Uncommon trap: reason=class_check action=maybe_recompile pc=0x0000000002a8c56c method=java.util.HashMap.putVal(ILjava/lang/Object;Ljava/lang/Object;ZZ)Ljava/lang/Object; @ 203
Event: 1.700 Thread 0x0000000016a1d000 Uncommon trap: reason=bimorphic action=maybe_recompile pc=0x0000000002a36524 method=java.util.HashMap.getNode(ILjava/lang/Object;)Ljava/util/HashMap$Node; @ 126
Event: 1.700 Thread 0x0000000016a1d000 Uncommon trap: reason=bimorphic action=maybe_recompile pc=0x0000000002a36524 method=java.util.HashMap.getNode(ILjava/lang/Object;)Ljava/util/HashMap$Node; @ 126
Event: 1.700 Thread 0x0000000016a1d000 Uncommon trap: reason=bimorphic action=maybe_recompile pc=0x00000000029c6e14 method=java.util.HashMap.getNode(ILjava/lang/Object;)Ljava/util/HashMap$Node; @ 126

Internal exceptions (2 events):
Event: 0.067 Thread 0x0000000001d0e800 Exception <a 'java/lang/NoSuchMethodError': Method sun.misc.Unsafe.defineClass(Ljava/lang/String;[BII)Ljava/lang/Class; name or signature does not match> (0x00000000eab07cc0) thrown at [C:\src\android\AOSP-openjdk\external\jetbrains\jdk\hotspot\src\share\vþ}M@&±?
Event: 0.067 Thread 0x0000000001d0e800 Exception <a 'java/lang/NoSuchMethodError': Method sun.misc.Unsafe.prefetchRead(Ljava/lang/Object;J)V name or signature does not match> (0x00000000eab07fa8) thrown at [C:\src\android\AOSP-openjdk\external\jetbrains\jdk\hotspot\src\share\vm\prims\jni.cpp, l

Events (10 events):
Event: 1.700 Thread 0x0000000016a1d000 Uncommon trap: trap_request=0xffffffc6 fr.pc=0x0000000002a36524
Event: 1.700 Thread 0x0000000016a1d000 DEOPT PACKING pc=0x0000000002a36524 sp=0x0000000018f5e700
Event: 1.700 Thread 0x0000000016a1d000 DEOPT UNPACKING pc=0x000000000275556a sp=0x0000000018f5e628 mode 2
Event: 1.700 Thread 0x0000000016a1d000 Uncommon trap: trap_request=0xffffffc6 fr.pc=0x00000000029c6e14
Event: 1.700 Thread 0x0000000016a1d000 DEOPT PACKING pc=0x00000000029c6e14 sp=0x0000000018f5e690
Event: 1.700 Thread 0x0000000016a1d000 DEOPT UNPACKING pc=0x000000000275556a sp=0x0000000018f5e628 mode 2
Event: 1.701 Executing VM operation: ForceSafepoint
Event: 1.701 Executing VM operation: ForceSafepoint done
Event: 1.771 Thread 0x0000000016a45800 DEOPT PACKING pc=0x00000000029d8a6f sp=0x000000001909e520
Event: 1.771 Thread 0x0000000016a45800 DEOPT UNPACKING pc=0x00000000027575bf sp=0x000000001909e300 mode 0


Dynamic libraries:
0x000000013f6a0000 - 0x000000013f6d1000 	C:\Program Files\Android\Android Studio\jre\bin\java.exe
0x0000000077180000 - 0x0000000077329000 	C:\Windows\SYSTEM32\ntdll.dll
0x0000000077060000 - 0x000000007717f000 	C:\Windows\system32\kernel32.dll
0x000007fefd940000 - 0x000007fefd9ac000 	C:\Windows\system32\KERNELBASE.dll
0x000007feff3b0000 - 0x000007feff48b000 	C:\Windows\system32\ADVAPI32.dll
0x000007feff1a0000 - 0x000007feff23f000 	C:\Windows\system32\msvcrt.dll
0x000007fefed50000 - 0x000007fefed6f000 	C:\Windows\SYSTEM32\sechost.dll
0x000007fefec00000 - 0x000007fefed2d000 	C:\Windows\system32\RPCRT4.dll
0x0000000076f60000 - 0x000000007705a000 	C:\Windows\system32\USER32.dll
0x000007fefe9f0000 - 0x000007fefea57000 	C:\Windows\system32\GDI32.dll
0x000007fefed30000 - 0x000007fefed3e000 	C:\Windows\system32\LPK.dll
0x000007fefea90000 - 0x000007fefeb59000 	C:\Windows\system32\USP10.dll
0x000007fefbe40000 - 0x000007fefc034000 	C:\Windows\WinSxS\amd64_microsoft.windows.common-controls_6595b64144ccf1df_6.0.7601.17514_none_fa396087175ac9ac\COMCTL32.dll
0x000007fefeb80000 - 0x000007fefebf1000 	C:\Windows\system32\SHLWAPI.dll
0x000007fefea60000 - 0x000007fefea8e000 	C:\Windows\system32\IMM32.DLL
0x000007feff240000 - 0x000007feff349000 	C:\Windows\system32\MSCTF.dll
0x0000000065460000 - 0x0000000065532000 	C:\Program Files\Android\Android Studio\jre\jre\bin\msvcr100.dll
0x00000000501f0000 - 0x0000000050a24000 	C:\Program Files\Android\Android Studio\jre\jre\bin\server\jvm.dll
0x000007feec580000 - 0x000007feec589000 	C:\Windows\system32\WSOCK32.dll
0x000007fefee50000 - 0x000007fefee9d000 	C:\Windows\system32\WS2_32.dll
0x000007fefed40000 - 0x000007fefed48000 	C:\Windows\system32\NSI.dll
0x000007fefaf00000 - 0x000007fefaf3b000 	C:\Windows\system32\WINMM.dll
0x000007fefc6e0000 - 0x000007fefc6ec000 	C:\Windows\system32\VERSION.dll
0x0000000077340000 - 0x0000000077347000 	C:\Windows\system32\PSAPI.DLL
0x000007fef8e90000 - 0x000007fef8e9f000 	C:\Program Files\Android\Android Studio\jre\jre\bin\verify.dll
0x000007fef8440000 - 0x000007fef8469000 	C:\Program Files\Android\Android Studio\jre\jre\bin\java.dll
0x000007fef83f0000 - 0x000007fef8406000 	C:\Program Files\Android\Android Studio\jre\jre\bin\zip.dll
0x000007fefd9b0000 - 0x000007fefe738000 	C:\Windows\system32\SHELL32.dll
0x000007fefe7e0000 - 0x000007fefe9e3000 	C:\Windows\system32\ole32.dll
0x000007fefd5e0000 - 0x000007fefd5ef000 	C:\Windows\system32\profapi.dll

VM Arguments:
jvm_args: -Djava.awt.headless=true -Xmx1024M -Dfile.encoding=windows-1252 -Duser.country=FR -Duser.language=fr -Duser.variant 
java_command: com.android.dx.command.Main --dex --force-jumbo --num-threads=4 --multi-dex --output C:\Users\rhakanjin.Newsco\Desktop\workspaceAndroid\friendzone\app\build\intermediates\transforms\dex\debug\folders\1000\10\com.google.android.gms-play-services-ads-10.0.1_1bd313799a94663aeafdc65fbc68ab259da00bec C:\Users\rhakanjin.Newsco\Desktop\workspaceAndroid\friendzone\app\build\intermediates\exploded-aar\com.google.android.gms\play-services-ads\10.0.1\jars\classes.jar
java_class_path (initial): C:\Users\rhakanjin.Newsco\AppData\Local\Android\sdk\build-tools\25.0.2\lib\dx.jar
Launcher Type: SUN_STANDARD

Environment Variables:
PATH=c:\Program Files (x86)\Intel\iCLS Client\;c:\Program Files\Intel\iCLS Client\;C:\Windows\system32;C:\Windows;C:\Windows\System32\Wbem;C:\Windows\System32\WindowsPowerShell\v1.0\;c:\Program Files (x86)\Common Files\Roxio Shared\DLLShared\;c:\Program Files (x86)\Common Files\Roxio Shared\10.0\DLLShared\;C:\Program Files\Intel\Intel(R) Management Engine Components\DAL;C:\Program Files\Intel\Intel(R) Management Engine Components\IPT;C:\Program Files (x86)\Intel\Intel(R) Management Engine Components\DAL;C:\Program Files (x86)\Intel\Intel(R) Management Engine Components\IPT;C:\Program Files\nodejs\;C:\RailsInstaller\Ruby2.3.0\bin;c:\Program Files (x86)\Intel\iCLS Client\;c:\Program Files\Intel\iCLS Client\;C:\Windows\system32;C:\Windows;C:\Windows\System32\Wbem;C:\Windows\System32\WindowsPowerShell\v1.0\;c:\Program Files (x86)\Common Files\Roxio Shared\DLLShared\;c:\Program Files (x86)\Common Files\Roxio Shared\10.0\DLLShared\;C:\Program Files\Intel\Intel(R) Management Engine Components\DAL;C:\Program Files\Intel\Intel(R) Management Engine Components\IPT;C:\Program Files (x86)\Intel\Intel(R) Management Engine Components\DAL;C:\Program Files (x86)\Intel\Intel(R) Management Engine Components\IPT;C:\Users\rhakanjin.Newsco\AppData\Local\Programs\Git\cmd;C:\Users\rhakanjin.Newsco\AppData\Roaming\npm
USERNAME=rhakanjin
OS=Windows_NT
PROCESSOR_IDENTIFIER=Intel64 Family 6 Model 58 Stepping 9, GenuineIntel



---------------  S Y S T E M  ---------------

OS: Windows 7 , 64 bit Build 7601 (6.1.7601.17651)

CPU:total 8 (4 cores per cpu, 2 threads per core) family 6 model 58 stepping 9, cmov, cx8, fxsr, mmx, sse, sse2, sse3, ssse3, sse4.1, sse4.2, popcnt, avx, aes, clmul, erms, ht, tsc, tscinvbit, tscinv

Memory: 4k page, physical 8063920k(646312k free), swap 12256372k(5112k free)

vm_info: OpenJDK 64-Bit Server VM (25.76-b03) for windows-amd64 JRE (1.8.0_76-release-b03), built on Jun 29 2016 19:09:20 by "ralucas" with MS VC++ 10.0 (VS2010)

time: Thu Feb 16 11:39:06 2017
elapsed time: 1 seconds (0d 0h 0m 1s)

