#
# There is insufficient memory for the Java Runtime Environment to continue.
# Native memory allocation (malloc) failed to allocate 70096 bytes for Chunk::new
# Possible reasons:
#   The system is out of physical RAM or swap space
#   In 32 bit mode, the process size limit was hit
# Possible solutions:
#   Reduce memory load on the system
#   Increase physical memory or swap space
#   Check if swap backing store is full
#   Use 64 bit Java on a 64 bit OS
#   Decrease Java heap size (-Xmx/-Xms)
#   Decrease number of Java threads
#   Decrease Java thread stack sizes (-Xss)
#   Set larger code cache with -XX:ReservedCodeCacheSize=
# This output file may be truncated or incomplete.
#
#  Out of Memory Error (allocation.cpp:390), pid=5364, tid=0x0000000000001018
#
# JRE version: OpenJDK Runtime Environment (8.0_76-b03) (build 1.8.0_76-release-b03)
# Java VM: OpenJDK 64-Bit Server VM (25.76-b03 mixed mode windows-amd64 compressed oops)
# Failed to write core dump. Minidumps are not enabled by default on client versions of Windows
#

---------------  T H R E A D  ---------------

Current thread (0x0000000056778000):  JavaThread "C2 CompilerThread1" daemon [_thread_in_native, id=4120, stack(0x00000000581c0000,0x00000000582c0000)]

Stack: [0x00000000581c0000,0x00000000582c0000]
[error occurred during error reporting (printing stack bounds), id 0xc0000005]

Native frames: (J=compiled Java code, j=interpreted, Vv=VM code, C=native code)


Current CompileTask:
C2:   2296 1569       4       com.android.dx.rop.code.LocalVariableExtractor::processBlock (327 bytes)


---------------  P R O C E S S  ---------------

Java Threads: ( => current thread )
  0x00000000586e7000 JavaThread "pool-2-thread-4" [_thread_blocked, id=7432, stack(0x00000000595b0000,0x00000000596b0000)]
  0x00000000586e5800 JavaThread "pool-2-thread-3" [_thread_blocked, id=8480, stack(0x0000000059450000,0x0000000059550000)]
  0x00000000586e4800 JavaThread "pool-2-thread-2" [_thread_blocked, id=7500, stack(0x00000000592c0000,0x00000000593c0000)]
  0x00000000586e4000 JavaThread "pool-3-thread-1" [_thread_blocked, id=7296, stack(0x0000000059040000,0x0000000059140000)]
  0x00000000586e3000 JavaThread "pool-2-thread-1" [_thread_blocked, id=8528, stack(0x0000000057e30000,0x0000000057f30000)]
  0x000000005678b000 JavaThread "Service Thread" daemon [_thread_blocked, id=8320, stack(0x00000000582d0000,0x00000000583d0000)]
  0x0000000056780000 JavaThread "C1 CompilerThread3" daemon [_thread_blocked, id=1868, stack(0x00000000583f0000,0x00000000584f0000)]
  0x000000005677b000 JavaThread "C2 CompilerThread2" daemon [_thread_in_vm, id=2384, stack(0x00000000580a0000,0x00000000581a0000)]
=>0x0000000056778000 JavaThread "C2 CompilerThread1" daemon [_thread_in_native, id=4120, stack(0x00000000581c0000,0x00000000582c0000)]
  0x0000000056776000 JavaThread "C2 CompilerThread0" daemon [_thread_in_native, id=8164, stack(0x0000000057f40000,0x0000000058040000)]
  0x0000000056770800 JavaThread "Attach Listener" daemon [_thread_blocked, id=7708, stack(0x0000000057ce0000,0x0000000057de0000)]
  0x000000005676e800 JavaThread "Signal Dispatcher" daemon [_thread_blocked, id=7368, stack(0x0000000057750000,0x0000000057850000)]
  0x00000000557cd800 JavaThread "Finalizer" daemon [_thread_blocked, id=7796, stack(0x0000000057af0000,0x0000000057bf0000)]
  0x00000000557c4800 JavaThread "Reference Handler" daemon [_thread_blocked, id=3936, stack(0x0000000057990000,0x0000000057a90000)]
  0x000000000233e800 JavaThread "main" [_thread_blocked, id=3276, stack(0x0000000002340000,0x0000000002440000)]

Other Threads:
  0x0000000056720800 VMThread [stack: 0x0000000057850000,0x0000000057950000] [id=4776]
  0x000000005678f800 WatcherThread [stack: 0x00000000585e0000,0x00000000586e0000] [id=9064]

VM state:not at safepoint (normal execution)

VM Mutex/Monitor currently owned by a thread: None

Heap:
 PSYoungGen      total 36864K, used 35774K [0x00000000eab00000, 0x00000000ef300000, 0x0000000100000000)
  eden space 31744K, 96% used [0x00000000eab00000,0x00000000ec8f34e8,0x00000000eca00000)
  from space 5120K, 99% used [0x00000000eca00000,0x00000000ecefc460,0x00000000ecf00000)
  to   space 5120K, 0% used [0x00000000eee00000,0x00000000eee00000,0x00000000ef300000)
 ParOldGen       total 84992K, used 1054K [0x00000000c0000000, 0x00000000c5300000, 0x00000000eab00000)
  object space 84992K, 1% used [0x00000000c0000000,0x00000000c0107a30,0x00000000c5300000)
 Metaspace       used 6149K, capacity 7088K, committed 7296K, reserved 1056768K
  class space    used 575K, capacity 616K, committed 640K, reserved 1048576K

Card table byte_map: [0x0000000011ad0000,0x0000000011ce0000] byte_map_base: 0x00000000114d0000

Marking Bits: (ParMarkBitMap*) 0x000000005fc59d00
 Begin Bits: [0x0000000012be0000, 0x0000000013be0000)
 End Bits:   [0x0000000013be0000, 0x0000000014be0000)

Polling page: 0x0000000000140000

CodeCache: size=245760Kb used=6671Kb max_used=6685Kb free=239088Kb
 bounds [0x0000000002710000, 0x0000000002da0000, 0x0000000011710000]
 total_blobs=1840 nmethods=1572 adapters=181
 compilation: enabled

Compilation events (10 events):
Event: 2.284 Thread 0x000000005677b000 nmethod 1567 0x0000000002d883d0 code [0x0000000002d88560, 0x0000000002d88b78]
Event: 2.284 Thread 0x000000005677b000 1571       4       java.util.ArrayList::removeRange (75 bytes)
Event: 2.286 Thread 0x000000005677b000 nmethod 1571 0x0000000002d89290 code [0x0000000002d893e0, 0x0000000002d89558]
Event: 2.286 Thread 0x000000005677b000 1549       4       com.android.dx.rop.cst.CstFieldRef::compareTo0 (43 bytes)
Event: 2.289 Thread 0x0000000056780000 1585       3       com.android.dx.ssa.MoveParamCombiner$1::visitNonMoveInsn (213 bytes)
Event: 2.289 Thread 0x000000005677b000 nmethod 1549 0x0000000002d8a250 code [0x0000000002d8a3c0, 0x0000000002d8a818]
Event: 2.289 Thread 0x000000005677b000 1584       4       com.android.dx.rop.code.Rops::ropFor (771 bytes)
Event: 2.290 Thread 0x0000000056780000 nmethod 1585 0x0000000002d85590 code [0x0000000002d85880, 0x0000000002d87548]
Event: 2.290 Thread 0x0000000056780000 1586       1       com.android.dx.dex.file.OffsettedItem::getAlignment (5 bytes)
Event: 2.290 Thread 0x0000000056780000 nmethod 1586 0x0000000002d82750 code [0x0000000002d828a0, 0x0000000002d829b0]

GC Heap History (2 events):
Event: 1.361 GC heap before
{Heap before GC invocations=1 (full 0):
 PSYoungGen      total 36864K, used 31744K [0x00000000eab00000, 0x00000000ed400000, 0x0000000100000000)
  eden space 31744K, 100% used [0x00000000eab00000,0x00000000eca00000,0x00000000eca00000)
  from space 5120K, 0% used [0x00000000ecf00000,0x00000000ecf00000,0x00000000ed400000)
  to   space 5120K, 0% used [0x00000000eca00000,0x00000000eca00000,0x00000000ecf00000)
 ParOldGen       total 84992K, used 0K [0x00000000c0000000, 0x00000000c5300000, 0x00000000eab00000)
  object space 84992K, 0% used [0x00000000c0000000,0x00000000c0000000,0x00000000c5300000)
 Metaspace       used 5908K, capacity 6896K, committed 7040K, reserved 1056768K
  class space    used 571K, capacity 616K, committed 640K, reserved 1048576K
Event: 1.386 GC heap after
Heap after GC invocations=1 (full 0):
 PSYoungGen      total 36864K, used 5105K [0x00000000eab00000, 0x00000000ef300000, 0x0000000100000000)
  eden space 31744K, 0% used [0x00000000eab00000,0x00000000eab00000,0x00000000eca00000)
  from space 5120K, 99% used [0x00000000eca00000,0x00000000ecefc460,0x00000000ecf00000)
  to   space 5120K, 0% used [0x00000000eee00000,0x00000000eee00000,0x00000000ef300000)
 ParOldGen       total 84992K, used 1054K [0x00000000c0000000, 0x00000000c5300000, 0x00000000eab00000)
  object space 84992K, 1% used [0x00000000c0000000,0x00000000c0107a30,0x00000000c5300000)
 Metaspace       used 5908K, capacity 6896K, committed 7040K, reserved 1056768K
  class space    used 571K, capacity 616K, committed 640K, reserved 1048576K
}

Deoptimization events (10 events):
Event: 1.407 Thread 0x00000000586e3000 Uncommon trap: reason=bimorphic action=maybe_recompile pc=0x0000000002bf9bb8 method=com.android.dx.cf.code.BytecodeArray.parseInstruction(ILcom/android/dx/cf/code/BytecodeArray$Visitor;)I @ 2484
Event: 1.523 Thread 0x00000000586e3000 Uncommon trap: reason=bimorphic action=maybe_recompile pc=0x0000000002929d24 method=java.util.HashMap.getNode(ILjava/lang/Object;)Ljava/util/HashMap$Node; @ 126
Event: 1.702 Thread 0x00000000586e4800 Uncommon trap: reason=unstable_if action=reinterpret pc=0x0000000002c822d4 method=com.android.dx.dex.code.RopToDop.dopFor(Lcom/android/dx/rop/code/Insn;)Lcom/android/dx/dex/code/Dop; @ 747
Event: 2.004 Thread 0x00000000586e3000 Uncommon trap: reason=bimorphic action=maybe_recompile pc=0x0000000002bfa934 method=com.android.dx.cf.code.BytecodeArray.parseInstruction(ILcom/android/dx/cf/code/BytecodeArray$Visitor;)I @ 923
Event: 2.004 Thread 0x00000000586e3000 Uncommon trap: reason=bimorphic action=maybe_recompile pc=0x0000000002bfa8b4 method=com.android.dx.cf.code.BytecodeArray.parseInstruction(ILcom/android/dx/cf/code/BytecodeArray$Visitor;)I @ 907
Event: 2.004 Thread 0x00000000586e3000 Uncommon trap: reason=bimorphic action=maybe_recompile pc=0x0000000002bf9f10 method=com.android.dx.cf.code.BytecodeArray.parseInstruction(ILcom/android/dx/cf/code/BytecodeArray$Visitor;)I @ 1597
Event: 2.004 Thread 0x00000000586e3000 Uncommon trap: reason=bimorphic action=maybe_recompile pc=0x0000000002bfa934 method=com.android.dx.cf.code.BytecodeArray.parseInstruction(ILcom/android/dx/cf/code/BytecodeArray$Visitor;)I @ 923
Event: 2.015 Thread 0x00000000586e3000 Uncommon trap: reason=null_check action=make_not_entrant pc=0x0000000002a07ad0 method=com.android.dx.rop.type.Type.equals(Ljava/lang/Object;)Z @ 8
Event: 2.016 Thread 0x00000000586e3000 Uncommon trap: reason=unstable_if action=reinterpret pc=0x0000000002c696d8 method=com.android.dx.ssa.SCCP.simulateBranch(Lcom/android/dx/ssa/SsaInsn;)V @ 548
Event: 2.277 Thread 0x00000000586e4800 Uncommon trap: reason=unstable_if action=reinterpret pc=0x0000000002c8d3f0 method=com.android.dx.ssa.MoveParamCombiner$1.visitNonMoveInsn(Lcom/android/dx/ssa/NormalSsaInsn;)V @ 27

Internal exceptions (3 events):
Event: 0.170 Thread 0x000000000233e800 Exception <a 'java/lang/NoSuchMethodError': Method sun.misc.Unsafe.defineClass(Ljava/lang/String;[BII)Ljava/lang/Class; name or signature does not match> (0x00000000eab07cc0) thrown at [C:\src\android\AOSP-openjdk\external\jetbrains\jdk\hotspot\src\share\vÅ(rÖ»–≈?
Event: 0.170 Thread 0x000000000233e800 Exception <a 'java/lang/NoSuchMethodError': Method sun.misc.Unsafe.prefetchRead(Ljava/lang/Object;J)V name or signature does not match> (0x00000000eab07fa8) thrown at [C:\src\android\AOSP-openjdk\external\jetbrains\jdk\hotspot\src\share\vm\prims\jni.cpp, l‰!áy
Event: 2.015 Thread 0x00000000586e3000 Implicit null exception at 0x0000000002a079d2 to 0x0000000002a07ac2

Events (10 events):
Event: 2.007 loading class com/android/dx/cf/attrib/AttRuntimeInvisibleAnnotations done
Event: 2.015 Thread 0x00000000586e3000 Uncommon trap: trap_request=0xfffffff4 fr.pc=0x0000000002a07ad0
Event: 2.015 Thread 0x00000000586e3000 DEOPT PACKING pc=0x0000000002a07ad0 sp=0x0000000057f2e050
Event: 2.015 Thread 0x00000000586e3000 DEOPT UNPACKING pc=0x000000000275556a sp=0x0000000057f2dfd8 mode 2
Event: 2.016 Thread 0x00000000586e3000 Uncommon trap: trap_request=0xffffff65 fr.pc=0x0000000002c696d8
Event: 2.016 Thread 0x00000000586e3000 DEOPT PACKING pc=0x0000000002c696d8 sp=0x0000000057f2e3b0
Event: 2.016 Thread 0x00000000586e3000 DEOPT UNPACKING pc=0x000000000275556a sp=0x0000000057f2e398 mode 2
Event: 2.277 Thread 0x00000000586e4800 Uncommon trap: trap_request=0xffffff65 fr.pc=0x0000000002c8d3f0
Event: 2.277 Thread 0x00000000586e4800 DEOPT PACKING pc=0x0000000002c8d3f0 sp=0x00000000593be880
Event: 2.277 Thread 0x00000000586e4800 DEOPT UNPACKING pc=0x000000000275556a sp=0x00000000593be7d8 mode 2


Dynamic libraries:
0x000000013f0c0000 - 0x000000013f0f1000 	C:\Program Files\Android\Android Studio\jre\bin\java.exe
0x0000000077180000 - 0x0000000077329000 	C:\Windows\SYSTEM32\ntdll.dll
0x0000000077060000 - 0x000000007717f000 	C:\Windows\system32\kernel32.dll
0x000007fefd940000 - 0x000007fefd9ac000 	C:\Windows\system32\KERNELBASE.dll
0x000007feff3b0000 - 0x000007feff48b000 	C:\Windows\system32\ADVAPI32.dll
0x000007feff1a0000 - 0x000007feff23f000 	C:\Windows\system32\msvcrt.dll
0x000007fefed50000 - 0x000007fefed6f000 	C:\Windows\SYSTEM32\sechost.dll
0x000007fefec00000 - 0x000007fefed2d000 	C:\Windows\system32\RPCRT4.dll
0x0000000076f60000 - 0x000000007705a000 	C:\Windows\system32\USER32.dll
0x000007fefe9f0000 - 0x000007fefea57000 	C:\Windows\system32\GDI32.dll
0x000007fefed30000 - 0x000007fefed3e000 	C:\Windows\system32\LPK.dll
0x000007fefea90000 - 0x000007fefeb59000 	C:\Windows\system32\USP10.dll
0x000007fefbe40000 - 0x000007fefc034000 	C:\Windows\WinSxS\amd64_microsoft.windows.common-controls_6595b64144ccf1df_6.0.7601.17514_none_fa396087175ac9ac\COMCTL32.dll
0x000007fefeb80000 - 0x000007fefebf1000 	C:\Windows\system32\SHLWAPI.dll
0x000007fefea60000 - 0x000007fefea8e000 	C:\Windows\system32\IMM32.DLL
0x000007feff240000 - 0x000007feff349000 	C:\Windows\system32\MSCTF.dll
0x0000000061f00000 - 0x0000000061fd2000 	C:\Program Files\Android\Android Studio\jre\jre\bin\msvcr100.dll
0x000000005f4a0000 - 0x000000005fcd4000 	C:\Program Files\Android\Android Studio\jre\jre\bin\server\jvm.dll
0x000007feec580000 - 0x000007feec589000 	C:\Windows\system32\WSOCK32.dll
0x000007fefee50000 - 0x000007fefee9d000 	C:\Windows\system32\WS2_32.dll
0x000007fefed40000 - 0x000007fefed48000 	C:\Windows\system32\NSI.dll
0x000007fefaf00000 - 0x000007fefaf3b000 	C:\Windows\system32\WINMM.dll
0x000007fefc6e0000 - 0x000007fefc6ec000 	C:\Windows\system32\VERSION.dll
0x0000000077340000 - 0x0000000077347000 	C:\Windows\system32\PSAPI.DLL
0x000007fef83d0000 - 0x000007fef83df000 	C:\Program Files\Android\Android Studio\jre\jre\bin\verify.dll
0x000007fef82f0000 - 0x000007fef8319000 	C:\Program Files\Android\Android Studio\jre\jre\bin\java.dll
0x000007fef7780000 - 0x000007fef7796000 	C:\Program Files\Android\Android Studio\jre\jre\bin\zip.dll
0x000007fefd9b0000 - 0x000007fefe738000 	C:\Windows\system32\SHELL32.dll
0x000007fefe7e0000 - 0x000007fefe9e3000 	C:\Windows\system32\ole32.dll
0x000007fefd5e0000 - 0x000007fefd5ef000 	C:\Windows\system32\profapi.dll

VM Arguments:
jvm_args: -Djava.awt.headless=true -Xmx1024M -Dfile.encoding=windows-1252 -Duser.country=FR -Duser.language=fr -Duser.variant 
java_command: com.android.dx.command.Main --dex --force-jumbo --num-threads=4 --multi-dex --output C:\Users\rhakanjin.Newsco\Desktop\workspaceAndroid\friendzone\app\build\intermediates\transforms\dex\debug\folders\1000\10\com.google.firebase-firebase-appindexing-10.0.1_7b6105323e854a87b1a54441791eab07679ae9d8 C:\Users\rhakanjin.Newsco\Desktop\workspaceAndroid\friendzone\app\build\intermediates\exploded-aar\com.google.firebase\firebase-appindexing\10.0.1\jars\classes.jar
java_class_path (initial): C:\Users\rhakanjin.Newsco\AppData\Local\Android\sdk\build-tools\25.0.2\lib\dx.jar
Launcher Type: SUN_STANDARD

Environment Variables:
PATH=c:\Program Files (x86)\Intel\iCLS Client\;c:\Program Files\Intel\iCLS Client\;C:\Windows\system32;C:\Windows;C:\Windows\System32\Wbem;C:\Windows\System32\WindowsPowerShell\v1.0\;c:\Program Files (x86)\Common Files\Roxio Shared\DLLShared\;c:\Program Files (x86)\Common Files\Roxio Shared\10.0\DLLShared\;C:\Program Files\Intel\Intel(R) Management Engine Components\DAL;C:\Program Files\Intel\Intel(R) Management Engine Components\IPT;C:\Program Files (x86)\Intel\Intel(R) Management Engine Components\DAL;C:\Program Files (x86)\Intel\Intel(R) Management Engine Components\IPT;C:\Program Files\nodejs\;C:\RailsInstaller\Ruby2.3.0\bin;c:\Program Files (x86)\Intel\iCLS Client\;c:\Program Files\Intel\iCLS Client\;C:\Windows\system32;C:\Windows;C:\Windows\System32\Wbem;C:\Windows\System32\WindowsPowerShell\v1.0\;c:\Program Files (x86)\Common Files\Roxio Shared\DLLShared\;c:\Program Files (x86)\Common Files\Roxio Shared\10.0\DLLShared\;C:\Program Files\Intel\Intel(R) Management Engine Components\DAL;C:\Program Files\Intel\Intel(R) Management Engine Components\IPT;C:\Program Files (x86)\Intel\Intel(R) Management Engine Components\DAL;C:\Program Files (x86)\Intel\Intel(R) Management Engine Components\IPT;C:\Users\rhakanjin.Newsco\AppData\Local\Programs\Git\cmd;C:\Users\rhakanjin.Newsco\AppData\Roaming\npm
USERNAME=rhakanjin
OS=Windows_NT
PROCESSOR_IDENTIFIER=Intel64 Family 6 Model 58 Stepping 9, GenuineIntel



---------------  S Y S T E M  ---------------

OS: Windows 7 , 64 bit Build 7601 (6.1.7601.17651)

CPU:total 8 (4 cores per cpu, 2 threads per core) family 6 model 58 stepping 9, cmov, cx8, fxsr, mmx, sse, sse2, sse3, ssse3, sse4.1, sse4.2, popcnt, avx, aes, clmul, erms, ht, tsc, tscinvbit, tscinv

Memory: 4k page, physical 8063920k(420824k free), swap 12256372k(5328k free)

vm_info: OpenJDK 64-Bit Server VM (25.76-b03) for windows-amd64 JRE (1.8.0_76-release-b03), built on Jun 29 2016 19:09:20 by "ralucas" with MS VC++ 10.0 (VS2010)

time: Mon Feb 13 13:49:28 2017
elapsed time: 2 seconds (0d 0h 0m 2s)

