#
# There is insufficient memory for the Java Runtime Environment to continue.
# Native memory allocation (malloc) failed to allocate 1145296 bytes for Chunk::new
# Possible reasons:
#   The system is out of physical RAM or swap space
#   In 32 bit mode, the process size limit was hit
# Possible solutions:
#   Reduce memory load on the system
#   Increase physical memory or swap space
#   Check if swap backing store is full
#   Use 64 bit Java on a 64 bit OS
#   Decrease Java heap size (-Xmx/-Xms)
#   Decrease number of Java threads
#   Decrease Java thread stack sizes (-Xss)
#   Set larger code cache with -XX:ReservedCodeCacheSize=
# This output file may be truncated or incomplete.
#
#  Out of Memory Error (allocation.cpp:390), pid=8164, tid=0x00000000000021a4
#
# JRE version: OpenJDK Runtime Environment (8.0_76-b03) (build 1.8.0_76-release-b03)
# Java VM: OpenJDK 64-Bit Server VM (25.76-b03 mixed mode windows-amd64 compressed oops)
# Failed to write core dump. Minidumps are not enabled by default on client versions of Windows
#

---------------  T H R E A D  ---------------

Current thread (0x000000005682b000):  JavaThread "C2 CompilerThread2" daemon [_thread_in_native, id=8612, stack(0x00000000581e0000,0x00000000582e0000)]

Stack: [0x00000000581e0000,0x00000000582e0000]
[error occurred during error reporting (printing stack bounds), id 0xc0000005]

Native frames: (J=compiled Java code, j=interpreted, Vv=VM code, C=native code)


Current CompileTask:
C2:   5472 1852   !   4       com.android.dx.cf.cst.ConstantPoolParser::parse0 (731 bytes)


---------------  P R O C E S S  ---------------

Java Threads: ( => current thread )
  0x0000000056aa0800 JavaThread "pool-2-thread-4" [_thread_blocked, id=5784, stack(0x0000000058bf0000,0x0000000058cf0000)]
  0x0000000056a9e000 JavaThread "pool-2-thread-3" [_thread_blocked, id=7560, stack(0x0000000058920000,0x0000000058a20000)]
  0x0000000056a91800 JavaThread "pool-2-thread-2" [_thread_blocked, id=7604, stack(0x0000000058770000,0x0000000058870000)]
  0x0000000056a90800 JavaThread "pool-3-thread-1" [_thread_blocked, id=4120, stack(0x00000000584f0000,0x00000000585f0000)]
  0x0000000056a90000 JavaThread "pool-2-thread-1" [_thread_blocked, id=6676, stack(0x0000000058660000,0x0000000058760000)]
  0x000000005683e000 JavaThread "Service Thread" daemon [_thread_blocked, id=8596, stack(0x00000000582e0000,0x00000000583e0000)]
  0x0000000056830000 JavaThread "C1 CompilerThread3" daemon [_thread_blocked, id=7804, stack(0x0000000058080000,0x0000000058180000)]
=>0x000000005682b000 JavaThread "C2 CompilerThread2" daemon [_thread_in_native, id=8612, stack(0x00000000581e0000,0x00000000582e0000)]
  0x0000000056828000 JavaThread "C2 CompilerThread1" daemon [_thread_in_native, id=3448, stack(0x0000000057c60000,0x0000000057d60000)]
  0x0000000056826000 JavaThread "C2 CompilerThread0" daemon [_thread_in_native, id=3772, stack(0x0000000057f20000,0x0000000058020000)]
  0x0000000056820000 JavaThread "Attach Listener" daemon [_thread_blocked, id=2068, stack(0x0000000057d90000,0x0000000057e90000)]
  0x000000005681e800 JavaThread "Signal Dispatcher" daemon [_thread_blocked, id=7196, stack(0x0000000057ab0000,0x0000000057bb0000)]
  0x000000005576f000 JavaThread "Finalizer" daemon [_thread_blocked, id=6696, stack(0x0000000057790000,0x0000000057890000)]
  0x0000000055768800 JavaThread "Reference Handler" daemon [_thread_blocked, id=8088, stack(0x00000000578d0000,0x00000000579d0000)]
  0x000000000224e800 JavaThread "main" [_thread_blocked, id=5136, stack(0x0000000002480000,0x0000000002580000)]

Other Threads:
  0x00000000567d2800 VMThread [stack: 0x0000000002250000,0x0000000002350000] [id=4776]
  0x0000000056842800 WatcherThread [stack: 0x00000000583e0000,0x00000000584e0000] [id=5424]

VM state:not at safepoint (normal execution)

VM Mutex/Monitor currently owned by a thread: None

Heap:
 PSYoungGen      total 68608K, used 21859K [0x00000000eab00000, 0x00000000f3100000, 0x0000000100000000)
  eden space 63488K, 26% used [0x00000000eab00000,0x00000000ebb5c1e8,0x00000000ee900000)
  from space 5120K, 99% used [0x00000000ee900000,0x00000000eedfcd30,0x00000000eee00000)
  to   space 5120K, 0% used [0x00000000f2c00000,0x00000000f2c00000,0x00000000f3100000)
 ParOldGen       total 84992K, used 14997K [0x00000000c0000000, 0x00000000c5300000, 0x00000000eab00000)
  object space 84992K, 17% used [0x00000000c0000000,0x00000000c0ea57b0,0x00000000c5300000)
 Metaspace       used 6296K, capacity 7090K, committed 7296K, reserved 1056768K
  class space    used 592K, capacity 618K, committed 640K, reserved 1048576K

Card table byte_map: [0x0000000011c10000,0x0000000011e20000] byte_map_base: 0x0000000011610000

Marking Bits: (ParMarkBitMap*) 0x000000005fc59d00
 Begin Bits: [0x0000000012b80000, 0x0000000013b80000)
 End Bits:   [0x0000000013b80000, 0x0000000014b80000)

Polling page: 0x0000000000240000

CodeCache: size=245760Kb used=8298Kb max_used=8298Kb free=237461Kb
 bounds [0x0000000002850000, 0x0000000003080000, 0x0000000011850000]
 total_blobs=2113 nmethods=1845 adapters=181
 compilation: enabled

Compilation events (10 events):
Event: 5.332 Thread 0x0000000056830000 1855       3       java.util.concurrent.locks.AbstractQueuedSynchronizer::unparkSuccessor (84 bytes)
Event: 5.332 Thread 0x0000000056830000 nmethod 1855 0x000000000305acd0 code [0x000000000305ae60, 0x000000000305b3a8]
Event: 5.332 Thread 0x0000000056830000 1856       3       java.util.concurrent.ThreadPoolExecutor::beforeExecute (1 bytes)
Event: 5.332 Thread 0x0000000056830000 nmethod 1856 0x000000000303b450 code [0x000000000303b5a0, 0x000000000303b6f0]
Event: 5.332 Thread 0x0000000056828000 nmethod 1853 0x00000000030545d0 code [0x0000000003054720, 0x0000000003054b98]
Event: 5.333 Thread 0x0000000056828000 1854       4       com.android.dx.rop.type.Type::compareTo (9 bytes)
Event: 5.333 Thread 0x0000000056828000 nmethod 1854 0x000000000304c110 code [0x000000000304c260, 0x000000000304c3d8]
Event: 5.336 Thread 0x0000000056828000 1857 %     4       com.android.dx.ssa.back.SsaToRop::removePhiFunctions @ 56 (83 bytes)
Event: 5.342 Thread 0x0000000056828000 nmethod 1857% 0x000000000306fb10 code [0x000000000306fc80, 0x0000000003070088]
Event: 5.342 Thread 0x0000000056828000 1860 %     4       com.android.dx.ssa.SCCP::run @ 53 (298 bytes)

GC Heap History (6 events):
Event: 1.750 GC heap before
{Heap before GC invocations=1 (full 0):
 PSYoungGen      total 36864K, used 31744K [0x00000000eab00000, 0x00000000ed400000, 0x0000000100000000)
  eden space 31744K, 100% used [0x00000000eab00000,0x00000000eca00000,0x00000000eca00000)
  from space 5120K, 0% used [0x00000000ecf00000,0x00000000ecf00000,0x00000000ed400000)
  to   space 5120K, 0% used [0x00000000eca00000,0x00000000eca00000,0x00000000ecf00000)
 ParOldGen       total 84992K, used 0K [0x00000000c0000000, 0x00000000c5300000, 0x00000000eab00000)
  object space 84992K, 0% used [0x00000000c0000000,0x00000000c0000000,0x00000000c5300000)
 Metaspace       used 5840K, capacity 6832K, committed 7040K, reserved 1056768K
  class space    used 570K, capacity 616K, committed 640K, reserved 1048576K
Event: 2.058 GC heap after
Heap after GC invocations=1 (full 0):
 PSYoungGen      total 36864K, used 5112K [0x00000000eab00000, 0x00000000ef300000, 0x0000000100000000)
  eden space 31744K, 0% used [0x00000000eab00000,0x00000000eab00000,0x00000000eca00000)
  from space 5120K, 99% used [0x00000000eca00000,0x00000000ecefe068,0x00000000ecf00000)
  to   space 5120K, 0% used [0x00000000eee00000,0x00000000eee00000,0x00000000ef300000)
 ParOldGen       total 84992K, used 1021K [0x00000000c0000000, 0x00000000c5300000, 0x00000000eab00000)
  object space 84992K, 1% used [0x00000000c0000000,0x00000000c00ff7c8,0x00000000c5300000)
 Metaspace       used 5840K, capacity 6832K, committed 7040K, reserved 1056768K
  class space    used 570K, capacity 616K, committed 640K, reserved 1048576K
}
Event: 2.691 GC heap before
{Heap before GC invocations=2 (full 0):
 PSYoungGen      total 36864K, used 36856K [0x00000000eab00000, 0x00000000ef300000, 0x0000000100000000)
  eden space 31744K, 100% used [0x00000000eab00000,0x00000000eca00000,0x00000000eca00000)
  from space 5120K, 99% used [0x00000000eca00000,0x00000000ecefe068,0x00000000ecf00000)
  to   space 5120K, 0% used [0x00000000eee00000,0x00000000eee00000,0x00000000ef300000)
 ParOldGen       total 84992K, used 1021K [0x00000000c0000000, 0x00000000c5300000, 0x00000000eab00000)
  object space 84992K, 1% used [0x00000000c0000000,0x00000000c00ff7c8,0x00000000c5300000)
 Metaspace       used 6026K, capacity 6960K, committed 7040K, reserved 1056768K
  class space    used 571K, capacity 616K, committed 640K, reserved 1048576K
Event: 2.750 GC heap after
Heap after GC invocations=2 (full 0):
 PSYoungGen      total 68608K, used 5119K [0x00000000eab00000, 0x00000000ef300000, 0x0000000100000000)
  eden space 63488K, 0% used [0x00000000eab00000,0x00000000eab00000,0x00000000ee900000)
  from space 5120K, 99% used [0x00000000eee00000,0x00000000ef2ffd48,0x00000000ef300000)
  to   space 5120K, 0% used [0x00000000ee900000,0x00000000ee900000,0x00000000eee00000)
 ParOldGen       total 84992K, used 4806K [0x00000000c0000000, 0x00000000c5300000, 0x00000000eab00000)
  object space 84992K, 5% used [0x00000000c0000000,0x00000000c04b18e0,0x00000000c5300000)
 Metaspace       used 6026K, capacity 6960K, committed 7040K, reserved 1056768K
  class space    used 571K, capacity 616K, committed 640K, reserved 1048576K
}
Event: 4.496 GC heap before
{Heap before GC invocations=3 (full 0):
 PSYoungGen      total 68608K, used 68607K [0x00000000eab00000, 0x00000000ef300000, 0x0000000100000000)
  eden space 63488K, 100% used [0x00000000eab00000,0x00000000ee900000,0x00000000ee900000)
  from space 5120K, 99% used [0x00000000eee00000,0x00000000ef2ffd48,0x00000000ef300000)
  to   space 5120K, 0% used [0x00000000ee900000,0x00000000ee900000,0x00000000eee00000)
 ParOldGen       total 84992K, used 4806K [0x00000000c0000000, 0x00000000c5300000, 0x00000000eab00000)
  object space 84992K, 5% used [0x00000000c0000000,0x00000000c04b18e0,0x00000000c5300000)
 Metaspace       used 6278K, capacity 7090K, committed 7296K, reserved 1056768K
  class space    used 592K, capacity 618K, committed 640K, reserved 1048576K
Event: 4.602 GC heap after
Heap after GC invocations=3 (full 0):
 PSYoungGen      total 68608K, used 5107K [0x00000000eab00000, 0x00000000f3100000, 0x0000000100000000)
  eden space 63488K, 0% used [0x00000000eab00000,0x00000000eab00000,0x00000000ee900000)
  from space 5120K, 99% used [0x00000000ee900000,0x00000000eedfcd30,0x00000000eee00000)
  to   space 5120K, 0% used [0x00000000f2c00000,0x00000000f2c00000,0x00000000f3100000)
 ParOldGen       total 84992K, used 14997K [0x00000000c0000000, 0x00000000c5300000, 0x00000000eab00000)
  object space 84992K, 17% used [0x00000000c0000000,0x00000000c0ea57b0,0x00000000c5300000)
 Metaspace       used 6278K, capacity 7090K, committed 7296K, reserved 1056768K
  class space    used 592K, capacity 618K, committed 640K, reserved 1048576K
}

Deoptimization events (10 events):
Event: 2.655 Thread 0x0000000056a9e000 Uncommon trap: reason=bimorphic action=maybe_recompile pc=0x0000000002c9b350 method=com.android.dx.ssa.SCCP.simulatePhi(Lcom/android/dx/ssa/PhiInsn;)V @ 124
Event: 2.657 Thread 0x0000000056a9e000 Uncommon trap: reason=bimorphic action=maybe_recompile pc=0x0000000002c9b350 method=com.android.dx.ssa.SCCP.simulatePhi(Lcom/android/dx/ssa/PhiInsn;)V @ 124
Event: 2.657 Thread 0x0000000056a9e000 Uncommon trap: reason=bimorphic action=maybe_recompile pc=0x0000000002c9b350 method=com.android.dx.ssa.SCCP.simulatePhi(Lcom/android/dx/ssa/PhiInsn;)V @ 124
Event: 4.317 Thread 0x000000000224e800 Uncommon trap: reason=unloaded action=reinterpret pc=0x0000000002e81d84 method=com.android.dx.cf.cst.ConstantPoolParser.parse0(ILjava/util/BitSet;)Lcom/android/dx/rop/cst/Constant; @ 176
Event: 4.317 Thread 0x0000000056a91800 Uncommon trap: reason=uninitialized action=reinterpret pc=0x0000000002e5d3a0 method=com.android.dx.cf.code.BytecodeArray.parseInstruction(ILcom/android/dx/cf/code/BytecodeArray$Visitor;)I @ 1031
Event: 4.318 Thread 0x0000000056a91800 Uncommon trap: reason=unstable_if action=reinterpret pc=0x0000000002b6f400 method=java.util.HashMap.putVal(ILjava/lang/Object;Ljava/lang/Object;ZZ)Ljava/lang/Object; @ 162
Event: 4.332 Thread 0x0000000056a91800 Uncommon trap: reason=unstable_if action=reinterpret pc=0x0000000002a7260c method=java.util.HashMap.getNode(ILjava/lang/Object;)Ljava/util/HashMap$Node; @ 84
Event: 4.334 Thread 0x0000000056a91800 Uncommon trap: reason=unstable_if action=reinterpret pc=0x0000000002b6e75c method=java.util.HashMap.getNode(ILjava/lang/Object;)Ljava/util/HashMap$Node; @ 84
Event: 4.375 Thread 0x0000000056a91800 Uncommon trap: reason=bimorphic action=maybe_recompile pc=0x0000000002e9fc90 method=com.android.dx.cf.code.RopperMachine.run(Lcom/android/dx/cf/code/Frame;II)V @ 988
Event: 4.899 Thread 0x0000000056aa0800 Uncommon trap: reason=unstable_if action=reinterpret pc=0x0000000002ed4944 method=java.util.HashMap.resize()[Ljava/util/HashMap$Node; @ 206

Internal exceptions (6 events):
Event: 0.269 Thread 0x000000000224e800 Exception <a 'java/lang/NoSuchMethodError': Method sun.misc.Unsafe.defineClass(Ljava/lang/String;[BII)Ljava/lang/Class; name or signature does not match> (0x00000000eab07cc0) thrown at [C:\src\android\AOSP-openjdk\external\jetbrains\jdk\hotspot\src\share\vÜâ¹)“=Ñ?
Event: 0.269 Thread 0x000000000224e800 Exception <a 'java/lang/NoSuchMethodError': Method sun.misc.Unsafe.prefetchRead(Ljava/lang/Object;J)V name or signature does not match> (0x00000000eab07fa8) thrown at [C:\src\android\AOSP-openjdk\external\jetbrains\jdk\hotspot\src\share\vm\prims\jni.cpp, ljàôµ¤÷ø?
Event: 1.560 Thread 0x0000000056a91800 Implicit null exception at 0x0000000002bd4f52 to 0x0000000002bd5042
Event: 4.330 Thread 0x0000000056a91800 Exception <a 'java/lang/ArrayIndexOutOfBoundsException': 18> (0x00000000ed4e08b0) thrown at [C:\src\android\AOSP-openjdk\external\jetbrains\jdk\hotspot\src\share\vm\interpreter\interpreterRuntime.cpp, line 366]
Event: 4.331 Thread 0x0000000056a91800 Exception <a 'java/lang/ArrayIndexOutOfBoundsException': 145> (0x00000000ed4e2430) thrown at [C:\src\android\AOSP-openjdk\external\jetbrains\jdk\hotspot\src\share\vm\interpreter\interpreterRuntime.cpp, line 366]
Event: 4.331 Thread 0x0000000056a91800 Exception <a 'java/lang/ArrayIndexOutOfBoundsException'> (0x00000000ed4e3718) thrown at [C:\src\android\AOSP-openjdk\external\jetbrains\jdk\hotspot\src\share\vm\runtime\sharedRuntime.cpp, line 605]

Events (10 events):
Event: 4.376 Thread 0x0000000056a91800 DEOPT UNPACKING pc=0x00000000028975bf sp=0x000000005886e7b0 mode 0
Event: 4.473 Thread 0x0000000056aa0800 DEOPT PACKING pc=0x0000000002be4ecf sp=0x0000000058ceec00
Event: 4.473 Thread 0x0000000056aa0800 DEOPT UNPACKING pc=0x00000000028975bf sp=0x0000000058cee9c8 mode 0
Event: 4.474 Thread 0x0000000056aa0800 DEOPT PACKING pc=0x0000000002c74e89 sp=0x0000000058ceec70
Event: 4.474 Thread 0x0000000056aa0800 DEOPT UNPACKING pc=0x00000000028975bf sp=0x0000000058ceeaa0 mode 0
Event: 4.479 Executing VM operation: ParallelGCFailedAllocation
Event: 4.602 Executing VM operation: ParallelGCFailedAllocation done
Event: 4.899 Thread 0x0000000056aa0800 Uncommon trap: trap_request=0xffffff65 fr.pc=0x0000000002ed4944
Event: 4.899 Thread 0x0000000056aa0800 DEOPT PACKING pc=0x0000000002ed4944 sp=0x0000000058ceebb0
Event: 4.899 Thread 0x0000000056aa0800 DEOPT UNPACKING pc=0x000000000289556a sp=0x0000000058ceeb18 mode 2


Dynamic libraries:
0x000000013f0c0000 - 0x000000013f0f1000 	C:\Program Files\Android\Android Studio\jre\bin\java.exe
0x0000000077180000 - 0x0000000077329000 	C:\Windows\SYSTEM32\ntdll.dll
0x0000000077060000 - 0x000000007717f000 	C:\Windows\system32\kernel32.dll
0x000007fefd940000 - 0x000007fefd9ac000 	C:\Windows\system32\KERNELBASE.dll
0x000007feff3b0000 - 0x000007feff48b000 	C:\Windows\system32\ADVAPI32.dll
0x000007feff1a0000 - 0x000007feff23f000 	C:\Windows\system32\msvcrt.dll
0x000007fefed50000 - 0x000007fefed6f000 	C:\Windows\SYSTEM32\sechost.dll
0x000007fefec00000 - 0x000007fefed2d000 	C:\Windows\system32\RPCRT4.dll
0x0000000076f60000 - 0x000000007705a000 	C:\Windows\system32\USER32.dll
0x000007fefe9f0000 - 0x000007fefea57000 	C:\Windows\system32\GDI32.dll
0x000007fefed30000 - 0x000007fefed3e000 	C:\Windows\system32\LPK.dll
0x000007fefea90000 - 0x000007fefeb59000 	C:\Windows\system32\USP10.dll
0x000007fefbe40000 - 0x000007fefc034000 	C:\Windows\WinSxS\amd64_microsoft.windows.common-controls_6595b64144ccf1df_6.0.7601.17514_none_fa396087175ac9ac\COMCTL32.dll
0x000007fefeb80000 - 0x000007fefebf1000 	C:\Windows\system32\SHLWAPI.dll
0x000007fefea60000 - 0x000007fefea8e000 	C:\Windows\system32\IMM32.DLL
0x000007feff240000 - 0x000007feff349000 	C:\Windows\system32\MSCTF.dll
0x0000000061f00000 - 0x0000000061fd2000 	C:\Program Files\Android\Android Studio\jre\jre\bin\msvcr100.dll
0x000000005f4a0000 - 0x000000005fcd4000 	C:\Program Files\Android\Android Studio\jre\jre\bin\server\jvm.dll
0x000007feec580000 - 0x000007feec589000 	C:\Windows\system32\WSOCK32.dll
0x000007fefee50000 - 0x000007fefee9d000 	C:\Windows\system32\WS2_32.dll
0x000007fefed40000 - 0x000007fefed48000 	C:\Windows\system32\NSI.dll
0x000007fefaf00000 - 0x000007fefaf3b000 	C:\Windows\system32\WINMM.dll
0x000007fefc6e0000 - 0x000007fefc6ec000 	C:\Windows\system32\VERSION.dll
0x0000000077340000 - 0x0000000077347000 	C:\Windows\system32\PSAPI.DLL
0x000007fef83d0000 - 0x000007fef83df000 	C:\Program Files\Android\Android Studio\jre\jre\bin\verify.dll
0x000007fef82f0000 - 0x000007fef8319000 	C:\Program Files\Android\Android Studio\jre\jre\bin\java.dll
0x000007fef7780000 - 0x000007fef7796000 	C:\Program Files\Android\Android Studio\jre\jre\bin\zip.dll
0x000007fefd9b0000 - 0x000007fefe738000 	C:\Windows\system32\SHELL32.dll
0x000007fefe7e0000 - 0x000007fefe9e3000 	C:\Windows\system32\ole32.dll
0x000007fefd5e0000 - 0x000007fefd5ef000 	C:\Windows\system32\profapi.dll

VM Arguments:
jvm_args: -Djava.awt.headless=true -Xmx1024M -Dfile.encoding=windows-1252 -Duser.country=FR -Duser.language=fr -Duser.variant 
java_command: com.android.dx.command.Main --dex --force-jumbo --num-threads=4 --multi-dex --output C:\Users\rhakanjin.Newsco\Desktop\workspaceAndroid\friendzone\app\build\intermediates\transforms\dex\debug\folders\1000\10\com.google.firebase-firebase-database-10.0.1_70ab2c872184591c5dde02e2d5a6871dd0ed8df3 C:\Users\rhakanjin.Newsco\Desktop\workspaceAndroid\friendzone\app\build\intermediates\exploded-aar\com.google.firebase\firebase-database\10.0.1\jars\classes.jar
java_class_path (initial): C:\Users\rhakanjin.Newsco\AppData\Local\Android\sdk\build-tools\25.0.2\lib\dx.jar
Launcher Type: SUN_STANDARD

Environment Variables:
PATH=c:\Program Files (x86)\Intel\iCLS Client\;c:\Program Files\Intel\iCLS Client\;C:\Windows\system32;C:\Windows;C:\Windows\System32\Wbem;C:\Windows\System32\WindowsPowerShell\v1.0\;c:\Program Files (x86)\Common Files\Roxio Shared\DLLShared\;c:\Program Files (x86)\Common Files\Roxio Shared\10.0\DLLShared\;C:\Program Files\Intel\Intel(R) Management Engine Components\DAL;C:\Program Files\Intel\Intel(R) Management Engine Components\IPT;C:\Program Files (x86)\Intel\Intel(R) Management Engine Components\DAL;C:\Program Files (x86)\Intel\Intel(R) Management Engine Components\IPT;C:\Program Files\nodejs\;C:\RailsInstaller\Ruby2.3.0\bin;c:\Program Files (x86)\Intel\iCLS Client\;c:\Program Files\Intel\iCLS Client\;C:\Windows\system32;C:\Windows;C:\Windows\System32\Wbem;C:\Windows\System32\WindowsPowerShell\v1.0\;c:\Program Files (x86)\Common Files\Roxio Shared\DLLShared\;c:\Program Files (x86)\Common Files\Roxio Shared\10.0\DLLShared\;C:\Program Files\Intel\Intel(R) Management Engine Components\DAL;C:\Program Files\Intel\Intel(R) Management Engine Components\IPT;C:\Program Files (x86)\Intel\Intel(R) Management Engine Components\DAL;C:\Program Files (x86)\Intel\Intel(R) Management Engine Components\IPT;C:\Users\rhakanjin.Newsco\AppData\Local\Programs\Git\cmd;C:\Users\rhakanjin.Newsco\AppData\Roaming\npm
USERNAME=rhakanjin
OS=Windows_NT
PROCESSOR_IDENTIFIER=Intel64 Family 6 Model 58 Stepping 9, GenuineIntel



---------------  S Y S T E M  ---------------

OS: Windows 7 , 64 bit Build 7601 (6.1.7601.17651)

CPU:total 8 (4 cores per cpu, 2 threads per core) family 6 model 58 stepping 9, cmov, cx8, fxsr, mmx, sse, sse2, sse3, ssse3, sse4.1, sse4.2, popcnt, avx, aes, clmul, erms, ht, tsc, tscinvbit, tscinv

Memory: 4k page, physical 8063920k(462804k free), swap 12256372k(7728k free)

vm_info: OpenJDK 64-Bit Server VM (25.76-b03) for windows-amd64 JRE (1.8.0_76-release-b03), built on Jun 29 2016 19:09:20 by "ralucas" with MS VC++ 10.0 (VS2010)

time: Mon Feb 13 13:49:58 2017
elapsed time: 5 seconds (0d 0h 0m 5s)

