#
# There is insufficient memory for the Java Runtime Environment to continue.
# Native memory allocation (malloc) failed to allocate 411936 bytes for Chunk::new
# Possible reasons:
#   The system is out of physical RAM or swap space
#   In 32 bit mode, the process size limit was hit
# Possible solutions:
#   Reduce memory load on the system
#   Increase physical memory or swap space
#   Check if swap backing store is full
#   Use 64 bit Java on a 64 bit OS
#   Decrease Java heap size (-Xmx/-Xms)
#   Decrease number of Java threads
#   Decrease Java thread stack sizes (-Xss)
#   Set larger code cache with -XX:ReservedCodeCacheSize=
# This output file may be truncated or incomplete.
#
#  Out of Memory Error (allocation.cpp:390), pid=4336, tid=0x0000000000002230
#
# JRE version: OpenJDK Runtime Environment (8.0_76-b03) (build 1.8.0_76-release-b03)
# Java VM: OpenJDK 64-Bit Server VM (25.76-b03 mixed mode windows-amd64 compressed oops)
# Failed to write core dump. Minidumps are not enabled by default on client versions of Windows
#

---------------  T H R E A D  ---------------

Current thread (0x0000000016670800):  JavaThread "C2 CompilerThread2" daemon [_thread_in_native, id=8752, stack(0x0000000017f40000,0x0000000018040000)]

Stack: [0x0000000017f40000,0x0000000018040000]
[error occurred during error reporting (printing stack bounds), id 0xc0000005]

Native frames: (J=compiled Java code, j=interpreted, Vv=VM code, C=native code)


Current CompileTask:
C2:   1726 1280       4       com.android.dx.ssa.LocalVariableExtractor::processBlock (383 bytes)


---------------  P R O C E S S  ---------------

Java Threads: ( => current thread )
  0x0000000016991000 JavaThread "pool-2-thread-4" [_thread_blocked, id=3516, stack(0x0000000019290000,0x0000000019390000)]
  0x0000000016938000 JavaThread "pool-2-thread-3" [_thread_in_Java, id=3420, stack(0x00000000181c0000,0x00000000182c0000)]
  0x000000001692d000 JavaThread "pool-2-thread-2" [_thread_in_Java, id=3444, stack(0x0000000019140000,0x0000000019240000)]
  0x00000000168d3800 JavaThread "pool-3-thread-1" [_thread_blocked, id=6040, stack(0x0000000018fa0000,0x00000000190a0000)]
  0x00000000168d2800 JavaThread "pool-2-thread-1" [_thread_blocked, id=1072, stack(0x0000000018ea0000,0x0000000018fa0000)]
  0x0000000016706800 JavaThread "Service Thread" daemon [_thread_blocked, id=6932, stack(0x0000000018350000,0x0000000018450000)]
  0x00000000166c0000 JavaThread "C1 CompilerThread3" daemon [_thread_in_native, id=2608, stack(0x0000000018080000,0x0000000018180000)]
=>0x0000000016670800 JavaThread "C2 CompilerThread2" daemon [_thread_in_native, id=8752, stack(0x0000000017f40000,0x0000000018040000)]
  0x0000000016669800 JavaThread "C2 CompilerThread1" daemon [_thread_in_native, id=3504, stack(0x0000000017cd0000,0x0000000017dd0000)]
  0x0000000016664800 JavaThread "C2 CompilerThread0" daemon [_thread_in_native, id=7932, stack(0x0000000017e00000,0x0000000017f00000)]
  0x000000001665e800 JavaThread "Attach Listener" daemon [_thread_blocked, id=5160, stack(0x0000000017aa0000,0x0000000017ba0000)]
  0x000000001665d000 JavaThread "Signal Dispatcher" daemon [_thread_blocked, id=2880, stack(0x0000000017bd0000,0x0000000017cd0000)]
  0x00000000156b5800 JavaThread "Finalizer" daemon [_thread_blocked, id=5156, stack(0x0000000017940000,0x0000000017a40000)]
  0x00000000156b4800 JavaThread "Reference Handler" daemon [_thread_blocked, id=2080, stack(0x0000000017740000,0x0000000017840000)]
  0x000000000028e800 JavaThread "main" [_thread_blocked, id=6584, stack(0x0000000002570000,0x0000000002670000)]

Other Threads:
  0x0000000016610800 VMThread [stack: 0x0000000017610000,0x0000000017710000] [id=5864]
  0x00000000166f1000 WatcherThread [stack: 0x00000000184a0000,0x00000000185a0000] [id=2932]

VM state:not at safepoint (normal execution)

VM Mutex/Monitor currently owned by a thread: None

Heap:
 PSYoungGen      total 36864K, used 21469K [0x00000000eab00000, 0x00000000ef300000, 0x0000000100000000)
  eden space 31744K, 51% used [0x00000000eab00000,0x00000000ebaf7ac0,0x00000000eca00000)
  from space 5120K, 99% used [0x00000000eca00000,0x00000000eceffbe8,0x00000000ecf00000)
  to   space 5120K, 0% used [0x00000000eee00000,0x00000000eee00000,0x00000000ef300000)
 ParOldGen       total 84992K, used 616K [0x00000000c0000000, 0x00000000c5300000, 0x00000000eab00000)
  object space 84992K, 0% used [0x00000000c0000000,0x00000000c009a360,0x00000000c5300000)
 Metaspace       used 5893K, capacity 6896K, committed 7040K, reserved 1056768K
  class space    used 569K, capacity 616K, committed 640K, reserved 1048576K

Card table byte_map: [0x0000000011d00000,0x0000000011f10000] byte_map_base: 0x0000000011700000

Marking Bits: (ParMarkBitMap*) 0x00000000509a9d00
 Begin Bits: [0x0000000012ad0000, 0x0000000013ad0000)
 End Bits:   [0x0000000013ad0000, 0x0000000014ad0000)

Polling page: 0x0000000000240000

CodeCache: size=245760Kb used=5106Kb max_used=5106Kb free=240653Kb
 bounds [0x0000000002940000, 0x0000000002e50000, 0x0000000011940000]
 total_blobs=1562 nmethods=1295 adapters=181
 compilation: enabled

Compilation events (10 events):
Event: 1.723 Thread 0x00000000166c0000 nmethod 1314 0x0000000002e37ed0 code [0x0000000002e38120, 0x0000000002e38c58]
Event: 1.723 Thread 0x00000000166c0000 1310       3       com.android.dx.rop.code.BasicBlockList::<init> (11 bytes)
Event: 1.723 Thread 0x00000000166c0000 nmethod 1310 0x0000000002e39310 code [0x0000000002e39480, 0x0000000002e39738]
Event: 1.723 Thread 0x00000000166c0000 1311       3       com.android.dx.cf.code.ConcreteMethod::getMaxLocals (8 bytes)
Event: 1.723 Thread 0x00000000166c0000 nmethod 1311 0x0000000002e39850 code [0x0000000002e399a0, 0x0000000002e39b90]
Event: 1.723 Thread 0x00000000166c0000 1306       3       com.android.dx.dex.file.ClassDefItem::addVirtualMethod (9 bytes)
Event: 1.724 Thread 0x00000000166c0000 nmethod 1306 0x0000000002e39c50 code [0x0000000002e39e00, 0x0000000002e3a4b8]
Event: 1.724 Thread 0x00000000166c0000 1317       3       com.android.dx.ssa.DomFront::<init> (60 bytes)
Event: 1.724 Thread 0x00000000166c0000 nmethod 1317 0x0000000002e3a890 code [0x0000000002e3aa20, 0x0000000002e3b050]
Event: 1.724 Thread 0x00000000166c0000 1318       3       com.android.dx.ssa.DomFront::run (264 bytes)

GC Heap History (2 events):
Event: 0.995 GC heap before
{Heap before GC invocations=1 (full 0):
 PSYoungGen      total 36864K, used 31744K [0x00000000eab00000, 0x00000000ed400000, 0x0000000100000000)
  eden space 31744K, 100% used [0x00000000eab00000,0x00000000eca00000,0x00000000eca00000)
  from space 5120K, 0% used [0x00000000ecf00000,0x00000000ecf00000,0x00000000ed400000)
  to   space 5120K, 0% used [0x00000000eca00000,0x00000000eca00000,0x00000000ecf00000)
 ParOldGen       total 84992K, used 0K [0x00000000c0000000, 0x00000000c5300000, 0x00000000eab00000)
  object space 84992K, 0% used [0x00000000c0000000,0x00000000c0000000,0x00000000c5300000)
 Metaspace       used 5777K, capacity 6832K, committed 7040K, reserved 1056768K
  class space    used 569K, capacity 616K, committed 640K, reserved 1048576K
Event: 1.049 GC heap after
Heap after GC invocations=1 (full 0):
 PSYoungGen      total 36864K, used 5118K [0x00000000eab00000, 0x00000000ef300000, 0x0000000100000000)
  eden space 31744K, 0% used [0x00000000eab00000,0x00000000eab00000,0x00000000eca00000)
  from space 5120K, 99% used [0x00000000eca00000,0x00000000eceffbe8,0x00000000ecf00000)
  to   space 5120K, 0% used [0x00000000eee00000,0x00000000eee00000,0x00000000ef300000)
 ParOldGen       total 84992K, used 616K [0x00000000c0000000, 0x00000000c5300000, 0x00000000eab00000)
  object space 84992K, 0% used [0x00000000c0000000,0x00000000c009a360,0x00000000c5300000)
 Metaspace       used 5777K, capacity 6832K, committed 7040K, reserved 1056768K
  class space    used 569K, capacity 616K, committed 640K, reserved 1048576K
}

Deoptimization events (5 events):
Event: 0.528 Thread 0x000000000028e800 Uncommon trap: reason=unstable_if action=reinterpret pc=0x0000000002a83648 method=java.lang.String.indexOf(II)I @ 49
Event: 0.860 Thread 0x000000000028e800 Uncommon trap: reason=unstable_if action=reinterpret pc=0x0000000002bcbb8c method=java.util.HashMap.getNode(ILjava/lang/Object;)Ljava/util/HashMap$Node; @ 129
Event: 0.860 Thread 0x000000000028e800 Uncommon trap: reason=unstable_if action=reinterpret pc=0x0000000002b465bc method=java.util.HashMap.getNode(ILjava/lang/Object;)Ljava/util/HashMap$Node; @ 129
Event: 0.862 Thread 0x000000000028e800 Uncommon trap: reason=unstable_if action=reinterpret pc=0x0000000002b4f5b0 method=java.util.HashMap.getNode(ILjava/lang/Object;)Ljava/util/HashMap$Node; @ 129
Event: 0.889 Thread 0x00000000168d2800 Uncommon trap: reason=unstable_if action=reinterpret pc=0x0000000002b4fbe0 method=java.util.BitSet.nextSetBit(I)I @ 87

Internal exceptions (2 events):
Event: 0.228 Thread 0x000000000028e800 Exception <a 'java/lang/NoSuchMethodError': Method sun.misc.Unsafe.defineClass(Ljava/lang/String;[BII)Ljava/lang/Class; name or signature does not match> (0x00000000eab07cc0) thrown at [C:\src\android\AOSP-openjdk\external\jetbrains\jdk\hotspot\src\share\v ŸRB<Í?
Event: 0.228 Thread 0x000000000028e800 Exception <a 'java/lang/NoSuchMethodError': Method sun.misc.Unsafe.prefetchRead(Ljava/lang/Object;J)V name or signature does not match> (0x00000000eab07fa8) thrown at [C:\src\android\AOSP-openjdk\external\jetbrains\jdk\hotspot\src\share\vm\prims\jni.cpp, l

Events (10 events):
Event: 0.889 Thread 0x00000000168d2800 DEOPT PACKING pc=0x0000000002b4fbe0 sp=0x0000000018f9ebb0
Event: 0.889 Thread 0x00000000168d2800 DEOPT UNPACKING pc=0x000000000298556a sp=0x0000000018f9eb48 mode 2
Event: 0.917 Executing VM operation: ForceSafepoint
Event: 0.917 Executing VM operation: ForceSafepoint done
Event: 0.973 loading class java/util/DualPivotQuicksort
Event: 0.973 loading class java/util/DualPivotQuicksort done
Event: 0.995 Executing VM operation: ParallelGCFailedAllocation
Event: 1.049 Executing VM operation: ParallelGCFailedAllocation done
Event: 1.632 Thread 0x0000000016938000 DEOPT PACKING pc=0x0000000002be9827 sp=0x00000000182be4e0
Event: 1.632 Thread 0x0000000016938000 DEOPT UNPACKING pc=0x00000000029875bf sp=0x00000000182be250 mode 0


Dynamic libraries:
0x000000013f6a0000 - 0x000000013f6d1000 	C:\Program Files\Android\Android Studio\jre\bin\java.exe
0x0000000077180000 - 0x0000000077329000 	C:\Windows\SYSTEM32\ntdll.dll
0x0000000077060000 - 0x000000007717f000 	C:\Windows\system32\kernel32.dll
0x000007fefd940000 - 0x000007fefd9ac000 	C:\Windows\system32\KERNELBASE.dll
0x000007feff3b0000 - 0x000007feff48b000 	C:\Windows\system32\ADVAPI32.dll
0x000007feff1a0000 - 0x000007feff23f000 	C:\Windows\system32\msvcrt.dll
0x000007fefed50000 - 0x000007fefed6f000 	C:\Windows\SYSTEM32\sechost.dll
0x000007fefec00000 - 0x000007fefed2d000 	C:\Windows\system32\RPCRT4.dll
0x0000000076f60000 - 0x000000007705a000 	C:\Windows\system32\USER32.dll
0x000007fefe9f0000 - 0x000007fefea57000 	C:\Windows\system32\GDI32.dll
0x000007fefed30000 - 0x000007fefed3e000 	C:\Windows\system32\LPK.dll
0x000007fefea90000 - 0x000007fefeb59000 	C:\Windows\system32\USP10.dll
0x000007fefbe40000 - 0x000007fefc034000 	C:\Windows\WinSxS\amd64_microsoft.windows.common-controls_6595b64144ccf1df_6.0.7601.17514_none_fa396087175ac9ac\COMCTL32.dll
0x000007fefeb80000 - 0x000007fefebf1000 	C:\Windows\system32\SHLWAPI.dll
0x000007fefea60000 - 0x000007fefea8e000 	C:\Windows\system32\IMM32.DLL
0x000007feff240000 - 0x000007feff349000 	C:\Windows\system32\MSCTF.dll
0x0000000065460000 - 0x0000000065532000 	C:\Program Files\Android\Android Studio\jre\jre\bin\msvcr100.dll
0x00000000501f0000 - 0x0000000050a24000 	C:\Program Files\Android\Android Studio\jre\jre\bin\server\jvm.dll
0x000007feec580000 - 0x000007feec589000 	C:\Windows\system32\WSOCK32.dll
0x000007fefee50000 - 0x000007fefee9d000 	C:\Windows\system32\WS2_32.dll
0x000007fefed40000 - 0x000007fefed48000 	C:\Windows\system32\NSI.dll
0x000007fefaf00000 - 0x000007fefaf3b000 	C:\Windows\system32\WINMM.dll
0x000007fefc6e0000 - 0x000007fefc6ec000 	C:\Windows\system32\VERSION.dll
0x0000000077340000 - 0x0000000077347000 	C:\Windows\system32\PSAPI.DLL
0x000007fef8e90000 - 0x000007fef8e9f000 	C:\Program Files\Android\Android Studio\jre\jre\bin\verify.dll
0x000007fef8440000 - 0x000007fef8469000 	C:\Program Files\Android\Android Studio\jre\jre\bin\java.dll
0x000007fef83f0000 - 0x000007fef8406000 	C:\Program Files\Android\Android Studio\jre\jre\bin\zip.dll
0x000007fefd9b0000 - 0x000007fefe738000 	C:\Windows\system32\SHELL32.dll
0x000007fefe7e0000 - 0x000007fefe9e3000 	C:\Windows\system32\ole32.dll
0x000007fefd5e0000 - 0x000007fefd5ef000 	C:\Windows\system32\profapi.dll

VM Arguments:
jvm_args: -Djava.awt.headless=true -Xmx1024M -Dfile.encoding=windows-1252 -Duser.country=FR -Duser.language=fr -Duser.variant 
java_command: com.android.dx.command.Main --dex --force-jumbo --num-threads=4 --multi-dex --output C:\Users\rhakanjin.Newsco\Desktop\workspaceAndroid\friendzone\app\build\intermediates\transforms\dex\debug\folders\1000\10\com.google.android.gms-play-services-maps-10.0.1_1dc0e85a7611416917d4f99e2752e857400f6780 C:\Users\rhakanjin.Newsco\Desktop\workspaceAndroid\friendzone\app\build\intermediates\exploded-aar\com.google.android.gms\play-services-maps\10.0.1\jars\classes.jar
java_class_path (initial): C:\Users\rhakanjin.Newsco\AppData\Local\Android\sdk\build-tools\25.0.2\lib\dx.jar
Launcher Type: SUN_STANDARD

Environment Variables:
PATH=c:\Program Files (x86)\Intel\iCLS Client\;c:\Program Files\Intel\iCLS Client\;C:\Windows\system32;C:\Windows;C:\Windows\System32\Wbem;C:\Windows\System32\WindowsPowerShell\v1.0\;c:\Program Files (x86)\Common Files\Roxio Shared\DLLShared\;c:\Program Files (x86)\Common Files\Roxio Shared\10.0\DLLShared\;C:\Program Files\Intel\Intel(R) Management Engine Components\DAL;C:\Program Files\Intel\Intel(R) Management Engine Components\IPT;C:\Program Files (x86)\Intel\Intel(R) Management Engine Components\DAL;C:\Program Files (x86)\Intel\Intel(R) Management Engine Components\IPT;C:\Program Files\nodejs\;C:\RailsInstaller\Ruby2.3.0\bin;c:\Program Files (x86)\Intel\iCLS Client\;c:\Program Files\Intel\iCLS Client\;C:\Windows\system32;C:\Windows;C:\Windows\System32\Wbem;C:\Windows\System32\WindowsPowerShell\v1.0\;c:\Program Files (x86)\Common Files\Roxio Shared\DLLShared\;c:\Program Files (x86)\Common Files\Roxio Shared\10.0\DLLShared\;C:\Program Files\Intel\Intel(R) Management Engine Components\DAL;C:\Program Files\Intel\Intel(R) Management Engine Components\IPT;C:\Program Files (x86)\Intel\Intel(R) Management Engine Components\DAL;C:\Program Files (x86)\Intel\Intel(R) Management Engine Components\IPT;C:\Users\rhakanjin.Newsco\AppData\Local\Programs\Git\cmd;C:\Users\rhakanjin.Newsco\AppData\Roaming\npm
USERNAME=rhakanjin
OS=Windows_NT
PROCESSOR_IDENTIFIER=Intel64 Family 6 Model 58 Stepping 9, GenuineIntel



---------------  S Y S T E M  ---------------

OS: Windows 7 , 64 bit Build 7601 (6.1.7601.17651)

CPU:total 8 (4 cores per cpu, 2 threads per core) family 6 model 58 stepping 9, cmov, cx8, fxsr, mmx, sse, sse2, sse3, ssse3, sse4.1, sse4.2, popcnt, avx, aes, clmul, erms, ht, tsc, tscinvbit, tscinv

Memory: 4k page, physical 8063920k(739800k free), swap 12256372k(5260k free)

vm_info: OpenJDK 64-Bit Server VM (25.76-b03) for windows-amd64 JRE (1.8.0_76-release-b03), built on Jun 29 2016 19:09:20 by "ralucas" with MS VC++ 10.0 (VS2010)

time: Thu Feb 16 11:38:57 2017
elapsed time: 1 seconds (0d 0h 0m 1s)

