#
# There is insufficient memory for the Java Runtime Environment to continue.
# Native memory allocation (malloc) failed to allocate 1035696 bytes for Chunk::new
# Possible reasons:
#   The system is out of physical RAM or swap space
#   In 32 bit mode, the process size limit was hit
# Possible solutions:
#   Reduce memory load on the system
#   Increase physical memory or swap space
#   Check if swap backing store is full
#   Use 64 bit Java on a 64 bit OS
#   Decrease Java heap size (-Xmx/-Xms)
#   Decrease number of Java threads
#   Decrease Java thread stack sizes (-Xss)
#   Set larger code cache with -XX:ReservedCodeCacheSize=
# This output file may be truncated or incomplete.
#
#  Out of Memory Error (allocation.cpp:390), pid=5660, tid=0x0000000000001a40
#
# JRE version: OpenJDK Runtime Environment (8.0_76-b03) (build 1.8.0_76-release-b03)
# Java VM: OpenJDK 64-Bit Server VM (25.76-b03 mixed mode windows-amd64 compressed oops)
# Failed to write core dump. Minidumps are not enabled by default on client versions of Windows
#

---------------  T H R E A D  ---------------

Current thread (0x00000000565b8800):  JavaThread "C2 CompilerThread1" daemon [_thread_in_native, id=6720, stack(0x0000000057770000,0x0000000057870000)]

Stack: [0x0000000057770000,0x0000000057870000]
[error occurred during error reporting (printing stack bounds), id 0xc0000005]

Native frames: (J=compiled Java code, j=interpreted, Vv=VM code, C=native code)


Current CompileTask:
C2:   3388 1010       4       com.android.dx.ssa.back.LivenessAnalyzer::run (231 bytes)


---------------  P R O C E S S  ---------------

Java Threads: ( => current thread )
  0x0000000058a14800 JavaThread "pool-2-thread-4" [_thread_blocked, id=7528, stack(0x00000000590c0000,0x00000000591c0000)]
  0x000000005673f800 JavaThread "pool-2-thread-3" [_thread_blocked, id=6964, stack(0x00000000587c0000,0x00000000588c0000)]
  0x000000005673e000 JavaThread "pool-2-thread-2" [_thread_blocked, id=5476, stack(0x0000000058580000,0x0000000058680000)]
  0x0000000056730800 JavaThread "pool-3-thread-1" [_thread_blocked, id=5716, stack(0x00000000586c0000,0x00000000587c0000)]
  0x000000005672e000 JavaThread "pool-2-thread-1" [_thread_blocked, id=3472, stack(0x0000000058400000,0x0000000058500000)]
  0x000000005661d800 JavaThread "Service Thread" daemon [_thread_blocked, id=9164, stack(0x00000000580a0000,0x00000000581a0000)]
  0x00000000565c0000 JavaThread "C1 CompilerThread3" daemon [_thread_blocked, id=9044, stack(0x0000000057f90000,0x0000000058090000)]
  0x00000000565bf000 JavaThread "C2 CompilerThread2" daemon [_thread_in_native, id=5304, stack(0x0000000057e40000,0x0000000057f40000)]
=>0x00000000565b8800 JavaThread "C2 CompilerThread1" daemon [_thread_in_native, id=6720, stack(0x0000000057770000,0x0000000057870000)]
  0x00000000565b6000 JavaThread "C2 CompilerThread0" daemon [_thread_blocked, id=2044, stack(0x0000000057c90000,0x0000000057d90000)]
  0x00000000565b0800 JavaThread "Attach Listener" daemon [_thread_blocked, id=7036, stack(0x0000000057570000,0x0000000057670000)]
  0x00000000565ae800 JavaThread "Signal Dispatcher" daemon [_thread_blocked, id=2328, stack(0x0000000057b50000,0x0000000057c50000)]
  0x00000000553ed800 JavaThread "Finalizer" daemon [_thread_blocked, id=5840, stack(0x00000000579e0000,0x0000000057ae0000)]
  0x00000000553e4800 JavaThread "Reference Handler" daemon [_thread_blocked, id=1500, stack(0x0000000057880000,0x0000000057980000)]
  0x000000000219e800 JavaThread "main" [_thread_blocked, id=5604, stack(0x0000000002310000,0x0000000002410000)]

Other Threads:
  0x0000000056560800 VMThread [stack: 0x0000000057670000,0x0000000057770000] [id=6108]
  0x0000000056621000 WatcherThread [stack: 0x0000000058280000,0x0000000058380000] [id=1796]

VM state:at safepoint (normal execution)

VM Mutex/Monitor currently owned by a thread:  ([mutex/lock_event])
[0x000000000219cb70] Threads_lock - owner thread: 0x0000000056560800
[0x000000000219d070] Heap_lock - owner thread: 0x000000005672e000

Heap:
 PSYoungGen      total 36864K, used 36835K [0x00000000eab00000, 0x00000000ed400000, 0x0000000100000000)
  eden space 31744K, 100% used [0x00000000eab00000,0x00000000eca00000,0x00000000eca00000)
  from space 5120K, 99% used [0x00000000eca00000,0x00000000ecef8f20,0x00000000ecf00000)
  to   space 5120K, 99% used [0x00000000ecf00000,0x00000000ed3f9be8,0x00000000ed400000)
 ParOldGen       total 84992K, used 11152K [0x00000000c0000000, 0x00000000c5300000, 0x00000000eab00000)
  object space 84992K, 13% used [0x00000000c0000000,0x00000000c0ae40b8,0x00000000c5300000)
 Metaspace       used 5638K, capacity 6832K, committed 7040K, reserved 1056768K
  class space    used 557K, capacity 616K, committed 640K, reserved 1048576K

Card table byte_map: [0x0000000011b20000,0x0000000011d30000] byte_map_base: 0x0000000011520000

Marking Bits: (ParMarkBitMap*) 0x000000005ab69d00
 Begin Bits: [0x0000000012800000, 0x0000000013800000)
 End Bits:   [0x0000000013800000, 0x0000000014800000)

Polling page: 0x0000000000430000

CodeCache: size=245760Kb used=5003Kb max_used=5003Kb free=240756Kb
 bounds [0x0000000002760000, 0x0000000002c50000, 0x0000000011760000]
 total_blobs=1442 nmethods=1181 adapters=175
 compilation: enabled

Compilation events (10 events):
Event: 2.201 Thread 0x00000000565c0000 1191       3       com.android.dx.ssa.DeadCodeRemover$NoSideEffectVisitor::visitPhiInsn (22 bytes)
Event: 2.201 Thread 0x00000000565c0000 nmethod 1191 0x0000000002c2c9d0 code [0x0000000002c2cb80, 0x0000000002c2d2c8]
Event: 2.201 Thread 0x00000000565c0000 1192       1       com.android.dx.rop.cst.CstString::getType (4 bytes)
Event: 2.201 Thread 0x00000000565c0000 nmethod 1192 0x0000000002c16f10 code [0x0000000002c17060, 0x0000000002c17170]
Event: 2.203 Thread 0x00000000565c0000 1193       3       com.android.dx.dex.code.RopTranslator$LocalVariableAwareTranslationVisitor::visitPlainCstInsn (11 bytes)
Event: 2.204 Thread 0x00000000565c0000 nmethod 1193 0x0000000002c2b5d0 code [0x0000000002c2b7e0, 0x0000000002c2c318]
Event: 2.204 Thread 0x00000000565c0000 1194       3       com.android.dx.dex.code.RopTranslator$TranslationVisitor::visitPlainCstInsn (161 bytes)
Event: 2.205 Thread 0x00000000565b6000 nmethod 1183% 0x0000000002c46f90 code [0x0000000002c47120, 0x0000000002c47bb8]
Event: 2.205 Thread 0x00000000565b6000 1165       4       com.android.dx.ssa.LocalVariableExtractor::processBlock (383 bytes)
Event: 2.206 Thread 0x00000000565c0000 nmethod 1194 0x0000000002c48610 code [0x0000000002c489c0, 0x0000000002c4adf8]

GC Heap History (3 events):
Event: 1.621 GC heap before
{Heap before GC invocations=1 (full 0):
 PSYoungGen      total 36864K, used 31744K [0x00000000eab00000, 0x00000000ed400000, 0x0000000100000000)
  eden space 31744K, 100% used [0x00000000eab00000,0x00000000eca00000,0x00000000eca00000)
  from space 5120K, 0% used [0x00000000ecf00000,0x00000000ecf00000,0x00000000ed400000)
  to   space 5120K, 0% used [0x00000000eca00000,0x00000000eca00000,0x00000000ecf00000)
 ParOldGen       total 84992K, used 0K [0x00000000c0000000, 0x00000000c5300000, 0x00000000eab00000)
  object space 84992K, 0% used [0x00000000c0000000,0x00000000c0000000,0x00000000c5300000)
 Metaspace       used 5570K, capacity 6768K, committed 7040K, reserved 1056768K
  class space    used 557K, capacity 616K, committed 640K, reserved 1048576K
Event: 1.827 GC heap after
Heap after GC invocations=1 (full 0):
 PSYoungGen      total 36864K, used 5091K [0x00000000eab00000, 0x00000000ed400000, 0x0000000100000000)
  eden space 31744K, 0% used [0x00000000eab00000,0x00000000eab00000,0x00000000eca00000)
  from space 5120K, 99% used [0x00000000eca00000,0x00000000ecef8f20,0x00000000ecf00000)
  to   space 5120K, 0% used [0x00000000ecf00000,0x00000000ecf00000,0x00000000ed400000)
 ParOldGen       total 84992K, used 5305K [0x00000000c0000000, 0x00000000c5300000, 0x00000000eab00000)
  object space 84992K, 6% used [0x00000000c0000000,0x00000000c052e5f0,0x00000000c5300000)
 Metaspace       used 5570K, capacity 6768K, committed 7040K, reserved 1056768K
  class space    used 557K, capacity 616K, committed 640K, reserved 1048576K
}
Event: 2.206 GC heap before
{Heap before GC invocations=2 (full 0):
 PSYoungGen      total 36864K, used 36835K [0x00000000eab00000, 0x00000000ed400000, 0x0000000100000000)
  eden space 31744K, 100% used [0x00000000eab00000,0x00000000eca00000,0x00000000eca00000)
  from space 5120K, 99% used [0x00000000eca00000,0x00000000ecef8f20,0x00000000ecf00000)
  to   space 5120K, 0% used [0x00000000ecf00000,0x00000000ecf00000,0x00000000ed400000)
 ParOldGen       total 84992K, used 5305K [0x00000000c0000000, 0x00000000c5300000, 0x00000000eab00000)
  object space 84992K, 6% used [0x00000000c0000000,0x00000000c052e5f0,0x00000000c5300000)
 Metaspace       used 5638K, capacity 6832K, committed 7040K, reserved 1056768K
  class space    used 557K, capacity 616K, committed 640K, reserved 1048576K

Deoptimization events (8 events):
Event: 0.504 Thread 0x000000005673f800 Uncommon trap: reason=unstable_if action=reinterpret pc=0x000000000291850c method=java.util.HashMap.getNode(ILjava/lang/Object;)Ljava/util/HashMap$Node; @ 129
Event: 0.846 Thread 0x0000000058a14800 Uncommon trap: reason=unstable_if action=reinterpret pc=0x000000000293f1a0 method=java.util.BitSet.nextSetBit(I)I @ 87
Event: 1.974 Thread 0x000000005673e000 Uncommon trap: reason=class_check action=maybe_recompile pc=0x0000000002b5080c method=com.android.dx.ssa.SCCP.setLatticeValueTo(IILcom/android/dx/rop/cst/Constant;)Z @ 43
Event: 1.974 Thread 0x000000005673e000 Uncommon trap: reason=class_check action=maybe_recompile pc=0x0000000002b5080c method=com.android.dx.ssa.SCCP.setLatticeValueTo(IILcom/android/dx/rop/cst/Constant;)Z @ 43
Event: 1.974 Thread 0x000000005673e000 Uncommon trap: reason=class_check action=maybe_recompile pc=0x0000000002b5080c method=com.android.dx.ssa.SCCP.setLatticeValueTo(IILcom/android/dx/rop/cst/Constant;)Z @ 43
Event: 1.975 Thread 0x000000005673e000 Uncommon trap: reason=bimorphic action=maybe_recompile pc=0x0000000002baaa08 method=com.android.dx.rop.code.InsnList.contentEquals(Lcom/android/dx/rop/code/InsnList;)Z @ 38
Event: 1.977 Thread 0x000000005673e000 Uncommon trap: reason=unstable_if action=reinterpret pc=0x0000000002b15df4 method=com.android.dx.cf.code.ByteCatchList.listFor(I)Lcom/android/dx/cf/code/ByteCatchList; @ 19
Event: 2.202 Thread 0x000000005672e000 Uncommon trap: reason=unstable_if action=reinterpret pc=0x0000000002c31b14 method=com.android.dx.rop.code.DexTranslationAdvice.hasConstantOperation(Lcom/android/dx/rop/code/Rop;Lcom/android/dx/rop/code/RegisterSpec;Lcom/android/dx/rop/code/RegisterSpec;)Z 

Internal exceptions (2 events):
Event: 0.043 Thread 0x000000000219e800 Exception <a 'java/lang/NoSuchMethodError': Method sun.misc.Unsafe.defineClass(Ljava/lang/String;[BII)Ljava/lang/Class; name or signature does not match> (0x00000000eab07cc0) thrown at [C:\src\android\AOSP-openjdk\external\jetbrains\jdk\hotspot\src\share\v!U¦?
Event: 0.043 Thread 0x000000000219e800 Exception <a 'java/lang/NoSuchMethodError': Method sun.misc.Unsafe.prefetchRead(Ljava/lang/Object;J)V name or signature does not match> (0x00000000eab07fa8) thrown at [C:\src\android\AOSP-openjdk\external\jetbrains\jdk\hotspot\src\share\vm\prims\jni.cpp, l

Events (10 events):
Event: 2.173 Thread 0x000000005673f800 DEOPT PACKING pc=0x0000000002b792f8 sp=0x00000000588be8d0
Event: 2.173 Thread 0x000000005673f800 DEOPT UNPACKING pc=0x00000000027a75bf sp=0x00000000588be5f8 mode 0
Event: 2.174 Thread 0x000000005673f800 DEOPT PACKING pc=0x0000000002b792f8 sp=0x00000000588beb20
Event: 2.174 Thread 0x000000005673f800 DEOPT UNPACKING pc=0x00000000027a75bf sp=0x00000000588be848 mode 0
Event: 2.174 Thread 0x000000005673f800 DEOPT PACKING pc=0x0000000002b792f8 sp=0x00000000588beb20
Event: 2.174 Thread 0x000000005673f800 DEOPT UNPACKING pc=0x00000000027a75bf sp=0x00000000588be848 mode 0
Event: 2.202 Thread 0x000000005672e000 Uncommon trap: trap_request=0xffffff65 fr.pc=0x0000000002c31b14
Event: 2.202 Thread 0x000000005672e000 DEOPT PACKING pc=0x0000000002c31b14 sp=0x00000000584fe360
Event: 2.202 Thread 0x000000005672e000 DEOPT UNPACKING pc=0x00000000027a556a sp=0x00000000584fe2c0 mode 2
Event: 2.206 Executing VM operation: ParallelGCFailedAllocation


Dynamic libraries:
0x000000013fd90000 - 0x000000013fdc1000 	C:\Program Files\Android\Android Studio\jre\bin\java.exe
0x0000000077180000 - 0x0000000077329000 	C:\Windows\SYSTEM32\ntdll.dll
0x0000000077060000 - 0x000000007717f000 	C:\Windows\system32\kernel32.dll
0x000007fefd940000 - 0x000007fefd9ac000 	C:\Windows\system32\KERNELBASE.dll
0x000007feff3b0000 - 0x000007feff48b000 	C:\Windows\system32\ADVAPI32.dll
0x000007feff1a0000 - 0x000007feff23f000 	C:\Windows\system32\msvcrt.dll
0x000007fefed50000 - 0x000007fefed6f000 	C:\Windows\SYSTEM32\sechost.dll
0x000007fefec00000 - 0x000007fefed2d000 	C:\Windows\system32\RPCRT4.dll
0x0000000076f60000 - 0x000000007705a000 	C:\Windows\system32\USER32.dll
0x000007fefe9f0000 - 0x000007fefea57000 	C:\Windows\system32\GDI32.dll
0x000007fefed30000 - 0x000007fefed3e000 	C:\Windows\system32\LPK.dll
0x000007fefea90000 - 0x000007fefeb59000 	C:\Windows\system32\USP10.dll
0x000007fefbe40000 - 0x000007fefc034000 	C:\Windows\WinSxS\amd64_microsoft.windows.common-controls_6595b64144ccf1df_6.0.7601.17514_none_fa396087175ac9ac\COMCTL32.dll
0x000007fefeb80000 - 0x000007fefebf1000 	C:\Windows\system32\SHLWAPI.dll
0x000007fefea60000 - 0x000007fefea8e000 	C:\Windows\system32\IMM32.DLL
0x000007feff240000 - 0x000007feff349000 	C:\Windows\system32\MSCTF.dll
0x000000006ff80000 - 0x0000000070052000 	C:\Program Files\Android\Android Studio\jre\jre\bin\msvcr100.dll
0x000000005a3b0000 - 0x000000005abe4000 	C:\Program Files\Android\Android Studio\jre\jre\bin\server\jvm.dll
0x000007feec580000 - 0x000007feec589000 	C:\Windows\system32\WSOCK32.dll
0x000007fefee50000 - 0x000007fefee9d000 	C:\Windows\system32\WS2_32.dll
0x000007fefed40000 - 0x000007fefed48000 	C:\Windows\system32\NSI.dll
0x000007fefaf00000 - 0x000007fefaf3b000 	C:\Windows\system32\WINMM.dll
0x000007fefc6e0000 - 0x000007fefc6ec000 	C:\Windows\system32\VERSION.dll
0x0000000077340000 - 0x0000000077347000 	C:\Windows\system32\PSAPI.DLL
0x000007fef8450000 - 0x000007fef845f000 	C:\Program Files\Android\Android Studio\jre\jre\bin\verify.dll
0x000007fef82f0000 - 0x000007fef8319000 	C:\Program Files\Android\Android Studio\jre\jre\bin\java.dll
0x000007fef83f0000 - 0x000007fef8406000 	C:\Program Files\Android\Android Studio\jre\jre\bin\zip.dll
0x000007fefd9b0000 - 0x000007fefe738000 	C:\Windows\system32\SHELL32.dll
0x000007fefe7e0000 - 0x000007fefe9e3000 	C:\Windows\system32\ole32.dll
0x000007fefd5e0000 - 0x000007fefd5ef000 	C:\Windows\system32\profapi.dll

VM Arguments:
jvm_args: -Djava.awt.headless=true -Xmx1024M -Dfile.encoding=windows-1252 -Duser.country=FR -Duser.language=fr -Duser.variant 
java_command: com.android.dx.command.Main --dex --force-jumbo --num-threads=4 --multi-dex --output C:\Users\rhakanjin.Newsco\Desktop\workspaceAndroid\friendzone\app\build\intermediates\transforms\dex\debug\folders\1000\5\slice_5 C:\Users\rhakanjin.Newsco\Desktop\workspaceAndroid\friendzone\app\build\intermediates\transforms\instantRunSlicer\debug\folders\1\5\slice_5
java_class_path (initial): C:\Users\rhakanjin.Newsco\AppData\Local\Android\sdk\build-tools\25.0.2\lib\dx.jar
Launcher Type: SUN_STANDARD

Environment Variables:
PATH=c:\Program Files (x86)\Intel\iCLS Client\;c:\Program Files\Intel\iCLS Client\;C:\Windows\system32;C:\Windows;C:\Windows\System32\Wbem;C:\Windows\System32\WindowsPowerShell\v1.0\;c:\Program Files (x86)\Common Files\Roxio Shared\DLLShared\;c:\Program Files (x86)\Common Files\Roxio Shared\10.0\DLLShared\;C:\Program Files\Intel\Intel(R) Management Engine Components\DAL;C:\Program Files\Intel\Intel(R) Management Engine Components\IPT;C:\Program Files (x86)\Intel\Intel(R) Management Engine Components\DAL;C:\Program Files (x86)\Intel\Intel(R) Management Engine Components\IPT;C:\Program Files\nodejs\;C:\RailsInstaller\Ruby2.3.0\bin;c:\Program Files (x86)\Intel\iCLS Client\;c:\Program Files\Intel\iCLS Client\;C:\Windows\system32;C:\Windows;C:\Windows\System32\Wbem;C:\Windows\System32\WindowsPowerShell\v1.0\;c:\Program Files (x86)\Common Files\Roxio Shared\DLLShared\;c:\Program Files (x86)\Common Files\Roxio Shared\10.0\DLLShared\;C:\Program Files\Intel\Intel(R) Management Engine Components\DAL;C:\Program Files\Intel\Intel(R) Management Engine Components\IPT;C:\Program Files (x86)\Intel\Intel(R) Management Engine Components\DAL;C:\Program Files (x86)\Intel\Intel(R) Management Engine Components\IPT;C:\Users\rhakanjin.Newsco\AppData\Local\Programs\Git\cmd;C:\Users\rhakanjin.Newsco\AppData\Roaming\npm
USERNAME=rhakanjin
OS=Windows_NT
PROCESSOR_IDENTIFIER=Intel64 Family 6 Model 58 Stepping 9, GenuineIntel



---------------  S Y S T E M  ---------------

OS: Windows 7 , 64 bit Build 7601 (6.1.7601.17651)

CPU:total 8 (4 cores per cpu, 2 threads per core) family 6 model 58 stepping 9, cmov, cx8, fxsr, mmx, sse, sse2, sse3, ssse3, sse4.1, sse4.2, popcnt, avx, aes, clmul, erms, ht, tsc, tscinvbit, tscinv

Memory: 4k page, physical 8063920k(165980k free), swap 12256372k(29012k free)

vm_info: OpenJDK 64-Bit Server VM (25.76-b03) for windows-amd64 JRE (1.8.0_76-release-b03), built on Jun 29 2016 19:09:20 by "ralucas" with MS VC++ 10.0 (VS2010)

time: Tue Feb 14 11:13:52 2017
elapsed time: 3 seconds (0d 0h 0m 3s)

