#
# There is insufficient memory for the Java Runtime Environment to continue.
# Native memory allocation (malloc) failed to allocate 672496 bytes for Chunk::new
# Possible reasons:
#   The system is out of physical RAM or swap space
#   In 32 bit mode, the process size limit was hit
# Possible solutions:
#   Reduce memory load on the system
#   Increase physical memory or swap space
#   Check if swap backing store is full
#   Use 64 bit Java on a 64 bit OS
#   Decrease Java heap size (-Xmx/-Xms)
#   Decrease number of Java threads
#   Decrease Java thread stack sizes (-Xss)
#   Set larger code cache with -XX:ReservedCodeCacheSize=
# This output file may be truncated or incomplete.
#
#  Out of Memory Error (allocation.cpp:390), pid=6440, tid=0x0000000000000db8
#
# JRE version: OpenJDK Runtime Environment (8.0_76-b03) (build 1.8.0_76-release-b03)
# Java VM: OpenJDK 64-Bit Server VM (25.76-b03 mixed mode windows-amd64 compressed oops)
# Failed to write core dump. Minidumps are not enabled by default on client versions of Windows
#

---------------  T H R E A D  ---------------

Current thread (0x00000000567b6800):  JavaThread "C2 CompilerThread2" daemon [_thread_in_native, id=3512, stack(0x0000000058270000,0x0000000058370000)]

Stack: [0x0000000058270000,0x0000000058370000]
[error occurred during error reporting (printing stack bounds), id 0xc0000005]

Native frames: (J=compiled Java code, j=interpreted, Vv=VM code, C=native code)


Current CompileTask:
C2:   2430 1745       4       com.android.dx.ssa.SCCP::simulatePhi (169 bytes)


---------------  P R O C E S S  ---------------

Java Threads: ( => current thread )
  0x0000000056a86000 JavaThread "pool-2-thread-4" [_thread_blocked, id=2376, stack(0x0000000059690000,0x0000000059790000)]
  0x0000000056a7c000 JavaThread "pool-2-thread-3" [_thread_blocked, id=3816, stack(0x0000000059450000,0x0000000059550000)]
  0x0000000056a48000 JavaThread "pool-2-thread-2" [_thread_in_Java, id=3984, stack(0x00000000592a0000,0x00000000593a0000)]
  0x0000000056a22800 JavaThread "pool-3-thread-1" [_thread_blocked, id=2080, stack(0x00000000590b0000,0x00000000591b0000)]
  0x0000000058799000 JavaThread "pool-2-thread-1" [_thread_blocked, id=5824, stack(0x00000000583a0000,0x00000000584a0000)]
  0x0000000056841000 JavaThread "Service Thread" daemon [_thread_blocked, id=6056, stack(0x0000000058520000,0x0000000058620000)]
  0x00000000567b7800 JavaThread "C1 CompilerThread3" daemon [_thread_blocked, id=8404, stack(0x0000000057f50000,0x0000000058050000)]
=>0x00000000567b6800 JavaThread "C2 CompilerThread2" daemon [_thread_in_native, id=3512, stack(0x0000000058270000,0x0000000058370000)]
  0x00000000567ab800 JavaThread "C2 CompilerThread1" daemon [_thread_in_native, id=1204, stack(0x0000000058100000,0x0000000058200000)]
  0x00000000567a6000 JavaThread "C2 CompilerThread0" daemon [_thread_in_native, id=4908, stack(0x0000000057e30000,0x0000000057f30000)]
  0x00000000567a0800 JavaThread "Attach Listener" daemon [_thread_blocked, id=6644, stack(0x0000000057cb0000,0x0000000057db0000)]
  0x000000005679f000 JavaThread "Signal Dispatcher" daemon [_thread_blocked, id=2952, stack(0x00000000579e0000,0x0000000057ae0000)]
  0x00000000557fd800 JavaThread "Finalizer" daemon [_thread_blocked, id=8480, stack(0x0000000057b70000,0x0000000057c70000)]
  0x00000000557f4800 JavaThread "Reference Handler" daemon [_thread_blocked, id=6604, stack(0x0000000057890000,0x0000000057990000)]
  0x000000000015e800 JavaThread "main" [_thread_blocked, id=8024, stack(0x0000000002240000,0x0000000002340000)]

Other Threads:
  0x0000000056750800 VMThread [stack: 0x0000000057700000,0x0000000057800000] [id=6508]
  0x0000000056801800 WatcherThread [stack: 0x0000000058620000,0x0000000058720000] [id=1824]

VM state:not at safepoint (normal execution)

VM Mutex/Monitor currently owned by a thread: None

Heap:
 PSYoungGen      total 68608K, used 26384K [0x00000000eab00000, 0x00000000ef300000, 0x0000000100000000)
  eden space 63488K, 33% used [0x00000000eab00000,0x00000000ebfca2b8,0x00000000ee900000)
  from space 5120K, 99% used [0x00000000ee900000,0x00000000eedf9fd0,0x00000000eee00000)
  to   space 5120K, 0% used [0x00000000eee00000,0x00000000eee00000,0x00000000ef300000)
 ParOldGen       total 84992K, used 13541K [0x00000000c0000000, 0x00000000c5300000, 0x00000000eab00000)
  object space 84992K, 15% used [0x00000000c0000000,0x00000000c0d396d8,0x00000000c5300000)
 Metaspace       used 6047K, capacity 7152K, committed 7296K, reserved 1056768K
  class space    used 566K, capacity 616K, committed 640K, reserved 1048576K

Card table byte_map: [0x0000000011ab0000,0x0000000011cc0000] byte_map_base: 0x00000000114b0000

Marking Bits: (ParMarkBitMap*) 0x000000005ab69d00
 Begin Bits: [0x0000000012c10000, 0x0000000013c10000)
 End Bits:   [0x0000000013c10000, 0x0000000014c10000)

Polling page: 0x0000000000140000

CodeCache: size=245760Kb used=7094Kb max_used=7116Kb free=238665Kb
 bounds [0x00000000026f0000, 0x0000000002df0000, 0x00000000116f0000]
 total_blobs=1984 nmethods=1721 adapters=176
 compilation: enabled

Compilation events (10 events):
Event: 2.405 Thread 0x00000000567b7800 1792   !   2       java.util.concurrent.ThreadPoolExecutor::getTask (179 bytes)
Event: 2.406 Thread 0x00000000567b7800 nmethod 1792 0x0000000002dc5cd0 code [0x0000000002dc5ea0, 0x0000000002dc6458]
Event: 2.406 Thread 0x00000000567b7800 1793       2       java.util.concurrent.locks.ReentrantLock::lockInterruptibly (9 bytes)
Event: 2.406 Thread 0x00000000567b7800 nmethod 1793 0x0000000002dc3d50 code [0x0000000002dc3ee0, 0x0000000002dc4178]
Event: 2.406 Thread 0x00000000567b7800 1794       2       java.util.concurrent.locks.AbstractQueuedSynchronizer::acquireInterruptibly (28 bytes)
Event: 2.406 Thread 0x00000000567b7800 nmethod 1794 0x0000000002dc5750 code [0x0000000002dc58e0, 0x0000000002dc5b58]
Event: 2.411 Thread 0x00000000567a6000 nmethod 1625 0x0000000002dd3690 code [0x0000000002dd3c00, 0x0000000002dd9338]
Event: 2.412 Thread 0x00000000567a6000 1790       4       com.android.dx.ssa.DeadCodeRemover::pruneDeadInstructions (246 bytes)
Event: 2.426 Thread 0x00000000567ab800 nmethod 1770 0x0000000002dce450 code [0x0000000002dce640, 0x0000000002dcf588]
Event: 2.426 Thread 0x00000000567ab800 1762       4       com.android.dx.cf.code.BaseMachine::storeResults (90 bytes)

GC Heap History (6 events):
Event: 1.099 GC heap before
{Heap before GC invocations=1 (full 0):
 PSYoungGen      total 36864K, used 31744K [0x00000000eab00000, 0x00000000ed400000, 0x0000000100000000)
  eden space 31744K, 100% used [0x00000000eab00000,0x00000000eca00000,0x00000000eca00000)
  from space 5120K, 0% used [0x00000000ecf00000,0x00000000ecf00000,0x00000000ed400000)
  to   space 5120K, 0% used [0x00000000eca00000,0x00000000eca00000,0x00000000ecf00000)
 ParOldGen       total 84992K, used 0K [0x00000000c0000000, 0x00000000c5300000, 0x00000000eab00000)
  object space 84992K, 0% used [0x00000000c0000000,0x00000000c0000000,0x00000000c5300000)
 Metaspace       used 5651K, capacity 6832K, committed 7040K, reserved 1056768K
  class space    used 561K, capacity 616K, committed 640K, reserved 1048576K
Event: 1.125 GC heap after
Heap after GC invocations=1 (full 0):
 PSYoungGen      total 36864K, used 5092K [0x00000000eab00000, 0x00000000ef300000, 0x0000000100000000)
  eden space 31744K, 0% used [0x00000000eab00000,0x00000000eab00000,0x00000000eca00000)
  from space 5120K, 99% used [0x00000000eca00000,0x00000000ecef9280,0x00000000ecf00000)
  to   space 5120K, 0% used [0x00000000eee00000,0x00000000eee00000,0x00000000ef300000)
 ParOldGen       total 84992K, used 779K [0x00000000c0000000, 0x00000000c5300000, 0x00000000eab00000)
  object space 84992K, 0% used [0x00000000c0000000,0x00000000c00c2e58,0x00000000c5300000)
 Metaspace       used 5651K, capacity 6832K, committed 7040K, reserved 1056768K
  class space    used 561K, capacity 616K, committed 640K, reserved 1048576K
}
Event: 1.604 GC heap before
{Heap before GC invocations=2 (full 0):
 PSYoungGen      total 36864K, used 36836K [0x00000000eab00000, 0x00000000ef300000, 0x0000000100000000)
  eden space 31744K, 100% used [0x00000000eab00000,0x00000000eca00000,0x00000000eca00000)
  from space 5120K, 99% used [0x00000000eca00000,0x00000000ecef9280,0x00000000ecf00000)
  to   space 5120K, 0% used [0x00000000eee00000,0x00000000eee00000,0x00000000ef300000)
 ParOldGen       total 84992K, used 779K [0x00000000c0000000, 0x00000000c5300000, 0x00000000eab00000)
  object space 84992K, 0% used [0x00000000c0000000,0x00000000c00c2e58,0x00000000c5300000)
 Metaspace       used 5930K, capacity 7088K, committed 7296K, reserved 1056768K
  class space    used 563K, capacity 616K, committed 640K, reserved 1048576K
Event: 1.706 GC heap after
Heap after GC invocations=2 (full 0):
 PSYoungGen      total 68608K, used 5110K [0x00000000eab00000, 0x00000000ef300000, 0x0000000100000000)
  eden space 63488K, 0% used [0x00000000eab00000,0x00000000eab00000,0x00000000ee900000)
  from space 5120K, 99% used [0x00000000eee00000,0x00000000ef2fdac8,0x00000000ef300000)
  to   space 5120K, 0% used [0x00000000ee900000,0x00000000ee900000,0x00000000eee00000)
 ParOldGen       total 84992K, used 5330K [0x00000000c0000000, 0x00000000c5300000, 0x00000000eab00000)
  object space 84992K, 6% used [0x00000000c0000000,0x00000000c05348a0,0x00000000c5300000)
 Metaspace       used 5930K, capacity 7088K, committed 7296K, reserved 1056768K
  class space    used 563K, capacity 616K, committed 640K, reserved 1048576K
}
Event: 2.045 GC heap before
{Heap before GC invocations=3 (full 0):
 PSYoungGen      total 68608K, used 68598K [0x00000000eab00000, 0x00000000ef300000, 0x0000000100000000)
  eden space 63488K, 100% used [0x00000000eab00000,0x00000000ee900000,0x00000000ee900000)
  from space 5120K, 99% used [0x00000000eee00000,0x00000000ef2fdac8,0x00000000ef300000)
  to   space 5120K, 0% used [0x00000000ee900000,0x00000000ee900000,0x00000000eee00000)
 ParOldGen       total 84992K, used 5330K [0x00000000c0000000, 0x00000000c5300000, 0x00000000eab00000)
  object space 84992K, 6% used [0x00000000c0000000,0x00000000c05348a0,0x00000000c5300000)
 Metaspace       used 6019K, capacity 7088K, committed 7296K, reserved 1056768K
  class space    used 565K, capacity 616K, committed 640K, reserved 1048576K
Event: 2.096 GC heap after
Heap after GC invocations=3 (full 0):
 PSYoungGen      total 68608K, used 5095K [0x00000000eab00000, 0x00000000ef300000, 0x0000000100000000)
  eden space 63488K, 0% used [0x00000000eab00000,0x00000000eab00000,0x00000000ee900000)
  from space 5120K, 99% used [0x00000000ee900000,0x00000000eedf9fd0,0x00000000eee00000)
  to   space 5120K, 0% used [0x00000000eee00000,0x00000000eee00000,0x00000000ef300000)
 ParOldGen       total 84992K, used 13541K [0x00000000c0000000, 0x00000000c5300000, 0x00000000eab00000)
  object space 84992K, 15% used [0x00000000c0000000,0x00000000c0d396d8,0x00000000c5300000)
 Metaspace       used 6019K, capacity 7088K, committed 7296K, reserved 1056768K
  class space    used 565K, capacity 616K, committed 640K, reserved 1048576K
}

Deoptimization events (10 events):
Event: 1.840 Thread 0x0000000058799000 Uncommon trap: reason=bimorphic action=maybe_recompile pc=0x0000000002b52b68 method=java.util.HashMap.getNode(ILjava/lang/Object;)Ljava/util/HashMap$Node; @ 126
Event: 1.840 Thread 0x0000000058799000 Uncommon trap: reason=bimorphic action=maybe_recompile pc=0x0000000002b52b68 method=java.util.HashMap.getNode(ILjava/lang/Object;)Ljava/util/HashMap$Node; @ 126
Event: 1.842 Thread 0x000000000015e800 Uncommon trap: reason=bimorphic action=maybe_recompile pc=0x0000000002b52b68 method=java.util.HashMap.getNode(ILjava/lang/Object;)Ljava/util/HashMap$Node; @ 126
Event: 1.865 Thread 0x0000000058799000 Uncommon trap: reason=class_check action=maybe_recompile pc=0x0000000002a08b80 method=java.util.HashMap.putVal(ILjava/lang/Object;Ljava/lang/Object;ZZ)Ljava/lang/Object; @ 203
Event: 1.865 Thread 0x0000000058799000 Uncommon trap: reason=class_check action=maybe_recompile pc=0x0000000002a08b80 method=java.util.HashMap.putVal(ILjava/lang/Object;Ljava/lang/Object;ZZ)Ljava/lang/Object; @ 203
Event: 1.919 Thread 0x000000000015e800 Uncommon trap: reason=unstable_if action=reinterpret pc=0x0000000002d1c0b4 method=com.android.dx.ssa.SCCP.simulateStmt(Lcom/android/dx/ssa/SsaInsn;)V @ 59
Event: 1.923 Thread 0x000000000015e800 Uncommon trap: reason=uninitialized action=reinterpret pc=0x0000000002d368c0 method=com.android.dx.cf.code.BytecodeArray.parseInstruction(ILcom/android/dx/cf/code/BytecodeArray$Visitor;)I @ 1095
Event: 1.935 Thread 0x0000000058799000 Uncommon trap: reason=null_check action=make_not_entrant pc=0x0000000002aa9550 method=com.android.dx.ssa.SsaRenamer.getLocalForNewReg(I)Lcom/android/dx/rop/code/LocalItem; @ 19
Event: 2.374 Thread 0x0000000056a86000 Uncommon trap: reason=unstable_if action=reinterpret pc=0x0000000002d9aebc method=com.android.dx.rop.code.LocalItem.compareHandlesNulls(Lcom/android/dx/rop/cst/CstString;Lcom/android/dx/rop/cst/CstString;)I @ 14
Event: 2.374 Thread 0x0000000056a86000 Uncommon trap: reason=unstable_if action=reinterpret pc=0x0000000002a06d84 method=com.android.dx.rop.code.LocalItem.compareHandlesNulls(Lcom/android/dx/rop/cst/CstString;Lcom/android/dx/rop/cst/CstString;)I @ 14

Internal exceptions (6 events):
Event: 0.078 Thread 0x000000000015e800 Exception <a 'java/lang/NoSuchMethodError': Method sun.misc.Unsafe.defineClass(Ljava/lang/String;[BII)Ljava/lang/Class; name or signature does not match> (0x00000000eab07cc0) thrown at [C:\src\android\AOSP-openjdk\external\jetbrains\jdk\hotspot\src\share\vg&™”›≥?
Event: 0.078 Thread 0x000000000015e800 Exception <a 'java/lang/NoSuchMethodError': Method sun.misc.Unsafe.prefetchRead(Ljava/lang/Object;J)V name or signature does not match> (0x00000000eab07fa8) thrown at [C:\src\android\AOSP-openjdk\external\jetbrains\jdk\hotspot\src\share\vm\prims\jni.cpp, lﬂxÄŸãÅ¯?
Event: 1.532 Thread 0x0000000058799000 Implicit null exception at 0x0000000002a8c9f7 to 0x0000000002a8ec49
Event: 1.935 Thread 0x0000000058799000 Implicit null exception at 0x0000000002aa730c to 0x0000000002aa952d
Event: 2.374 Thread 0x0000000056a86000 Implicit null exception at 0x0000000002d98beb to 0x0000000002d9ae55
Event: 2.374 Thread 0x0000000056a86000 Implicit null exception at 0x0000000002a06c00 to 0x0000000002a06d71

Events (10 events):
Event: 2.374 Thread 0x0000000056a86000 DEOPT UNPACKING pc=0x000000000273556a sp=0x000000005978e1e0 mode 2
Event: 2.374 Thread 0x0000000056a86000 Uncommon trap: trap_request=0xffffff65 fr.pc=0x0000000002a06d84
Event: 2.374 Thread 0x0000000056a86000 DEOPT PACKING pc=0x0000000002a06d84 sp=0x000000005978e4a0
Event: 2.374 Thread 0x0000000056a86000 DEOPT UNPACKING pc=0x000000000273556a sp=0x000000005978e3e0 mode 2
Event: 2.382 Thread 0x0000000056a86000 DEOPT PACKING pc=0x0000000002a2dcca sp=0x000000005978e270
Event: 2.382 Thread 0x0000000056a86000 DEOPT UNPACKING pc=0x00000000027375bf sp=0x000000005978e050 mode 0
Event: 2.388 Thread 0x0000000056a86000 DEOPT PACKING pc=0x0000000002b7237e sp=0x000000005978e040
Event: 2.389 Thread 0x0000000056a86000 DEOPT UNPACKING pc=0x00000000027375bf sp=0x000000005978de80 mode 0
Event: 2.415 Thread 0x0000000056a86000 DEOPT PACKING pc=0x0000000002a2dc10 sp=0x000000005978e270
Event: 2.415 Thread 0x0000000056a86000 DEOPT UNPACKING pc=0x00000000027375bf sp=0x000000005978e050 mode 0


Dynamic libraries:
0x000000013f630000 - 0x000000013f661000 	C:\Program Files\Android\Android Studio\jre\bin\java.exe
0x0000000077180000 - 0x0000000077329000 	C:\Windows\SYSTEM32\ntdll.dll
0x0000000077060000 - 0x000000007717f000 	C:\Windows\system32\kernel32.dll
0x000007fefd940000 - 0x000007fefd9ac000 	C:\Windows\system32\KERNELBASE.dll
0x000007feff3b0000 - 0x000007feff48b000 	C:\Windows\system32\ADVAPI32.dll
0x000007feff1a0000 - 0x000007feff23f000 	C:\Windows\system32\msvcrt.dll
0x000007fefed50000 - 0x000007fefed6f000 	C:\Windows\SYSTEM32\sechost.dll
0x000007fefec00000 - 0x000007fefed2d000 	C:\Windows\system32\RPCRT4.dll
0x0000000076f60000 - 0x000000007705a000 	C:\Windows\system32\USER32.dll
0x000007fefe9f0000 - 0x000007fefea57000 	C:\Windows\system32\GDI32.dll
0x000007fefed30000 - 0x000007fefed3e000 	C:\Windows\system32\LPK.dll
0x000007fefea90000 - 0x000007fefeb59000 	C:\Windows\system32\USP10.dll
0x000007fefbe40000 - 0x000007fefc034000 	C:\Windows\WinSxS\amd64_microsoft.windows.common-controls_6595b64144ccf1df_6.0.7601.17514_none_fa396087175ac9ac\COMCTL32.dll
0x000007fefeb80000 - 0x000007fefebf1000 	C:\Windows\system32\SHLWAPI.dll
0x000007fefea60000 - 0x000007fefea8e000 	C:\Windows\system32\IMM32.DLL
0x000007feff240000 - 0x000007feff349000 	C:\Windows\system32\MSCTF.dll
0x000000006f800000 - 0x000000006f8d2000 	C:\Program Files\Android\Android Studio\jre\jre\bin\msvcr100.dll
0x000000005a3b0000 - 0x000000005abe4000 	C:\Program Files\Android\Android Studio\jre\jre\bin\server\jvm.dll
0x000007feec580000 - 0x000007feec589000 	C:\Windows\system32\WSOCK32.dll
0x000007fefee50000 - 0x000007fefee9d000 	C:\Windows\system32\WS2_32.dll
0x000007fefed40000 - 0x000007fefed48000 	C:\Windows\system32\NSI.dll
0x000007fefaf00000 - 0x000007fefaf3b000 	C:\Windows\system32\WINMM.dll
0x000007fefc6e0000 - 0x000007fefc6ec000 	C:\Windows\system32\VERSION.dll
0x0000000077340000 - 0x0000000077347000 	C:\Windows\system32\PSAPI.DLL
0x000007fef8450000 - 0x000007fef845f000 	C:\Program Files\Android\Android Studio\jre\jre\bin\verify.dll
0x000007fef82f0000 - 0x000007fef8319000 	C:\Program Files\Android\Android Studio\jre\jre\bin\java.dll
0x000007fef83f0000 - 0x000007fef8406000 	C:\Program Files\Android\Android Studio\jre\jre\bin\zip.dll
0x000007fefd9b0000 - 0x000007fefe738000 	C:\Windows\system32\SHELL32.dll
0x000007fefe7e0000 - 0x000007fefe9e3000 	C:\Windows\system32\ole32.dll
0x000007fefd5e0000 - 0x000007fefd5ef000 	C:\Windows\system32\profapi.dll

VM Arguments:
jvm_args: -Djava.awt.headless=true -Xmx1024M -Dfile.encoding=windows-1252 -Duser.country=FR -Duser.language=fr -Duser.variant 
java_command: com.android.dx.command.Main --dex --force-jumbo --num-threads=4 --multi-dex --output C:\Users\rhakanjin.Newsco\Desktop\workspaceAndroid\friendzone\app\build\intermediates\transforms\dex\debug\folders\1000\10\com.android.support-design-25.1.0_6b7208c6bc27c68535d59f8e4f4c03d6442dc730 C:\Users\rhakanjin.Newsco\Desktop\workspaceAndroid\friendzone\app\build\intermediates\exploded-aar\com.android.support\design\25.1.0\jars\classes.jar
java_class_path (initial): C:\Users\rhakanjin.Newsco\AppData\Local\Android\sdk\build-tools\25.0.2\lib\dx.jar
Launcher Type: SUN_STANDARD

Environment Variables:
PATH=c:\Program Files (x86)\Intel\iCLS Client\;c:\Program Files\Intel\iCLS Client\;C:\Windows\system32;C:\Windows;C:\Windows\System32\Wbem;C:\Windows\System32\WindowsPowerShell\v1.0\;c:\Program Files (x86)\Common Files\Roxio Shared\DLLShared\;c:\Program Files (x86)\Common Files\Roxio Shared\10.0\DLLShared\;C:\Program Files\Intel\Intel(R) Management Engine Components\DAL;C:\Program Files\Intel\Intel(R) Management Engine Components\IPT;C:\Program Files (x86)\Intel\Intel(R) Management Engine Components\DAL;C:\Program Files (x86)\Intel\Intel(R) Management Engine Components\IPT;C:\Program Files\nodejs\;C:\RailsInstaller\Ruby2.3.0\bin;c:\Program Files (x86)\Intel\iCLS Client\;c:\Program Files\Intel\iCLS Client\;C:\Windows\system32;C:\Windows;C:\Windows\System32\Wbem;C:\Windows\System32\WindowsPowerShell\v1.0\;c:\Program Files (x86)\Common Files\Roxio Shared\DLLShared\;c:\Program Files (x86)\Common Files\Roxio Shared\10.0\DLLShared\;C:\Program Files\Intel\Intel(R) Management Engine Components\DAL;C:\Program Files\Intel\Intel(R) Management Engine Components\IPT;C:\Program Files (x86)\Intel\Intel(R) Management Engine Components\DAL;C:\Program Files (x86)\Intel\Intel(R) Management Engine Components\IPT;C:\Users\rhakanjin.Newsco\AppData\Local\Programs\Git\cmd;C:\Users\rhakanjin.Newsco\AppData\Roaming\npm
USERNAME=rhakanjin
OS=Windows_NT
PROCESSOR_IDENTIFIER=Intel64 Family 6 Model 58 Stepping 9, GenuineIntel



---------------  S Y S T E M  ---------------

OS: Windows 7 , 64 bit Build 7601 (6.1.7601.17651)

CPU:total 8 (4 cores per cpu, 2 threads per core) family 6 model 58 stepping 9, cmov, cx8, fxsr, mmx, sse, sse2, sse3, ssse3, sse4.1, sse4.2, popcnt, avx, aes, clmul, erms, ht, tsc, tscinvbit, tscinv

Memory: 4k page, physical 8063920k(480648k free), swap 12256372k(5284k free)

vm_info: OpenJDK 64-Bit Server VM (25.76-b03) for windows-amd64 JRE (1.8.0_76-release-b03), built on Jun 29 2016 19:09:20 by "ralucas" with MS VC++ 10.0 (VS2010)

time: Tue Feb 14 15:30:23 2017
elapsed time: 2 seconds (0d 0h 0m 2s)

