#
# There is insufficient memory for the Java Runtime Environment to continue.
# Native memory allocation (malloc) failed to allocate 467696 bytes for Chunk::new
# Possible reasons:
#   The system is out of physical RAM or swap space
#   In 32 bit mode, the process size limit was hit
# Possible solutions:
#   Reduce memory load on the system
#   Increase physical memory or swap space
#   Check if swap backing store is full
#   Use 64 bit Java on a 64 bit OS
#   Decrease Java heap size (-Xmx/-Xms)
#   Decrease number of Java threads
#   Decrease Java thread stack sizes (-Xss)
#   Set larger code cache with -XX:ReservedCodeCacheSize=
# This output file may be truncated or incomplete.
#
#  Out of Memory Error (allocation.cpp:390), pid=6636, tid=0x0000000000001540
#
# JRE version: OpenJDK Runtime Environment (8.0_76-b03) (build 1.8.0_76-release-b03)
# Java VM: OpenJDK 64-Bit Server VM (25.76-b03 mixed mode windows-amd64 compressed oops)
# Failed to write core dump. Minidumps are not enabled by default on client versions of Windows
#

---------------  T H R E A D  ---------------

Current thread (0x0000000056633800):  JavaThread "C2 CompilerThread2" daemon [_thread_in_native, id=5440, stack(0x00000000582b0000,0x00000000583b0000)]

Stack: [0x00000000582b0000,0x00000000583b0000]
[error occurred during error reporting (printing stack bounds), id 0xc0000005]

Native frames: (J=compiled Java code, j=interpreted, Vv=VM code, C=native code)


Current CompileTask:
C2:   1053  781       4       com.android.dx.ssa.SCCP::simulateStmt (481 bytes)


---------------  P R O C E S S  ---------------

Java Threads: ( => current thread )
  0x00000000568ee000 JavaThread "pool-2-thread-4" [_thread_blocked, id=7708, stack(0x00000000589a0000,0x0000000058aa0000)]
  0x0000000056896800 JavaThread "pool-2-thread-3" [_thread_blocked, id=6104, stack(0x0000000058d90000,0x0000000058e90000)]
  0x000000005686d000 JavaThread "pool-2-thread-2" [_thread_blocked, id=6684, stack(0x0000000058bf0000,0x0000000058cf0000)]
  0x00000000567a2000 JavaThread "pool-3-thread-1" [_thread_blocked, id=7032, stack(0x0000000058aa0000,0x0000000058ba0000)]
  0x00000000567a1000 JavaThread "pool-2-thread-1" [_thread_blocked, id=7540, stack(0x0000000058880000,0x0000000058980000)]
  0x00000000566a1800 JavaThread "Service Thread" daemon [_thread_blocked, id=3872, stack(0x00000000585f0000,0x00000000586f0000)]
  0x0000000056638000 JavaThread "C1 CompilerThread3" daemon [_thread_blocked, id=3472, stack(0x00000000584a0000,0x00000000585a0000)]
=>0x0000000056633800 JavaThread "C2 CompilerThread2" daemon [_thread_in_native, id=5440, stack(0x00000000582b0000,0x00000000583b0000)]
  0x0000000056628800 JavaThread "C2 CompilerThread1" daemon [_thread_in_native, id=5668, stack(0x0000000058190000,0x0000000058290000)]
  0x0000000056626800 JavaThread "C2 CompilerThread0" daemon [_thread_blocked, id=5940, stack(0x0000000058080000,0x0000000058180000)]
  0x0000000056620800 JavaThread "Attach Listener" daemon [_thread_blocked, id=3732, stack(0x0000000057df0000,0x0000000057ef0000)]
  0x000000005661e800 JavaThread "Signal Dispatcher" daemon [_thread_blocked, id=4248, stack(0x0000000057c90000,0x0000000057d90000)]
  0x000000005578d800 JavaThread "Finalizer" daemon [_thread_blocked, id=6444, stack(0x0000000057a70000,0x0000000057b70000)]
  0x0000000055784800 JavaThread "Reference Handler" daemon [_thread_blocked, id=5464, stack(0x00000000578a0000,0x00000000579a0000)]
  0x000000000217e800 JavaThread "main" [_thread_blocked, id=3984, stack(0x0000000002560000,0x0000000002660000)]

Other Threads:
  0x00000000565d0800 VMThread [stack: 0x00000000576d0000,0x00000000577d0000] [id=1824]
  0x00000000566a6000 WatcherThread [stack: 0x0000000057f10000,0x0000000058010000] [id=3196]

VM state:at safepoint (normal execution)

VM Mutex/Monitor currently owned by a thread:  ([mutex/lock_event])
[0x000000000217ccc0] Threads_lock - owner thread: 0x00000000565d0800
[0x000000000217d1c0] Heap_lock - owner thread: 0x0000000056638000
[0x000000000217d740] MethodData_lock - owner thread: 0x0000000056638000

Heap:
 PSYoungGen      total 36864K, used 25412K [0x00000000eab00000, 0x00000000ed400000, 0x0000000100000000)
  eden space 31744K, 80% used [0x00000000eab00000,0x00000000ec3d10b8,0x00000000eca00000)
  from space 5120K, 0% used [0x00000000ecf00000,0x00000000ecf00000,0x00000000ed400000)
  to   space 5120K, 1% used [0x00000000eca00000,0x00000000eca10000,0x00000000ecf00000)
 ParOldGen       total 84992K, used 0K [0x00000000c0000000, 0x00000000c5300000, 0x00000000eab00000)
  object space 84992K, 0% used [0x00000000c0000000,0x00000000c0000000,0x00000000c5300000)
 Metaspace       used 5692K, capacity 6704K, committed 6784K, reserved 1062912K
  class space    used 572K, capacity 616K, committed 640K, reserved 1048576K

Card table byte_map: [0x0000000011cf0000,0x0000000011f00000] byte_map_base: 0x00000000116f0000

Marking Bits: (ParMarkBitMap*) 0x000000005ac29d00
 Begin Bits: [0x0000000012ba0000, 0x0000000013ba0000)
 End Bits:   [0x0000000013ba0000, 0x0000000014ba0000)

Polling page: 0x0000000000340000

CodeCache: size=245760Kb used=3058Kb max_used=3069Kb free=242701Kb
 bounds [0x0000000002930000, 0x0000000002c40000, 0x0000000011930000]
 total_blobs=1031 nmethods=764 adapters=181
 compilation: enabled

Compilation events (10 events):
Event: 1.051 Thread 0x0000000056638000 nmethod 831 0x0000000002c1dbd0 code [0x0000000002c1dd20, 0x0000000002c1de30]
Event: 1.051 Thread 0x0000000056638000  828       3       com.android.dx.cf.code.ExecutionStack::peek (42 bytes)
Event: 1.052 Thread 0x0000000056626800 nmethod 830 0x0000000002c2cf50 code [0x0000000002c2d0a0, 0x0000000002c2d138]
Event: 1.052 Thread 0x0000000056626800  827       4       com.android.dx.cf.code.BaseMachine::clearArgs (56 bytes)
Event: 1.052 Thread 0x0000000056626800 nmethod 827 0x0000000002be1f50 code [0x0000000002be2080, 0x0000000002be20f8]
Event: 1.052 Thread 0x0000000056626800  829       4       com.android.dx.rop.code.InsnList::getLast (11 bytes)
Event: 1.052 Thread 0x0000000056638000 nmethod 828 0x0000000002c2d5d0 code [0x0000000002c2d7e0, 0x0000000002c2e1a8]
Event: 1.052 Thread 0x0000000056638000  489       1       com.android.dx.cf.code.ByteBlock::getCatches (5 bytes)
Event: 1.052 Thread 0x0000000056638000 nmethod 489 0x0000000002c2cbd0 code [0x0000000002c2cd20, 0x0000000002c2ce30]
Event: 1.052 Thread 0x0000000056638000  832       3       com.android.dx.cf.code.Merger::isPossiblyAssignableFrom (202 bytes)

GC Heap History (0 events):
No events

Deoptimization events (7 events):
Event: 0.872 Thread 0x000000005686d000 Uncommon trap: reason=unstable_if action=reinterpret pc=0x0000000002b10efc method=java.util.HashMap.getNode(ILjava/lang/Object;)Ljava/util/HashMap$Node; @ 129
Event: 0.945 Thread 0x000000005686d000 Uncommon trap: reason=unstable_if action=reinterpret pc=0x0000000002b25324 method=java.util.BitSet.ensureCapacity(I)V @ 6
Event: 1.013 Thread 0x000000000217e800 Uncommon trap: reason=class_check action=maybe_recompile pc=0x0000000002b75f1c method=com.android.dx.ssa.NormalSsaInsn.accept(Lcom/android/dx/ssa/SsaInsn$Visitor;)V @ 9
Event: 1.013 Thread 0x000000000217e800 Uncommon trap: reason=class_check action=maybe_recompile pc=0x0000000002b46a0c method=com.android.dx.ssa.NormalSsaInsn.accept(Lcom/android/dx/ssa/SsaInsn$Visitor;)V @ 9
Event: 1.013 Thread 0x000000000217e800 Uncommon trap: reason=class_check action=maybe_recompile pc=0x0000000002b46a0c method=com.android.dx.ssa.NormalSsaInsn.accept(Lcom/android/dx/ssa/SsaInsn$Visitor;)V @ 9
Event: 1.013 Thread 0x000000000217e800 Uncommon trap: reason=class_check action=maybe_recompile pc=0x0000000002b46a0c method=com.android.dx.ssa.NormalSsaInsn.accept(Lcom/android/dx/ssa/SsaInsn$Visitor;)V @ 9
Event: 1.044 Thread 0x00000000567a1000 Uncommon trap: reason=class_check action=maybe_recompile pc=0x0000000002b75f1c method=com.android.dx.ssa.NormalSsaInsn.accept(Lcom/android/dx/ssa/SsaInsn$Visitor;)V @ 9

Internal exceptions (2 events):
Event: 0.133 Thread 0x000000000217e800 Exception <a 'java/lang/NoSuchMethodError': Method sun.misc.Unsafe.defineClass(Ljava/lang/String;[BII)Ljava/lang/Class; name or signature does not match> (0x00000000eab07cc0) thrown at [C:\src\android\AOSP-openjdk\external\jetbrains\jdk\hotspot\src\share\vy¨ÐTûÿÀ?
Event: 0.133 Thread 0x000000000217e800 Exception <a 'java/lang/NoSuchMethodError': Method sun.misc.Unsafe.prefetchRead(Ljava/lang/Object;J)V name or signature does not match> (0x00000000eab07fa8) thrown at [C:\src\android\AOSP-openjdk\external\jetbrains\jdk\hotspot\src\share\vm\prims\jni.cpp, l

Events (10 events):
Event: 1.013 Thread 0x000000000217e800 DEOPT PACKING pc=0x0000000002b46a0c sp=0x000000000265e1a0
Event: 1.013 Thread 0x000000000217e800 DEOPT UNPACKING pc=0x000000000297556a sp=0x000000000265e170 mode 2
Event: 1.013 Thread 0x000000000217e800 Uncommon trap: trap_request=0xffffffde fr.pc=0x0000000002b46a0c
Event: 1.013 Thread 0x000000000217e800 DEOPT PACKING pc=0x0000000002b46a0c sp=0x000000000265e1a0
Event: 1.013 Thread 0x000000000217e800 DEOPT UNPACKING pc=0x000000000297556a sp=0x000000000265e170 mode 2
Event: 1.044 Thread 0x00000000567a1000 Uncommon trap: trap_request=0xffffffde fr.pc=0x0000000002b75f1c
Event: 1.044 Thread 0x00000000567a1000 DEOPT PACKING pc=0x0000000002b75f1c sp=0x000000005897ed40
Event: 1.044 Thread 0x00000000567a1000 DEOPT UNPACKING pc=0x000000000297556a sp=0x000000005897eca0 mode 2
Event: 1.052 loading class com/android/dx/cf/code/BytecodeArray$ConstantParserVisitor
Event: 1.052 loading class com/android/dx/cf/code/BytecodeArray$ConstantParserVisitor done


Dynamic libraries:
0x000000013fdd0000 - 0x000000013fe01000 	C:\Program Files\Android\Android Studio\jre\bin\java.exe
0x0000000077180000 - 0x0000000077329000 	C:\Windows\SYSTEM32\ntdll.dll
0x0000000077060000 - 0x000000007717f000 	C:\Windows\system32\kernel32.dll
0x000007fefd940000 - 0x000007fefd9ac000 	C:\Windows\system32\KERNELBASE.dll
0x000007feff3b0000 - 0x000007feff48b000 	C:\Windows\system32\ADVAPI32.dll
0x000007feff1a0000 - 0x000007feff23f000 	C:\Windows\system32\msvcrt.dll
0x000007fefed50000 - 0x000007fefed6f000 	C:\Windows\SYSTEM32\sechost.dll
0x000007fefec00000 - 0x000007fefed2d000 	C:\Windows\system32\RPCRT4.dll
0x0000000076f60000 - 0x000000007705a000 	C:\Windows\system32\USER32.dll
0x000007fefe9f0000 - 0x000007fefea57000 	C:\Windows\system32\GDI32.dll
0x000007fefed30000 - 0x000007fefed3e000 	C:\Windows\system32\LPK.dll
0x000007fefea90000 - 0x000007fefeb59000 	C:\Windows\system32\USP10.dll
0x000007fefbe40000 - 0x000007fefc034000 	C:\Windows\WinSxS\amd64_microsoft.windows.common-controls_6595b64144ccf1df_6.0.7601.17514_none_fa396087175ac9ac\COMCTL32.dll
0x000007fefeb80000 - 0x000007fefebf1000 	C:\Windows\system32\SHLWAPI.dll
0x000007fefea60000 - 0x000007fefea8e000 	C:\Windows\system32\IMM32.DLL
0x000007feff240000 - 0x000007feff349000 	C:\Windows\system32\MSCTF.dll
0x00000000656c0000 - 0x0000000065792000 	C:\Program Files\Android\Android Studio\jre\jre\bin\msvcr100.dll
0x000000005a470000 - 0x000000005aca4000 	C:\Program Files\Android\Android Studio\jre\jre\bin\server\jvm.dll
0x000007feec580000 - 0x000007feec589000 	C:\Windows\system32\WSOCK32.dll
0x000007fefee50000 - 0x000007fefee9d000 	C:\Windows\system32\WS2_32.dll
0x000007fefed40000 - 0x000007fefed48000 	C:\Windows\system32\NSI.dll
0x000007fefaf00000 - 0x000007fefaf3b000 	C:\Windows\system32\WINMM.dll
0x000007fefc6e0000 - 0x000007fefc6ec000 	C:\Windows\system32\VERSION.dll
0x0000000077340000 - 0x0000000077347000 	C:\Windows\system32\PSAPI.DLL
0x000007fef8ee0000 - 0x000007fef8eef000 	C:\Program Files\Android\Android Studio\jre\jre\bin\verify.dll
0x000007fef8440000 - 0x000007fef8469000 	C:\Program Files\Android\Android Studio\jre\jre\bin\java.dll
0x000007fef8ec0000 - 0x000007fef8ed6000 	C:\Program Files\Android\Android Studio\jre\jre\bin\zip.dll
0x000007fefd9b0000 - 0x000007fefe738000 	C:\Windows\system32\SHELL32.dll
0x000007fefe7e0000 - 0x000007fefe9e3000 	C:\Windows\system32\ole32.dll
0x000007fefd5e0000 - 0x000007fefd5ef000 	C:\Windows\system32\profapi.dll

VM Arguments:
jvm_args: -Djava.awt.headless=true -Xmx1024M -Dfile.encoding=windows-1252 -Duser.country=FR -Duser.language=fr -Duser.variant 
java_command: com.android.dx.command.Main --dex --force-jumbo --num-threads=4 --multi-dex --output C:\Users\rhakanjin.Newsco\Desktop\workspaceAndroid\friendzone\app\build\intermediates\transforms\dex\debug\folders\1000\10\com.google.android.gms-play-services-clearcut-10.0.1_ef67163d87036550365f49d5b6011334936b29fc C:\Users\rhakanjin.Newsco\Desktop\workspaceAndroid\friendzone\app\build\intermediates\exploded-aar\com.google.android.gms\play-services-clearcut\10.0.1\jars\classes.jar
java_class_path (initial): C:\Users\rhakanjin.Newsco\AppData\Local\Android\sdk\build-tools\25.0.2\lib\dx.jar
Launcher Type: SUN_STANDARD

Environment Variables:
PATH=c:\Program Files (x86)\Intel\iCLS Client\;c:\Program Files\Intel\iCLS Client\;C:\Windows\system32;C:\Windows;C:\Windows\System32\Wbem;C:\Windows\System32\WindowsPowerShell\v1.0\;c:\Program Files (x86)\Common Files\Roxio Shared\DLLShared\;c:\Program Files (x86)\Common Files\Roxio Shared\10.0\DLLShared\;C:\Program Files\Intel\Intel(R) Management Engine Components\DAL;C:\Program Files\Intel\Intel(R) Management Engine Components\IPT;C:\Program Files (x86)\Intel\Intel(R) Management Engine Components\DAL;C:\Program Files (x86)\Intel\Intel(R) Management Engine Components\IPT;C:\Program Files\nodejs\;C:\RailsInstaller\Ruby2.3.0\bin;c:\Program Files (x86)\Intel\iCLS Client\;c:\Program Files\Intel\iCLS Client\;C:\Windows\system32;C:\Windows;C:\Windows\System32\Wbem;C:\Windows\System32\WindowsPowerShell\v1.0\;c:\Program Files (x86)\Common Files\Roxio Shared\DLLShared\;c:\Program Files (x86)\Common Files\Roxio Shared\10.0\DLLShared\;C:\Program Files\Intel\Intel(R) Management Engine Components\DAL;C:\Program Files\Intel\Intel(R) Management Engine Components\IPT;C:\Program Files (x86)\Intel\Intel(R) Management Engine Components\DAL;C:\Program Files (x86)\Intel\Intel(R) Management Engine Components\IPT;C:\Users\rhakanjin.Newsco\AppData\Local\Programs\Git\cmd;C:\Users\rhakanjin.Newsco\AppData\Roaming\npm
USERNAME=rhakanjin
OS=Windows_NT
PROCESSOR_IDENTIFIER=Intel64 Family 6 Model 58 Stepping 9, GenuineIntel



---------------  S Y S T E M  ---------------

OS: Windows 7 , 64 bit Build 7601 (6.1.7601.17651)

CPU:total 8 (4 cores per cpu, 2 threads per core) family 6 model 58 stepping 9, cmov, cx8, fxsr, mmx, sse, sse2, sse3, ssse3, sse4.1, sse4.2, popcnt, avx, aes, clmul, erms, ht, tsc, tscinvbit, tscinv

Memory: 4k page, physical 8063920k(743624k free), swap 12256372k(5072k free)

vm_info: OpenJDK 64-Bit Server VM (25.76-b03) for windows-amd64 JRE (1.8.0_76-release-b03), built on Jun 29 2016 19:09:20 by "ralucas" with MS VC++ 10.0 (VS2010)

time: Thu Feb 16 10:30:53 2017
elapsed time: 1 seconds (0d 0h 0m 1s)

