#
# There is insufficient memory for the Java Runtime Environment to continue.
# Native memory allocation (malloc) failed to allocate 88496 bytes for Chunk::new
# Possible reasons:
#   The system is out of physical RAM or swap space
#   In 32 bit mode, the process size limit was hit
# Possible solutions:
#   Reduce memory load on the system
#   Increase physical memory or swap space
#   Check if swap backing store is full
#   Use 64 bit Java on a 64 bit OS
#   Decrease Java heap size (-Xmx/-Xms)
#   Decrease number of Java threads
#   Decrease Java thread stack sizes (-Xss)
#   Set larger code cache with -XX:ReservedCodeCacheSize=
# This output file may be truncated or incomplete.
#
#  Out of Memory Error (allocation.cpp:390), pid=4364, tid=0x0000000000001bec
#
# JRE version: OpenJDK Runtime Environment (8.0_76-b03) (build 1.8.0_76-release-b03)
# Java VM: OpenJDK 64-Bit Server VM (25.76-b03 mixed mode windows-amd64 compressed oops)
# Failed to write core dump. Minidumps are not enabled by default on client versions of Windows
#

---------------  T H R E A D  ---------------

Current thread (0x0000000056740000):  JavaThread "C2 CompilerThread1" daemon [_thread_in_native, id=7148, stack(0x0000000057fa0000,0x00000000580a0000)]

Stack: [0x0000000057fa0000,0x00000000580a0000]
[error occurred during error reporting (printing stack bounds), id 0xc0000005]

Native frames: (J=compiled Java code, j=interpreted, Vv=VM code, C=native code)


Current CompileTask:
C2:   5783 1957 %     4       com.android.dx.ssa.SCCP::run @ 53 (298 bytes)


---------------  P R O C E S S  ---------------

Java Threads: ( => current thread )
  0x00000000586fd800 JavaThread "pool-2-thread-4" [_thread_in_Java, id=8364, stack(0x0000000059430000,0x0000000059530000)]
  0x00000000587e3000 JavaThread "pool-2-thread-3" [_thread_in_Java, id=7612, stack(0x0000000058150000,0x0000000058250000)]
  0x00000000587e2000 JavaThread "pool-2-thread-2" [_thread_blocked, id=8804, stack(0x0000000059180000,0x0000000059280000)]
  0x00000000587df800 JavaThread "pool-3-thread-1" [_thread_blocked, id=7060, stack(0x0000000058ff0000,0x00000000590f0000)]
  0x00000000587dc800 JavaThread "pool-2-thread-1" [_thread_in_Java, id=1880, stack(0x0000000058ef0000,0x0000000058ff0000)]
  0x000000005568f000 JavaThread "Service Thread" daemon [_thread_blocked, id=6820, stack(0x0000000058400000,0x0000000058500000)]
  0x000000005568c000 JavaThread "C1 CompilerThread3" daemon [_thread_in_native, id=8848, stack(0x0000000058290000,0x0000000058390000)]
  0x000000005568b000 JavaThread "C2 CompilerThread2" daemon [_thread_in_native, id=8528, stack(0x0000000057c00000,0x0000000057d00000)]
=>0x0000000056740000 JavaThread "C2 CompilerThread1" daemon [_thread_in_native, id=7148, stack(0x0000000057fa0000,0x00000000580a0000)]
  0x000000005673e000 JavaThread "C2 CompilerThread0" daemon [_thread_in_native, id=2440, stack(0x0000000057e90000,0x0000000057f90000)]
  0x0000000056738800 JavaThread "Attach Listener" daemon [_thread_blocked, id=8700, stack(0x0000000057d90000,0x0000000057e90000)]
  0x0000000056737000 JavaThread "Signal Dispatcher" daemon [_thread_blocked, id=7208, stack(0x0000000057830000,0x0000000057930000)]
  0x000000005567e800 JavaThread "Finalizer" daemon [_thread_blocked, id=4800, stack(0x0000000057af0000,0x0000000057bf0000)]
  0x00000000566e3000 JavaThread "Reference Handler" daemon [_thread_blocked, id=1072, stack(0x00000000579a0000,0x0000000057aa0000)]
  0x000000000219e800 JavaThread "main" [_thread_in_Java, id=2328, stack(0x0000000002520000,0x0000000002620000)]

Other Threads:
  0x00000000566e0800 VMThread [stack: 0x0000000057720000,0x0000000057820000] [id=6208]
  0x00000000567c6800 WatcherThread [stack: 0x00000000585e0000,0x00000000586e0000] [id=5108]

VM state:not at safepoint (normal execution)

VM Mutex/Monitor currently owned by a thread: None

Heap:
 PSYoungGen      total 138752K, used 58699K [0x00000000eab00000, 0x00000000f8800000, 0x0000000100000000)
  eden space 57344K, 70% used [0x00000000eab00000,0x00000000ed241fe0,0x00000000ee300000)
  from space 81408K, 22% used [0x00000000f3880000,0x00000000f4a90c68,0x00000000f8800000)
  to   space 84480K, 0% used [0x00000000ee300000,0x00000000ee300000,0x00000000f3580000)
 ParOldGen       total 335360K, used 177665K [0x00000000c0000000, 0x00000000d4780000, 0x00000000eab00000)
  object space 335360K, 52% used [0x00000000c0000000,0x00000000cad80730,0x00000000d4780000)
 Metaspace       used 6301K, capacity 7090K, committed 7296K, reserved 1056768K
  class space    used 596K, capacity 618K, committed 640K, reserved 1048576K

Card table byte_map: [0x0000000011cb0000,0x0000000011ec0000] byte_map_base: 0x00000000116b0000

Marking Bits: (ParMarkBitMap*) 0x000000005fc59d00
 Begin Bits: [0x0000000012a90000, 0x0000000013a90000)
 End Bits:   [0x0000000013a90000, 0x0000000014a90000)

Polling page: 0x0000000000230000

CodeCache: size=245760Kb used=7867Kb max_used=7889Kb free=237892Kb
 bounds [0x00000000028f0000, 0x00000000030b0000, 0x00000000118f0000]
 total_blobs=2162 nmethods=1894 adapters=181
 compilation: enabled

Compilation events (10 events):
Event: 5.646 Thread 0x000000005568c000 nmethod 1981% 0x000000000309f210 code [0x000000000309f3e0, 0x000000000309f968]
Event: 5.647 Thread 0x000000005568c000 1983       3       com.android.dx.ssa.back.LivenessAnalyzer::handleTailRecursion (94 bytes)
Event: 5.647 Thread 0x000000005568c000 nmethod 1983 0x000000000309fb90 code [0x000000000309fd60, 0x00000000030a02a8]
Event: 5.649 Thread 0x000000005568c000 1984       2       com.android.dx.cf.direct.DirectClassFile::getFields (9 bytes)
Event: 5.650 Thread 0x000000005568c000 nmethod 1984 0x00000000030a04d0 code [0x00000000030a0640, 0x00000000030a07c8]
Event: 5.650 Thread 0x000000005568c000 1985       2       com.android.dx.cf.direct.DirectClassFile::getMethods (9 bytes)
Event: 5.650 Thread 0x000000005568c000 nmethod 1985 0x00000000030a0890 code [0x00000000030a0a00, 0x00000000030a0b88]
Event: 5.753 Thread 0x000000005673e000 nmethod 1915% 0x00000000030a6750 code [0x00000000030a6a00, 0x00000000030a9858]
Event: 5.754 Thread 0x000000005673e000 1986       4       com.android.dx.ssa.back.LivenessAnalyzer::handleTailRecursion (94 bytes)
Event: 5.780 Thread 0x000000005568c000 1988       2       com.android.dx.ssa.back.FirstFitLocalCombiningAllocator::handleCheckCastResults (413 bytes)

GC Heap History (10 events):
Event: 4.138 GC heap before
{Heap before GC invocations=6 (full 1):
 PSYoungGen      total 132096K, used 5093K [0x00000000eab00000, 0x00000000f3100000, 0x0000000100000000)
  eden space 126976K, 0% used [0x00000000eab00000,0x00000000eab00000,0x00000000f2700000)
  from space 5120K, 99% used [0x00000000f2700000,0x00000000f2bf9480,0x00000000f2c00000)
  to   space 5120K, 0% used [0x00000000f2c00000,0x00000000f2c00000,0x00000000f3100000)
 ParOldGen       total 119808K, used 118442K [0x00000000c0000000, 0x00000000c7500000, 0x00000000eab00000)
  object space 119808K, 98% used [0x00000000c0000000,0x00000000c73aab08,0x00000000c7500000)
 Metaspace       used 6279K, capacity 7090K, committed 7296K, reserved 1056768K
  class space    used 595K, capacity 618K, committed 640K, reserved 1048576K
Event: 4.993 GC heap after
Heap after GC invocations=6 (full 1):
 PSYoungGen      total 132096K, used 0K [0x00000000eab00000, 0x00000000f3100000, 0x0000000100000000)
  eden space 126976K, 0% used [0x00000000eab00000,0x00000000eab00000,0x00000000f2700000)
  from space 5120K, 0% used [0x00000000f2700000,0x00000000f2700000,0x00000000f2c00000)
  to   space 5120K, 0% used [0x00000000f2c00000,0x00000000f2c00000,0x00000000f3100000)
 ParOldGen       total 229376K, used 114259K [0x00000000c0000000, 0x00000000ce000000, 0x00000000eab00000)
  object space 229376K, 49% used [0x00000000c0000000,0x00000000c6f94c78,0x00000000ce000000)
 Metaspace       used 6279K, capacity 7090K, committed 7296K, reserved 1056768K
  class space    used 595K, capacity 618K, committed 640K, reserved 1048576K
}
Event: 5.103 GC heap before
{Heap before GC invocations=7 (full 1):
 PSYoungGen      total 132096K, used 126976K [0x00000000eab00000, 0x00000000f3100000, 0x0000000100000000)
  eden space 126976K, 100% used [0x00000000eab00000,0x00000000f2700000,0x00000000f2700000)
  from space 5120K, 0% used [0x00000000f2700000,0x00000000f2700000,0x00000000f2c00000)
  to   space 5120K, 0% used [0x00000000f2c00000,0x00000000f2c00000,0x00000000f3100000)
 ParOldGen       total 229376K, used 114259K [0x00000000c0000000, 0x00000000ce000000, 0x00000000eab00000)
  object space 229376K, 49% used [0x00000000c0000000,0x00000000c6f94c78,0x00000000ce000000)
 Metaspace       used 6283K, capacity 7090K, committed 7296K, reserved 1056768K
  class space    used 595K, capacity 618K, committed 640K, reserved 1048576K
Event: 5.208 GC heap after
Heap after GC invocations=7 (full 1):
 PSYoungGen      total 46592K, used 5120K [0x00000000eab00000, 0x0000000100000000, 0x0000000100000000)
  eden space 41472K, 0% used [0x00000000eab00000,0x00000000eab00000,0x00000000ed380000)
  from space 5120K, 100% used [0x00000000f2c00000,0x00000000f3100000,0x00000000f3100000)
  to   space 90624K, 0% used [0x00000000ed380000,0x00000000ed380000,0x00000000f2c00000)
 ParOldGen       total 229376K, used 177960K [0x00000000c0000000, 0x00000000ce000000, 0x00000000eab00000)
  object space 229376K, 77% used [0x00000000c0000000,0x00000000cadca2d8,0x00000000ce000000)
 Metaspace       used 6283K, capacity 7090K, committed 7296K, reserved 1056768K
  class space    used 595K, capacity 618K, committed 640K, reserved 1048576K
}
Event: 5.208 GC heap before
{Heap before GC invocations=8 (full 2):
 PSYoungGen      total 46592K, used 5120K [0x00000000eab00000, 0x0000000100000000, 0x0000000100000000)
  eden space 41472K, 0% used [0x00000000eab00000,0x00000000eab00000,0x00000000ed380000)
  from space 5120K, 100% used [0x00000000f2c00000,0x00000000f3100000,0x00000000f3100000)
  to   space 90624K, 0% used [0x00000000ed380000,0x00000000ed380000,0x00000000f2c00000)
 ParOldGen       total 229376K, used 177960K [0x00000000c0000000, 0x00000000ce000000, 0x00000000eab00000)
  object space 229376K, 77% used [0x00000000c0000000,0x00000000cadca2d8,0x00000000ce000000)
 Metaspace       used 6283K, capacity 7090K, committed 7296K, reserved 1056768K
  class space    used 595K, capacity 618K, committed 640K, reserved 1048576K
Event: 5.454 GC heap after
Heap after GC invocations=8 (full 2):
 PSYoungGen      total 46592K, used 0K [0x00000000eab00000, 0x0000000100000000, 0x0000000100000000)
  eden space 41472K, 0% used [0x00000000eab00000,0x00000000eab00000,0x00000000ed380000)
  from space 5120K, 0% used [0x00000000f2c00000,0x00000000f2c00000,0x00000000f3100000)
  to   space 90624K, 0% used [0x00000000ed380000,0x00000000ed380000,0x00000000f2c00000)
 ParOldGen       total 335360K, used 177665K [0x00000000c0000000, 0x00000000d4780000, 0x00000000eab00000)
  object space 335360K, 52% used [0x00000000c0000000,0x00000000cad80730,0x00000000d4780000)
 Metaspace       used 6283K, capacity 7090K, committed 7296K, reserved 1056768K
  class space    used 595K, capacity 618K, committed 640K, reserved 1048576K
}
Event: 5.501 GC heap before
{Heap before GC invocations=9 (full 2):
 PSYoungGen      total 46592K, used 41472K [0x00000000eab00000, 0x0000000100000000, 0x0000000100000000)
  eden space 41472K, 100% used [0x00000000eab00000,0x00000000ed380000,0x00000000ed380000)
  from space 5120K, 0% used [0x00000000f2c00000,0x00000000f2c00000,0x00000000f3100000)
  to   space 90624K, 0% used [0x00000000ed380000,0x00000000ed380000,0x00000000f2c00000)
 ParOldGen       total 335360K, used 177665K [0x00000000c0000000, 0x00000000d4780000, 0x00000000eab00000)
  object space 335360K, 52% used [0x00000000c0000000,0x00000000cad80730,0x00000000d4780000)
 Metaspace       used 6292K, capacity 7090K, committed 7296K, reserved 1056768K
  class space    used 596K, capacity 618K, committed 640K, reserved 1048576K
Event: 5.516 GC heap after
Heap after GC invocations=9 (full 2):
 PSYoungGen      total 132096K, used 8513K [0x00000000eab00000, 0x00000000f8f80000, 0x0000000100000000)
  eden space 41472K, 0% used [0x00000000eab00000,0x00000000eab00000,0x00000000ed380000)
  from space 90624K, 9% used [0x00000000ed380000,0x00000000edbd0500,0x00000000f2c00000)
  to   space 89088K, 0% used [0x00000000f3880000,0x00000000f3880000,0x00000000f8f80000)
 ParOldGen       total 335360K, used 177665K [0x00000000c0000000, 0x00000000d4780000, 0x00000000eab00000)
  object space 335360K, 52% used [0x00000000c0000000,0x00000000cad80730,0x00000000d4780000)
 Metaspace       used 6292K, capacity 7090K, committed 7296K, reserved 1056768K
  class space    used 596K, capacity 618K, committed 640K, reserved 1048576K
}
Event: 5.681 GC heap before
{Heap before GC invocations=10 (full 2):
 PSYoungGen      total 132096K, used 49985K [0x00000000eab00000, 0x00000000f8f80000, 0x0000000100000000)
  eden space 41472K, 100% used [0x00000000eab00000,0x00000000ed380000,0x00000000ed380000)
  from space 90624K, 9% used [0x00000000ed380000,0x00000000edbd0500,0x00000000f2c00000)
  to   space 89088K, 0% used [0x00000000f3880000,0x00000000f3880000,0x00000000f8f80000)
 ParOldGen       total 335360K, used 177665K [0x00000000c0000000, 0x00000000d4780000, 0x00000000eab00000)
  object space 335360K, 52% used [0x00000000c0000000,0x00000000cad80730,0x00000000d4780000)
 Metaspace       used 6301K, capacity 7090K, committed 7296K, reserved 1056768K
  class space    used 596K, capacity 618K, committed 640K, reserved 1048576K
Event: 5.750 GC heap after
Heap after GC invocations=10 (full 2):
 PSYoungGen      total 138752K, used 18499K [0x00000000eab00000, 0x00000000f8800000, 0x0000000100000000)
  eden space 57344K, 0% used [0x00000000eab00000,0x00000000eab00000,0x00000000ee300000)
  from space 81408K, 22% used [0x00000000f3880000,0x00000000f4a90c68,0x00000000f8800000)
  to   space 84480K, 0% used [0x00000000ee300000,0x00000000ee300000,0x00000000f3580000)
 ParOldGen       total 335360K, used 177665K [0x00000000c0000000, 0x00000000d4780000, 0x00000000eab00000)
  object space 335360K, 52% used [0x00000000c0000000,0x00000000cad80730,0x00000000d4780000)
 Metaspace       used 6301K, capacity 7090K, committed 7296K, reserved 1056768K
  class space    used 596K, capacity 618K, committed 640K, reserved 1048576K
}

Deoptimization events (10 events):
Event: 3.372 Thread 0x000000000219e800 Uncommon trap: reason=bimorphic action=maybe_recompile pc=0x0000000002f6d50c method=com.android.dx.cf.code.RopperMachine.run(Lcom/android/dx/cf/code/Frame;II)V @ 310
Event: 3.833 Thread 0x000000000219e800 Uncommon trap: reason=unstable_if action=reinterpret pc=0x0000000002e88e9c method=com.android.dx.util.BitIntSet.has(I)Z @ 8
Event: 3.833 Thread 0x000000000219e800 Uncommon trap: reason=unstable_if action=reinterpret pc=0x0000000002d513c8 method=com.android.dx.util.BitIntSet.has(I)Z @ 8
Event: 5.583 Thread 0x000000000219e800 Uncommon trap: reason=unstable_if action=reinterpret pc=0x0000000002e9b0e4 method=com.android.dx.ssa.SCCP.simulateStmt(Lcom/android/dx/ssa/SsaInsn;)V @ 59
Event: 5.638 Thread 0x00000000586fd800 Uncommon trap: reason=unstable_if action=reinterpret pc=0x0000000002b9d8f8 method=com.android.dx.ssa.SetFactory.makeLivenessSet(I)Lcom/android/dx/util/IntSet; @ 4
Event: 5.638 Thread 0x00000000586fd800 Uncommon trap: reason=unstable_if action=reinterpret pc=0x0000000002b5cc80 method=com.android.dx.ssa.SetFactory.makeLivenessSet(I)Lcom/android/dx/util/IntSet; @ 4
Event: 5.642 Thread 0x00000000586fd800 Uncommon trap: reason=class_check action=maybe_recompile pc=0x0000000002b8e8e4 method=com.android.dx.ssa.back.InterferenceGraph.add(II)V @ 19
Event: 5.642 Thread 0x00000000586fd800 Uncommon trap: reason=class_check action=maybe_recompile pc=0x0000000002b8e8e4 method=com.android.dx.ssa.back.InterferenceGraph.add(II)V @ 19
Event: 5.642 Thread 0x00000000586fd800 Uncommon trap: reason=class_check action=maybe_recompile pc=0x0000000002b8e8e4 method=com.android.dx.ssa.back.InterferenceGraph.add(II)V @ 19
Event: 5.642 Thread 0x00000000586fd800 Uncommon trap: reason=class_check action=maybe_recompile pc=0x0000000002b8e8e4 method=com.android.dx.ssa.back.InterferenceGraph.add(II)V @ 19

Internal exceptions (6 events):
Event: 0.097 Thread 0x000000000219e800 Exception <a 'java/lang/NoSuchMethodError': Method sun.misc.Unsafe.defineClass(Ljava/lang/String;[BII)Ljava/lang/Class; name or signature does not match> (0x00000000eab07cc0) thrown at [C:\src\android\AOSP-openjdk\external\jetbrains\jdk\hotspot\src\share\v†È;ýáÅ¸?
Event: 0.097 Thread 0x000000000219e800 Exception <a 'java/lang/NoSuchMethodError': Method sun.misc.Unsafe.prefetchRead(Ljava/lang/Object;J)V name or signature does not match> (0x00000000eab07fa8) thrown at [C:\src\android\AOSP-openjdk\external\jetbrains\jdk\hotspot\src\share\vm\prims\jni.cpp, låÛMÑþ?
Event: 1.926 Thread 0x00000000587dc800 Implicit null exception at 0x0000000002b3d0d2 to 0x0000000002b3d1c2
Event: 2.347 Thread 0x00000000586fd800 Exception <a 'java/lang/ArrayIndexOutOfBoundsException': 18> (0x00000000ed0e8838) thrown at [C:\src\android\AOSP-openjdk\external\jetbrains\jdk\hotspot\src\share\vm\interpreter\interpreterRuntime.cpp, line 366]
Event: 2.347 Thread 0x00000000586fd800 Exception <a 'java/lang/ArrayIndexOutOfBoundsException': 145> (0x00000000ed0ea3b8) thrown at [C:\src\android\AOSP-openjdk\external\jetbrains\jdk\hotspot\src\share\vm\interpreter\interpreterRuntime.cpp, line 366]
Event: 2.348 Thread 0x00000000586fd800 Exception <a 'java/lang/ArrayIndexOutOfBoundsException'> (0x00000000ed0eb6a0) thrown at [C:\src\android\AOSP-openjdk\external\jetbrains\jdk\hotspot\src\share\vm\runtime\sharedRuntime.cpp, line 605]

Events (10 events):
Event: 5.642 Thread 0x00000000586fd800 Uncommon trap: trap_request=0xffffffde fr.pc=0x0000000002b8e8e4
Event: 5.642 Thread 0x00000000586fd800 DEOPT PACKING pc=0x0000000002b8e8e4 sp=0x000000005952e800
Event: 5.642 Thread 0x00000000586fd800 DEOPT UNPACKING pc=0x000000000293556a sp=0x000000005952e798 mode 2
Event: 5.642 Thread 0x00000000586fd800 Uncommon trap: trap_request=0xffffffde fr.pc=0x0000000002b8e8e4
Event: 5.642 Thread 0x00000000586fd800 DEOPT PACKING pc=0x0000000002b8e8e4 sp=0x000000005952e800
Event: 5.642 Thread 0x00000000586fd800 DEOPT UNPACKING pc=0x000000000293556a sp=0x000000005952e798 mode 2
Event: 5.678 Executing VM operation: ParallelGCFailedAllocation
Event: 5.750 Executing VM operation: ParallelGCFailedAllocation done
Event: 5.780 Thread 0x00000000586fd800 DEOPT PACKING pc=0x0000000002eadab9 sp=0x000000005952e770
Event: 5.780 Thread 0x00000000586fd800 DEOPT UNPACKING pc=0x00000000029375bf sp=0x000000005952e4c0 mode 0


Dynamic libraries:
0x000000013f0c0000 - 0x000000013f0f1000 	C:\Program Files\Android\Android Studio\jre\bin\java.exe
0x0000000077180000 - 0x0000000077329000 	C:\Windows\SYSTEM32\ntdll.dll
0x0000000077060000 - 0x000000007717f000 	C:\Windows\system32\kernel32.dll
0x000007fefd940000 - 0x000007fefd9ac000 	C:\Windows\system32\KERNELBASE.dll
0x000007feff3b0000 - 0x000007feff48b000 	C:\Windows\system32\ADVAPI32.dll
0x000007feff1a0000 - 0x000007feff23f000 	C:\Windows\system32\msvcrt.dll
0x000007fefed50000 - 0x000007fefed6f000 	C:\Windows\SYSTEM32\sechost.dll
0x000007fefec00000 - 0x000007fefed2d000 	C:\Windows\system32\RPCRT4.dll
0x0000000076f60000 - 0x000000007705a000 	C:\Windows\system32\USER32.dll
0x000007fefe9f0000 - 0x000007fefea57000 	C:\Windows\system32\GDI32.dll
0x000007fefed30000 - 0x000007fefed3e000 	C:\Windows\system32\LPK.dll
0x000007fefea90000 - 0x000007fefeb59000 	C:\Windows\system32\USP10.dll
0x000007fefbe40000 - 0x000007fefc034000 	C:\Windows\WinSxS\amd64_microsoft.windows.common-controls_6595b64144ccf1df_6.0.7601.17514_none_fa396087175ac9ac\COMCTL32.dll
0x000007fefeb80000 - 0x000007fefebf1000 	C:\Windows\system32\SHLWAPI.dll
0x000007fefea60000 - 0x000007fefea8e000 	C:\Windows\system32\IMM32.DLL
0x000007feff240000 - 0x000007feff349000 	C:\Windows\system32\MSCTF.dll
0x0000000061f00000 - 0x0000000061fd2000 	C:\Program Files\Android\Android Studio\jre\jre\bin\msvcr100.dll
0x000000005f4a0000 - 0x000000005fcd4000 	C:\Program Files\Android\Android Studio\jre\jre\bin\server\jvm.dll
0x000007feec580000 - 0x000007feec589000 	C:\Windows\system32\WSOCK32.dll
0x000007fefee50000 - 0x000007fefee9d000 	C:\Windows\system32\WS2_32.dll
0x000007fefed40000 - 0x000007fefed48000 	C:\Windows\system32\NSI.dll
0x000007fefaf00000 - 0x000007fefaf3b000 	C:\Windows\system32\WINMM.dll
0x000007fefc6e0000 - 0x000007fefc6ec000 	C:\Windows\system32\VERSION.dll
0x0000000077340000 - 0x0000000077347000 	C:\Windows\system32\PSAPI.DLL
0x000007fef83d0000 - 0x000007fef83df000 	C:\Program Files\Android\Android Studio\jre\jre\bin\verify.dll
0x000007fef82f0000 - 0x000007fef8319000 	C:\Program Files\Android\Android Studio\jre\jre\bin\java.dll
0x000007fef7780000 - 0x000007fef7796000 	C:\Program Files\Android\Android Studio\jre\jre\bin\zip.dll
0x000007fefd9b0000 - 0x000007fefe738000 	C:\Windows\system32\SHELL32.dll
0x000007fefe7e0000 - 0x000007fefe9e3000 	C:\Windows\system32\ole32.dll
0x000007fefd5e0000 - 0x000007fefd5ef000 	C:\Windows\system32\profapi.dll

VM Arguments:
jvm_args: -Djava.awt.headless=true -Xmx1024M -Dfile.encoding=windows-1252 -Duser.country=FR -Duser.language=fr -Duser.variant 
java_command: com.android.dx.command.Main --dex --force-jumbo --num-threads=4 --multi-dex --output C:\Users\rhakanjin.Newsco\Desktop\workspaceAndroid\friendzone\app\build\intermediates\transforms\dex\debug\folders\1000\10\com.google.android.gms-play-services-ads-10.0.1_1bd313799a94663aeafdc65fbc68ab259da00bec C:\Users\rhakanjin.Newsco\Desktop\workspaceAndroid\friendzone\app\build\intermediates\exploded-aar\com.google.android.gms\play-services-ads\10.0.1\jars\classes.jar
java_class_path (initial): C:\Users\rhakanjin.Newsco\AppData\Local\Android\sdk\build-tools\25.0.2\lib\dx.jar
Launcher Type: SUN_STANDARD

Environment Variables:
PATH=c:\Program Files (x86)\Intel\iCLS Client\;c:\Program Files\Intel\iCLS Client\;C:\Windows\system32;C:\Windows;C:\Windows\System32\Wbem;C:\Windows\System32\WindowsPowerShell\v1.0\;c:\Program Files (x86)\Common Files\Roxio Shared\DLLShared\;c:\Program Files (x86)\Common Files\Roxio Shared\10.0\DLLShared\;C:\Program Files\Intel\Intel(R) Management Engine Components\DAL;C:\Program Files\Intel\Intel(R) Management Engine Components\IPT;C:\Program Files (x86)\Intel\Intel(R) Management Engine Components\DAL;C:\Program Files (x86)\Intel\Intel(R) Management Engine Components\IPT;C:\Program Files\nodejs\;C:\RailsInstaller\Ruby2.3.0\bin;c:\Program Files (x86)\Intel\iCLS Client\;c:\Program Files\Intel\iCLS Client\;C:\Windows\system32;C:\Windows;C:\Windows\System32\Wbem;C:\Windows\System32\WindowsPowerShell\v1.0\;c:\Program Files (x86)\Common Files\Roxio Shared\DLLShared\;c:\Program Files (x86)\Common Files\Roxio Shared\10.0\DLLShared\;C:\Program Files\Intel\Intel(R) Management Engine Components\DAL;C:\Program Files\Intel\Intel(R) Management Engine Components\IPT;C:\Program Files (x86)\Intel\Intel(R) Management Engine Components\DAL;C:\Program Files (x86)\Intel\Intel(R) Management Engine Components\IPT;C:\Users\rhakanjin.Newsco\AppData\Local\Programs\Git\cmd;C:\Users\rhakanjin.Newsco\AppData\Roaming\npm
USERNAME=rhakanjin
OS=Windows_NT
PROCESSOR_IDENTIFIER=Intel64 Family 6 Model 58 Stepping 9, GenuineIntel



---------------  S Y S T E M  ---------------

OS: Windows 7 , 64 bit Build 7601 (6.1.7601.17651)

CPU:total 8 (4 cores per cpu, 2 threads per core) family 6 model 58 stepping 9, cmov, cx8, fxsr, mmx, sse, sse2, sse3, ssse3, sse4.1, sse4.2, popcnt, avx, aes, clmul, erms, ht, tsc, tscinvbit, tscinv

Memory: 4k page, physical 8063920k(542376k free), swap 12256372k(5132k free)

vm_info: OpenJDK 64-Bit Server VM (25.76-b03) for windows-amd64 JRE (1.8.0_76-release-b03), built on Jun 29 2016 19:09:20 by "ralucas" with MS VC++ 10.0 (VS2010)

time: Mon Feb 13 13:53:15 2017
elapsed time: 5 seconds (0d 0h 0m 5s)

