#
# There is insufficient memory for the Java Runtime Environment to continue.
# Native memory allocation (malloc) failed to allocate 32744 bytes for ChunkPool::allocate
# Possible reasons:
#   The system is out of physical RAM or swap space
#   In 32 bit mode, the process size limit was hit
# Possible solutions:
#   Reduce memory load on the system
#   Increase physical memory or swap space
#   Check if swap backing store is full
#   Use 64 bit Java on a 64 bit OS
#   Decrease Java heap size (-Xmx/-Xms)
#   Decrease number of Java threads
#   Decrease Java thread stack sizes (-Xss)
#   Set larger code cache with -XX:ReservedCodeCacheSize=
# This output file may be truncated or incomplete.
#
#  Out of Memory Error (allocation.cpp:273), pid=8932, tid=0x0000000000000f10
#
# JRE version: OpenJDK Runtime Environment (8.0_76-b03) (build 1.8.0_76-release-b03)
# Java VM: OpenJDK 64-Bit Server VM (25.76-b03 mixed mode windows-amd64 compressed oops)
# Failed to write core dump. Minidumps are not enabled by default on client versions of Windows
#

---------------  T H R E A D  ---------------

Current thread (0x0000000056829800):  JavaThread "C2 CompilerThread1" daemon [_thread_in_native, id=3856, stack(0x00000000581d0000,0x00000000582d0000)]

Stack: [0x00000000581d0000,0x00000000582d0000]
[error occurred during error reporting (printing stack bounds), id 0xc0000005]

Native frames: (J=compiled Java code, j=interpreted, Vv=VM code, C=native code)


Current CompileTask:
C2:   5307 2101       4       com.android.dx.cf.code.Simulator$SimVisitor::visitConstant (332 bytes)


---------------  P R O C E S S  ---------------

Java Threads: ( => current thread )
  0x00000000588d7000 JavaThread "pool-2-thread-4" [_thread_blocked, id=6252, stack(0x0000000057b10000,0x0000000057c10000)]
  0x00000000588d6800 JavaThread "pool-2-thread-3" [_thread_in_Java, id=7708, stack(0x0000000059490000,0x0000000059590000)]
  0x000000005892b000 JavaThread "pool-2-thread-2" [_thread_in_Java, id=8076, stack(0x00000000591d0000,0x00000000592d0000)]
  0x0000000058928000 JavaThread "pool-3-thread-1" [_thread_blocked, id=8036, stack(0x0000000059310000,0x0000000059410000)]
  0x0000000058927800 JavaThread "pool-2-thread-1" [_thread_blocked, id=7652, stack(0x00000000590a0000,0x00000000591a0000)]
  0x00000000568ae800 JavaThread "Service Thread" daemon [_thread_blocked, id=5408, stack(0x0000000058750000,0x0000000058850000)]
  0x0000000056888000 JavaThread "C1 CompilerThread3" daemon [_thread_blocked, id=8576, stack(0x0000000058590000,0x0000000058690000)]
  0x0000000056834800 JavaThread "C2 CompilerThread2" daemon [_thread_in_native, id=6212, stack(0x0000000058390000,0x0000000058490000)]
=>0x0000000056829800 JavaThread "C2 CompilerThread1" daemon [_thread_in_native, id=3856, stack(0x00000000581d0000,0x00000000582d0000)]
  0x0000000056824000 JavaThread "C2 CompilerThread0" daemon [_thread_in_native, id=2004, stack(0x0000000057fd0000,0x00000000580d0000)]
  0x000000005681e800 JavaThread "Attach Listener" daemon [_thread_blocked, id=7520, stack(0x0000000057dc0000,0x0000000057ec0000)]
  0x000000005681d000 JavaThread "Signal Dispatcher" daemon [_thread_blocked, id=8976, stack(0x0000000057c10000,0x0000000057d10000)]
  0x0000000055765800 JavaThread "Finalizer" daemon [_thread_blocked, id=7588, stack(0x00000000579e0000,0x0000000057ae0000)]
  0x0000000055764800 JavaThread "Reference Handler" daemon [_thread_blocked, id=7356, stack(0x0000000057770000,0x0000000057870000)]
  0x000000000226e800 JavaThread "main" [_thread_blocked, id=8000, stack(0x00000000023f0000,0x00000000024f0000)]

Other Threads:
  0x00000000567d0800 VMThread [stack: 0x00000000578a0000,0x00000000579a0000] [id=4736]
  0x00000000568b3000 WatcherThread [stack: 0x0000000057ec0000,0x0000000057fc0000] [id=7764]

VM state:not at safepoint (normal execution)

VM Mutex/Monitor currently owned by a thread: None

Heap:
 PSYoungGen      total 68608K, used 48268K [0x00000000eab00000, 0x00000000ef300000, 0x0000000100000000)
  eden space 63488K, 67% used [0x00000000eab00000,0x00000000ed5253d8,0x00000000ee900000)
  from space 5120K, 99% used [0x00000000ee900000,0x00000000eedfdfd0,0x00000000eee00000)
  to   space 5120K, 0% used [0x00000000eee00000,0x00000000eee00000,0x00000000ef300000)
 ParOldGen       total 84992K, used 12847K [0x00000000c0000000, 0x00000000c5300000, 0x00000000eab00000)
  object space 84992K, 15% used [0x00000000c0000000,0x00000000c0c8bcc8,0x00000000c5300000)
 Metaspace       used 6401K, capacity 7154K, committed 7296K, reserved 1056768K
  class space    used 599K, capacity 618K, committed 640K, reserved 1048576K

Card table byte_map: [0x0000000011b80000,0x0000000011d90000] byte_map_base: 0x0000000011580000

Marking Bits: (ParMarkBitMap*) 0x000000005fc59d00
 Begin Bits: [0x0000000012b80000, 0x0000000013b80000)
 End Bits:   [0x0000000013b80000, 0x0000000014b80000)

Polling page: 0x0000000000430000

CodeCache: size=245760Kb used=9358Kb max_used=9377Kb free=236401Kb
 bounds [0x00000000027c0000, 0x0000000003100000, 0x00000000117c0000]
 total_blobs=2350 nmethods=2081 adapters=182
 compilation: enabled

Compilation events (10 events):
Event: 5.268 Thread 0x0000000056834800 nmethod 2125 0x00000000030d0250 code [0x00000000030d0380, 0x00000000030d0458]
Event: 5.270 Thread 0x0000000056834800 2126       4       com.android.dx.rop.type.Prototype::<init> (67 bytes)
Event: 5.270 Thread 0x0000000056834800 nmethod 2126 0x000000000307e450 code [0x000000000307e580, 0x000000000307e658]
Event: 5.271 Thread 0x0000000056834800 2127   !   4       com.android.dx.rop.type.Prototype::putIntern (50 bytes)
Event: 5.280 Thread 0x0000000056834800 nmethod 2127 0x00000000030e7b50 code [0x00000000030e7ce0, 0x00000000030e85f8]
Event: 5.280 Thread 0x0000000056834800 2129 %     4       com.android.dx.ssa.SsaConverter::placePhiFunctions @ 103 (394 bytes)
Event: 5.291 Thread 0x0000000056888000 2131       3       java.util.concurrent.locks.AbstractQueuedSynchronizer$ConditionObject::doSignal (43 bytes)
Event: 5.292 Thread 0x0000000056888000 nmethod 2131 0x00000000030d1d50 code [0x00000000030d1ec0, 0x00000000030d2248]
Event: 5.297 Thread 0x0000000056824000 nmethod 2118 0x00000000030f01d0 code [0x00000000030f0400, 0x00000000030f2218]
Event: 5.298 Thread 0x0000000056824000 2132       4       com.android.dx.cf.code.BasicBlocker::getBlockList (208 bytes)

GC Heap History (6 events):
Event: 0.646 GC heap before
{Heap before GC invocations=1 (full 0):
 PSYoungGen      total 36864K, used 31744K [0x00000000eab00000, 0x00000000ed400000, 0x0000000100000000)
  eden space 31744K, 100% used [0x00000000eab00000,0x00000000eca00000,0x00000000eca00000)
  from space 5120K, 0% used [0x00000000ecf00000,0x00000000ecf00000,0x00000000ed400000)
  to   space 5120K, 0% used [0x00000000eca00000,0x00000000eca00000,0x00000000ecf00000)
 ParOldGen       total 84992K, used 0K [0x00000000c0000000, 0x00000000c5300000, 0x00000000eab00000)
  object space 84992K, 0% used [0x00000000c0000000,0x00000000c0000000,0x00000000c5300000)
 Metaspace       used 5681K, capacity 6704K, committed 6784K, reserved 1056768K
  class space    used 579K, capacity 616K, committed 640K, reserved 1048576K
Event: 1.132 GC heap after
Heap after GC invocations=1 (full 0):
 PSYoungGen      total 36864K, used 4145K [0x00000000eab00000, 0x00000000ef300000, 0x0000000100000000)
  eden space 31744K, 0% used [0x00000000eab00000,0x00000000eab00000,0x00000000eca00000)
  from space 5120K, 80% used [0x00000000eca00000,0x00000000ece0c4e0,0x00000000ecf00000)
  to   space 5120K, 0% used [0x00000000eee00000,0x00000000eee00000,0x00000000ef300000)
 ParOldGen       total 84992K, used 0K [0x00000000c0000000, 0x00000000c5300000, 0x00000000eab00000)
  object space 84992K, 0% used [0x00000000c0000000,0x00000000c0000000,0x00000000c5300000)
 Metaspace       used 5681K, capacity 6704K, committed 6784K, reserved 1056768K
  class space    used 579K, capacity 616K, committed 640K, reserved 1048576K
}
Event: 1.764 GC heap before
{Heap before GC invocations=2 (full 0):
 PSYoungGen      total 36864K, used 35889K [0x00000000eab00000, 0x00000000ef300000, 0x0000000100000000)
  eden space 31744K, 100% used [0x00000000eab00000,0x00000000eca00000,0x00000000eca00000)
  from space 5120K, 80% used [0x00000000eca00000,0x00000000ece0c4e0,0x00000000ecf00000)
  to   space 5120K, 0% used [0x00000000eee00000,0x00000000eee00000,0x00000000ef300000)
 ParOldGen       total 84992K, used 0K [0x00000000c0000000, 0x00000000c5300000, 0x00000000eab00000)
  object space 84992K, 0% used [0x00000000c0000000,0x00000000c0000000,0x00000000c5300000)
 Metaspace       used 6128K, capacity 7088K, committed 7296K, reserved 1056768K
  class space    used 579K, capacity 616K, committed 640K, reserved 1048576K
Event: 2.315 GC heap after
Heap after GC invocations=2 (full 0):
 PSYoungGen      total 68608K, used 5111K [0x00000000eab00000, 0x00000000ef300000, 0x0000000100000000)
  eden space 63488K, 0% used [0x00000000eab00000,0x00000000eab00000,0x00000000ee900000)
  from space 5120K, 99% used [0x00000000eee00000,0x00000000ef2fdc88,0x00000000ef300000)
  to   space 5120K, 0% used [0x00000000ee900000,0x00000000ee900000,0x00000000eee00000)
 ParOldGen       total 84992K, used 2342K [0x00000000c0000000, 0x00000000c5300000, 0x00000000eab00000)
  object space 84992K, 2% used [0x00000000c0000000,0x00000000c0249b18,0x00000000c5300000)
 Metaspace       used 6128K, capacity 7088K, committed 7296K, reserved 1056768K
  class space    used 579K, capacity 616K, committed 640K, reserved 1048576K
}
Event: 3.465 GC heap before
{Heap before GC invocations=3 (full 0):
 PSYoungGen      total 68608K, used 68599K [0x00000000eab00000, 0x00000000ef300000, 0x0000000100000000)
  eden space 63488K, 100% used [0x00000000eab00000,0x00000000ee900000,0x00000000ee900000)
  from space 5120K, 99% used [0x00000000eee00000,0x00000000ef2fdc88,0x00000000ef300000)
  to   space 5120K, 0% used [0x00000000ee900000,0x00000000ee900000,0x00000000eee00000)
 ParOldGen       total 84992K, used 2342K [0x00000000c0000000, 0x00000000c5300000, 0x00000000eab00000)
  object space 84992K, 2% used [0x00000000c0000000,0x00000000c0249b18,0x00000000c5300000)
 Metaspace       used 6259K, capacity 7152K, committed 7296K, reserved 1056768K
  class space    used 580K, capacity 616K, committed 640K, reserved 1048576K
Event: 3.670 GC heap after
Heap after GC invocations=3 (full 0):
 PSYoungGen      total 68608K, used 5111K [0x00000000eab00000, 0x00000000ef300000, 0x0000000100000000)
  eden space 63488K, 0% used [0x00000000eab00000,0x00000000eab00000,0x00000000ee900000)
  from space 5120K, 99% used [0x00000000ee900000,0x00000000eedfdfd0,0x00000000eee00000)
  to   space 5120K, 0% used [0x00000000eee00000,0x00000000eee00000,0x00000000ef300000)
 ParOldGen       total 84992K, used 12847K [0x00000000c0000000, 0x00000000c5300000, 0x00000000eab00000)
  object space 84992K, 15% used [0x00000000c0000000,0x00000000c0c8bcc8,0x00000000c5300000)
 Metaspace       used 6259K, capacity 7152K, committed 7296K, reserved 1056768K
  class space    used 580K, capacity 616K, committed 640K, reserved 1048576K
}

Deoptimization events (10 events):
Event: 3.135 Thread 0x00000000588d7000 Uncommon trap: reason=unstable_if action=reinterpret pc=0x0000000002d7b274 method=com.android.dx.ssa.SCCP.simulateStmt(Lcom/android/dx/ssa/SsaInsn;)V @ 59
Event: 3.152 Thread 0x00000000588d7000 Uncommon trap: reason=bimorphic action=maybe_recompile pc=0x0000000002dfb63c method=com.android.dx.rop.code.RegisterSpec.withSimpleType()Lcom/android/dx/rop/code/RegisterSpec; @ 21
Event: 3.153 Thread 0x00000000588d7000 Uncommon trap: reason=bimorphic action=maybe_recompile pc=0x0000000002dfb63c method=com.android.dx.rop.code.RegisterSpec.withSimpleType()Lcom/android/dx/rop/code/RegisterSpec; @ 21
Event: 3.169 Thread 0x00000000588d7000 Uncommon trap: reason=bimorphic action=maybe_recompile pc=0x0000000002dfb63c method=com.android.dx.rop.code.RegisterSpec.withSimpleType()Lcom/android/dx/rop/code/RegisterSpec; @ 21
Event: 3.710 Thread 0x00000000588d6800 Uncommon trap: reason=unstable_if action=reinterpret pc=0x0000000002f52614 method=com.android.dx.cf.code.ByteCatchList.listFor(I)Lcom/android/dx/cf/code/ByteCatchList; @ 47
Event: 3.720 Thread 0x00000000588d6800 Uncommon trap: reason=unstable_if action=reinterpret pc=0x0000000002f75f88 method=com.android.dx.ssa.LocalVariableExtractor.processBlock(I)V @ 251
Event: 4.005 Thread 0x00000000588d6800 Uncommon trap: reason=unstable_if action=reinterpret pc=0x0000000002aac700 method=com.android.dx.rop.code.RegisterSpec.equals(ILcom/android/dx/rop/type/TypeBearer;Lcom/android/dx/rop/code/LocalItem;)Z @ 42
Event: 4.173 Thread 0x00000000588d6800 Uncommon trap: reason=unstable_if action=reinterpret pc=0x0000000002a9fb3c method=java.util.HashMap.putVal(ILjava/lang/Object;Ljava/lang/Object;ZZ)Ljava/lang/Object; @ 162
Event: 4.177 Thread 0x00000000588d6800 Uncommon trap: reason=unstable_if action=reinterpret pc=0x0000000002ed562c method=java.util.HashMap.getNode(ILjava/lang/Object;)Ljava/util/HashMap$Node; @ 84
Event: 4.862 Thread 0x000000005892b000 Uncommon trap: reason=class_check action=maybe_recompile pc=0x0000000002ef3bcc method=com.android.dx.cf.code.RopperMachine.run(Lcom/android/dx/cf/code/Frame;II)V @ 310

Internal exceptions (8 events):
Event: 0.080 Thread 0x000000000226e800 Exception <a 'java/lang/NoSuchMethodError': Method sun.misc.Unsafe.defineClass(Ljava/lang/String;[BII)Ljava/lang/Class; name or signature does not match> (0x00000000eab07cc0) thrown at [C:\src\android\AOSP-openjdk\external\jetbrains\jdk\hotspot\src\share\vYòh:Ž´?
Event: 0.080 Thread 0x000000000226e800 Exception <a 'java/lang/NoSuchMethodError': Method sun.misc.Unsafe.prefetchRead(Ljava/lang/Object;J)V name or signature does not match> (0x00000000eab07fa8) thrown at [C:\src\android\AOSP-openjdk\external\jetbrains\jdk\hotspot\src\share\vm\prims\jni.cpp, lõñØ&6þõ?
Event: 1.375 Thread 0x00000000588d7000 Implicit null exception at 0x0000000002ad51ea to 0x0000000002ad801d
Event: 1.629 Thread 0x00000000588d7000 Implicit null exception at 0x0000000002ae48fa to 0x0000000002ae72c1
Event: 3.134 Thread 0x00000000588d7000 Implicit null exception at 0x0000000002e28f52 to 0x0000000002e29042
Event: 4.175 Thread 0x00000000588d6800 Exception <a 'java/lang/ArrayIndexOutOfBoundsException': 18> (0x00000000ebdf1fd8) thrown at [C:\src\android\AOSP-openjdk\external\jetbrains\jdk\hotspot\src\share\vm\interpreter\interpreterRuntime.cpp, line 366]
Event: 4.175 Thread 0x00000000588d6800 Exception <a 'java/lang/ArrayIndexOutOfBoundsException': 145> (0x00000000ebdf3b58) thrown at [C:\src\android\AOSP-openjdk\external\jetbrains\jdk\hotspot\src\share\vm\interpreter\interpreterRuntime.cpp, line 366]
Event: 4.176 Thread 0x00000000588d6800 Exception <a 'java/lang/ArrayIndexOutOfBoundsException'> (0x00000000ebdf4e40) thrown at [C:\src\android\AOSP-openjdk\external\jetbrains\jdk\hotspot\src\share\vm\runtime\sharedRuntime.cpp, line 605]

Events (10 events):
Event: 4.176 loading class sun/reflect/generics/reflectiveObjects/LazyReflectiveObjectGenerator done
Event: 4.176 loading class sun/reflect/generics/reflectiveObjects/TypeVariableImpl done
Event: 4.177 Thread 0x00000000588d6800 Uncommon trap: trap_request=0xffffff65 fr.pc=0x0000000002ed562c
Event: 4.177 Thread 0x00000000588d6800 DEOPT PACKING pc=0x0000000002ed562c sp=0x000000005958e640
Event: 4.177 Thread 0x00000000588d6800 DEOPT UNPACKING pc=0x000000000280556a sp=0x000000005958e560 mode 2
Event: 4.223 Executing VM operation: EnableBiasedLocking
Event: 4.223 Executing VM operation: EnableBiasedLocking done
Event: 4.862 Thread 0x000000005892b000 Uncommon trap: trap_request=0xffffffde fr.pc=0x0000000002ef3bcc
Event: 4.862 Thread 0x000000005892b000 DEOPT PACKING pc=0x0000000002ef3bcc sp=0x00000000592ce3f0
Event: 4.862 Thread 0x000000005892b000 DEOPT UNPACKING pc=0x000000000280556a sp=0x00000000592ce3b0 mode 2


Dynamic libraries:
0x000000013f0c0000 - 0x000000013f0f1000 	C:\Program Files\Android\Android Studio\jre\bin\java.exe
0x0000000077180000 - 0x0000000077329000 	C:\Windows\SYSTEM32\ntdll.dll
0x0000000077060000 - 0x000000007717f000 	C:\Windows\system32\kernel32.dll
0x000007fefd940000 - 0x000007fefd9ac000 	C:\Windows\system32\KERNELBASE.dll
0x000007feff3b0000 - 0x000007feff48b000 	C:\Windows\system32\ADVAPI32.dll
0x000007feff1a0000 - 0x000007feff23f000 	C:\Windows\system32\msvcrt.dll
0x000007fefed50000 - 0x000007fefed6f000 	C:\Windows\SYSTEM32\sechost.dll
0x000007fefec00000 - 0x000007fefed2d000 	C:\Windows\system32\RPCRT4.dll
0x0000000076f60000 - 0x000000007705a000 	C:\Windows\system32\USER32.dll
0x000007fefe9f0000 - 0x000007fefea57000 	C:\Windows\system32\GDI32.dll
0x000007fefed30000 - 0x000007fefed3e000 	C:\Windows\system32\LPK.dll
0x000007fefea90000 - 0x000007fefeb59000 	C:\Windows\system32\USP10.dll
0x000007fefbe40000 - 0x000007fefc034000 	C:\Windows\WinSxS\amd64_microsoft.windows.common-controls_6595b64144ccf1df_6.0.7601.17514_none_fa396087175ac9ac\COMCTL32.dll
0x000007fefeb80000 - 0x000007fefebf1000 	C:\Windows\system32\SHLWAPI.dll
0x000007fefea60000 - 0x000007fefea8e000 	C:\Windows\system32\IMM32.DLL
0x000007feff240000 - 0x000007feff349000 	C:\Windows\system32\MSCTF.dll
0x0000000061f00000 - 0x0000000061fd2000 	C:\Program Files\Android\Android Studio\jre\jre\bin\msvcr100.dll
0x000000005f4a0000 - 0x000000005fcd4000 	C:\Program Files\Android\Android Studio\jre\jre\bin\server\jvm.dll
0x000007feec580000 - 0x000007feec589000 	C:\Windows\system32\WSOCK32.dll
0x000007fefee50000 - 0x000007fefee9d000 	C:\Windows\system32\WS2_32.dll
0x000007fefed40000 - 0x000007fefed48000 	C:\Windows\system32\NSI.dll
0x000007fefaf00000 - 0x000007fefaf3b000 	C:\Windows\system32\WINMM.dll
0x000007fefc6e0000 - 0x000007fefc6ec000 	C:\Windows\system32\VERSION.dll
0x0000000077340000 - 0x0000000077347000 	C:\Windows\system32\PSAPI.DLL
0x000007fef83d0000 - 0x000007fef83df000 	C:\Program Files\Android\Android Studio\jre\jre\bin\verify.dll
0x000007fef82f0000 - 0x000007fef8319000 	C:\Program Files\Android\Android Studio\jre\jre\bin\java.dll
0x000007fef7780000 - 0x000007fef7796000 	C:\Program Files\Android\Android Studio\jre\jre\bin\zip.dll
0x000007fefd9b0000 - 0x000007fefe738000 	C:\Windows\system32\SHELL32.dll
0x000007fefe7e0000 - 0x000007fefe9e3000 	C:\Windows\system32\ole32.dll
0x000007fefd5e0000 - 0x000007fefd5ef000 	C:\Windows\system32\profapi.dll

VM Arguments:
jvm_args: -Djava.awt.headless=true -Xmx1024M -Dfile.encoding=windows-1252 -Duser.country=FR -Duser.language=fr -Duser.variant 
java_command: com.android.dx.command.Main --dex --force-jumbo --num-threads=4 --multi-dex --output C:\Users\rhakanjin.Newsco\Desktop\workspaceAndroid\friendzone\app\build\intermediates\transforms\dex\debug\folders\1000\10\guava-19.0_92af01a8f6719a21effeb8f68c199272961ca916 C:\Users\rhakanjin.Newsco\.gradle\caches\modules-2\files-2.1\com.google.guava\guava\19.0\6ce200f6b23222af3d8abb6b6459e6c44f4bb0e9\guava-19.0.jar
java_class_path (initial): C:\Users\rhakanjin.Newsco\AppData\Local\Android\sdk\build-tools\25.0.2\lib\dx.jar
Launcher Type: SUN_STANDARD

Environment Variables:
PATH=c:\Program Files (x86)\Intel\iCLS Client\;c:\Program Files\Intel\iCLS Client\;C:\Windows\system32;C:\Windows;C:\Windows\System32\Wbem;C:\Windows\System32\WindowsPowerShell\v1.0\;c:\Program Files (x86)\Common Files\Roxio Shared\DLLShared\;c:\Program Files (x86)\Common Files\Roxio Shared\10.0\DLLShared\;C:\Program Files\Intel\Intel(R) Management Engine Components\DAL;C:\Program Files\Intel\Intel(R) Management Engine Components\IPT;C:\Program Files (x86)\Intel\Intel(R) Management Engine Components\DAL;C:\Program Files (x86)\Intel\Intel(R) Management Engine Components\IPT;C:\Program Files\nodejs\;C:\RailsInstaller\Ruby2.3.0\bin;c:\Program Files (x86)\Intel\iCLS Client\;c:\Program Files\Intel\iCLS Client\;C:\Windows\system32;C:\Windows;C:\Windows\System32\Wbem;C:\Windows\System32\WindowsPowerShell\v1.0\;c:\Program Files (x86)\Common Files\Roxio Shared\DLLShared\;c:\Program Files (x86)\Common Files\Roxio Shared\10.0\DLLShared\;C:\Program Files\Intel\Intel(R) Management Engine Components\DAL;C:\Program Files\Intel\Intel(R) Management Engine Components\IPT;C:\Program Files (x86)\Intel\Intel(R) Management Engine Components\DAL;C:\Program Files (x86)\Intel\Intel(R) Management Engine Components\IPT;C:\Users\rhakanjin.Newsco\AppData\Local\Programs\Git\cmd;C:\Users\rhakanjin.Newsco\AppData\Roaming\npm
USERNAME=rhakanjin
OS=Windows_NT
PROCESSOR_IDENTIFIER=Intel64 Family 6 Model 58 Stepping 9, GenuineIntel



---------------  S Y S T E M  ---------------

OS: Windows 7 , 64 bit Build 7601 (6.1.7601.17651)

CPU:total 8 (4 cores per cpu, 2 threads per core) family 6 model 58 stepping 9, cmov, cx8, fxsr, mmx, sse, sse2, sse3, ssse3, sse4.1, sse4.2, popcnt, avx, aes, clmul, erms, ht, tsc, tscinvbit, tscinv

Memory: 4k page, physical 8063920k(444612k free), swap 12256372k(8720k free)

vm_info: OpenJDK 64-Bit Server VM (25.76-b03) for windows-amd64 JRE (1.8.0_76-release-b03), built on Jun 29 2016 19:09:20 by "ralucas" with MS VC++ 10.0 (VS2010)

time: Mon Feb 13 13:51:37 2017
elapsed time: 5 seconds (0d 0h 0m 5s)

