#
# There is insufficient memory for the Java Runtime Environment to continue.
# Native memory allocation (malloc) failed to allocate 204656 bytes for Chunk::new
# Possible reasons:
#   The system is out of physical RAM or swap space
#   In 32 bit mode, the process size limit was hit
# Possible solutions:
#   Reduce memory load on the system
#   Increase physical memory or swap space
#   Check if swap backing store is full
#   Use 64 bit Java on a 64 bit OS
#   Decrease Java heap size (-Xmx/-Xms)
#   Decrease number of Java threads
#   Decrease Java thread stack sizes (-Xss)
#   Set larger code cache with -XX:ReservedCodeCacheSize=
# This output file may be truncated or incomplete.
#
#  Out of Memory Error (allocation.cpp:390), pid=7772, tid=0x00000000000004c4
#
# JRE version: OpenJDK Runtime Environment (8.0_76-b03) (build 1.8.0_76-release-b03)
# Java VM: OpenJDK 64-Bit Server VM (25.76-b03 mixed mode windows-amd64 compressed oops)
# Failed to write core dump. Minidumps are not enabled by default on client versions of Windows
#

---------------  T H R E A D  ---------------

Current thread (0x00000000567ab000):  JavaThread "C2 CompilerThread2" daemon [_thread_in_native, id=1220, stack(0x0000000058090000,0x0000000058190000)]

Stack: [0x0000000058090000,0x0000000058190000]
[error occurred during error reporting (printing stack bounds), id 0xc0000005]

Native frames: (J=compiled Java code, j=interpreted, Vv=VM code, C=native code)


Current CompileTask:
C2:   1116  600       4       com.android.dx.ssa.SsaBasicBlock::forEachInsn (37 bytes)


---------------  P R O C E S S  ---------------

Java Threads: ( => current thread )
  0x0000000056ae4800 JavaThread "pool-2-thread-4" [_thread_blocked, id=4756, stack(0x0000000058fd0000,0x00000000590d0000)]
  0x0000000056ae1800 JavaThread "pool-2-thread-3" [_thread_in_Java, id=9052, stack(0x00000000594d0000,0x00000000595d0000)]
  0x0000000056add800 JavaThread "pool-2-thread-2" [_thread_blocked, id=3112, stack(0x0000000059290000,0x0000000059390000)]
  0x0000000056add000 JavaThread "pool-3-thread-1" [_thread_blocked, id=2708, stack(0x0000000059110000,0x0000000059210000)]
  0x0000000056adb000 JavaThread "pool-2-thread-1" [_thread_blocked, id=7956, stack(0x0000000058ed0000,0x0000000058fd0000)]
  0x000000005682d800 JavaThread "Service Thread" daemon [_thread_blocked, id=8064, stack(0x0000000058240000,0x0000000058340000)]
  0x00000000567b0000 JavaThread "C1 CompilerThread3" daemon [_thread_blocked, id=8948, stack(0x0000000058350000,0x0000000058450000)]
=>0x00000000567ab000 JavaThread "C2 CompilerThread2" daemon [_thread_in_native, id=1220, stack(0x0000000058090000,0x0000000058190000)]
  0x00000000567a8000 JavaThread "C2 CompilerThread1" daemon [_thread_blocked, id=4500, stack(0x0000000057f60000,0x0000000058060000)]
  0x00000000567a6000 JavaThread "C2 CompilerThread0" daemon [_thread_blocked, id=8820, stack(0x0000000057d80000,0x0000000057e80000)]
  0x00000000567a0800 JavaThread "Attach Listener" daemon [_thread_blocked, id=8512, stack(0x00000000577d0000,0x00000000578d0000)]
  0x000000005679e800 JavaThread "Signal Dispatcher" daemon [_thread_blocked, id=4176, stack(0x0000000057c60000,0x0000000057d60000)]
  0x00000000557fd800 JavaThread "Finalizer" daemon [_thread_blocked, id=8968, stack(0x0000000057ac0000,0x0000000057bc0000)]
  0x00000000557f4800 JavaThread "Reference Handler" daemon [_thread_blocked, id=4068, stack(0x0000000057970000,0x0000000057a70000)]
  0x0000000001c1e800 JavaThread "main" [_thread_blocked, id=7820, stack(0x0000000002550000,0x0000000002650000)]

Other Threads:
  0x0000000056750800 VMThread [stack: 0x00000000576a0000,0x00000000577a0000] [id=2944]
  0x0000000056832000 WatcherThread [stack: 0x00000000585a0000,0x00000000586a0000] [id=7972]

VM state:not at safepoint (normal execution)

VM Mutex/Monitor currently owned by a thread: None

Heap:
 PSYoungGen      total 36864K, used 17856K [0x00000000eab00000, 0x00000000ed400000, 0x0000000100000000)
  eden space 31744K, 56% used [0x00000000eab00000,0x00000000ebc70370,0x00000000eca00000)
  from space 5120K, 0% used [0x00000000ecf00000,0x00000000ecf00000,0x00000000ed400000)
  to   space 5120K, 0% used [0x00000000eca00000,0x00000000eca00000,0x00000000ecf00000)
 ParOldGen       total 84992K, used 0K [0x00000000c0000000, 0x00000000c5300000, 0x00000000eab00000)
  object space 84992K, 0% used [0x00000000c0000000,0x00000000c0000000,0x00000000c5300000)
 Metaspace       used 5520K, capacity 6576K, committed 6784K, reserved 1056768K
  class space    used 569K, capacity 616K, committed 640K, reserved 1048576K

Card table byte_map: [0x0000000011ce0000,0x0000000011ef0000] byte_map_base: 0x00000000116e0000

Marking Bits: (ParMarkBitMap*) 0x000000005fc59d00
 Begin Bits: [0x0000000012c10000, 0x0000000013c10000)
 End Bits:   [0x0000000013c10000, 0x0000000014c10000)

Polling page: 0x0000000000240000

CodeCache: size=245760Kb used=2348Kb max_used=2359Kb free=243411Kb
 bounds [0x0000000002920000, 0x0000000002b90000, 0x0000000011920000]
 total_blobs=839 nmethods=572 adapters=181
 compilation: enabled

Compilation events (10 events):
Event: 1.114 Thread 0x00000000567b0000  545       1       com.android.dx.ssa.SsaMethod::access$000 (5 bytes)
Event: 1.114 Thread 0x00000000567b0000 nmethod 545 0x0000000002b6cb90 code [0x0000000002b6cce0, 0x0000000002b6cdd0]
Event: 1.114 Thread 0x00000000567b0000  449       1       com.android.dx.ssa.SsaMethod::access$100 (5 bytes)
Event: 1.114 Thread 0x00000000567b0000 nmethod 449 0x0000000002b6ea50 code [0x0000000002b6eba0, 0x0000000002b6ec90]
Event: 1.114 Thread 0x00000000567b0000  530       3       com.android.dx.util.IntList::indexOf (16 bytes)
Event: 1.114 Thread 0x00000000567a8000 nmethod 593 0x0000000002b6ed10 code [0x0000000002b6ee80, 0x0000000002b6f328]
Event: 1.114 Thread 0x00000000567a8000  604       4       java.util.AbstractCollection::<init> (5 bytes)
Event: 1.114 Thread 0x00000000567a8000 nmethod 604 0x0000000002b58290 code [0x0000000002b583c0, 0x0000000002b58418]
Event: 1.114 Thread 0x00000000567a8000  610       4       java.util.ArrayList$Itr::<init> (6 bytes)
Event: 1.114 Thread 0x00000000567a8000 nmethod 610 0x0000000002b6d090 code [0x0000000002b6d1c0, 0x0000000002b6d238]

GC Heap History (0 events):
No events

Deoptimization events (3 events):
Event: 0.411 Thread 0x0000000001c1e800 Uncommon trap: reason=unstable_if action=reinterpret pc=0x0000000002a65c80 method=java.lang.String.indexOf(II)I @ 49
Event: 1.049 Thread 0x0000000056add800 Uncommon trap: reason=unstable_if action=reinterpret pc=0x0000000002b076f8 method=java.util.HashMap.getNode(ILjava/lang/Object;)Ljava/util/HashMap$Node; @ 129
Event: 1.065 Thread 0x0000000056ae1800 Uncommon trap: reason=unstable_if action=reinterpret pc=0x0000000002b1b3e0 method=java.util.BitSet.nextSetBit(I)I @ 87

Internal exceptions (2 events):
Event: 0.061 Thread 0x0000000001c1e800 Exception <a 'java/lang/NoSuchMethodError': Method sun.misc.Unsafe.defineClass(Ljava/lang/String;[BII)Ljava/lang/Class; name or signature does not match> (0x00000000eab07cc0) thrown at [C:\src\android\AOSP-openjdk\external\jetbrains\jdk\hotspot\src\share\véJð9¯?
Event: 0.061 Thread 0x0000000001c1e800 Exception <a 'java/lang/NoSuchMethodError': Method sun.misc.Unsafe.prefetchRead(Ljava/lang/Object;J)V name or signature does not match> (0x00000000eab07fa8) thrown at [C:\src\android\AOSP-openjdk\external\jetbrains\jdk\hotspot\src\share\vm\prims\jni.cpp, l

Events (10 events):
Event: 1.049 Thread 0x0000000056add800 DEOPT UNPACKING pc=0x000000000296556a sp=0x000000005938e458 mode 2
Event: 1.065 Thread 0x0000000056ae1800 Uncommon trap: trap_request=0xffffff65 fr.pc=0x0000000002b1b3e0
Event: 1.065 Thread 0x0000000056ae1800 DEOPT PACKING pc=0x0000000002b1b3e0 sp=0x00000000595ce6b0
Event: 1.065 Thread 0x0000000056ae1800 DEOPT UNPACKING pc=0x000000000296556a sp=0x00000000595ce648 mode 2
Event: 1.092 loading class java/util/TreeMap$EntrySet
Event: 1.092 loading class java/util/TreeMap$EntrySet done
Event: 1.092 loading class java/util/TreeMap$EntryIterator
Event: 1.093 loading class java/util/TreeMap$EntryIterator done
Event: 1.113 loading class java/util/ArrayList$1
Event: 1.113 loading class java/util/ArrayList$1 done


Dynamic libraries:
0x000000013f0c0000 - 0x000000013f0f1000 	C:\Program Files\Android\Android Studio\jre\bin\java.exe
0x0000000077180000 - 0x0000000077329000 	C:\Windows\SYSTEM32\ntdll.dll
0x0000000077060000 - 0x000000007717f000 	C:\Windows\system32\kernel32.dll
0x000007fefd940000 - 0x000007fefd9ac000 	C:\Windows\system32\KERNELBASE.dll
0x000007feff3b0000 - 0x000007feff48b000 	C:\Windows\system32\ADVAPI32.dll
0x000007feff1a0000 - 0x000007feff23f000 	C:\Windows\system32\msvcrt.dll
0x000007fefed50000 - 0x000007fefed6f000 	C:\Windows\SYSTEM32\sechost.dll
0x000007fefec00000 - 0x000007fefed2d000 	C:\Windows\system32\RPCRT4.dll
0x0000000076f60000 - 0x000000007705a000 	C:\Windows\system32\USER32.dll
0x000007fefe9f0000 - 0x000007fefea57000 	C:\Windows\system32\GDI32.dll
0x000007fefed30000 - 0x000007fefed3e000 	C:\Windows\system32\LPK.dll
0x000007fefea90000 - 0x000007fefeb59000 	C:\Windows\system32\USP10.dll
0x000007fefbe40000 - 0x000007fefc034000 	C:\Windows\WinSxS\amd64_microsoft.windows.common-controls_6595b64144ccf1df_6.0.7601.17514_none_fa396087175ac9ac\COMCTL32.dll
0x000007fefeb80000 - 0x000007fefebf1000 	C:\Windows\system32\SHLWAPI.dll
0x000007fefea60000 - 0x000007fefea8e000 	C:\Windows\system32\IMM32.DLL
0x000007feff240000 - 0x000007feff349000 	C:\Windows\system32\MSCTF.dll
0x0000000061f00000 - 0x0000000061fd2000 	C:\Program Files\Android\Android Studio\jre\jre\bin\msvcr100.dll
0x000000005f4a0000 - 0x000000005fcd4000 	C:\Program Files\Android\Android Studio\jre\jre\bin\server\jvm.dll
0x000007feec580000 - 0x000007feec589000 	C:\Windows\system32\WSOCK32.dll
0x000007fefee50000 - 0x000007fefee9d000 	C:\Windows\system32\WS2_32.dll
0x000007fefed40000 - 0x000007fefed48000 	C:\Windows\system32\NSI.dll
0x000007fefaf00000 - 0x000007fefaf3b000 	C:\Windows\system32\WINMM.dll
0x000007fefc6e0000 - 0x000007fefc6ec000 	C:\Windows\system32\VERSION.dll
0x0000000077340000 - 0x0000000077347000 	C:\Windows\system32\PSAPI.DLL
0x000007fef83d0000 - 0x000007fef83df000 	C:\Program Files\Android\Android Studio\jre\jre\bin\verify.dll
0x000007fef82f0000 - 0x000007fef8319000 	C:\Program Files\Android\Android Studio\jre\jre\bin\java.dll
0x000007fef7780000 - 0x000007fef7796000 	C:\Program Files\Android\Android Studio\jre\jre\bin\zip.dll
0x000007fefd9b0000 - 0x000007fefe738000 	C:\Windows\system32\SHELL32.dll
0x000007fefe7e0000 - 0x000007fefe9e3000 	C:\Windows\system32\ole32.dll
0x000007fefd5e0000 - 0x000007fefd5ef000 	C:\Windows\system32\profapi.dll

VM Arguments:
jvm_args: -Djava.awt.headless=true -Xmx1024M -Dfile.encoding=windows-1252 -Duser.country=FR -Duser.language=fr -Duser.variant 
java_command: com.android.dx.command.Main --dex --force-jumbo --num-threads=4 --multi-dex --output C:\Users\rhakanjin.Newsco\Desktop\workspaceAndroid\friendzone\app\build\intermediates\transforms\dex\debug\folders\1000\10\com.google.android.gms-play-services-basement-10.0.1_10114ad572af2793e182cb028bb29ca9c6e35af6 C:\Users\rhakanjin.Newsco\Desktop\workspaceAndroid\friendzone\app\build\intermediates\exploded-aar\com.google.android.gms\play-services-basement\10.0.1\jars\classes.jar
java_class_path (initial): C:\Users\rhakanjin.Newsco\AppData\Local\Android\sdk\build-tools\25.0.2\lib\dx.jar
Launcher Type: SUN_STANDARD

Environment Variables:



---------------  S Y S T E M  ---------------

OS: Windows 7 , 64 bit Build 7601 (6.1.7601.17651)

CPU:total 8 (4 cores per cpu, 2 threads per core) family 6 model 58 stepping 9, cmov, cx8, fxsr, mmx, sse, sse2, sse3, ssse3, sse4.1, sse4.2, popcnt, avx, aes, clmul, erms, ht, tsc, tscinvbit, tscinv

Memory: 4k page, physical 8063920k(542084k free), swap 12256372k(5060k free)

vm_info: OpenJDK 64-Bit Server VM (25.76-b03) for windows-amd64 JRE (1.8.0_76-release-b03), built on Jun 29 2016 19:09:20 by "ralucas" with MS VC++ 10.0 (VS2010)

time: Mon Feb 13 13:49:39 2017
elapsed time: 1 seconds (0d 0h 0m 1s)

