#
# There is insufficient memory for the Java Runtime Environment to continue.
# Native memory allocation (malloc) failed to allocate 1629952 bytes for Chunk::new
# Possible reasons:
#   The system is out of physical RAM or swap space
#   In 32 bit mode, the process size limit was hit
# Possible solutions:
#   Reduce memory load on the system
#   Increase physical memory or swap space
#   Check if swap backing store is full
#   Use 64 bit Java on a 64 bit OS
#   Decrease Java heap size (-Xmx/-Xms)
#   Decrease number of Java threads
#   Decrease Java thread stack sizes (-Xss)
#   Set larger code cache with -XX:ReservedCodeCacheSize=
# This output file may be truncated or incomplete.
#
#  Out of Memory Error (allocation.cpp:390), pid=4160, tid=0x0000000000001630
#
# JRE version: OpenJDK Runtime Environment (8.0_76-b03) (build 1.8.0_76-release-b03)
# Java VM: OpenJDK 64-Bit Server VM (25.76-b03 mixed mode windows-amd64 compressed oops)
# Failed to write core dump. Minidumps are not enabled by default on client versions of Windows
#

---------------  T H R E A D  ---------------

Current thread (0x0000000056858000):  JavaThread "C2 CompilerThread1" daemon [_thread_in_native, id=5680, stack(0x0000000058220000,0x0000000058320000)]

Stack: [0x0000000058220000,0x0000000058320000]
[error occurred during error reporting (printing stack bounds), id 0xc0000005]

Native frames: (J=compiled Java code, j=interpreted, Vv=VM code, C=native code)


Current CompileTask:
C2:   2672 1225   !   4       com.android.dx.cf.cst.ConstantPoolParser::parse0 (731 bytes)


---------------  P R O C E S S  ---------------

Java Threads: ( => current thread )
  0x0000000058722000 JavaThread "pool-2-thread-4" [_thread_blocked, id=8212, stack(0x0000000059400000,0x0000000059500000)]
  0x000000005879b800 JavaThread "pool-2-thread-3" [_thread_blocked, id=4508, stack(0x00000000592e0000,0x00000000593e0000)]
  0x0000000056b55000 JavaThread "pool-2-thread-2" [_thread_blocked, id=6780, stack(0x0000000059020000,0x0000000059120000)]
  0x0000000056b8b000 JavaThread "pool-3-thread-1" [_thread_blocked, id=2624, stack(0x0000000059170000,0x0000000059270000)]
  0x0000000056b88800 JavaThread "pool-2-thread-1" [_thread_blocked, id=8784, stack(0x0000000058ee0000,0x0000000058fe0000)]
  0x00000000568e9000 JavaThread "Service Thread" daemon [_thread_blocked, id=8840, stack(0x0000000058350000,0x0000000058450000)]
  0x00000000568b2000 JavaThread "C1 CompilerThread3" daemon [_thread_in_vm, id=4736, stack(0x0000000057c70000,0x0000000057d70000)]
  0x000000005685f000 JavaThread "C2 CompilerThread2" daemon [_thread_in_native, id=7596, stack(0x0000000058480000,0x0000000058580000)]
=>0x0000000056858000 JavaThread "C2 CompilerThread1" daemon [_thread_in_native, id=5680, stack(0x0000000058220000,0x0000000058320000)]
  0x0000000056856000 JavaThread "C2 CompilerThread0" daemon [_thread_in_native, id=4068, stack(0x0000000057f00000,0x0000000058000000)]
  0x0000000056850800 JavaThread "Attach Listener" daemon [_thread_blocked, id=6176, stack(0x0000000058030000,0x0000000058130000)]
  0x000000005684f000 JavaThread "Signal Dispatcher" daemon [_thread_blocked, id=6060, stack(0x0000000057d90000,0x0000000057e90000)]
  0x000000005579d800 JavaThread "Finalizer" daemon [_thread_blocked, id=6752, stack(0x0000000057a90000,0x0000000057b90000)]
  0x0000000055794800 JavaThread "Reference Handler" daemon [_thread_blocked, id=6364, stack(0x0000000057770000,0x0000000057870000)]
  0x00000000022fe800 JavaThread "main" [_thread_blocked, id=2964, stack(0x0000000002580000,0x0000000002680000)]

Other Threads:
  0x0000000056800800 VMThread [stack: 0x00000000578f0000,0x00000000579f0000] [id=6496]
  0x00000000568ed800 WatcherThread [stack: 0x00000000585e0000,0x00000000586e0000] [id=6300]

VM state:not at safepoint (normal execution)

VM Mutex/Monitor currently owned by a thread:  ([mutex/lock_event])
[0x00000000022f9560] CodeCache_lock - owner thread: 0x00000000568b2000
[0x00000000022fd6c0] Compile_lock - owner thread: 0x00000000568b2000
[0x00000000022fd7c0] MethodCompileQueue_lock - owner thread: 0x00000000568b2000

Heap:
 PSYoungGen      total 68608K, used 14495K [0x00000000eab00000, 0x00000000ef300000, 0x0000000100000000)
  eden space 63488K, 14% used [0x00000000eab00000,0x00000000eb42ec08,0x00000000ee900000)
  from space 5120K, 99% used [0x00000000eee00000,0x00000000ef2f9260,0x00000000ef300000)
  to   space 5120K, 0% used [0x00000000ee900000,0x00000000ee900000,0x00000000eee00000)
 ParOldGen       total 84992K, used 4679K [0x00000000c0000000, 0x00000000c5300000, 0x00000000eab00000)
  object space 84992K, 5% used [0x00000000c0000000,0x00000000c0491de8,0x00000000c5300000)
 Metaspace       used 6088K, capacity 6962K, committed 7040K, reserved 1056768K
  class space    used 594K, capacity 618K, committed 640K, reserved 1048576K

Card table byte_map: [0x0000000011d10000,0x0000000011f20000] byte_map_base: 0x0000000011710000

Marking Bits: (ParMarkBitMap*) 0x0000000070e59d00
 Begin Bits: [0x0000000012bb0000, 0x0000000013bb0000)
 End Bits:   [0x0000000013bb0000, 0x0000000014bb0000)

Polling page: 0x0000000000130000

CodeCache: size=245760Kb used=5409Kb max_used=5409Kb free=240350Kb
 bounds [0x0000000002950000, 0x0000000002ea0000, 0x0000000011950000]
 total_blobs=1671 nmethods=1403 adapters=181
 compilation: enabled

Compilation events (10 events):
Event: 2.054 Thread 0x000000005685f000 nmethod 1271 0x0000000002e6fe50 code [0x0000000002e6ffc0, 0x0000000002e702f8]
Event: 2.054 Thread 0x000000005685f000 1266       4       com.android.dx.rop.code.BasicBlock::getLastInsn (8 bytes)
Event: 2.055 Thread 0x000000005685f000 nmethod 1266 0x0000000002e6fa90 code [0x0000000002e6fbe0, 0x0000000002e6fcb8]
Event: 2.055 Thread 0x000000005685f000 1315       4       com.android.dx.ssa.MoveParamCombiner$1::visitNonMoveInsn (213 bytes)
Event: 2.057 Thread 0x000000005685f000 nmethod 1315 0x0000000002e6f490 code [0x0000000002e6f5e0, 0x0000000002e6f758]
Event: 2.057 Thread 0x000000005685f000 1243       4       com.android.dx.rop.code.PlainInsn::withNewRegisters (18 bytes)
Event: 2.059 Thread 0x000000005685f000 nmethod 1243 0x0000000002e6ef90 code [0x0000000002e6f0e0, 0x0000000002e6f298]
Event: 2.059 Thread 0x000000005685f000 1241       4       com.android.dx.ssa.SsaConverter::needsNewSuccessor (53 bytes)
Event: 2.062 Thread 0x000000005685f000 nmethod 1241 0x0000000002e75e50 code [0x0000000002e75fa0, 0x0000000002e76198]
Event: 2.128 Thread 0x0000000056856000 nmethod 1205 0x0000000002e81fd0 code [0x0000000002e83860, 0x0000000002e8c7a8]

GC Heap History (4 events):
Event: 1.700 GC heap before
{Heap before GC invocations=1 (full 0):
 PSYoungGen      total 36864K, used 31744K [0x00000000eab00000, 0x00000000ed400000, 0x0000000100000000)
  eden space 31744K, 100% used [0x00000000eab00000,0x00000000eca00000,0x00000000eca00000)
  from space 5120K, 0% used [0x00000000ecf00000,0x00000000ecf00000,0x00000000ed400000)
  to   space 5120K, 0% used [0x00000000eca00000,0x00000000eca00000,0x00000000ecf00000)
 ParOldGen       total 84992K, used 0K [0x00000000c0000000, 0x00000000c5300000, 0x00000000eab00000)
  object space 84992K, 0% used [0x00000000c0000000,0x00000000c0000000,0x00000000c5300000)
 Metaspace       used 5823K, capacity 6832K, committed 7040K, reserved 1056768K
  class space    used 574K, capacity 616K, committed 640K, reserved 1048576K
Event: 1.720 GC heap after
Heap after GC invocations=1 (full 0):
 PSYoungGen      total 36864K, used 5093K [0x00000000eab00000, 0x00000000ef300000, 0x0000000100000000)
  eden space 31744K, 0% used [0x00000000eab00000,0x00000000eab00000,0x00000000eca00000)
  from space 5120K, 99% used [0x00000000eca00000,0x00000000ecef96b8,0x00000000ecf00000)
  to   space 5120K, 0% used [0x00000000eee00000,0x00000000eee00000,0x00000000ef300000)
 ParOldGen       total 84992K, used 1010K [0x00000000c0000000, 0x00000000c5300000, 0x00000000eab00000)
  object space 84992K, 1% used [0x00000000c0000000,0x00000000c00fc898,0x00000000c5300000)
 Metaspace       used 5823K, capacity 6832K, committed 7040K, reserved 1056768K
  class space    used 574K, capacity 616K, committed 640K, reserved 1048576K
}
Event: 1.973 GC heap before
{Heap before GC invocations=2 (full 0):
 PSYoungGen      total 36864K, used 36837K [0x00000000eab00000, 0x00000000ef300000, 0x0000000100000000)
  eden space 31744K, 100% used [0x00000000eab00000,0x00000000eca00000,0x00000000eca00000)
  from space 5120K, 99% used [0x00000000eca00000,0x00000000ecef96b8,0x00000000ecf00000)
  to   space 5120K, 0% used [0x00000000eee00000,0x00000000eee00000,0x00000000ef300000)
 ParOldGen       total 84992K, used 1010K [0x00000000c0000000, 0x00000000c5300000, 0x00000000eab00000)
  object space 84992K, 1% used [0x00000000c0000000,0x00000000c00fc898,0x00000000c5300000)
 Metaspace       used 6073K, capacity 6962K, committed 7040K, reserved 1056768K
  class space    used 594K, capacity 618K, committed 640K, reserved 1048576K
Event: 1.996 GC heap after
Heap after GC invocations=2 (full 0):
 PSYoungGen      total 68608K, used 5092K [0x00000000eab00000, 0x00000000ef300000, 0x0000000100000000)
  eden space 63488K, 0% used [0x00000000eab00000,0x00000000eab00000,0x00000000ee900000)
  from space 5120K, 99% used [0x00000000eee00000,0x00000000ef2f9260,0x00000000ef300000)
  to   space 5120K, 0% used [0x00000000ee900000,0x00000000ee900000,0x00000000eee00000)
 ParOldGen       total 84992K, used 4679K [0x00000000c0000000, 0x00000000c5300000, 0x00000000eab00000)
  object space 84992K, 5% used [0x00000000c0000000,0x00000000c0491de8,0x00000000c5300000)
 Metaspace       used 6073K, capacity 6962K, committed 7040K, reserved 1056768K
  class space    used 594K, capacity 618K, committed 640K, reserved 1048576K
}

Deoptimization events (10 events):
Event: 1.756 Thread 0x0000000056b88800 Uncommon trap: reason=bimorphic action=maybe_recompile pc=0x0000000002b7bda4 method=java.util.HashMap.getNode(ILjava/lang/Object;)Ljava/util/HashMap$Node; @ 126
Event: 1.756 Thread 0x0000000056b88800 Uncommon trap: reason=class_check action=maybe_recompile pc=0x0000000002d04d7c method=java.util.HashMap.putVal(ILjava/lang/Object;Ljava/lang/Object;ZZ)Ljava/lang/Object; @ 203
Event: 1.756 Thread 0x0000000056b88800 Uncommon trap: reason=bimorphic action=maybe_recompile pc=0x0000000002b7bda4 method=java.util.HashMap.getNode(ILjava/lang/Object;)Ljava/util/HashMap$Node; @ 126
Event: 1.756 Thread 0x0000000056b88800 Uncommon trap: reason=class_check action=maybe_recompile pc=0x0000000002d04d7c method=java.util.HashMap.putVal(ILjava/lang/Object;Ljava/lang/Object;ZZ)Ljava/lang/Object; @ 203
Event: 1.756 Thread 0x0000000056b88800 Uncommon trap: reason=bimorphic action=maybe_recompile pc=0x0000000002b7bda4 method=java.util.HashMap.getNode(ILjava/lang/Object;)Ljava/util/HashMap$Node; @ 126
Event: 1.757 Thread 0x0000000056b88800 Uncommon trap: reason=bimorphic action=maybe_recompile pc=0x0000000002b7bda4 method=java.util.HashMap.getNode(ILjava/lang/Object;)Ljava/util/HashMap$Node; @ 126
Event: 1.757 Thread 0x0000000056b88800 Uncommon trap: reason=bimorphic action=maybe_recompile pc=0x0000000002b78c54 method=java.util.HashMap.getNode(ILjava/lang/Object;)Ljava/util/HashMap$Node; @ 126
Event: 1.928 Thread 0x000000005879b800 Uncommon trap: reason=unstable_if action=reinterpret pc=0x0000000002c2f598 method=java.util.HashMap.putVal(ILjava/lang/Object;Ljava/lang/Object;ZZ)Ljava/lang/Object; @ 162
Event: 1.932 Thread 0x000000005879b800 Uncommon trap: reason=unstable_if action=reinterpret pc=0x0000000002dabcac method=java.util.HashMap.getNode(ILjava/lang/Object;)Ljava/util/HashMap$Node; @ 84
Event: 1.958 Thread 0x0000000056b88800 Uncommon trap: reason=unstable_if action=reinterpret pc=0x0000000002d048a4 method=java.util.HashMap.putVal(ILjava/lang/Object;Ljava/lang/Object;ZZ)Ljava/lang/Object; @ 162

Internal exceptions (6 events):
Event: 0.166 Thread 0x00000000022fe800 Exception <a 'java/lang/NoSuchMethodError': Method sun.misc.Unsafe.defineClass(Ljava/lang/String;[BII)Ljava/lang/Class; name or signature does not match> (0x00000000eab07cc0) thrown at [C:\src\android\AOSP-openjdk\external\jetbrains\jdk\hotspot\src\share\v‡∆√/£@≈?
Event: 0.166 Thread 0x00000000022fe800 Exception <a 'java/lang/NoSuchMethodError': Method sun.misc.Unsafe.prefetchRead(Ljava/lang/Object;J)V name or signature does not match> (0x00000000eab07fa8) thrown at [C:\src\android\AOSP-openjdk\external\jetbrains\jdk\hotspot\src\share\vm\prims\jni.cpp, lÅ˘∏8∑˚?
Event: 1.732 Thread 0x0000000056b88800 Implicit null exception at 0x0000000002bfe752 to 0x0000000002bfe842
Event: 1.930 Thread 0x000000005879b800 Exception <a 'java/lang/ArrayIndexOutOfBoundsException': 18> (0x00000000ebe72600) thrown at [C:\src\android\AOSP-openjdk\external\jetbrains\jdk\hotspot\src\share\vm\interpreter\interpreterRuntime.cpp, line 366]
Event: 1.930 Thread 0x000000005879b800 Exception <a 'java/lang/ArrayIndexOutOfBoundsException': 145> (0x00000000ebe74180) thrown at [C:\src\android\AOSP-openjdk\external\jetbrains\jdk\hotspot\src\share\vm\interpreter\interpreterRuntime.cpp, line 366]
Event: 1.931 Thread 0x000000005879b800 Exception <a 'java/lang/ArrayIndexOutOfBoundsException': 40> (0x00000000ebe75468) thrown at [C:\src\android\AOSP-openjdk\external\jetbrains\jdk\hotspot\src\share\vm\interpreter\interpreterRuntime.cpp, line 366]

Events (10 events):
Event: 1.932 Thread 0x000000005879b800 Uncommon trap: trap_request=0xffffff65 fr.pc=0x0000000002dabcac
Event: 1.932 Thread 0x000000005879b800 DEOPT PACKING pc=0x0000000002dabcac sp=0x00000000593ddb20
Event: 1.932 Thread 0x000000005879b800 DEOPT UNPACKING pc=0x000000000299556a sp=0x00000000593dda40 mode 2
Event: 1.953 Thread 0x0000000056b55000 DEOPT PACKING pc=0x0000000002c43427 sp=0x000000005911e630
Event: 1.953 Thread 0x0000000056b55000 DEOPT UNPACKING pc=0x00000000029975bf sp=0x000000005911e3a0 mode 0
Event: 1.958 Thread 0x0000000056b88800 Uncommon trap: trap_request=0xffffff65 fr.pc=0x0000000002d048a4
Event: 1.958 Thread 0x0000000056b88800 DEOPT PACKING pc=0x0000000002d048a4 sp=0x0000000058fde1f0
Event: 1.958 Thread 0x0000000056b88800 DEOPT UNPACKING pc=0x000000000299556a sp=0x0000000058fde178 mode 2
Event: 1.973 Executing VM operation: ParallelGCFailedAllocation
Event: 1.996 Executing VM operation: ParallelGCFailedAllocation done


Dynamic libraries:
0x000000013f250000 - 0x000000013f281000 	C:\Program Files\Android\Android Studio\jre\bin\java.exe
0x0000000077180000 - 0x0000000077329000 	C:\Windows\SYSTEM32\ntdll.dll
0x0000000077060000 - 0x000000007717f000 	C:\Windows\system32\kernel32.dll
0x000007fefd940000 - 0x000007fefd9ac000 	C:\Windows\system32\KERNELBASE.dll
0x000007feff3b0000 - 0x000007feff48b000 	C:\Windows\system32\ADVAPI32.dll
0x000007feff1a0000 - 0x000007feff23f000 	C:\Windows\system32\msvcrt.dll
0x000007fefed50000 - 0x000007fefed6f000 	C:\Windows\SYSTEM32\sechost.dll
0x000007fefec00000 - 0x000007fefed2d000 	C:\Windows\system32\RPCRT4.dll
0x0000000076f60000 - 0x000000007705a000 	C:\Windows\system32\USER32.dll
0x000007fefe9f0000 - 0x000007fefea57000 	C:\Windows\system32\GDI32.dll
0x000007fefed30000 - 0x000007fefed3e000 	C:\Windows\system32\LPK.dll
0x000007fefea90000 - 0x000007fefeb59000 	C:\Windows\system32\USP10.dll
0x000007fefbe40000 - 0x000007fefc034000 	C:\Windows\WinSxS\amd64_microsoft.windows.common-controls_6595b64144ccf1df_6.0.7601.17514_none_fa396087175ac9ac\COMCTL32.dll
0x000007fefeb80000 - 0x000007fefebf1000 	C:\Windows\system32\SHLWAPI.dll
0x000007fefea60000 - 0x000007fefea8e000 	C:\Windows\system32\IMM32.DLL
0x000007feff240000 - 0x000007feff349000 	C:\Windows\system32\MSCTF.dll
0x00000000705c0000 - 0x0000000070692000 	C:\Program Files\Android\Android Studio\jre\jre\bin\msvcr100.dll
0x00000000706a0000 - 0x0000000070ed4000 	C:\Program Files\Android\Android Studio\jre\jre\bin\server\jvm.dll
0x000007feec580000 - 0x000007feec589000 	C:\Windows\system32\WSOCK32.dll
0x000007fefee50000 - 0x000007fefee9d000 	C:\Windows\system32\WS2_32.dll
0x000007fefed40000 - 0x000007fefed48000 	C:\Windows\system32\NSI.dll
0x000007fefaf00000 - 0x000007fefaf3b000 	C:\Windows\system32\WINMM.dll
0x000007fefc6e0000 - 0x000007fefc6ec000 	C:\Windows\system32\VERSION.dll
0x0000000077340000 - 0x0000000077347000 	C:\Windows\system32\PSAPI.DLL
0x000007fef8460000 - 0x000007fef846f000 	C:\Program Files\Android\Android Studio\jre\jre\bin\verify.dll
0x000007fef83e0000 - 0x000007fef8409000 	C:\Program Files\Android\Android Studio\jre\jre\bin\java.dll
0x000007fef7bc0000 - 0x000007fef7bd6000 	C:\Program Files\Android\Android Studio\jre\jre\bin\zip.dll
0x000007fefd9b0000 - 0x000007fefe738000 	C:\Windows\system32\SHELL32.dll
0x000007fefe7e0000 - 0x000007fefe9e3000 	C:\Windows\system32\ole32.dll
0x000007fefd5e0000 - 0x000007fefd5ef000 	C:\Windows\system32\profapi.dll

VM Arguments:
jvm_args: -Djava.awt.headless=true -Xmx1024M -Dfile.encoding=windows-1252 -Duser.country=FR -Duser.language=fr -Duser.variant 
java_command: com.android.dx.command.Main --dex --force-jumbo --num-threads=4 --multi-dex --output C:\Users\rhakanjin.Newsco\Desktop\workspaceAndroid\friendzone\app\build\intermediates\transforms\dex\debug\folders\1000\10\com.google.android.gms-play-services-cast-framework-10.0.1_86739e33cce8b7ac2c83c1b97f4fdf8ebcea5152 C:\Users\rhakanjin.Newsco\Desktop\workspaceAndroid\friendzone\app\build\intermediates\exploded-aar\com.google.android.gms\play-services-cast-framework\10.0.1\jars\classes.jar
java_class_path (initial): C:\Users\rhakanjin.Newsco\AppData\Local\Android\sdk\build-tools\25.0.2\lib\dx.jar
Launcher Type: SUN_STANDARD

Environment Variables:
PATH=c:\Program Files (x86)\Intel\iCLS Client\;c:\Program Files\Intel\iCLS Client\;C:\Windows\system32;C:\Windows;C:\Windows\System32\Wbem;C:\Windows\System32\WindowsPowerShell\v1.0\;c:\Program Files (x86)\Common Files\Roxio Shared\DLLShared\;c:\Program Files (x86)\Common Files\Roxio Shared\10.0\DLLShared\;C:\Program Files\Intel\Intel(R) Management Engine Components\DAL;C:\Program Files\Intel\Intel(R) Management Engine Components\IPT;C:\Program Files (x86)\Intel\Intel(R) Management Engine Components\DAL;C:\Program Files (x86)\Intel\Intel(R) Management Engine Components\IPT;C:\Program Files\nodejs\;C:\RailsInstaller\Ruby2.3.0\bin;c:\Program Files (x86)\Intel\iCLS Client\;c:\Program Files\Intel\iCLS Client\;C:\Windows\system32;C:\Windows;C:\Windows\System32\Wbem;C:\Windows\System32\WindowsPowerShell\v1.0\;c:\Program Files (x86)\Common Files\Roxio Shared\DLLShared\;c:\Program Files (x86)\Common Files\Roxio Shared\10.0\DLLShared\;C:\Program Files\Intel\Intel(R) Management Engine Components\DAL;C:\Program Files\Intel\Intel(R) Management Engine Components\IPT;C:\Program Files (x86)\Intel\Intel(R) Management Engine Components\DAL;C:\Program Files (x86)\Intel\Intel(R) Management Engine Components\IPT;C:\Users\rhakanjin.Newsco\AppData\Local\Programs\Git\cmd;C:\Users\rhakanjin.Newsco\AppData\Roaming\npm
USERNAME=rhakanjin
OS=Windows_NT
PROCESSOR_IDENTIFIER=Intel64 Family 6 Model 58 Stepping 9, GenuineIntel



---------------  S Y S T E M  ---------------

OS: Windows 7 , 64 bit Build 7601 (6.1.7601.17651)

CPU:total 8 (4 cores per cpu, 2 threads per core) family 6 model 58 stepping 9, cmov, cx8, fxsr, mmx, sse, sse2, sse3, ssse3, sse4.1, sse4.2, popcnt, avx, aes, clmul, erms, ht, tsc, tscinvbit, tscinv

Memory: 4k page, physical 8063920k(529652k free), swap 12256372k(4908k free)

vm_info: OpenJDK 64-Bit Server VM (25.76-b03) for windows-amd64 JRE (1.8.0_76-release-b03), built on Jun 29 2016 19:09:20 by "ralucas" with MS VC++ 10.0 (VS2010)

time: Mon Feb 13 15:54:05 2017
elapsed time: 2 seconds (0d 0h 0m 2s)

