#
# There is insufficient memory for the Java Runtime Environment to continue.
# Native memory allocation (malloc) failed to allocate 32744 bytes for ChunkPool::allocate
# Possible reasons:
#   The system is out of physical RAM or swap space
#   In 32 bit mode, the process size limit was hit
# Possible solutions:
#   Reduce memory load on the system
#   Increase physical memory or swap space
#   Check if swap backing store is full
#   Use 64 bit Java on a 64 bit OS
#   Decrease Java heap size (-Xmx/-Xms)
#   Decrease number of Java threads
#   Decrease Java thread stack sizes (-Xss)
#   Set larger code cache with -XX:ReservedCodeCacheSize=
# This output file may be truncated or incomplete.
#
#  Out of Memory Error (allocation.cpp:273), pid=9096, tid=0x0000000000000f9c
#
# JRE version: OpenJDK Runtime Environment (8.0_76-b03) (build 1.8.0_76-release-b03)
# Java VM: OpenJDK 64-Bit Server VM (25.76-b03 mixed mode windows-amd64 compressed oops)
# Failed to write core dump. Minidumps are not enabled by default on client versions of Windows
#

---------------  T H R E A D  ---------------

Current thread (0x00000000566d7000):  JavaThread "C2 CompilerThread2" daemon [_thread_in_native, id=3996, stack(0x0000000057f70000,0x0000000058070000)]

Stack: [0x0000000057f70000,0x0000000058070000]
[error occurred during error reporting (printing stack bounds), id 0xc0000005]

Native frames: (J=compiled Java code, j=interpreted, Vv=VM code, C=native code)


Current CompileTask:
C2:   1389 1516   !   4       com.android.dx.cf.code.BytecodeArray::parseInstruction (2764 bytes)


---------------  P R O C E S S  ---------------

Java Threads: ( => current thread )
  0x000000005876b000 JavaThread "pool-2-thread-4" [_thread_in_Java, id=4312, stack(0x0000000059220000,0x0000000059320000)]
  0x0000000058845000 JavaThread "pool-2-thread-3" [_thread_blocked, id=1204, stack(0x00000000594f0000,0x00000000595f0000)]
  0x0000000058843000 JavaThread "pool-2-thread-2" [_thread_blocked, id=6768, stack(0x00000000593a0000,0x00000000594a0000)]
  0x0000000058740800 JavaThread "pool-3-thread-1" [_thread_blocked, id=6056, stack(0x0000000059110000,0x0000000059210000)]
  0x000000005692c000 JavaThread "pool-2-thread-1" [_thread_blocked, id=9152, stack(0x0000000058f90000,0x0000000059090000)]
  0x00000000566de800 JavaThread "Service Thread" daemon [_thread_blocked, id=8240, stack(0x0000000058410000,0x0000000058510000)]
  0x00000000566d7800 JavaThread "C1 CompilerThread3" daemon [_thread_blocked, id=6324, stack(0x0000000058270000,0x0000000058370000)]
=>0x00000000566d7000 JavaThread "C2 CompilerThread2" daemon [_thread_in_native, id=3996, stack(0x0000000057f70000,0x0000000058070000)]
  0x00000000566d4000 JavaThread "C2 CompilerThread1" daemon [_thread_in_native, id=7888, stack(0x00000000580a0000,0x00000000581a0000)]
  0x0000000056666000 JavaThread "C2 CompilerThread0" daemon [_thread_in_native, id=5392, stack(0x0000000057e10000,0x0000000057f10000)]
  0x0000000056660800 JavaThread "Attach Listener" daemon [_thread_blocked, id=5980, stack(0x0000000057c50000,0x0000000057d50000)]
  0x000000005665e800 JavaThread "Signal Dispatcher" daemon [_thread_blocked, id=8596, stack(0x0000000057a60000,0x0000000057b60000)]
  0x00000000555ad800 JavaThread "Finalizer" daemon [_thread_blocked, id=6676, stack(0x00000000575b0000,0x00000000576b0000)]
  0x00000000555a4800 JavaThread "Reference Handler" daemon [_thread_blocked, id=1132, stack(0x0000000057820000,0x0000000057920000)]
  0x00000000022be800 JavaThread "main" [_thread_blocked, id=9144, stack(0x00000000022c0000,0x00000000023c0000)]

Other Threads:
  0x0000000056610800 VMThread [stack: 0x00000000576e0000,0x00000000577e0000] [id=6640]
  0x00000000566e2800 WatcherThread [stack: 0x0000000058610000,0x0000000058710000] [id=3800]

VM state:not at safepoint (normal execution)

VM Mutex/Monitor currently owned by a thread: None

Heap:
 PSYoungGen      total 68608K, used 38328K [0x00000000eab00000, 0x00000000ef300000, 0x0000000100000000)
  eden space 63488K, 52% used [0x00000000eab00000,0x00000000ecb707b0,0x00000000ee900000)
  from space 5120K, 99% used [0x00000000ee900000,0x00000000eedfdb20,0x00000000eee00000)
  to   space 5120K, 0% used [0x00000000eee00000,0x00000000eee00000,0x00000000ef300000)
 ParOldGen       total 84992K, used 14237K [0x00000000c0000000, 0x00000000c5300000, 0x00000000eab00000)
  object space 84992K, 16% used [0x00000000c0000000,0x00000000c0de74e8,0x00000000c5300000)
 Metaspace       used 6056K, capacity 7152K, committed 7296K, reserved 1056768K
  class space    used 565K, capacity 616K, committed 640K, reserved 1048576K

Card table byte_map: [0x0000000011ad0000,0x0000000011ce0000] byte_map_base: 0x00000000114d0000

Marking Bits: (ParMarkBitMap*) 0x000000005ab69d00
 Begin Bits: [0x00000000129c0000, 0x00000000139c0000)
 End Bits:   [0x00000000139c0000, 0x00000000149c0000)

Polling page: 0x0000000000340000

CodeCache: size=245760Kb used=6553Kb max_used=6569Kb free=239206Kb
 bounds [0x0000000002710000, 0x0000000002d90000, 0x0000000011710000]
 total_blobs=1982 nmethods=1719 adapters=176
 compilation: enabled

Compilation events (10 events):
Event: 1.308 Thread 0x00000000566d7800 1762       2       com.android.dx.cf.code.ByteCatchList$Item::getExceptionClass (18 bytes)
Event: 1.308 Thread 0x00000000566d7800 nmethod 1762 0x0000000002d78890 code [0x0000000002d789e0, 0x0000000002d78b50]
Event: 1.318 Thread 0x00000000566d7800 1763       2       com.android.dx.rop.cst.CstLiteral64::hashCode (15 bytes)
Event: 1.318 Thread 0x00000000566d7800 nmethod 1763 0x0000000002d78550 code [0x0000000002d786a0, 0x0000000002d78810]
Event: 1.332 Thread 0x0000000056666000 nmethod 1512 0x0000000002d7cad0 code [0x0000000002d7cd20, 0x0000000002d7eb48]
Event: 1.332 Thread 0x0000000056666000 1456       4       com.android.dx.rop.code.ThrowingCstInsn::<init> (51 bytes)
Event: 1.334 Thread 0x0000000056666000 nmethod 1456 0x0000000002d76b50 code [0x0000000002d76ca0, 0x0000000002d76e58]
Event: 1.334 Thread 0x0000000056666000 1450       4       com.android.dx.rop.code.RegisterSpecList::<init> (6 bytes)
Event: 1.335 Thread 0x0000000056666000 nmethod 1450 0x0000000002d767d0 code [0x0000000002d76920, 0x0000000002d76a58]
Event: 1.335 Thread 0x0000000056666000 1752   !   4       com.android.dx.cf.cst.ConstantPoolParser::parse0 (731 bytes)

GC Heap History (6 events):
Event: 0.762 GC heap before
{Heap before GC invocations=1 (full 0):
 PSYoungGen      total 36864K, used 31744K [0x00000000eab00000, 0x00000000ed400000, 0x0000000100000000)
  eden space 31744K, 100% used [0x00000000eab00000,0x00000000eca00000,0x00000000eca00000)
  from space 5120K, 0% used [0x00000000ecf00000,0x00000000ecf00000,0x00000000ed400000)
  to   space 5120K, 0% used [0x00000000eca00000,0x00000000eca00000,0x00000000ecf00000)
 ParOldGen       total 84992K, used 0K [0x00000000c0000000, 0x00000000c5300000, 0x00000000eab00000)
  object space 84992K, 0% used [0x00000000c0000000,0x00000000c0000000,0x00000000c5300000)
 Metaspace       used 5711K, capacity 6832K, committed 7040K, reserved 1056768K
  class space    used 560K, capacity 616K, committed 640K, reserved 1048576K
Event: 0.775 GC heap after
Heap after GC invocations=1 (full 0):
 PSYoungGen      total 36864K, used 5091K [0x00000000eab00000, 0x00000000ef300000, 0x0000000100000000)
  eden space 31744K, 0% used [0x00000000eab00000,0x00000000eab00000,0x00000000eca00000)
  from space 5120K, 99% used [0x00000000eca00000,0x00000000ecef8ea8,0x00000000ecf00000)
  to   space 5120K, 0% used [0x00000000eee00000,0x00000000eee00000,0x00000000ef300000)
 ParOldGen       total 84992K, used 743K [0x00000000c0000000, 0x00000000c5300000, 0x00000000eab00000)
  object space 84992K, 0% used [0x00000000c0000000,0x00000000c00b9c40,0x00000000c5300000)
 Metaspace       used 5711K, capacity 6832K, committed 7040K, reserved 1056768K
  class space    used 560K, capacity 616K, committed 640K, reserved 1048576K
}
Event: 0.896 GC heap before
{Heap before GC invocations=2 (full 0):
 PSYoungGen      total 36864K, used 36835K [0x00000000eab00000, 0x00000000ef300000, 0x0000000100000000)
  eden space 31744K, 100% used [0x00000000eab00000,0x00000000eca00000,0x00000000eca00000)
  from space 5120K, 99% used [0x00000000eca00000,0x00000000ecef8ea8,0x00000000ecf00000)
  to   space 5120K, 0% used [0x00000000eee00000,0x00000000eee00000,0x00000000ef300000)
 ParOldGen       total 84992K, used 743K [0x00000000c0000000, 0x00000000c5300000, 0x00000000eab00000)
  object space 84992K, 0% used [0x00000000c0000000,0x00000000c00b9c40,0x00000000c5300000)
 Metaspace       used 5893K, capacity 7024K, committed 7296K, reserved 1056768K
  class space    used 563K, capacity 616K, committed 640K, reserved 1048576K
Event: 0.904 GC heap after
Heap after GC invocations=2 (full 0):
 PSYoungGen      total 68608K, used 5105K [0x00000000eab00000, 0x00000000ef300000, 0x0000000100000000)
  eden space 63488K, 0% used [0x00000000eab00000,0x00000000eab00000,0x00000000ee900000)
  from space 5120K, 99% used [0x00000000eee00000,0x00000000ef2fc7f0,0x00000000ef300000)
  to   space 5120K, 0% used [0x00000000ee900000,0x00000000ee900000,0x00000000eee00000)
 ParOldGen       total 84992K, used 4880K [0x00000000c0000000, 0x00000000c5300000, 0x00000000eab00000)
  object space 84992K, 5% used [0x00000000c0000000,0x00000000c04c4350,0x00000000c5300000)
 Metaspace       used 5893K, capacity 7024K, committed 7296K, reserved 1056768K
  class space    used 563K, capacity 616K, committed 640K, reserved 1048576K
}
Event: 1.114 GC heap before
{Heap before GC invocations=3 (full 0):
 PSYoungGen      total 68608K, used 68593K [0x00000000eab00000, 0x00000000ef300000, 0x0000000100000000)
  eden space 63488K, 100% used [0x00000000eab00000,0x00000000ee900000,0x00000000ee900000)
  from space 5120K, 99% used [0x00000000eee00000,0x00000000ef2fc7f0,0x00000000ef300000)
  to   space 5120K, 0% used [0x00000000ee900000,0x00000000ee900000,0x00000000eee00000)
 ParOldGen       total 84992K, used 4880K [0x00000000c0000000, 0x00000000c5300000, 0x00000000eab00000)
  object space 84992K, 5% used [0x00000000c0000000,0x00000000c04c4350,0x00000000c5300000)
 Metaspace       used 6030K, capacity 7088K, committed 7296K, reserved 1056768K
  class space    used 565K, capacity 616K, committed 640K, reserved 1048576K
Event: 1.135 GC heap after
Heap after GC invocations=3 (full 0):
 PSYoungGen      total 68608K, used 5110K [0x00000000eab00000, 0x00000000ef300000, 0x0000000100000000)
  eden space 63488K, 0% used [0x00000000eab00000,0x00000000eab00000,0x00000000ee900000)
  from space 5120K, 99% used [0x00000000ee900000,0x00000000eedfdb20,0x00000000eee00000)
  to   space 5120K, 0% used [0x00000000eee00000,0x00000000eee00000,0x00000000ef300000)
 ParOldGen       total 84992K, used 14237K [0x00000000c0000000, 0x00000000c5300000, 0x00000000eab00000)
  object space 84992K, 16% used [0x00000000c0000000,0x00000000c0de74e8,0x00000000c5300000)
 Metaspace       used 6030K, capacity 7088K, committed 7296K, reserved 1056768K
  class space    used 565K, capacity 616K, committed 640K, reserved 1048576K
}

Deoptimization events (10 events):
Event: 0.929 Thread 0x0000000058843000 Uncommon trap: reason=class_check action=maybe_recompile pc=0x0000000002c34270 method=java.util.HashMap.putVal(ILjava/lang/Object;Ljava/lang/Object;ZZ)Ljava/lang/Object; @ 203
Event: 0.930 Thread 0x0000000058843000 Uncommon trap: reason=bimorphic action=maybe_recompile pc=0x0000000002bf8d18 method=java.util.HashMap.getNode(ILjava/lang/Object;)Ljava/util/HashMap$Node; @ 126
Event: 0.930 Thread 0x0000000058843000 Uncommon trap: reason=bimorphic action=maybe_recompile pc=0x0000000002bf8d18 method=java.util.HashMap.getNode(ILjava/lang/Object;)Ljava/util/HashMap$Node; @ 126
Event: 0.947 Thread 0x0000000058843000 Uncommon trap: reason=bimorphic action=maybe_recompile pc=0x0000000002c296d8 method=java.util.HashMap.getNode(ILjava/lang/Object;)Ljava/util/HashMap$Node; @ 126
Event: 0.947 Thread 0x0000000058843000 Uncommon trap: reason=class_check action=maybe_recompile pc=0x0000000002c34270 method=java.util.HashMap.putVal(ILjava/lang/Object;Ljava/lang/Object;ZZ)Ljava/lang/Object; @ 203
Event: 0.947 Thread 0x0000000058843000 Uncommon trap: reason=class_check action=maybe_recompile pc=0x0000000002c34270 method=java.util.HashMap.putVal(ILjava/lang/Object;Ljava/lang/Object;ZZ)Ljava/lang/Object; @ 203
Event: 0.947 Thread 0x0000000058843000 Uncommon trap: reason=bimorphic action=maybe_recompile pc=0x0000000002bf8d18 method=java.util.HashMap.getNode(ILjava/lang/Object;)Ljava/util/HashMap$Node; @ 126
Event: 0.963 Thread 0x0000000058845000 Uncommon trap: reason=bimorphic action=maybe_recompile pc=0x0000000002c55c48 method=com.android.dx.cf.code.BytecodeArray.parseInstruction(ILcom/android/dx/cf/code/BytecodeArray$Visitor;)I @ 1501
Event: 0.963 Thread 0x0000000058845000 Uncommon trap: reason=bimorphic action=maybe_recompile pc=0x0000000002c55c48 method=com.android.dx.cf.code.BytecodeArray.parseInstruction(ILcom/android/dx/cf/code/BytecodeArray$Visitor;)I @ 1501
Event: 1.042 Thread 0x0000000058845000 Uncommon trap: reason=unstable_if action=reinterpret pc=0x0000000002cdb7f0 method=java.util.HashMap.putVal(ILjava/lang/Object;Ljava/lang/Object;ZZ)Ljava/lang/Object; @ 94

Internal exceptions (3 events):
Event: 0.024 Thread 0x00000000022be800 Exception <a 'java/lang/NoSuchMethodError': Method sun.misc.Unsafe.defineClass(Ljava/lang/String;[BII)Ljava/lang/Class; name or signature does not match> (0x00000000eab07cc0) thrown at [C:\src\android\AOSP-openjdk\external\jetbrains\jdk\hotspot\src\share\v‚≥4ÓØò?
Event: 0.024 Thread 0x00000000022be800 Exception <a 'java/lang/NoSuchMethodError': Method sun.misc.Unsafe.prefetchRead(Ljava/lang/Object;J)V name or signature does not match> (0x00000000eab07fa8) thrown at [C:\src\android\AOSP-openjdk\external\jetbrains\jdk\hotspot\src\share\vm\prims\jni.cpp, lêMdÕ©ÔÎ?
Event: 0.873 Thread 0x0000000058845000 Implicit null exception at 0x0000000002c174b9 to 0x0000000002c197e9

Events (10 events):
Event: 1.091 Executing VM operation: ForceSafepoint
Event: 1.094 Executing VM operation: ForceSafepoint done
Event: 1.113 Executing VM operation: ParallelGCFailedAllocation
Event: 1.135 Executing VM operation: ParallelGCFailedAllocation done
Event: 1.144 Thread 0x000000005692c000 DEOPT PACKING pc=0x0000000002d03b0d sp=0x000000005908ed20
Event: 1.144 Thread 0x000000005692c000 DEOPT UNPACKING pc=0x00000000027575bf sp=0x000000005908ea58 mode 0
Event: 1.187 Thread 0x00000000022be800 DEOPT PACKING pc=0x0000000002b17735 sp=0x00000000023be010
Event: 1.187 Thread 0x00000000022be800 DEOPT UNPACKING pc=0x00000000027575bf sp=0x00000000023bdda8 mode 0
Event: 1.304 Thread 0x000000005876b000 DEOPT PACKING pc=0x0000000002a2f7a4 sp=0x000000005931ea50
Event: 1.304 Thread 0x000000005876b000 DEOPT UNPACKING pc=0x00000000027575bf sp=0x000000005931e768 mode 0


Dynamic libraries:
0x000000013f3d0000 - 0x000000013f401000 	C:\Program Files\Android\Android Studio\jre\bin\java.exe
0x0000000077180000 - 0x0000000077329000 	C:\Windows\SYSTEM32\ntdll.dll
0x0000000077060000 - 0x000000007717f000 	C:\Windows\system32\kernel32.dll
0x000007fefd940000 - 0x000007fefd9ac000 	C:\Windows\system32\KERNELBASE.dll
0x000007feff3b0000 - 0x000007feff48b000 	C:\Windows\system32\ADVAPI32.dll
0x000007feff1a0000 - 0x000007feff23f000 	C:\Windows\system32\msvcrt.dll
0x000007fefed50000 - 0x000007fefed6f000 	C:\Windows\SYSTEM32\sechost.dll
0x000007fefec00000 - 0x000007fefed2d000 	C:\Windows\system32\RPCRT4.dll
0x0000000076f60000 - 0x000000007705a000 	C:\Windows\system32\USER32.dll
0x000007fefe9f0000 - 0x000007fefea57000 	C:\Windows\system32\GDI32.dll
0x000007fefed30000 - 0x000007fefed3e000 	C:\Windows\system32\LPK.dll
0x000007fefea90000 - 0x000007fefeb59000 	C:\Windows\system32\USP10.dll
0x000007fefbe40000 - 0x000007fefc034000 	C:\Windows\WinSxS\amd64_microsoft.windows.common-controls_6595b64144ccf1df_6.0.7601.17514_none_fa396087175ac9ac\COMCTL32.dll
0x000007fefeb80000 - 0x000007fefebf1000 	C:\Windows\system32\SHLWAPI.dll
0x000007fefea60000 - 0x000007fefea8e000 	C:\Windows\system32\IMM32.DLL
0x000007feff240000 - 0x000007feff349000 	C:\Windows\system32\MSCTF.dll
0x000000006ffa0000 - 0x0000000070072000 	C:\Program Files\Android\Android Studio\jre\jre\bin\msvcr100.dll
0x000000005a3b0000 - 0x000000005abe4000 	C:\Program Files\Android\Android Studio\jre\jre\bin\server\jvm.dll
0x000007feec580000 - 0x000007feec589000 	C:\Windows\system32\WSOCK32.dll
0x000007fefee50000 - 0x000007fefee9d000 	C:\Windows\system32\WS2_32.dll
0x000007fefed40000 - 0x000007fefed48000 	C:\Windows\system32\NSI.dll
0x000007fefaf00000 - 0x000007fefaf3b000 	C:\Windows\system32\WINMM.dll
0x000007fefc6e0000 - 0x000007fefc6ec000 	C:\Windows\system32\VERSION.dll
0x0000000077340000 - 0x0000000077347000 	C:\Windows\system32\PSAPI.DLL
0x000007fef8450000 - 0x000007fef845f000 	C:\Program Files\Android\Android Studio\jre\jre\bin\verify.dll
0x000007fef82f0000 - 0x000007fef8319000 	C:\Program Files\Android\Android Studio\jre\jre\bin\java.dll
0x000007fef83f0000 - 0x000007fef8406000 	C:\Program Files\Android\Android Studio\jre\jre\bin\zip.dll
0x000007fefd9b0000 - 0x000007fefe738000 	C:\Windows\system32\SHELL32.dll
0x000007fefe7e0000 - 0x000007fefe9e3000 	C:\Windows\system32\ole32.dll
0x000007fefd5e0000 - 0x000007fefd5ef000 	C:\Windows\system32\profapi.dll

VM Arguments:
jvm_args: -Djava.awt.headless=true -Xmx1024M -Dfile.encoding=windows-1252 -Duser.country=FR -Duser.language=fr -Duser.variant 
java_command: com.android.dx.command.Main --dex --force-jumbo --num-threads=4 --multi-dex --output C:\Users\rhakanjin.Newsco\Desktop\workspaceAndroid\friendzone\app\build\intermediates\transforms\dex\debug\folders\1000\10\com.android.support-design-25.1.0_6b7208c6bc27c68535d59f8e4f4c03d6442dc730 C:\Users\rhakanjin.Newsco\Desktop\workspaceAndroid\friendzone\app\build\intermediates\exploded-aar\com.android.support\design\25.1.0\jars\classes.jar
java_class_path (initial): C:\Users\rhakanjin.Newsco\AppData\Local\Android\sdk\build-tools\25.0.2\lib\dx.jar
Launcher Type: SUN_STANDARD

Environment Variables:
PATH=c:\Program Files (x86)\Intel\iCLS Client\;c:\Program Files\Intel\iCLS Client\;C:\Windows\system32;C:\Windows;C:\Windows\System32\Wbem;C:\Windows\System32\WindowsPowerShell\v1.0\;c:\Program Files (x86)\Common Files\Roxio Shared\DLLShared\;c:\Program Files (x86)\Common Files\Roxio Shared\10.0\DLLShared\;C:\Program Files\Intel\Intel(R) Management Engine Components\DAL;C:\Program Files\Intel\Intel(R) Management Engine Components\IPT;C:\Program Files (x86)\Intel\Intel(R) Management Engine Components\DAL;C:\Program Files (x86)\Intel\Intel(R) Management Engine Components\IPT;C:\Program Files\nodejs\;C:\RailsInstaller\Ruby2.3.0\bin;c:\Program Files (x86)\Intel\iCLS Client\;c:\Program Files\Intel\iCLS Client\;C:\Windows\system32;C:\Windows;C:\Windows\System32\Wbem;C:\Windows\System32\WindowsPowerShell\v1.0\;c:\Program Files (x86)\Common Files\Roxio Shared\DLLShared\;c:\Program Files (x86)\Common Files\Roxio Shared\10.0\DLLShared\;C:\Program Files\Intel\Intel(R) Management Engine Components\DAL;C:\Program Files\Intel\Intel(R) Management Engine Components\IPT;C:\Program Files (x86)\Intel\Intel(R) Management Engine Components\DAL;C:\Program Files (x86)\Intel\Intel(R) Management Engine Components\IPT;C:\Users\rhakanjin.Newsco\AppData\Local\Programs\Git\cmd;C:\Users\rhakanjin.Newsco\AppData\Roaming\npm
USERNAME=rhakanjin
OS=Windows_NT
PROCESSOR_IDENTIFIER=Intel64 Family 6 Model 58 Stepping 9, GenuineIntel



---------------  S Y S T E M  ---------------

OS: Windows 7 , 64 bit Build 7601 (6.1.7601.17651)

CPU:total 8 (4 cores per cpu, 2 threads per core) family 6 model 58 stepping 9, cmov, cx8, fxsr, mmx, sse, sse2, sse3, ssse3, sse4.1, sse4.2, popcnt, avx, aes, clmul, erms, ht, tsc, tscinvbit, tscinv

Memory: 4k page, physical 8063920k(654148k free), swap 12256372k(4188k free)

vm_info: OpenJDK 64-Bit Server VM (25.76-b03) for windows-amd64 JRE (1.8.0_76-release-b03), built on Jun 29 2016 19:09:20 by "ralucas" with MS VC++ 10.0 (VS2010)

time: Tue Feb 14 15:31:40 2017
elapsed time: 1 seconds (0d 0h 0m 1s)

