#
# There is insufficient memory for the Java Runtime Environment to continue.
# Native memory allocation (malloc) failed to allocate 131088 bytes for Chunk::new
# Possible reasons:
#   The system is out of physical RAM or swap space
#   In 32 bit mode, the process size limit was hit
# Possible solutions:
#   Reduce memory load on the system
#   Increase physical memory or swap space
#   Check if swap backing store is full
#   Use 64 bit Java on a 64 bit OS
#   Decrease Java heap size (-Xmx/-Xms)
#   Decrease number of Java threads
#   Decrease Java thread stack sizes (-Xss)
#   Set larger code cache with -XX:ReservedCodeCacheSize=
# This output file may be truncated or incomplete.
#
#  Out of Memory Error (allocation.cpp:390), pid=8816, tid=0x0000000000001a68
#
# JRE version: OpenJDK Runtime Environment (8.0_76-b03) (build 1.8.0_76-release-b03)
# Java VM: OpenJDK 64-Bit Server VM (25.76-b03 mixed mode windows-amd64 compressed oops)
# Failed to write core dump. Minidumps are not enabled by default on client versions of Windows
#

---------------  T H R E A D  ---------------

Current thread (0x00000000566b7800):  JavaThread "C2 CompilerThread2" daemon [_thread_in_native, id=6760, stack(0x0000000058190000,0x0000000058290000)]

Stack: [0x0000000058190000,0x0000000058290000]
[error occurred during error reporting (printing stack bounds), id 0xc0000005]

Native frames: (J=compiled Java code, j=interpreted, Vv=VM code, C=native code)


Current CompileTask:
C2:   7639 2513   !   4       com.android.dx.cf.code.BytecodeArray::parseInstruction (2764 bytes)


---------------  P R O C E S S  ---------------

Java Threads: ( => current thread )
  0x000000005695b000 JavaThread "pool-2-thread-4" [_thread_blocked, id=6276, stack(0x00000000578c0000,0x00000000579c0000)]
  0x00000000586ff800 JavaThread "pool-2-thread-3" [_thread_blocked, id=8340, stack(0x0000000059520000,0x0000000059620000)]
  0x000000005877a800 JavaThread "pool-2-thread-2" [_thread_blocked, id=4992, stack(0x00000000592f0000,0x00000000593f0000)]
  0x0000000058733800 JavaThread "pool-3-thread-1" [_thread_blocked, id=7732, stack(0x0000000059120000,0x0000000059220000)]
  0x0000000058732800 JavaThread "pool-2-thread-1" [_thread_blocked, id=2944, stack(0x0000000058f70000,0x0000000059070000)]
  0x00000000566bf000 JavaThread "Service Thread" daemon [_thread_blocked, id=8096, stack(0x00000000583d0000,0x00000000584d0000)]
  0x00000000566b8800 JavaThread "C1 CompilerThread3" daemon [_thread_blocked, id=7192, stack(0x00000000582b0000,0x00000000583b0000)]
=>0x00000000566b7800 JavaThread "C2 CompilerThread2" daemon [_thread_in_native, id=6760, stack(0x0000000058190000,0x0000000058290000)]
  0x000000005664d800 JavaThread "C2 CompilerThread1" daemon [_thread_in_native, id=8708, stack(0x0000000057fd0000,0x00000000580d0000)]
  0x0000000056645000 JavaThread "C2 CompilerThread0" daemon [_thread_in_native, id=8420, stack(0x0000000057e20000,0x0000000057f20000)]
  0x000000005663f800 JavaThread "Attach Listener" daemon [_thread_blocked, id=7432, stack(0x0000000057af0000,0x0000000057bf0000)]
  0x000000005663e000 JavaThread "Signal Dispatcher" daemon [_thread_blocked, id=7956, stack(0x0000000057c00000,0x0000000057d00000)]
  0x0000000055587800 JavaThread "Finalizer" daemon [_thread_blocked, id=4396, stack(0x00000000579c0000,0x0000000057ac0000)]
  0x0000000055584800 JavaThread "Reference Handler" daemon [_thread_blocked, id=4676, stack(0x00000000577a0000,0x00000000578a0000)]
  0x00000000023be800 JavaThread "main" [_thread_in_native, id=1728, stack(0x0000000002460000,0x0000000002560000)]

Other Threads:
  0x00000000565f0800 VMThread [stack: 0x0000000057670000,0x0000000057770000] [id=8372]
  0x00000000566c3800 WatcherThread [stack: 0x0000000058560000,0x0000000058660000] [id=5392]

VM state:not at safepoint (normal execution)

VM Mutex/Monitor currently owned by a thread: None

Heap:
 PSYoungGen      total 103424K, used 56921K [0x00000000eab00000, 0x00000000fe500000, 0x0000000100000000)
  eden space 98304K, 57% used [0x00000000eab00000,0x00000000ee296718,0x00000000f0b00000)
  from space 5120K, 0% used [0x00000000f2c00000,0x00000000f2c00000,0x00000000f3100000)
  to   space 33792K, 0% used [0x00000000f0b00000,0x00000000f0b00000,0x00000000f2c00000)
 ParOldGen       total 142848K, used 68767K [0x00000000c0000000, 0x00000000c8b80000, 0x00000000eab00000)
  object space 142848K, 48% used [0x00000000c0000000,0x00000000c4327f00,0x00000000c8b80000)
 Metaspace       used 6472K, capacity 7218K, committed 7296K, reserved 1056768K
  class space    used 598K, capacity 618K, committed 640K, reserved 1048576K

Card table byte_map: [0x0000000011bf0000,0x0000000011e00000] byte_map_base: 0x00000000115f0000

Marking Bits: (ParMarkBitMap*) 0x000000005fc59d00
 Begin Bits: [0x00000000129a0000, 0x00000000139a0000)
 End Bits:   [0x00000000139a0000, 0x00000000149a0000)

Polling page: 0x0000000000240000

CodeCache: size=245760Kb used=11015Kb max_used=11020Kb free=234744Kb
 bounds [0x0000000002830000, 0x0000000003300000, 0x0000000011830000]
 total_blobs=2623 nmethods=2354 adapters=182
 compilation: enabled

Compilation events (10 events):
Event: 7.549 Thread 0x000000005664d800 nmethod 2509 0x00000000032f4250 code [0x00000000032f4460, 0x00000000032f5cd8]
Event: 7.611 Thread 0x000000005664d800 2521 %     4       com.android.dx.ssa.ConstCollector::getConstsSortedByCountUse @ 27 (386 bytes)
Event: 7.614 Thread 0x00000000566b8800 2525       3       com.android.dx.rop.type.StdTypeList::getWordCount (33 bytes)
Event: 7.614 Thread 0x00000000566b8800 nmethod 2525 0x00000000032ed890 code [0x00000000032eda20, 0x00000000032ee058]
Event: 7.615 Thread 0x00000000566b8800 2526       3       com.android.dx.rop.cst.CstDouble::getType (4 bytes)
Event: 7.615 Thread 0x00000000566b8800 nmethod 2526 0x00000000032e4690 code [0x00000000032e47e0, 0x00000000032e4930]
Event: 7.619 Thread 0x00000000566b8800 2530       3       com.android.dx.rop.code.ThrowingInsn::withNewRegisters (21 bytes)
Event: 7.619 Thread 0x00000000566b8800 nmethod 2530 0x00000000032e3b50 code [0x00000000032e3cc0, 0x00000000032e3fc8]
Event: 7.622 Thread 0x0000000056645000 nmethod 2467 0x00000000032f9110 code [0x00000000032f94c0, 0x00000000032fc0a8]
Event: 7.622 Thread 0x0000000056645000 2527 %     4       com.android.dx.ssa.SsaConverter::edgeSplitPredecessors @ 12 (44 bytes)

GC Heap History (10 events):
Event: 1.837 GC heap before
{Heap before GC invocations=3 (full 0):
 PSYoungGen      total 68608K, used 68583K [0x00000000eab00000, 0x00000000ef300000, 0x0000000100000000)
  eden space 63488K, 100% used [0x00000000eab00000,0x00000000ee900000,0x00000000ee900000)
  from space 5120K, 99% used [0x00000000eee00000,0x00000000ef2f9c98,0x00000000ef300000)
  to   space 5120K, 0% used [0x00000000ee900000,0x00000000ee900000,0x00000000eee00000)
 ParOldGen       total 84992K, used 2359K [0x00000000c0000000, 0x00000000c5300000, 0x00000000eab00000)
  object space 84992K, 2% used [0x00000000c0000000,0x00000000c024dc98,0x00000000c5300000)
 Metaspace       used 6227K, capacity 7152K, committed 7296K, reserved 1056768K
  class space    used 578K, capacity 616K, committed 640K, reserved 1048576K
Event: 1.890 GC heap after
Heap after GC invocations=3 (full 0):
 PSYoungGen      total 68608K, used 5088K [0x00000000eab00000, 0x00000000f3100000, 0x0000000100000000)
  eden space 63488K, 0% used [0x00000000eab00000,0x00000000eab00000,0x00000000ee900000)
  from space 5120K, 99% used [0x00000000ee900000,0x00000000eedf8038,0x00000000eee00000)
  to   space 5120K, 0% used [0x00000000f2c00000,0x00000000f2c00000,0x00000000f3100000)
 ParOldGen       total 84992K, used 12680K [0x00000000c0000000, 0x00000000c5300000, 0x00000000eab00000)
  object space 84992K, 14% used [0x00000000c0000000,0x00000000c0c623e8,0x00000000c5300000)
 Metaspace       used 6227K, capacity 7152K, committed 7296K, reserved 1056768K
  class space    used 578K, capacity 616K, committed 640K, reserved 1048576K
}
Event: 2.436 GC heap before
{Heap before GC invocations=4 (full 0):
 PSYoungGen      total 68608K, used 68576K [0x00000000eab00000, 0x00000000f3100000, 0x0000000100000000)
  eden space 63488K, 100% used [0x00000000eab00000,0x00000000ee900000,0x00000000ee900000)
  from space 5120K, 99% used [0x00000000ee900000,0x00000000eedf8038,0x00000000eee00000)
  to   space 5120K, 0% used [0x00000000f2c00000,0x00000000f2c00000,0x00000000f3100000)
 ParOldGen       total 84992K, used 12680K [0x00000000c0000000, 0x00000000c5300000, 0x00000000eab00000)
  object space 84992K, 14% used [0x00000000c0000000,0x00000000c0c623e8,0x00000000c5300000)
 Metaspace       used 6382K, capacity 7154K, committed 7296K, reserved 1056768K
  class space    used 598K, capacity 618K, committed 640K, reserved 1048576K
Event: 2.796 GC heap after
Heap after GC invocations=4 (full 0):
 PSYoungGen      total 132096K, used 5104K [0x00000000eab00000, 0x00000000f3100000, 0x0000000100000000)
  eden space 126976K, 0% used [0x00000000eab00000,0x00000000eab00000,0x00000000f2700000)
  from space 5120K, 99% used [0x00000000f2c00000,0x00000000f30fc1f0,0x00000000f3100000)
  to   space 5120K, 0% used [0x00000000f2700000,0x00000000f2700000,0x00000000f2c00000)
 ParOldGen       total 84992K, used 22110K [0x00000000c0000000, 0x00000000c5300000, 0x00000000eab00000)
  object space 84992K, 26% used [0x00000000c0000000,0x00000000c15979d8,0x00000000c5300000)
 Metaspace       used 6382K, capacity 7154K, committed 7296K, reserved 1056768K
  class space    used 598K, capacity 618K, committed 640K, reserved 1048576K
}
Event: 4.213 GC heap before
{Heap before GC invocations=5 (full 0):
 PSYoungGen      total 132096K, used 132080K [0x00000000eab00000, 0x00000000f3100000, 0x0000000100000000)
  eden space 126976K, 100% used [0x00000000eab00000,0x00000000f2700000,0x00000000f2700000)
  from space 5120K, 99% used [0x00000000f2c00000,0x00000000f30fc1f0,0x00000000f3100000)
  to   space 5120K, 0% used [0x00000000f2700000,0x00000000f2700000,0x00000000f2c00000)
 ParOldGen       total 84992K, used 22110K [0x00000000c0000000, 0x00000000c5300000, 0x00000000eab00000)
  object space 84992K, 26% used [0x00000000c0000000,0x00000000c15979d8,0x00000000c5300000)
 Metaspace       used 6444K, capacity 7218K, committed 7296K, reserved 1056768K
  class space    used 598K, capacity 618K, committed 640K, reserved 1048576K
Event: 4.315 GC heap after
Heap after GC invocations=5 (full 0):
 PSYoungGen      total 132096K, used 5104K [0x00000000eab00000, 0x00000000f3100000, 0x0000000100000000)
  eden space 126976K, 0% used [0x00000000eab00000,0x00000000eab00000,0x00000000f2700000)
  from space 5120K, 99% used [0x00000000f2700000,0x00000000f2bfc1c8,0x00000000f2c00000)
  to   space 5120K, 0% used [0x00000000f2c00000,0x00000000f2c00000,0x00000000f3100000)
 ParOldGen       total 84992K, used 43862K [0x00000000c0000000, 0x00000000c5300000, 0x00000000eab00000)
  object space 84992K, 51% used [0x00000000c0000000,0x00000000c2ad5a70,0x00000000c5300000)
 Metaspace       used 6444K, capacity 7218K, committed 7296K, reserved 1056768K
  class space    used 598K, capacity 618K, committed 640K, reserved 1048576K
}
Event: 5.549 GC heap before
{Heap before GC invocations=6 (full 0):
 PSYoungGen      total 132096K, used 132080K [0x00000000eab00000, 0x00000000f3100000, 0x0000000100000000)
  eden space 126976K, 100% used [0x00000000eab00000,0x00000000f2700000,0x00000000f2700000)
  from space 5120K, 99% used [0x00000000f2700000,0x00000000f2bfc1c8,0x00000000f2c00000)
  to   space 5120K, 0% used [0x00000000f2c00000,0x00000000f2c00000,0x00000000f3100000)
 ParOldGen       total 84992K, used 43862K [0x00000000c0000000, 0x00000000c5300000, 0x00000000eab00000)
  object space 84992K, 51% used [0x00000000c0000000,0x00000000c2ad5a70,0x00000000c5300000)
 Metaspace       used 6471K, capacity 7218K, committed 7296K, reserved 1056768K
  class space    used 598K, capacity 618K, committed 640K, reserved 1048576K
Event: 5.799 GC heap after
Heap after GC invocations=6 (full 0):
 PSYoungGen      total 103424K, used 5093K [0x00000000eab00000, 0x00000000fe500000, 0x0000000100000000)
  eden space 98304K, 0% used [0x00000000eab00000,0x00000000eab00000,0x00000000f0b00000)
  from space 5120K, 99% used [0x00000000f2c00000,0x00000000f30f9720,0x00000000f3100000)
  to   space 33792K, 0% used [0x00000000f0b00000,0x00000000f0b00000,0x00000000f2c00000)
 ParOldGen       total 84992K, used 65436K [0x00000000c0000000, 0x00000000c5300000, 0x00000000eab00000)
  object space 84992K, 76% used [0x00000000c0000000,0x00000000c3fe71d0,0x00000000c5300000)
 Metaspace       used 6471K, capacity 7218K, committed 7296K, reserved 1056768K
  class space    used 598K, capacity 618K, committed 640K, reserved 1048576K
}
Event: 5.799 GC heap before
{Heap before GC invocations=7 (full 1):
 PSYoungGen      total 103424K, used 5093K [0x00000000eab00000, 0x00000000fe500000, 0x0000000100000000)
  eden space 98304K, 0% used [0x00000000eab00000,0x00000000eab00000,0x00000000f0b00000)
  from space 5120K, 99% used [0x00000000f2c00000,0x00000000f30f9720,0x00000000f3100000)
  to   space 33792K, 0% used [0x00000000f0b00000,0x00000000f0b00000,0x00000000f2c00000)
 ParOldGen       total 84992K, used 65436K [0x00000000c0000000, 0x00000000c5300000, 0x00000000eab00000)
  object space 84992K, 76% used [0x00000000c0000000,0x00000000c3fe71d0,0x00000000c5300000)
 Metaspace       used 6471K, capacity 7218K, committed 7296K, reserved 1056768K
  class space    used 598K, capacity 618K, committed 640K, reserved 1048576K
Event: 6.613 GC heap after
Heap after GC invocations=7 (full 1):
 PSYoungGen      total 103424K, used 0K [0x00000000eab00000, 0x00000000fe500000, 0x0000000100000000)
  eden space 98304K, 0% used [0x00000000eab00000,0x00000000eab00000,0x00000000f0b00000)
  from space 5120K, 0% used [0x00000000f2c00000,0x00000000f2c00000,0x00000000f3100000)
  to   space 33792K, 0% used [0x00000000f0b00000,0x00000000f0b00000,0x00000000f2c00000)
 ParOldGen       total 142848K, used 68767K [0x00000000c0000000, 0x00000000c8b80000, 0x00000000eab00000)
  object space 142848K, 48% used [0x00000000c0000000,0x00000000c4327f00,0x00000000c8b80000)
 Metaspace       used 6471K, capacity 7218K, committed 7296K, reserved 1056768K
  class space    used 598K, capacity 618K, committed 640K, reserved 1048576K
}

Deoptimization events (10 events):
Event: 4.127 Thread 0x000000005695b000 Uncommon trap: reason=bimorphic action=maybe_recompile pc=0x00000000030d587c method=com.android.dx.cf.code.BytecodeArray.parseInstruction(ILcom/android/dx/cf/code/BytecodeArray$Visitor;)I @ 1501
Event: 4.363 Thread 0x00000000586ff800 Uncommon trap: reason=unstable_if action=reinterpret pc=0x0000000002ecc338 method=com.android.dx.rop.code.LocalItem.compareHandlesNulls(Lcom/android/dx/rop/cst/CstString;Lcom/android/dx/rop/cst/CstString;)I @ 14
Event: 5.116 Thread 0x000000005695b000 Uncommon trap: reason=class_check action=maybe_recompile pc=0x0000000003177a4c method=com.android.dx.cf.code.BytecodeArray.parseInstruction(ILcom/android/dx/cf/code/BytecodeArray$Visitor;)I @ 1387
Event: 5.116 Thread 0x000000005695b000 Uncommon trap: reason=class_check action=maybe_recompile pc=0x0000000003177a4c method=com.android.dx.cf.code.BytecodeArray.parseInstruction(ILcom/android/dx/cf/code/BytecodeArray$Visitor;)I @ 1387
Event: 5.391 Thread 0x00000000586ff800 Uncommon trap: reason=bimorphic action=maybe_recompile pc=0x00000000031e9a50 method=com.android.dx.ssa.NormalSsaInsn.accept(Lcom/android/dx/ssa/SsaInsn$Visitor;)V @ 9
Event: 5.398 Thread 0x00000000586ff800 Uncommon trap: reason=bimorphic action=maybe_recompile pc=0x00000000031e9a50 method=com.android.dx.ssa.NormalSsaInsn.accept(Lcom/android/dx/ssa/SsaInsn$Visitor;)V @ 9
Event: 5.398 Thread 0x00000000586ff800 Uncommon trap: reason=bimorphic action=maybe_recompile pc=0x00000000031e9a50 method=com.android.dx.ssa.NormalSsaInsn.accept(Lcom/android/dx/ssa/SsaInsn$Visitor;)V @ 9
Event: 5.438 Thread 0x00000000586ff800 Uncommon trap: reason=bimorphic action=maybe_recompile pc=0x00000000031e9a50 method=com.android.dx.ssa.NormalSsaInsn.accept(Lcom/android/dx/ssa/SsaInsn$Visitor;)V @ 9
Event: 7.468 Thread 0x0000000058732800 Uncommon trap: reason=class_check action=maybe_recompile pc=0x0000000003178004 method=com.android.dx.cf.code.BytecodeArray.parseInstruction(ILcom/android/dx/cf/code/BytecodeArray$Visitor;)I @ 1777
Event: 7.468 Thread 0x0000000058732800 Uncommon trap: reason=class_check action=maybe_recompile pc=0x0000000003177a4c method=com.android.dx.cf.code.BytecodeArray.parseInstruction(ILcom/android/dx/cf/code/BytecodeArray$Visitor;)I @ 1387

Internal exceptions (6 events):
Event: 0.370 Thread 0x00000000023be800 Exception <a 'java/lang/NoSuchMethodError': Method sun.misc.Unsafe.defineClass(Ljava/lang/String;[BII)Ljava/lang/Class; name or signature does not match> (0x00000000eab07cc0) thrown at [C:\src\android\AOSP-openjdk\external\jetbrains\jdk\hotspot\src\share\v8`$ê­×?
Event: 0.370 Thread 0x00000000023be800 Exception <a 'java/lang/NoSuchMethodError': Method sun.misc.Unsafe.prefetchRead(Ljava/lang/Object;J)V name or signature does not match> (0x00000000eab07fa8) thrown at [C:\src\android\AOSP-openjdk\external\jetbrains\jdk\hotspot\src\share\vm\prims\jni.cpp, lQõ#Nª
Event: 2.083 Thread 0x000000005695b000 Exception <a 'java/lang/ArrayIndexOutOfBoundsException': 18> (0x00000000ebfe3088) thrown at [C:\src\android\AOSP-openjdk\external\jetbrains\jdk\hotspot\src\share\vm\interpreter\interpreterRuntime.cpp, line 366]
Event: 2.083 Thread 0x000000005695b000 Exception <a 'java/lang/ArrayIndexOutOfBoundsException': 145> (0x00000000ebfe4c08) thrown at [C:\src\android\AOSP-openjdk\external\jetbrains\jdk\hotspot\src\share\vm\interpreter\interpreterRuntime.cpp, line 366]
Event: 2.084 Thread 0x000000005695b000 Exception <a 'java/lang/ArrayIndexOutOfBoundsException'> (0x00000000ebfe5ef0) thrown at [C:\src\android\AOSP-openjdk\external\jetbrains\jdk\hotspot\src\share\vm\runtime\sharedRuntime.cpp, line 605]
Event: 4.363 Thread 0x00000000586ff800 Implicit null exception at 0x0000000002eca9d3 to 0x0000000002ecc309

Events (10 events):
Event: 7.468 Thread 0x0000000058732800 Uncommon trap: trap_request=0xffffffde fr.pc=0x0000000003178004
Event: 7.468 Thread 0x0000000058732800 DEOPT PACKING pc=0x0000000003178004 sp=0x000000005906e550
Event: 7.468 Thread 0x0000000058732800 DEOPT UNPACKING pc=0x000000000287556a sp=0x000000005906e518 mode 2
Event: 7.468 Thread 0x0000000058732800 Uncommon trap: trap_request=0xffffffde fr.pc=0x0000000003177a4c
Event: 7.468 Thread 0x0000000058732800 DEOPT PACKING pc=0x0000000003177a4c sp=0x000000005906e550
Event: 7.468 Thread 0x0000000058732800 DEOPT UNPACKING pc=0x000000000287556a sp=0x000000005906e518 mode 2
Event: 7.477 Thread 0x0000000058732800 DEOPT PACKING pc=0x0000000002d919c4 sp=0x000000005906eb50
Event: 7.477 Thread 0x0000000058732800 DEOPT UNPACKING pc=0x00000000028775bf sp=0x000000005906e930 mode 0
Event: 7.624 Thread 0x000000005695b000 DEOPT PACKING pc=0x0000000002d4e935 sp=0x00000000579be480
Event: 7.624 Thread 0x000000005695b000 DEOPT UNPACKING pc=0x00000000028775bf sp=0x00000000579be240 mode 0


Dynamic libraries:
0x000000013f0c0000 - 0x000000013f0f1000 	C:\Program Files\Android\Android Studio\jre\bin\java.exe
0x0000000077180000 - 0x0000000077329000 	C:\Windows\SYSTEM32\ntdll.dll
0x0000000077060000 - 0x000000007717f000 	C:\Windows\system32\kernel32.dll
0x000007fefd940000 - 0x000007fefd9ac000 	C:\Windows\system32\KERNELBASE.dll
0x000007feff3b0000 - 0x000007feff48b000 	C:\Windows\system32\ADVAPI32.dll
0x000007feff1a0000 - 0x000007feff23f000 	C:\Windows\system32\msvcrt.dll
0x000007fefed50000 - 0x000007fefed6f000 	C:\Windows\SYSTEM32\sechost.dll
0x000007fefec00000 - 0x000007fefed2d000 	C:\Windows\system32\RPCRT4.dll
0x0000000076f60000 - 0x000000007705a000 	C:\Windows\system32\USER32.dll
0x000007fefe9f0000 - 0x000007fefea57000 	C:\Windows\system32\GDI32.dll
0x000007fefed30000 - 0x000007fefed3e000 	C:\Windows\system32\LPK.dll
0x000007fefea90000 - 0x000007fefeb59000 	C:\Windows\system32\USP10.dll
0x000007fefbe40000 - 0x000007fefc034000 	C:\Windows\WinSxS\amd64_microsoft.windows.common-controls_6595b64144ccf1df_6.0.7601.17514_none_fa396087175ac9ac\COMCTL32.dll
0x000007fefeb80000 - 0x000007fefebf1000 	C:\Windows\system32\SHLWAPI.dll
0x000007fefea60000 - 0x000007fefea8e000 	C:\Windows\system32\IMM32.DLL
0x000007feff240000 - 0x000007feff349000 	C:\Windows\system32\MSCTF.dll
0x0000000061f00000 - 0x0000000061fd2000 	C:\Program Files\Android\Android Studio\jre\jre\bin\msvcr100.dll
0x000000005f4a0000 - 0x000000005fcd4000 	C:\Program Files\Android\Android Studio\jre\jre\bin\server\jvm.dll
0x000007feec580000 - 0x000007feec589000 	C:\Windows\system32\WSOCK32.dll
0x000007fefee50000 - 0x000007fefee9d000 	C:\Windows\system32\WS2_32.dll
0x000007fefed40000 - 0x000007fefed48000 	C:\Windows\system32\NSI.dll
0x000007fefaf00000 - 0x000007fefaf3b000 	C:\Windows\system32\WINMM.dll
0x000007fefc6e0000 - 0x000007fefc6ec000 	C:\Windows\system32\VERSION.dll
0x0000000077340000 - 0x0000000077347000 	C:\Windows\system32\PSAPI.DLL
0x000007fef83d0000 - 0x000007fef83df000 	C:\Program Files\Android\Android Studio\jre\jre\bin\verify.dll
0x000007fef82f0000 - 0x000007fef8319000 	C:\Program Files\Android\Android Studio\jre\jre\bin\java.dll
0x000007fef7780000 - 0x000007fef7796000 	C:\Program Files\Android\Android Studio\jre\jre\bin\zip.dll
0x000007fefd9b0000 - 0x000007fefe738000 	C:\Windows\system32\SHELL32.dll
0x000007fefe7e0000 - 0x000007fefe9e3000 	C:\Windows\system32\ole32.dll
0x000007fefd5e0000 - 0x000007fefd5ef000 	C:\Windows\system32\profapi.dll

VM Arguments:
jvm_args: -Djava.awt.headless=true -Xmx1024M -Dfile.encoding=windows-1252 -Duser.country=FR -Duser.language=fr -Duser.variant 
java_command: com.android.dx.command.Main --dex --force-jumbo --num-threads=4 --multi-dex --output C:\Users\rhakanjin.Newsco\Desktop\workspaceAndroid\friendzone\app\build\intermediates\transforms\dex\debug\folders\1000\10\guava-19.0_92af01a8f6719a21effeb8f68c199272961ca916 C:\Users\rhakanjin.Newsco\.gradle\caches\modules-2\files-2.1\com.google.guava\guava\19.0\6ce200f6b23222af3d8abb6b6459e6c44f4bb0e9\guava-19.0.jar
java_class_path (initial): C:\Users\rhakanjin.Newsco\AppData\Local\Android\sdk\build-tools\25.0.2\lib\dx.jar
Launcher Type: SUN_STANDARD

Environment Variables:
PATH=c:\Program Files (x86)\Intel\iCLS Client\;c:\Program Files\Intel\iCLS Client\;C:\Windows\system32;C:\Windows;C:\Windows\System32\Wbem;C:\Windows\System32\WindowsPowerShell\v1.0\;c:\Program Files (x86)\Common Files\Roxio Shared\DLLShared\;c:\Program Files (x86)\Common Files\Roxio Shared\10.0\DLLShared\;C:\Program Files\Intel\Intel(R) Management Engine Components\DAL;C:\Program Files\Intel\Intel(R) Management Engine Components\IPT;C:\Program Files (x86)\Intel\Intel(R) Management Engine Components\DAL;C:\Program Files (x86)\Intel\Intel(R) Management Engine Components\IPT;C:\Program Files\nodejs\;C:\RailsInstaller\Ruby2.3.0\bin;c:\Program Files (x86)\Intel\iCLS Client\;c:\Program Files\Intel\iCLS Client\;C:\Windows\system32;C:\Windows;C:\Windows\System32\Wbem;C:\Windows\System32\WindowsPowerShell\v1.0\;c:\Program Files (x86)\Common Files\Roxio Shared\DLLShared\;c:\Program Files (x86)\Common Files\Roxio Shared\10.0\DLLShared\;C:\Program Files\Intel\Intel(R) Management Engine Components\DAL;C:\Program Files\Intel\Intel(R) Management Engine Components\IPT;C:\Program Files (x86)\Intel\Intel(R) Management Engine Components\DAL;C:\Program Files (x86)\Intel\Intel(R) Management Engine Components\IPT;C:\Users\rhakanjin.Newsco\AppData\Local\Programs\Git\cmd;C:\Users\rhakanjin.Newsco\AppData\Roaming\npm
USERNAME=rhakanjin
OS=Windows_NT
PROCESSOR_IDENTIFIER=Intel64 Family 6 Model 58 Stepping 9, GenuineIntel



---------------  S Y S T E M  ---------------

OS: Windows 7 , 64 bit Build 7601 (6.1.7601.17651)

CPU:total 8 (4 cores per cpu, 2 threads per core) family 6 model 58 stepping 9, cmov, cx8, fxsr, mmx, sse, sse2, sse3, ssse3, sse4.1, sse4.2, popcnt, avx, aes, clmul, erms, ht, tsc, tscinvbit, tscinv

Memory: 4k page, physical 8063920k(375252k free), swap 12256372k(5056k free)

vm_info: OpenJDK 64-Bit Server VM (25.76-b03) for windows-amd64 JRE (1.8.0_76-release-b03), built on Jun 29 2016 19:09:20 by "ralucas" with MS VC++ 10.0 (VS2010)

time: Mon Feb 13 13:53:31 2017
elapsed time: 7 seconds (0d 0h 0m 7s)

