#
# There is insufficient memory for the Java Runtime Environment to continue.
# Native memory allocation (malloc) failed to allocate 32744 bytes for ChunkPool::allocate
# Possible reasons:
#   The system is out of physical RAM or swap space
#   In 32 bit mode, the process size limit was hit
# Possible solutions:
#   Reduce memory load on the system
#   Increase physical memory or swap space
#   Check if swap backing store is full
#   Use 64 bit Java on a 64 bit OS
#   Decrease Java heap size (-Xmx/-Xms)
#   Decrease number of Java threads
#   Decrease Java thread stack sizes (-Xss)
#   Set larger code cache with -XX:ReservedCodeCacheSize=
# This output file may be truncated or incomplete.
#
#  Out of Memory Error (allocation.cpp:273), pid=1708, tid=0x0000000000000f18
#
# JRE version: OpenJDK Runtime Environment (8.0_76-b03) (build 1.8.0_76-release-b03)
# Java VM: OpenJDK 64-Bit Server VM (25.76-b03 mixed mode windows-amd64 compressed oops)
# Failed to write core dump. Minidumps are not enabled by default on client versions of Windows
#

---------------  T H R E A D  ---------------

Current thread (0x00000000564e9000):  JavaThread "C2 CompilerThread2" daemon [_thread_in_native, id=3864, stack(0x0000000057f70000,0x0000000058070000)]

Stack: [0x0000000057f70000,0x0000000058070000]
[error occurred during error reporting (printing stack bounds), id 0xc0000005]

Native frames: (J=compiled Java code, j=interpreted, Vv=VM code, C=native code)


Current CompileTask:
C2:   5357 1260       4       com.android.dx.ssa.SsaRenamer$BlockRenamer::process (191 bytes)


---------------  P R O C E S S  ---------------

Java Threads: ( => current thread )
  0x00000000567ac800 JavaThread "pool-2-thread-4" [_thread_blocked, id=2964, stack(0x00000000590c0000,0x00000000591c0000)]
  0x000000005671f000 JavaThread "pool-2-thread-3" [_thread_blocked, id=3156, stack(0x0000000058b80000,0x0000000058c80000)]
  0x000000005670a000 JavaThread "pool-2-thread-2" [_thread_in_Java, id=6036, stack(0x0000000058e80000,0x0000000058f80000)]
  0x00000000566fa000 JavaThread "pool-3-thread-1" [_thread_blocked, id=5716, stack(0x0000000057cb0000,0x0000000057db0000)]
  0x00000000566f9000 JavaThread "pool-2-thread-1" [_thread_blocked, id=7392, stack(0x0000000058c80000,0x0000000058d80000)]
  0x0000000056554000 JavaThread "Service Thread" daemon [_thread_blocked, id=8168, stack(0x0000000058090000,0x0000000058190000)]
  0x0000000056545000 JavaThread "C1 CompilerThread3" daemon [_thread_in_native, id=6896, stack(0x0000000057a70000,0x0000000057b70000)]
=>0x00000000564e9000 JavaThread "C2 CompilerThread2" daemon [_thread_in_native, id=3864, stack(0x0000000057f70000,0x0000000058070000)]
  0x00000000564e6800 JavaThread "C2 CompilerThread1" daemon [_thread_in_native, id=8232, stack(0x0000000057de0000,0x0000000057ee0000)]
  0x00000000564e4000 JavaThread "C2 CompilerThread0" daemon [_thread_in_vm, id=4620, stack(0x0000000057840000,0x0000000057940000)]
  0x00000000564de800 JavaThread "Attach Listener" daemon [_thread_blocked, id=8188, stack(0x0000000057bb0000,0x0000000057cb0000)]
  0x00000000564dd000 JavaThread "Signal Dispatcher" daemon [_thread_blocked, id=944, stack(0x0000000057960000,0x0000000057a60000)]
  0x0000000055426000 JavaThread "Finalizer" daemon [_thread_blocked, id=5408, stack(0x0000000057540000,0x0000000057640000)]
  0x0000000055424800 JavaThread "Reference Handler" daemon [_thread_blocked, id=7744, stack(0x0000000057660000,0x0000000057760000)]
  0x0000000001bbe800 JavaThread "main" [_thread_blocked, id=7732, stack(0x00000000023c0000,0x00000000024c0000)]

Other Threads:
  0x0000000056490800 VMThread [stack: 0x0000000057410000,0x0000000057510000] [id=8076]
  0x000000005654e800 WatcherThread [stack: 0x0000000058220000,0x0000000058320000] [id=6656]

VM state:not at safepoint (normal execution)

VM Mutex/Monitor currently owned by a thread: None

Heap:
 PSYoungGen      total 36864K, used 15798K [0x00000000eab00000, 0x00000000ef300000, 0x0000000100000000)
  eden space 31744K, 33% used [0x00000000eab00000,0x00000000eb56e0b8,0x00000000eca00000)
  from space 5120K, 99% used [0x00000000eca00000,0x00000000eceffb20,0x00000000ecf00000)
  to   space 5120K, 0% used [0x00000000eee00000,0x00000000eee00000,0x00000000ef300000)
 ParOldGen       total 84992K, used 617K [0x00000000c0000000, 0x00000000c5300000, 0x00000000eab00000)
  object space 84992K, 0% used [0x00000000c0000000,0x00000000c009a620,0x00000000c5300000)
 Metaspace       used 5757K, capacity 6896K, committed 7040K, reserved 1056768K
  class space    used 561K, capacity 616K, committed 640K, reserved 1048576K

Card table byte_map: [0x0000000011b50000,0x0000000011d60000] byte_map_base: 0x0000000011550000

Marking Bits: (ParMarkBitMap*) 0x000000005fc59d00
 Begin Bits: [0x0000000012840000, 0x0000000013840000)
 End Bits:   [0x0000000013840000, 0x0000000014840000)

Polling page: 0x0000000000430000

CodeCache: size=245760Kb used=5142Kb max_used=5142Kb free=240617Kb
 bounds [0x0000000002790000, 0x0000000002ca0000, 0x0000000011790000]
 total_blobs=1522 nmethods=1260 adapters=176
 compilation: enabled

Compilation events (10 events):
Event: 5.304 Thread 0x0000000056545000 1263       3       com.android.dx.rop.code.LocalVariableExtractor::doit (49 bytes)
Event: 5.304 Thread 0x00000000564e4000 1261       4       com.android.dx.ssa.SsaMethod::deleteInsns (239 bytes)
Event: 5.304 Thread 0x00000000564e9000 1260       4       com.android.dx.ssa.SsaRenamer$BlockRenamer::process (191 bytes)
Event: 5.304 Thread 0x00000000564e6800 1269 %     4       com.android.dx.ssa.SsaMethod::computeReachability @ 52 (131 bytes)
Event: 5.304 Thread 0x0000000056545000 nmethod 1263 0x0000000002c975d0 code [0x0000000002c97760, 0x0000000002c97c18]
Event: 5.304 Thread 0x0000000056545000 1264       3       com.android.dx.dex.code.BlockAddresses::setupArrays (113 bytes)
Event: 5.305 Thread 0x0000000056545000 nmethod 1264 0x0000000002c9b010 code [0x0000000002c9b2c0, 0x0000000002c9cc98]
Event: 5.305 Thread 0x0000000056545000 1265       3       com.android.dx.dex.code.RopTranslator::outputInstructions (69 bytes)
Event: 5.306 Thread 0x0000000056545000 nmethod 1265 0x0000000002c8dad0 code [0x0000000002c8dc60, 0x0000000002c8e0b8]
Event: 5.306 Thread 0x0000000056545000 1259       3       com.android.dx.rop.code.Insn::contentEquals (84 bytes)

GC Heap History (2 events):
Event: 2.531 GC heap before
{Heap before GC invocations=1 (full 0):
 PSYoungGen      total 36864K, used 31744K [0x00000000eab00000, 0x00000000ed400000, 0x0000000100000000)
  eden space 31744K, 100% used [0x00000000eab00000,0x00000000eca00000,0x00000000eca00000)
  from space 5120K, 0% used [0x00000000ecf00000,0x00000000ecf00000,0x00000000ed400000)
  to   space 5120K, 0% used [0x00000000eca00000,0x00000000eca00000,0x00000000ecf00000)
 ParOldGen       total 84992K, used 0K [0x00000000c0000000, 0x00000000c5300000, 0x00000000eab00000)
  object space 84992K, 0% used [0x00000000c0000000,0x00000000c0000000,0x00000000c5300000)
 Metaspace       used 5676K, capacity 6832K, committed 7040K, reserved 1056768K
  class space    used 561K, capacity 616K, committed 640K, reserved 1048576K
Event: 5.020 GC heap after
Heap after GC invocations=1 (full 0):
 PSYoungGen      total 36864K, used 5118K [0x00000000eab00000, 0x00000000ef300000, 0x0000000100000000)
  eden space 31744K, 0% used [0x00000000eab00000,0x00000000eab00000,0x00000000eca00000)
  from space 5120K, 99% used [0x00000000eca00000,0x00000000eceffb20,0x00000000ecf00000)
  to   space 5120K, 0% used [0x00000000eee00000,0x00000000eee00000,0x00000000ef300000)
 ParOldGen       total 84992K, used 617K [0x00000000c0000000, 0x00000000c5300000, 0x00000000eab00000)
  object space 84992K, 0% used [0x00000000c0000000,0x00000000c009a620,0x00000000c5300000)
 Metaspace       used 5676K, capacity 6832K, committed 7040K, reserved 1056768K
  class space    used 561K, capacity 616K, committed 640K, reserved 1048576K
}

Deoptimization events (10 events):
Event: 2.392 Thread 0x00000000567ac800 Uncommon trap: reason=class_check action=maybe_recompile pc=0x0000000002a573e0 method=com.android.dx.rop.type.Type.equals(Ljava/lang/Object;)Z @ 8
Event: 2.392 Thread 0x00000000567ac800 Uncommon trap: reason=class_check action=maybe_recompile pc=0x0000000002a573e0 method=com.android.dx.rop.type.Type.equals(Ljava/lang/Object;)Z @ 8
Event: 2.392 Thread 0x00000000567ac800 Uncommon trap: reason=class_check action=maybe_recompile pc=0x0000000002a573e0 method=com.android.dx.rop.type.Type.equals(Ljava/lang/Object;)Z @ 8
Event: 2.392 Thread 0x00000000567ac800 Uncommon trap: reason=class_check action=maybe_recompile pc=0x0000000002a6fdc4 method=com.android.dx.rop.type.Type.equals(Ljava/lang/Object;)Z @ 8
Event: 2.392 Thread 0x00000000567ac800 Uncommon trap: reason=class_check action=maybe_recompile pc=0x0000000002aa38e0 method=com.android.dx.rop.type.Type.equals(Ljava/lang/Object;)Z @ 8
Event: 2.392 Thread 0x00000000567ac800 Uncommon trap: reason=unstable_if action=reinterpret pc=0x0000000002afc468 method=com.android.dx.cf.code.Ropper.labelToResultIndex(I)I @ 34
Event: 2.402 Thread 0x00000000567ac800 Uncommon trap: reason=null_check action=make_not_entrant pc=0x0000000002a60ed4 method=com.android.dx.ssa.SsaRenamer.getLocalForNewReg(I)Lcom/android/dx/rop/code/LocalItem; @ 19
Event: 2.404 Thread 0x00000000567ac800 Uncommon trap: reason=null_check action=make_not_entrant pc=0x0000000002a50510 method=com.android.dx.ssa.SsaRenamer.getLocalForNewReg(I)Lcom/android/dx/rop/code/LocalItem; @ 19
Event: 5.164 Thread 0x000000005670a000 Uncommon trap: reason=unstable_if action=reinterpret pc=0x0000000002a554c4 method=com.android.dx.rop.cst.Constant.compareTo(Lcom/android/dx/rop/cst/Constant;)I @ 12
Event: 5.302 Thread 0x00000000567ac800 Uncommon trap: reason=unstable_if action=reinterpret pc=0x0000000002c9414c method=com.android.dx.ssa.LiteralOpUpgrader$1.visitNonMoveInsn(Lcom/android/dx/ssa/NormalSsaInsn;)V @ 176

Internal exceptions (4 events):
Event: 0.047 Thread 0x0000000001bbe800 Exception <a 'java/lang/NoSuchMethodError': Method sun.misc.Unsafe.defineClass(Ljava/lang/String;[BII)Ljava/lang/Class; name or signature does not match> (0x00000000eab07cc0) thrown at [C:\src\android\AOSP-openjdk\external\jetbrains\jdk\hotspot\src\share\v8‹iœ¨?
Event: 0.047 Thread 0x0000000001bbe800 Exception <a 'java/lang/NoSuchMethodError': Method sun.misc.Unsafe.prefetchRead(Ljava/lang/Object;J)V name or signature does not match> (0x00000000eab07fa8) thrown at [C:\src\android\AOSP-openjdk\external\jetbrains\jdk\hotspot\src\share\vm\prims\jni.cpp, l¸+	Ñ8@
Event: 2.402 Thread 0x00000000567ac800 Implicit null exception at 0x0000000002a5ea40 to 0x0000000002a60e8d
Event: 2.404 Thread 0x00000000567ac800 Implicit null exception at 0x0000000002a4e443 to 0x0000000002a504dd

Events (10 events):
Event: 5.164 Thread 0x000000005670a000 Uncommon trap: trap_request=0xffffff65 fr.pc=0x0000000002a554c4
Event: 5.164 Thread 0x000000005670a000 DEOPT PACKING pc=0x0000000002a554c4 sp=0x0000000058f7ea10
Event: 5.164 Thread 0x000000005670a000 DEOPT UNPACKING pc=0x00000000027d556a sp=0x0000000058f7e9b0 mode 2
Event: 5.185 Thread 0x000000005670a000 DEOPT PACKING pc=0x0000000002a7a985 sp=0x0000000058f7eba0
Event: 5.185 Thread 0x000000005670a000 DEOPT UNPACKING pc=0x00000000027d75bf sp=0x0000000058f7e980 mode 0
Event: 5.298 Thread 0x00000000567ac800 DEOPT PACKING pc=0x0000000002a7ab6f sp=0x00000000591bed00
Event: 5.298 Thread 0x00000000567ac800 DEOPT UNPACKING pc=0x00000000027d75bf sp=0x00000000591beae0 mode 0
Event: 5.302 Thread 0x00000000567ac800 Uncommon trap: trap_request=0xffffff65 fr.pc=0x0000000002c9414c
Event: 5.302 Thread 0x00000000567ac800 DEOPT PACKING pc=0x0000000002c9414c sp=0x00000000591beea0
Event: 5.302 Thread 0x00000000567ac800 DEOPT UNPACKING pc=0x00000000027d556a sp=0x00000000591bee70 mode 2


Dynamic libraries:
0x000000013f0c0000 - 0x000000013f0f1000 	C:\Program Files\Android\Android Studio\jre\bin\java.exe
0x0000000077180000 - 0x0000000077329000 	C:\Windows\SYSTEM32\ntdll.dll
0x0000000077060000 - 0x000000007717f000 	C:\Windows\system32\kernel32.dll
0x000007fefd940000 - 0x000007fefd9ac000 	C:\Windows\system32\KERNELBASE.dll
0x000007feff3b0000 - 0x000007feff48b000 	C:\Windows\system32\ADVAPI32.dll
0x000007feff1a0000 - 0x000007feff23f000 	C:\Windows\system32\msvcrt.dll
0x000007fefed50000 - 0x000007fefed6f000 	C:\Windows\SYSTEM32\sechost.dll
0x000007fefec00000 - 0x000007fefed2d000 	C:\Windows\system32\RPCRT4.dll
0x0000000076f60000 - 0x000000007705a000 	C:\Windows\system32\USER32.dll
0x000007fefe9f0000 - 0x000007fefea57000 	C:\Windows\system32\GDI32.dll
0x000007fefed30000 - 0x000007fefed3e000 	C:\Windows\system32\LPK.dll
0x000007fefea90000 - 0x000007fefeb59000 	C:\Windows\system32\USP10.dll
0x000007fefbe40000 - 0x000007fefc034000 	C:\Windows\WinSxS\amd64_microsoft.windows.common-controls_6595b64144ccf1df_6.0.7601.17514_none_fa396087175ac9ac\COMCTL32.dll
0x000007fefeb80000 - 0x000007fefebf1000 	C:\Windows\system32\SHLWAPI.dll
0x000007fefea60000 - 0x000007fefea8e000 	C:\Windows\system32\IMM32.DLL
0x000007feff240000 - 0x000007feff349000 	C:\Windows\system32\MSCTF.dll
0x0000000061f00000 - 0x0000000061fd2000 	C:\Program Files\Android\Android Studio\jre\jre\bin\msvcr100.dll
0x000000005f4a0000 - 0x000000005fcd4000 	C:\Program Files\Android\Android Studio\jre\jre\bin\server\jvm.dll
0x000007feec580000 - 0x000007feec589000 	C:\Windows\system32\WSOCK32.dll
0x000007fefee50000 - 0x000007fefee9d000 	C:\Windows\system32\WS2_32.dll
0x000007fefed40000 - 0x000007fefed48000 	C:\Windows\system32\NSI.dll
0x000007fefaf00000 - 0x000007fefaf3b000 	C:\Windows\system32\WINMM.dll
0x000007fefc6e0000 - 0x000007fefc6ec000 	C:\Windows\system32\VERSION.dll
0x0000000077340000 - 0x0000000077347000 	C:\Windows\system32\PSAPI.DLL
0x000007fef83d0000 - 0x000007fef83df000 	C:\Program Files\Android\Android Studio\jre\jre\bin\verify.dll
0x000007fef82f0000 - 0x000007fef8319000 	C:\Program Files\Android\Android Studio\jre\jre\bin\java.dll
0x000007fef7780000 - 0x000007fef7796000 	C:\Program Files\Android\Android Studio\jre\jre\bin\zip.dll
0x000007fefd9b0000 - 0x000007fefe738000 	C:\Windows\system32\SHELL32.dll
0x000007fefe7e0000 - 0x000007fefe9e3000 	C:\Windows\system32\ole32.dll
0x000007fefd5e0000 - 0x000007fefd5ef000 	C:\Windows\system32\profapi.dll

VM Arguments:
jvm_args: -Djava.awt.headless=true -Xmx1024M -Dfile.encoding=windows-1252 -Duser.country=FR -Duser.language=fr -Duser.variant 
java_command: com.android.dx.command.Main --dex --force-jumbo --num-threads=4 --multi-dex --output C:\Users\rhakanjin.Newsco\Desktop\workspaceAndroid\friendzone\app\build\intermediates\transforms\dex\debug\folders\1000\10\com.android.support-recyclerview-v7-25.1.0_238c76b8712752a1748d574d6a3ea0280d7caa96 C:\Users\rhakanjin.Newsco\Desktop\workspaceAndroid\friendzone\app\build\intermediates\exploded-aar\com.android.support\recyclerview-v7\25.1.0\jars\classes.jar
java_class_path (initial): C:\Users\rhakanjin.Newsco\AppData\Local\Android\sdk\build-tools\25.0.2\lib\dx.jar
Launcher Type: SUN_STANDARD

Environment Variables:
PATH=c:\Program Files (x86)\Intel\iCLS Client\;c:\Program Files\Intel\iCLS Client\;C:\Windows\system32;C:\Windows;C:\Windows\System32\Wbem;C:\Windows\System32\WindowsPowerShell\v1.0\;c:\Program Files (x86)\Common Files\Roxio Shared\DLLShared\;c:\Program Files (x86)\Common Files\Roxio Shared\10.0\DLLShared\;C:\Program Files\Intel\Intel(R) Management Engine Components\DAL;C:\Program Files\Intel\Intel(R) Management Engine Components\IPT;C:\Program Files (x86)\Intel\Intel(R) Management Engine Components\DAL;C:\Program Files (x86)\Intel\Intel(R) Management Engine Components\IPT;C:\Program Files\nodejs\;C:\RailsInstaller\Ruby2.3.0\bin;c:\Program Files (x86)\Intel\iCLS Client\;c:\Program Files\Intel\iCLS Client\;C:\Windows\system32;C:\Windows;C:\Windows\System32\Wbem;C:\Windows\System32\WindowsPowerShell\v1.0\;c:\Program Files (x86)\Common Files\Roxio Shared\DLLShared\;c:\Program Files (x86)\Common Files\Roxio Shared\10.0\DLLShared\;C:\Program Files\Intel\Intel(R) Management Engine Components\DAL;C:\Program Files\Intel\Intel(R) Management Engine Components\IPT;C:\Program Files (x86)\Intel\Intel(R) Management Engine Components\DAL;C:\Program Files (x86)\Intel\Intel(R) Management Engine Components\IPT;C:\Users\rhakanjin.Newsco\AppData\Local\Programs\Git\cmd;C:\Users\rhakanjin.Newsco\AppData\Roaming\npm
USERNAME=rhakanjin
OS=Windows_NT
PROCESSOR_IDENTIFIER=Intel64 Family 6 Model 58 Stepping 9, GenuineIntel



---------------  S Y S T E M  ---------------

OS: Windows 7 , 64 bit Build 7601 (6.1.7601.17651)

CPU:total 8 (4 cores per cpu, 2 threads per core) family 6 model 58 stepping 9, cmov, cx8, fxsr, mmx, sse, sse2, sse3, ssse3, sse4.1, sse4.2, popcnt, avx, aes, clmul, erms, ht, tsc, tscinvbit, tscinv

Memory: 4k page, physical 8063920k(741952k free), swap 12256372k(12640k free)

vm_info: OpenJDK 64-Bit Server VM (25.76-b03) for windows-amd64 JRE (1.8.0_76-release-b03), built on Jun 29 2016 19:09:20 by "ralucas" with MS VC++ 10.0 (VS2010)

time: Mon Feb 13 13:52:57 2017
elapsed time: 5 seconds (0d 0h 0m 5s)

