#
# There is insufficient memory for the Java Runtime Environment to continue.
# Native memory allocation (malloc) failed to allocate 32784 bytes for Chunk::new
# Possible reasons:
#   The system is out of physical RAM or swap space
#   In 32 bit mode, the process size limit was hit
# Possible solutions:
#   Reduce memory load on the system
#   Increase physical memory or swap space
#   Check if swap backing store is full
#   Use 64 bit Java on a 64 bit OS
#   Decrease Java heap size (-Xmx/-Xms)
#   Decrease number of Java threads
#   Decrease Java thread stack sizes (-Xss)
#   Set larger code cache with -XX:ReservedCodeCacheSize=
# This output file may be truncated or incomplete.
#
#  Out of Memory Error (allocation.cpp:390), pid=4512, tid=0x0000000000001bb4
#
# JRE version: OpenJDK Runtime Environment (8.0_76-b03) (build 1.8.0_76-release-b03)
# Java VM: OpenJDK 64-Bit Server VM (25.76-b03 mixed mode windows-amd64 compressed oops)
# Failed to write core dump. Minidumps are not enabled by default on client versions of Windows
#

---------------  T H R E A D  ---------------

Current thread (0x00000000566f2000):  JavaThread "C2 CompilerThread2" daemon [_thread_in_native, id=7092, stack(0x0000000058430000,0x0000000058530000)]

Stack: [0x0000000058430000,0x0000000058530000]
[error occurred during error reporting (printing stack bounds), id 0xc0000005]

Native frames: (J=compiled Java code, j=interpreted, Vv=VM code, C=native code)


Current CompileTask:
C2:   1678 1243   !   4       com.android.dx.cf.cst.ConstantPoolParser::parse0 (731 bytes)


---------------  P R O C E S S  ---------------

Java Threads: ( => current thread )
  0x0000000058c2b000 JavaThread "pool-2-thread-4" [_thread_blocked, id=8516, stack(0x0000000059600000,0x0000000059700000)]
  0x00000000588ea000 JavaThread "pool-2-thread-3" [_thread_blocked, id=7016, stack(0x00000000591e0000,0x00000000592e0000)]
  0x00000000569f2800 JavaThread "pool-2-thread-2" [_thread_blocked, id=8560, stack(0x0000000059330000,0x0000000059430000)]
  0x0000000056a2d000 JavaThread "pool-3-thread-1" [_thread_blocked, id=8436, stack(0x00000000578b0000,0x00000000579b0000)]
  0x0000000056a2b800 JavaThread "pool-2-thread-1" [_thread_blocked, id=3900, stack(0x00000000590d0000,0x00000000591d0000)]
  0x000000005677b800 JavaThread "Service Thread" daemon [_thread_blocked, id=6060, stack(0x0000000058740000,0x0000000058840000)]
  0x0000000056755800 JavaThread "C1 CompilerThread3" daemon [_thread_blocked, id=8984, stack(0x0000000058610000,0x0000000058710000)]
=>0x00000000566f2000 JavaThread "C2 CompilerThread2" daemon [_thread_in_native, id=7092, stack(0x0000000058430000,0x0000000058530000)]
  0x00000000566e8000 JavaThread "C2 CompilerThread1" daemon [_thread_blocked, id=6068, stack(0x0000000058260000,0x0000000058360000)]
  0x00000000566e6000 JavaThread "C2 CompilerThread0" daemon [_thread_blocked, id=7364, stack(0x00000000580d0000,0x00000000581d0000)]
  0x00000000566e0800 JavaThread "Attach Listener" daemon [_thread_blocked, id=3772, stack(0x0000000057e70000,0x0000000057f70000)]
  0x00000000566df000 JavaThread "Signal Dispatcher" daemon [_thread_blocked, id=8388, stack(0x0000000057c80000,0x0000000057d80000)]
  0x000000005573d800 JavaThread "Finalizer" daemon [_thread_blocked, id=8936, stack(0x0000000057b10000,0x0000000057c10000)]
  0x0000000055737000 JavaThread "Reference Handler" daemon [_thread_blocked, id=1788, stack(0x00000000579b0000,0x0000000057ab0000)]
  0x000000000024e800 JavaThread "main" [_thread_in_native, id=6816, stack(0x0000000002320000,0x0000000002420000)]

Other Threads:
  0x0000000056693800 VMThread [stack: 0x0000000057750000,0x0000000057850000] [id=4572]
  0x0000000056780000 WatcherThread [stack: 0x0000000057f80000,0x0000000058080000] [id=1624]

VM state:not at safepoint (normal execution)

VM Mutex/Monitor currently owned by a thread: None

Heap:
 PSYoungGen      total 36864K, used 10100K [0x00000000eab00000, 0x00000000ed400000, 0x0000000100000000)
  eden space 31744K, 15% used [0x00000000eab00000,0x00000000eafe06e0,0x00000000eca00000)
  from space 5120K, 99% used [0x00000000eca00000,0x00000000ecefcc88,0x00000000ecf00000)
  to   space 5120K, 0% used [0x00000000ecf00000,0x00000000ecf00000,0x00000000ed400000)
 ParOldGen       total 84992K, used 784K [0x00000000c0000000, 0x00000000c5300000, 0x00000000eab00000)
  object space 84992K, 0% used [0x00000000c0000000,0x00000000c00c42c8,0x00000000c5300000)
 Metaspace       used 5802K, capacity 6896K, committed 7040K, reserved 1056768K
  class space    used 564K, capacity 616K, committed 640K, reserved 1048576K

Card table byte_map: [0x0000000011ab0000,0x0000000011cc0000] byte_map_base: 0x00000000114b0000

Marking Bits: (ParMarkBitMap*) 0x0000000070e59d00
 Begin Bits: [0x0000000012b50000, 0x0000000013b50000)
 End Bits:   [0x0000000013b50000, 0x0000000014b50000)

Polling page: 0x0000000000230000

CodeCache: size=245760Kb used=4838Kb max_used=4843Kb free=240921Kb
 bounds [0x00000000026f0000, 0x0000000002bb0000, 0x00000000116f0000]
 total_blobs=1508 nmethods=1243 adapters=176
 compilation: disabled (not enough contiguous free space left)

Compilation events (10 events):
Event: 1.655 Thread 0x0000000056755800 1250  s    3       com.android.dx.dex.file.TypeIdsSection::intern (60 bytes)
Event: 1.655 Thread 0x0000000056755800 nmethod 1250 0x0000000002ba3010 code [0x0000000002ba3240, 0x0000000002ba3ec8]
Event: 1.655 Thread 0x0000000056755800 1239       3       com.android.dx.rop.cst.CstNat::getFieldType (11 bytes)
Event: 1.656 Thread 0x0000000056755800 nmethod 1239 0x0000000002b9e190 code [0x0000000002b9e300, 0x0000000002b9e528]
Event: 1.656 Thread 0x0000000056755800 1240       3       com.android.dx.rop.cst.CstFieldRef::getType (8 bytes)
Event: 1.656 Thread 0x0000000056755800 nmethod 1240 0x0000000002babed0 code [0x0000000002bac040, 0x0000000002bac3c8]
Event: 1.656 Thread 0x0000000056755800 1254       3       com.android.dx.ssa.DomFront::buildDomTree (72 bytes)
Event: 1.657 Thread 0x0000000056755800 nmethod 1254 0x0000000002bac4d0 code [0x0000000002bac740, 0x0000000002bad5a8]
Event: 1.657 Thread 0x0000000056755800 1253       3       com.android.dx.dex.code.RopTranslator$TranslationVisitor::visitPlainCstInsn (161 bytes)
Event: 1.659 Thread 0x0000000056755800 


GC Heap History (2 events):
Event: 1.579 GC heap before
{Heap before GC invocations=1 (full 0):
 PSYoungGen      total 36864K, used 31744K [0x00000000eab00000, 0x00000000ed400000, 0x0000000100000000)
  eden space 31744K, 100% used [0x00000000eab00000,0x00000000eca00000,0x00000000eca00000)
  from space 5120K, 0% used [0x00000000ecf00000,0x00000000ecf00000,0x00000000ed400000)
  to   space 5120K, 0% used [0x00000000eca00000,0x00000000eca00000,0x00000000ecf00000)
 ParOldGen       total 84992K, used 0K [0x00000000c0000000, 0x00000000c5300000, 0x00000000eab00000)
  object space 84992K, 0% used [0x00000000c0000000,0x00000000c0000000,0x00000000c5300000)
 Metaspace       used 5765K, capacity 6896K, committed 7040K, reserved 1056768K
  class space    used 562K, capacity 616K, committed 640K, reserved 1048576K
Event: 1.628 GC heap after
Heap after GC invocations=1 (full 0):
 PSYoungGen      total 36864K, used 5107K [0x00000000eab00000, 0x00000000ed400000, 0x0000000100000000)
  eden space 31744K, 0% used [0x00000000eab00000,0x00000000eab00000,0x00000000eca00000)
  from space 5120K, 99% used [0x00000000eca00000,0x00000000ecefcc88,0x00000000ecf00000)
  to   space 5120K, 0% used [0x00000000ecf00000,0x00000000ecf00000,0x00000000ed400000)
 ParOldGen       total 84992K, used 784K [0x00000000c0000000, 0x00000000c5300000, 0x00000000eab00000)
  object space 84992K, 0% used [0x00000000c0000000,0x00000000c00c42c8,0x00000000c5300000)
 Metaspace       used 5765K, capacity 6896K, committed 7040K, reserved 1056768K
  class space    used 562K, capacity 616K, committed 640K, reserved 1048576K
}

Deoptimization events (9 events):
Event: 0.763 Thread 0x0000000056a2b800 Uncommon trap: reason=unstable_if action=reinterpret pc=0x0000000002840144 method=java.lang.String.compareTo(Ljava/lang/String;)I @ 38
Event: 0.768 Thread 0x0000000056a2b800 Uncommon trap: reason=unstable_if action=reinterpret pc=0x000000000282df00 method=java.lang.String.indexOf(II)I @ 49
Event: 1.215 Thread 0x00000000588ea000 Uncommon trap: reason=unstable_if action=reinterpret pc=0x00000000028e1034 method=java.util.HashMap.getNode(ILjava/lang/Object;)Ljava/util/HashMap$Node; @ 62
Event: 1.359 Thread 0x0000000058c2b000 Uncommon trap: reason=unstable_if action=reinterpret pc=0x00000000029744c8 method=java.util.HashMap.getNode(ILjava/lang/Object;)Ljava/util/HashMap$Node; @ 62
Event: 1.450 Thread 0x0000000058c2b000 Uncommon trap: reason=class_check action=maybe_recompile pc=0x0000000002998c00 method=com.android.dx.ssa.NormalSsaInsn.accept(Lcom/android/dx/ssa/SsaInsn$Visitor;)V @ 9
Event: 1.450 Thread 0x0000000058c2b000 Uncommon trap: reason=class_check action=maybe_recompile pc=0x0000000002998c00 method=com.android.dx.ssa.NormalSsaInsn.accept(Lcom/android/dx/ssa/SsaInsn$Visitor;)V @ 9
Event: 1.450 Thread 0x0000000058c2b000 Uncommon trap: reason=class_check action=maybe_recompile pc=0x0000000002998c00 method=com.android.dx.ssa.NormalSsaInsn.accept(Lcom/android/dx/ssa/SsaInsn$Visitor;)V @ 9
Event: 1.451 Thread 0x0000000058c2b000 Uncommon trap: reason=class_check action=maybe_recompile pc=0x0000000002998c00 method=com.android.dx.ssa.NormalSsaInsn.accept(Lcom/android/dx/ssa/SsaInsn$Visitor;)V @ 9
Event: 1.454 Thread 0x0000000058c2b000 Uncommon trap: reason=class_check action=maybe_recompile pc=0x0000000002947d20 method=com.android.dx.ssa.NormalSsaInsn.accept(Lcom/android/dx/ssa/SsaInsn$Visitor;)V @ 9

Internal exceptions (2 events):
Event: 0.080 Thread 0x000000000024e800 Exception <a 'java/lang/NoSuchMethodError': Method sun.misc.Unsafe.defineClass(Ljava/lang/String;[BII)Ljava/lang/Class; name or signature does not match> (0x00000000eab07cc0) thrown at [C:\src\android\AOSP-openjdk\external\jetbrains\jdk\hotspot\src\share\vc.X]ùy¥?
Event: 0.080 Thread 0x000000000024e800 Exception <a 'java/lang/NoSuchMethodError': Method sun.misc.Unsafe.prefetchRead(Ljava/lang/Object;J)V name or signature does not match> (0x00000000eab07fa8) thrown at [C:\src\android\AOSP-openjdk\external\jetbrains\jdk\hotspot\src\share\vm\prims\jni.cpp, l

Events (10 events):
Event: 1.451 Thread 0x0000000058c2b000 DEOPT UNPACKING pc=0x000000000273556a sp=0x00000000596fe7e0 mode 2
Event: 1.454 Thread 0x0000000058c2b000 Uncommon trap: trap_request=0xffffffde fr.pc=0x0000000002947d20
Event: 1.454 Thread 0x0000000058c2b000 DEOPT PACKING pc=0x0000000002947d20 sp=0x00000000596fe850
Event: 1.454 Thread 0x0000000058c2b000 DEOPT UNPACKING pc=0x000000000273556a sp=0x00000000596fe7e0 mode 2
Event: 1.485 loading class com/android/dx/cf/attrib/AttRuntimeVisibleAnnotations
Event: 1.485 loading class com/android/dx/cf/attrib/AttRuntimeVisibleAnnotations done
Event: 1.493 loading class com/android/dx/cf/attrib/AttExceptions
Event: 1.493 loading class com/android/dx/cf/attrib/AttExceptions done
Event: 1.579 Executing VM operation: ParallelGCFailedAllocation
Event: 1.628 Executing VM operation: ParallelGCFailedAllocation done


Dynamic libraries:
0x000000013f250000 - 0x000000013f281000 	C:\Program Files\Android\Android Studio\jre\bin\java.exe
0x0000000077180000 - 0x0000000077329000 	C:\Windows\SYSTEM32\ntdll.dll
0x0000000077060000 - 0x000000007717f000 	C:\Windows\system32\kernel32.dll
0x000007fefd940000 - 0x000007fefd9ac000 	C:\Windows\system32\KERNELBASE.dll
0x000007feff3b0000 - 0x000007feff48b000 	C:\Windows\system32\ADVAPI32.dll
0x000007feff1a0000 - 0x000007feff23f000 	C:\Windows\system32\msvcrt.dll
0x000007fefed50000 - 0x000007fefed6f000 	C:\Windows\SYSTEM32\sechost.dll
0x000007fefec00000 - 0x000007fefed2d000 	C:\Windows\system32\RPCRT4.dll
0x0000000076f60000 - 0x000000007705a000 	C:\Windows\system32\USER32.dll
0x000007fefe9f0000 - 0x000007fefea57000 	C:\Windows\system32\GDI32.dll
0x000007fefed30000 - 0x000007fefed3e000 	C:\Windows\system32\LPK.dll
0x000007fefea90000 - 0x000007fefeb59000 	C:\Windows\system32\USP10.dll
0x000007fefbe40000 - 0x000007fefc034000 	C:\Windows\WinSxS\amd64_microsoft.windows.common-controls_6595b64144ccf1df_6.0.7601.17514_none_fa396087175ac9ac\COMCTL32.dll
0x000007fefeb80000 - 0x000007fefebf1000 	C:\Windows\system32\SHLWAPI.dll
0x000007fefea60000 - 0x000007fefea8e000 	C:\Windows\system32\IMM32.DLL
0x000007feff240000 - 0x000007feff349000 	C:\Windows\system32\MSCTF.dll
0x00000000705c0000 - 0x0000000070692000 	C:\Program Files\Android\Android Studio\jre\jre\bin\msvcr100.dll
0x00000000706a0000 - 0x0000000070ed4000 	C:\Program Files\Android\Android Studio\jre\jre\bin\server\jvm.dll
0x000007feec580000 - 0x000007feec589000 	C:\Windows\system32\WSOCK32.dll
0x000007fefee50000 - 0x000007fefee9d000 	C:\Windows\system32\WS2_32.dll
0x000007fefed40000 - 0x000007fefed48000 	C:\Windows\system32\NSI.dll
0x000007fefaf00000 - 0x000007fefaf3b000 	C:\Windows\system32\WINMM.dll
0x000007fefc6e0000 - 0x000007fefc6ec000 	C:\Windows\system32\VERSION.dll
0x0000000077340000 - 0x0000000077347000 	C:\Windows\system32\PSAPI.DLL
0x000007fef8460000 - 0x000007fef846f000 	C:\Program Files\Android\Android Studio\jre\jre\bin\verify.dll
0x000007fef83e0000 - 0x000007fef8409000 	C:\Program Files\Android\Android Studio\jre\jre\bin\java.dll
0x000007fef7bc0000 - 0x000007fef7bd6000 	C:\Program Files\Android\Android Studio\jre\jre\bin\zip.dll
0x000007fefd9b0000 - 0x000007fefe738000 	C:\Windows\system32\SHELL32.dll
0x000007fefe7e0000 - 0x000007fefe9e3000 	C:\Windows\system32\ole32.dll
0x000007fefd5e0000 - 0x000007fefd5ef000 	C:\Windows\system32\profapi.dll

VM Arguments:
jvm_args: -Djava.awt.headless=true -Xmx1024M -Dfile.encoding=windows-1252 -Duser.country=FR -Duser.language=fr -Duser.variant 
java_command: com.android.dx.command.Main --dex --force-jumbo --num-threads=4 --multi-dex --output C:\Users\rhakanjin.Newsco\Desktop\workspaceAndroid\friendzone\app\build\intermediates\transforms\dex\debug\folders\1000\10\com.android.support-support-media-compat-25.1.0_b5f27cf06f429ef4cacccbdf1e2cc3048a82f9d7 C:\Users\rhakanjin.Newsco\Desktop\workspaceAndroid\friendzone\app\build\intermediates\exploded-aar\com.android.support\support-media-compat\25.1.0\jars\classes.jar
java_class_path (initial): C:\Users\rhakanjin.Newsco\AppData\Local\Android\sdk\build-tools\25.0.2\lib\dx.jar
Launcher Type: SUN_STANDARD

Environment Variables:
PATH=c:\Program Files (x86)\Intel\iCLS Client\;c:\Program Files\Intel\iCLS Client\;C:\Windows\system32;C:\Windows;C:\Windows\System32\Wbem;C:\Windows\System32\WindowsPowerShell\v1.0\;c:\Program Files (x86)\Common Files\Roxio Shared\DLLShared\;c:\Program Files (x86)\Common Files\Roxio Shared\10.0\DLLShared\;C:\Program Files\Intel\Intel(R) Management Engine Components\DAL;C:\Program Files\Intel\Intel(R) Management Engine Components\IPT;C:\Program Files (x86)\Intel\Intel(R) Management Engine Components\DAL;C:\Program Files (x86)\Intel\Intel(R) Management Engine Components\IPT;C:\Program Files\nodejs\;C:\RailsInstaller\Ruby2.3.0\bin;c:\Program Files (x86)\Intel\iCLS Client\;c:\Program Files\Intel\iCLS Client\;C:\Windows\system32;C:\Windows;C:\Windows\System32\Wbem;C:\Windows\System32\WindowsPowerShell\v1.0\;c:\Program Files (x86)\Common Files\Roxio Shared\DLLShared\;c:\Program Files (x86)\Common Files\Roxio Shared\10.0\DLLShared\;C:\Program Files\Intel\Intel(R) Management Engine Components\DAL;C:\Program Files\Intel\Intel(R) Management Engine Components\IPT;C:\Program Files (x86)\Intel\Intel(R) Management Engine Components\DAL;C:\Program Files (x86)\Intel\Intel(R) Management Engine Components\IPT;C:\Users\rhakanjin.Newsco\AppData\Local\Programs\Git\cmd;C:\Users\rhakanjin.Newsco\AppData\Roaming\npm
USERNAME=rhakanjin
OS=Windows_NT
PROCESSOR_IDENTIFIER=Intel64 Family 6 Model 58 Stepping 9, GenuineIntel



---------------  S Y S T E M  ---------------

OS: Windows 7 , 64 bit Build 7601 (6.1.7601.17651)

CPU:total 8 (4 cores per cpu, 2 threads per core) family 6 model 58 stepping 9, cmov, cx8, fxsr, mmx, sse, sse2, sse3, ssse3, sse4.1, sse4.2, popcnt, avx, aes, clmul, erms, ht, tsc, tscinvbit, tscinv

Memory: 4k page, physical 8063920k(412984k free), swap 12256372k(215452k free)

vm_info: OpenJDK 64-Bit Server VM (25.76-b03) for windows-amd64 JRE (1.8.0_76-release-b03), built on Jun 29 2016 19:09:20 by "ralucas" with MS VC++ 10.0 (VS2010)

time: Mon Feb 13 14:24:22 2017
elapsed time: 1 seconds (0d 0h 0m 1s)

