#
# There is insufficient memory for the Java Runtime Environment to continue.
# Native memory allocation (malloc) failed to allocate 330016 bytes for Chunk::new
# Possible reasons:
#   The system is out of physical RAM or swap space
#   In 32 bit mode, the process size limit was hit
# Possible solutions:
#   Reduce memory load on the system
#   Increase physical memory or swap space
#   Check if swap backing store is full
#   Use 64 bit Java on a 64 bit OS
#   Decrease Java heap size (-Xmx/-Xms)
#   Decrease number of Java threads
#   Decrease Java thread stack sizes (-Xss)
#   Set larger code cache with -XX:ReservedCodeCacheSize=
# This output file may be truncated or incomplete.
#
#  Out of Memory Error (allocation.cpp:390), pid=8384, tid=0x0000000000002120
#
# JRE version: OpenJDK Runtime Environment (8.0_76-b03) (build 1.8.0_76-release-b03)
# Java VM: OpenJDK 64-Bit Server VM (25.76-b03 mixed mode windows-amd64 compressed oops)
# Failed to write core dump. Minidumps are not enabled by default on client versions of Windows
#

---------------  T H R E A D  ---------------

Current thread (0x0000000056809800):  JavaThread "C2 CompilerThread2" daemon [_thread_in_native, id=8480, stack(0x0000000058330000,0x0000000058430000)]

Stack: [0x0000000058330000,0x0000000058430000]
[error occurred during error reporting (printing stack bounds), id 0xc0000005]

Native frames: (J=compiled Java code, j=interpreted, Vv=VM code, C=native code)


Current CompileTask:
C2:  10413 1915       4       com.android.dx.ssa.Dominators::run (506 bytes)


---------------  P R O C E S S  ---------------

Java Threads: ( => current thread )
  0x0000000058883800 JavaThread "pool-2-thread-4" [_thread_blocked, id=4300, stack(0x0000000059620000,0x0000000059720000)]
  0x0000000058881000 JavaThread "pool-2-thread-3" [_thread_blocked, id=180, stack(0x0000000059520000,0x0000000059620000)]
  0x0000000058880800 JavaThread "pool-2-thread-2" [_thread_blocked, id=4900, stack(0x00000000591b0000,0x00000000592b0000)]
  0x00000000569fc800 JavaThread "pool-3-thread-1" [_thread_blocked, id=6820, stack(0x00000000592d0000,0x00000000593d0000)]
  0x00000000569fb000 JavaThread "pool-2-thread-1" [_thread_blocked, id=7972, stack(0x00000000590a0000,0x00000000591a0000)]
  0x0000000056811000 JavaThread "Service Thread" daemon [_thread_blocked, id=3764, stack(0x0000000058680000,0x0000000058780000)]
  0x000000005680a000 JavaThread "C1 CompilerThread3" daemon [_thread_blocked, id=4228, stack(0x00000000584a0000,0x00000000585a0000)]
=>0x0000000056809800 JavaThread "C2 CompilerThread2" daemon [_thread_in_native, id=8480, stack(0x0000000058330000,0x0000000058430000)]
  0x0000000056806800 JavaThread "C2 CompilerThread1" daemon [_thread_in_native, id=4660, stack(0x00000000576b0000,0x00000000577b0000)]
  0x00000000567a6000 JavaThread "C2 CompilerThread0" daemon [_thread_blocked, id=6676, stack(0x0000000058140000,0x0000000058240000)]
  0x00000000567a0800 JavaThread "Attach Listener" daemon [_thread_blocked, id=6216, stack(0x0000000057f70000,0x0000000058070000)]
  0x000000005679f000 JavaThread "Signal Dispatcher" daemon [_thread_blocked, id=8816, stack(0x0000000057d60000,0x0000000057e60000)]
  0x00000000557fd800 JavaThread "Finalizer" daemon [_thread_blocked, id=5324, stack(0x0000000057b80000,0x0000000057c80000)]
  0x00000000557f4800 JavaThread "Reference Handler" daemon [_thread_blocked, id=5552, stack(0x0000000057990000,0x0000000057a90000)]
  0x000000000016e800 JavaThread "main" [_thread_blocked, id=9024, stack(0x0000000002440000,0x0000000002540000)]

Other Threads:
  0x0000000056750800 VMThread [stack: 0x00000000577b0000,0x00000000578b0000] [id=6316]
  0x0000000056815000 WatcherThread [stack: 0x0000000058780000,0x0000000058880000] [id=6268]

VM state:not at safepoint (normal execution)

VM Mutex/Monitor currently owned by a thread: None

Heap:
 PSYoungGen      total 68608K, used 54250K [0x00000000eab00000, 0x00000000ef300000, 0x0000000100000000)
  eden space 63488K, 77% used [0x00000000eab00000,0x00000000edaffdc0,0x00000000ee900000)
  from space 5120K, 99% used [0x00000000eee00000,0x00000000ef2faab8,0x00000000ef300000)
  to   space 5120K, 0% used [0x00000000ee900000,0x00000000ee900000,0x00000000eee00000)
 ParOldGen       total 84992K, used 4817K [0x00000000c0000000, 0x00000000c5300000, 0x00000000eab00000)
  object space 84992K, 5% used [0x00000000c0000000,0x00000000c04b45f0,0x00000000c5300000)
 Metaspace       used 6067K, capacity 7152K, committed 7296K, reserved 1056768K
  class space    used 565K, capacity 616K, committed 640K, reserved 1048576K

Card table byte_map: [0x0000000011bd0000,0x0000000011de0000] byte_map_base: 0x00000000115d0000

Marking Bits: (ParMarkBitMap*) 0x000000005ab69d00
 Begin Bits: [0x0000000012c10000, 0x0000000013c10000)
 End Bits:   [0x0000000013c10000, 0x0000000014c10000)

Polling page: 0x0000000000130000

CodeCache: size=245760Kb used=9301Kb max_used=9301Kb free=236458Kb
 bounds [0x0000000002810000, 0x0000000003130000, 0x0000000011810000]
 total_blobs=2188 nmethods=1925 adapters=176
 compilation: enabled

Compilation events (10 events):
Event: 9.272 Thread 0x000000005680a000 1913       3       java.util.concurrent.ThreadPoolExecutor::execute (132 bytes)
Event: 9.273 Thread 0x000000005680a000 nmethod 1913 0x0000000003128b90 code [0x0000000003128de0, 0x0000000003129d28]
Event: 9.273 Thread 0x000000005680a000 1914       3       com.android.dx.cf.direct.DirectClassFile::getFields (9 bytes)
Event: 9.273 Thread 0x0000000056809800 1915       4       com.android.dx.ssa.Dominators::run (506 bytes)
Event: 9.273 Thread 0x000000005680a000 nmethod 1914 0x000000000311b390 code [0x000000000311b500, 0x000000000311b748]
Event: 9.273 Thread 0x0000000056806800 1916       4       com.android.dx.ssa.back.FirstFitLocalCombiningAllocator::handleNormalUnassociated (99 bytes)
Event: 9.274 Thread 0x000000005680a000 1917       3       com.android.dx.rop.cst.CstFloat::getType (4 bytes)
Event: 9.274 Thread 0x000000005680a000 nmethod 1917 0x000000000311afd0 code [0x000000000311b120, 0x000000000311b270]
Event: 9.274 Thread 0x000000005680a000 1918       3       com.android.dx.ssa.SCCP::simulateMath (424 bytes)
Event: 9.275 Thread 0x000000005680a000 nmethod 1918 0x000000000312a210 code [0x000000000312a4c0, 0x000000000312bda8]

GC Heap History (4 events):
Event: 1.482 GC heap before
{Heap before GC invocations=1 (full 0):
 PSYoungGen      total 36864K, used 31744K [0x00000000eab00000, 0x00000000ed400000, 0x0000000100000000)
  eden space 31744K, 100% used [0x00000000eab00000,0x00000000eca00000,0x00000000eca00000)
  from space 5120K, 0% used [0x00000000ecf00000,0x00000000ecf00000,0x00000000ed400000)
  to   space 5120K, 0% used [0x00000000eca00000,0x00000000eca00000,0x00000000ecf00000)
 ParOldGen       total 84992K, used 0K [0x00000000c0000000, 0x00000000c5300000, 0x00000000eab00000)
  object space 84992K, 0% used [0x00000000c0000000,0x00000000c0000000,0x00000000c5300000)
 Metaspace       used 5782K, capacity 6896K, committed 7040K, reserved 1056768K
  class space    used 562K, capacity 616K, committed 640K, reserved 1048576K
Event: 1.914 GC heap after
Heap after GC invocations=1 (full 0):
 PSYoungGen      total 36864K, used 5105K [0x00000000eab00000, 0x00000000ef300000, 0x0000000100000000)
  eden space 31744K, 0% used [0x00000000eab00000,0x00000000eab00000,0x00000000eca00000)
  from space 5120K, 99% used [0x00000000eca00000,0x00000000ecefc450,0x00000000ecf00000)
  to   space 5120K, 0% used [0x00000000eee00000,0x00000000eee00000,0x00000000ef300000)
 ParOldGen       total 84992K, used 694K [0x00000000c0000000, 0x00000000c5300000, 0x00000000eab00000)
  object space 84992K, 0% used [0x00000000c0000000,0x00000000c00ada98,0x00000000c5300000)
 Metaspace       used 5782K, capacity 6896K, committed 7040K, reserved 1056768K
  class space    used 562K, capacity 616K, committed 640K, reserved 1048576K
}
Event: 3.714 GC heap before
{Heap before GC invocations=2 (full 0):
 PSYoungGen      total 36864K, used 36849K [0x00000000eab00000, 0x00000000ef300000, 0x0000000100000000)
  eden space 31744K, 100% used [0x00000000eab00000,0x00000000eca00000,0x00000000eca00000)
  from space 5120K, 99% used [0x00000000eca00000,0x00000000ecefc450,0x00000000ecf00000)
  to   space 5120K, 0% used [0x00000000eee00000,0x00000000eee00000,0x00000000ef300000)
 ParOldGen       total 84992K, used 694K [0x00000000c0000000, 0x00000000c5300000, 0x00000000eab00000)
  object space 84992K, 0% used [0x00000000c0000000,0x00000000c00ada98,0x00000000c5300000)
 Metaspace       used 5981K, capacity 7088K, committed 7296K, reserved 1056768K
  class space    used 564K, capacity 616K, committed 640K, reserved 1048576K
Event: 4.120 GC heap after
Heap after GC invocations=2 (full 0):
 PSYoungGen      total 68608K, used 5098K [0x00000000eab00000, 0x00000000ef300000, 0x0000000100000000)
  eden space 63488K, 0% used [0x00000000eab00000,0x00000000eab00000,0x00000000ee900000)
  from space 5120K, 99% used [0x00000000eee00000,0x00000000ef2faab8,0x00000000ef300000)
  to   space 5120K, 0% used [0x00000000ee900000,0x00000000ee900000,0x00000000eee00000)
 ParOldGen       total 84992K, used 4817K [0x00000000c0000000, 0x00000000c5300000, 0x00000000eab00000)
  object space 84992K, 5% used [0x00000000c0000000,0x00000000c04b45f0,0x00000000c5300000)
 Metaspace       used 5981K, capacity 7088K, committed 7296K, reserved 1056768K
  class space    used 564K, capacity 616K, committed 640K, reserved 1048576K
}

Deoptimization events (10 events):
Event: 6.109 Thread 0x0000000058883800 Uncommon trap: reason=null_check action=make_not_entrant pc=0x0000000002bcded0 method=com.android.dx.rop.type.Type.equals(Ljava/lang/Object;)Z @ 8
Event: 8.086 Thread 0x0000000058881000 Uncommon trap: reason=bimorphic action=maybe_recompile pc=0x0000000002ca71ac method=java.util.HashMap.putVal(ILjava/lang/Object;Ljava/lang/Object;ZZ)Ljava/lang/Object; @ 91
Event: 8.278 Thread 0x0000000058881000 Uncommon trap: reason=bimorphic action=maybe_recompile pc=0x0000000002e2481c method=com.android.dx.ssa.SCCP.simulatePhi(Lcom/android/dx/ssa/PhiInsn;)V @ 124
Event: 8.278 Thread 0x0000000058881000 Uncommon trap: reason=bimorphic action=maybe_recompile pc=0x0000000002e2481c method=com.android.dx.ssa.SCCP.simulatePhi(Lcom/android/dx/ssa/PhiInsn;)V @ 124
Event: 8.279 Thread 0x0000000058881000 Uncommon trap: reason=unstable_if action=reinterpret pc=0x0000000002ffff28 method=com.android.dx.util.BitIntSet.has(I)Z @ 8
Event: 8.279 Thread 0x0000000058881000 Uncommon trap: reason=unstable_if action=reinterpret pc=0x000000000301daa0 method=com.android.dx.util.BitIntSet.has(I)Z @ 8
Event: 8.671 Thread 0x0000000058881000 Uncommon trap: reason=bimorphic action=maybe_recompile pc=0x0000000002ca71ac method=java.util.HashMap.putVal(ILjava/lang/Object;Ljava/lang/Object;ZZ)Ljava/lang/Object; @ 91
Event: 8.671 Thread 0x0000000058881000 Uncommon trap: reason=bimorphic action=maybe_recompile pc=0x0000000002ca71ac method=java.util.HashMap.putVal(ILjava/lang/Object;Ljava/lang/Object;ZZ)Ljava/lang/Object; @ 91
Event: 8.673 Thread 0x0000000058881000 Uncommon trap: reason=unstable_if action=reinterpret pc=0x0000000002fa0590 method=com.android.dx.util.MutabilityControl.isImmutable()Z @ 4
Event: 8.673 Thread 0x0000000058881000 Uncommon trap: reason=unstable_if action=reinterpret pc=0x0000000002fa489c method=com.android.dx.util.MutabilityControl.isImmutable()Z @ 4

Internal exceptions (6 events):
Event: 0.055 Thread 0x000000000016e800 Exception <a 'java/lang/NoSuchMethodError': Method sun.misc.Unsafe.defineClass(Ljava/lang/String;[BII)Ljava/lang/Class; name or signature does not match> (0x00000000eab07cc0) thrown at [C:\src\android\AOSP-openjdk\external\jetbrains\jdk\hotspot\src\share\vçÿ¢m¨?
Event: 0.055 Thread 0x000000000016e800 Exception <a 'java/lang/NoSuchMethodError': Method sun.misc.Unsafe.prefetchRead(Ljava/lang/Object;J)V name or signature does not match> (0x00000000eab07fa8) thrown at [C:\src\android\AOSP-openjdk\external\jetbrains\jdk\hotspot\src\share\vm\prims\jni.cpp, lh≤µ|}Ñ@
Event: 2.565 Thread 0x0000000058881000 Implicit null exception at 0x0000000002c2cbf6 to 0x0000000002c2e335
Event: 4.447 Thread 0x0000000058883800 Implicit null exception at 0x0000000002edc4f8 to 0x0000000002edd91d
Event: 5.439 Thread 0x00000000569fb000 Implicit null exception at 0x0000000002c0b440 to 0x0000000002c0c875
Event: 6.109 Thread 0x0000000058883800 Implicit null exception at 0x0000000002bcddd2 to 0x0000000002bcdec2

Events (10 events):
Event: 8.671 Thread 0x0000000058881000 DEOPT UNPACKING pc=0x000000000285556a sp=0x000000005961e198 mode 2
Event: 8.671 Thread 0x0000000058881000 Uncommon trap: trap_request=0xffffffc6 fr.pc=0x0000000002ca71ac
Event: 8.671 Thread 0x0000000058881000 DEOPT PACKING pc=0x0000000002ca71ac sp=0x000000005961e210
Event: 8.671 Thread 0x0000000058881000 DEOPT UNPACKING pc=0x000000000285556a sp=0x000000005961e198 mode 2
Event: 8.673 Thread 0x0000000058881000 Uncommon trap: trap_request=0xffffff65 fr.pc=0x0000000002fa0590
Event: 8.673 Thread 0x0000000058881000 DEOPT PACKING pc=0x0000000002fa0590 sp=0x000000005961e590
Event: 8.673 Thread 0x0000000058881000 DEOPT UNPACKING pc=0x000000000285556a sp=0x000000005961e328 mode 2
Event: 8.673 Thread 0x0000000058881000 Uncommon trap: trap_request=0xffffff65 fr.pc=0x0000000002fa489c
Event: 8.673 Thread 0x0000000058881000 DEOPT PACKING pc=0x0000000002fa489c sp=0x000000005961e530
Event: 8.673 Thread 0x0000000058881000 DEOPT UNPACKING pc=0x000000000285556a sp=0x000000005961e318 mode 2


Dynamic libraries:
0x000000013fd90000 - 0x000000013fdc1000 	C:\Program Files\Android\Android Studio\jre\bin\java.exe
0x0000000077180000 - 0x0000000077329000 	C:\Windows\SYSTEM32\ntdll.dll
0x0000000077060000 - 0x000000007717f000 	C:\Windows\system32\kernel32.dll
0x000007fefd940000 - 0x000007fefd9ac000 	C:\Windows\system32\KERNELBASE.dll
0x000007feff3b0000 - 0x000007feff48b000 	C:\Windows\system32\ADVAPI32.dll
0x000007feff1a0000 - 0x000007feff23f000 	C:\Windows\system32\msvcrt.dll
0x000007fefed50000 - 0x000007fefed6f000 	C:\Windows\SYSTEM32\sechost.dll
0x000007fefec00000 - 0x000007fefed2d000 	C:\Windows\system32\RPCRT4.dll
0x0000000076f60000 - 0x000000007705a000 	C:\Windows\system32\USER32.dll
0x000007fefe9f0000 - 0x000007fefea57000 	C:\Windows\system32\GDI32.dll
0x000007fefed30000 - 0x000007fefed3e000 	C:\Windows\system32\LPK.dll
0x000007fefea90000 - 0x000007fefeb59000 	C:\Windows\system32\USP10.dll
0x000007fefbe40000 - 0x000007fefc034000 	C:\Windows\WinSxS\amd64_microsoft.windows.common-controls_6595b64144ccf1df_6.0.7601.17514_none_fa396087175ac9ac\COMCTL32.dll
0x000007fefeb80000 - 0x000007fefebf1000 	C:\Windows\system32\SHLWAPI.dll
0x000007fefea60000 - 0x000007fefea8e000 	C:\Windows\system32\IMM32.DLL
0x000007feff240000 - 0x000007feff349000 	C:\Windows\system32\MSCTF.dll
0x000000006ff80000 - 0x0000000070052000 	C:\Program Files\Android\Android Studio\jre\jre\bin\msvcr100.dll
0x000000005a3b0000 - 0x000000005abe4000 	C:\Program Files\Android\Android Studio\jre\jre\bin\server\jvm.dll
0x000007feec580000 - 0x000007feec589000 	C:\Windows\system32\WSOCK32.dll
0x000007fefee50000 - 0x000007fefee9d000 	C:\Windows\system32\WS2_32.dll
0x000007fefed40000 - 0x000007fefed48000 	C:\Windows\system32\NSI.dll
0x000007fefaf00000 - 0x000007fefaf3b000 	C:\Windows\system32\WINMM.dll
0x000007fefc6e0000 - 0x000007fefc6ec000 	C:\Windows\system32\VERSION.dll
0x0000000077340000 - 0x0000000077347000 	C:\Windows\system32\PSAPI.DLL
0x000007fef8450000 - 0x000007fef845f000 	C:\Program Files\Android\Android Studio\jre\jre\bin\verify.dll
0x000007fef82f0000 - 0x000007fef8319000 	C:\Program Files\Android\Android Studio\jre\jre\bin\java.dll
0x000007fef83f0000 - 0x000007fef8406000 	C:\Program Files\Android\Android Studio\jre\jre\bin\zip.dll
0x000007fefd9b0000 - 0x000007fefe738000 	C:\Windows\system32\SHELL32.dll
0x000007fefe7e0000 - 0x000007fefe9e3000 	C:\Windows\system32\ole32.dll
0x000007fefd5e0000 - 0x000007fefd5ef000 	C:\Windows\system32\profapi.dll

VM Arguments:
jvm_args: -Djava.awt.headless=true -Xmx1024M -Dfile.encoding=windows-1252 -Duser.country=FR -Duser.language=fr -Duser.variant 
java_command: com.android.dx.command.Main --dex --force-jumbo --num-threads=4 --multi-dex --output C:\Users\rhakanjin.Newsco\Desktop\workspaceAndroid\friendzone\app\build\intermediates\transforms\dex\debug\folders\1000\10\com.android.support-support-media-compat-25.1.0_b5f27cf06f429ef4cacccbdf1e2cc3048a82f9d7 C:\Users\rhakanjin.Newsco\Desktop\workspaceAndroid\friendzone\app\build\intermediates\exploded-aar\com.android.support\support-media-compat\25.1.0\jars\classes.jar
java_class_path (initial): C:\Users\rhakanjin.Newsco\AppData\Local\Android\sdk\build-tools\25.0.2\lib\dx.jar
Launcher Type: SUN_STANDARD

Environment Variables:
PATH=c:\Program Files (x86)\Intel\iCLS Client\;c:\Program Files\Intel\iCLS Client\;C:\Windows\system32;C:\Windows;C:\Windows\System32\Wbem;C:\Windows\System32\WindowsPowerShell\v1.0\;c:\Program Files (x86)\Common Files\Roxio Shared\DLLShared\;c:\Program Files (x86)\Common Files\Roxio Shared\10.0\DLLShared\;C:\Program Files\Intel\Intel(R) Management Engine Components\DAL;C:\Program Files\Intel\Intel(R) Management Engine Components\IPT;C:\Program Files (x86)\Intel\Intel(R) Management Engine Components\DAL;C:\Program Files (x86)\Intel\Intel(R) Management Engine Components\IPT;C:\Program Files\nodejs\;C:\RailsInstaller\Ruby2.3.0\bin;c:\Program Files (x86)\Intel\iCLS Client\;c:\Program Files\Intel\iCLS Client\;C:\Windows\system32;C:\Windows;C:\Windows\System32\Wbem;C:\Windows\System32\WindowsPowerShell\v1.0\;c:\Program Files (x86)\Common Files\Roxio Shared\DLLShared\;c:\Program Files (x86)\Common Files\Roxio Shared\10.0\DLLShared\;C:\Program Files\Intel\Intel(R) Management Engine Components\DAL;C:\Program Files\Intel\Intel(R) Management Engine Components\IPT;C:\Program Files (x86)\Intel\Intel(R) Management Engine Components\DAL;C:\Program Files (x86)\Intel\Intel(R) Management Engine Components\IPT;C:\Users\rhakanjin.Newsco\AppData\Local\Programs\Git\cmd;C:\Users\rhakanjin.Newsco\AppData\Roaming\npm
USERNAME=rhakanjin
OS=Windows_NT
PROCESSOR_IDENTIFIER=Intel64 Family 6 Model 58 Stepping 9, GenuineIntel



---------------  S Y S T E M  ---------------

OS: Windows 7 , 64 bit Build 7601 (6.1.7601.17651)

CPU:total 8 (4 cores per cpu, 2 threads per core) family 6 model 58 stepping 9, cmov, cx8, fxsr, mmx, sse, sse2, sse3, ssse3, sse4.1, sse4.2, popcnt, avx, aes, clmul, erms, ht, tsc, tscinvbit, tscinv

Memory: 4k page, physical 8063920k(165968k free), swap 12256372k(29000k free)

vm_info: OpenJDK 64-Bit Server VM (25.76-b03) for windows-amd64 JRE (1.8.0_76-release-b03), built on Jun 29 2016 19:09:20 by "ralucas" with MS VC++ 10.0 (VS2010)

time: Tue Feb 14 11:13:52 2017
elapsed time: 10 seconds (0d 0h 0m 10s)

