#
# There is insufficient memory for the Java Runtime Environment to continue.
# Native memory allocation (malloc) failed to allocate 32744 bytes for ChunkPool::allocate
# Possible reasons:
#   The system is out of physical RAM or swap space
#   In 32 bit mode, the process size limit was hit
# Possible solutions:
#   Reduce memory load on the system
#   Increase physical memory or swap space
#   Check if swap backing store is full
#   Use 64 bit Java on a 64 bit OS
#   Decrease Java heap size (-Xmx/-Xms)
#   Decrease number of Java threads
#   Decrease Java thread stack sizes (-Xss)
#   Set larger code cache with -XX:ReservedCodeCacheSize=
# This output file may be truncated or incomplete.
#
#  Out of Memory Error (allocation.cpp:273), pid=8264, tid=0x000000000000219c
#
# JRE version: OpenJDK Runtime Environment (8.0_76-b03) (build 1.8.0_76-release-b03)
# Java VM: OpenJDK 64-Bit Server VM (25.76-b03 mixed mode windows-amd64 compressed oops)
# Failed to write core dump. Minidumps are not enabled by default on client versions of Windows
#

---------------  T H R E A D  ---------------

Current thread (0x000000005682f800):  JavaThread "C2 CompilerThread1" daemon [_thread_in_native, id=8604, stack(0x00000000580b0000,0x00000000581b0000)]

Stack: [0x00000000580b0000,0x00000000581b0000]
[error occurred during error reporting (printing stack bounds), id 0xc0000005]

Native frames: (J=compiled Java code, j=interpreted, Vv=VM code, C=native code)


Current CompileTask:
C2:  18545 2111   !   4       com.android.dx.cf.code.BytecodeArray::parseInstruction (2764 bytes)


---------------  P R O C E S S  ---------------

Java Threads: ( => current thread )
  0x0000000058856800 JavaThread "pool-2-thread-4" [_thread_blocked, id=4320, stack(0x0000000059790000,0x0000000059890000)]
  0x0000000056aef800 JavaThread "pool-2-thread-3" [_thread_blocked, id=3328, stack(0x00000000595a0000,0x00000000596a0000)]
  0x0000000056aef000 JavaThread "pool-2-thread-2" [_thread_blocked, id=7492, stack(0x00000000593e0000,0x00000000594e0000)]
  0x0000000056b6c000 JavaThread "pool-3-thread-1" [_thread_blocked, id=9112, stack(0x0000000059250000,0x0000000059350000)]
  0x0000000056b2d800 JavaThread "pool-2-thread-1" [_thread_blocked, id=8584, stack(0x00000000590b0000,0x00000000591b0000)]
  0x00000000568a9000 JavaThread "Service Thread" daemon [_thread_blocked, id=6168, stack(0x0000000058450000,0x0000000058550000)]
  0x0000000056882000 JavaThread "C1 CompilerThread3" daemon [_thread_blocked, id=1260, stack(0x0000000058230000,0x0000000058330000)]
  0x0000000056832800 JavaThread "C2 CompilerThread2" daemon [_thread_in_native, id=6956, stack(0x0000000057fa0000,0x00000000580a0000)]
=>0x000000005682f800 JavaThread "C2 CompilerThread1" daemon [_thread_in_native, id=8604, stack(0x00000000580b0000,0x00000000581b0000)]
  0x0000000056826000 JavaThread "C2 CompilerThread0" daemon [_thread_blocked, id=8528, stack(0x0000000057e40000,0x0000000057f40000)]
  0x0000000056820800 JavaThread "Attach Listener" daemon [_thread_blocked, id=1172, stack(0x00000000579f0000,0x0000000057af0000)]
  0x000000005681f000 JavaThread "Signal Dispatcher" daemon [_thread_blocked, id=6352, stack(0x0000000057ca0000,0x0000000057da0000)]
  0x0000000055767800 JavaThread "Finalizer" daemon [_thread_blocked, id=7812, stack(0x0000000057af0000,0x0000000057bf0000)]
  0x0000000055764800 JavaThread "Reference Handler" daemon [_thread_blocked, id=2616, stack(0x0000000057720000,0x0000000057820000)]
  0x000000000044e800 JavaThread "main" [_thread_blocked, id=7964, stack(0x0000000002660000,0x0000000002760000)]

Other Threads:
  0x00000000567d0800 VMThread [stack: 0x0000000057850000,0x0000000057950000] [id=6016]
  0x0000000056894000 WatcherThread [stack: 0x0000000058710000,0x0000000058810000] [id=7484]

VM state:at safepoint (normal execution)

VM Mutex/Monitor currently owned by a thread:  ([mutex/lock_event])
[0x000000000044ccc0] Threads_lock - owner thread: 0x00000000567d0800
[0x000000000044d1c0] Heap_lock - owner thread: 0x0000000056b2d800

Heap:
 PSYoungGen      total 232960K, used 165647K [0x00000000eab00000, 0x0000000100000000, 0x0000000100000000)
  eden space 116736K, 100% used [0x00000000eab00000,0x00000000f1d00000,0x00000000f1d00000)
  from space 116224K, 42% used [0x00000000f1d00000,0x00000000f4cc3de0,0x00000000f8e80000)
  to   space 116224K, 44% used [0x00000000f8e80000,0x00000000fc0af538,0x0000000100000000)
 ParOldGen       total 362496K, used 269299K [0x00000000c0000000, 0x00000000d6200000, 0x00000000eab00000)
  object space 362496K, 74% used [0x00000000c0000000,0x00000000d06fcec0,0x00000000d6200000)
 Metaspace       used 6418K, capacity 7154K, committed 7296K, reserved 1056768K
  class space    used 596K, capacity 618K, committed 640K, reserved 1048576K

Card table byte_map: [0x0000000011df0000,0x0000000012000000] byte_map_base: 0x00000000117f0000

Marking Bits: (ParMarkBitMap*) 0x000000005ab69d00
 Begin Bits: [0x0000000012b80000, 0x0000000013b80000)
 End Bits:   [0x0000000013b80000, 0x0000000014b80000)

Polling page: 0x0000000000130000

CodeCache: size=245760Kb used=9083Kb max_used=9083Kb free=236676Kb
 bounds [0x0000000002a30000, 0x0000000003320000, 0x0000000011a30000]
 total_blobs=2305 nmethods=2037 adapters=181
 compilation: enabled

Compilation events (10 events):
Event: 18.362 Thread 0x0000000056882000 2135       2       com.android.dx.cf.direct.DirectClassFile$DcfTypeList::getType (26 bytes)
Event: 18.362 Thread 0x0000000056882000 nmethod 2135 0x00000000032d34d0 code [0x00000000032d3700, 0x00000000032d3f48]
Event: 18.362 Thread 0x0000000056882000 2136       2       com.android.dx.dex.file.AnnotationUtils::makeCstArray (57 bytes)
Event: 18.363 Thread 0x0000000056882000 nmethod 2136 0x00000000032d23d0 code [0x00000000032d25c0, 0x00000000032d2c98]
Event: 18.364 Thread 0x0000000056882000 2137       2       com.android.dx.rop.cst.CstLiteralBits::<init> (5 bytes)
Event: 18.364 Thread 0x0000000056882000 nmethod 2137 0x00000000032d2090 code [0x00000000032d21e0, 0x00000000032d2330]
Event: 18.374 Thread 0x0000000056882000 2138       2       java.util.concurrent.locks.AbstractQueuedSynchronizer::compareAndSetWaitStatus (13 bytes)
Event: 18.374 Thread 0x0000000056882000 nmethod 2138 0x00000000032d1d90 code [0x00000000032d1ee0, 0x00000000032d2030]
Event: 18.378 Thread 0x0000000056882000 2139       2       java.util.concurrent.locks.AbstractQueuedSynchronizer$Node::predecessor (19 bytes)
Event: 18.378 Thread 0x0000000056882000 nmethod 2139 0x00000000032d1950 code [0x00000000032d1ac0, 0x00000000032d1cc8]

GC Heap History (10 events):
Event: 8.860 GC heap after
Heap after GC invocations=12 (full 2):
 PSYoungGen      total 232960K, used 112700K [0x00000000eab00000, 0x0000000100000000, 0x0000000100000000)
  eden space 116736K, 0% used [0x00000000eab00000,0x00000000eab00000,0x00000000f1d00000)
  from space 116224K, 96% used [0x00000000f8e80000,0x00000000ffc8f2c0,0x0000000100000000)
  to   space 116224K, 0% used [0x00000000f1d00000,0x00000000f1d00000,0x00000000f8e80000)
 ParOldGen       total 298496K, used 167037K [0x00000000c0000000, 0x00000000d2380000, 0x00000000eab00000)
  object space 298496K, 55% used [0x00000000c0000000,0x00000000ca31f400,0x00000000d2380000)
 Metaspace       used 6395K, capacity 7154K, committed 7296K, reserved 1056768K
  class space    used 596K, capacity 618K, committed 640K, reserved 1048576K
}
Event: 8.956 GC heap before
{Heap before GC invocations=13 (full 2):
 PSYoungGen      total 232960K, used 229436K [0x00000000eab00000, 0x0000000100000000, 0x0000000100000000)
  eden space 116736K, 100% used [0x00000000eab00000,0x00000000f1d00000,0x00000000f1d00000)
  from space 116224K, 96% used [0x00000000f8e80000,0x00000000ffc8f2c0,0x0000000100000000)
  to   space 116224K, 0% used [0x00000000f1d00000,0x00000000f1d00000,0x00000000f8e80000)
 ParOldGen       total 298496K, used 167037K [0x00000000c0000000, 0x00000000d2380000, 0x00000000eab00000)
  object space 298496K, 55% used [0x00000000c0000000,0x00000000ca31f400,0x00000000d2380000)
 Metaspace       used 6398K, capacity 7154K, committed 7296K, reserved 1056768K
  class space    used 596K, capacity 618K, committed 640K, reserved 1048576K
Event: 17.275 GC heap after
Heap after GC invocations=13 (full 2):
 PSYoungGen      total 232960K, used 49032K [0x00000000eab00000, 0x0000000100000000, 0x0000000100000000)
  eden space 116736K, 0% used [0x00000000eab00000,0x00000000eab00000,0x00000000f1d00000)
  from space 116224K, 42% used [0x00000000f1d00000,0x00000000f4ce2388,0x00000000f8e80000)
  to   space 116224K, 0% used [0x00000000f8e80000,0x00000000f8e80000,0x0000000100000000)
 ParOldGen       total 298496K, used 281766K [0x00000000c0000000, 0x00000000d2380000, 0x00000000eab00000)
  object space 298496K, 94% used [0x00000000c0000000,0x00000000d1329860,0x00000000d2380000)
 Metaspace       used 6398K, capacity 7154K, committed 7296K, reserved 1056768K
  class space    used 596K, capacity 618K, committed 640K, reserved 1048576K
}
Event: 17.275 GC heap before
{Heap before GC invocations=14 (full 3):
 PSYoungGen      total 232960K, used 49032K [0x00000000eab00000, 0x0000000100000000, 0x0000000100000000)
  eden space 116736K, 0% used [0x00000000eab00000,0x00000000eab00000,0x00000000f1d00000)
  from space 116224K, 42% used [0x00000000f1d00000,0x00000000f4ce2388,0x00000000f8e80000)
  to   space 116224K, 0% used [0x00000000f8e80000,0x00000000f8e80000,0x0000000100000000)
 ParOldGen       total 298496K, used 281766K [0x00000000c0000000, 0x00000000d2380000, 0x00000000eab00000)
  object space 298496K, 94% used [0x00000000c0000000,0x00000000d1329860,0x00000000d2380000)
 Metaspace       used 6398K, capacity 7154K, committed 7296K, reserved 1056768K
  class space    used 596K, capacity 618K, committed 640K, reserved 1048576K
Event: 17.676 GC heap after
Heap after GC invocations=14 (full 3):
 PSYoungGen      total 232960K, used 0K [0x00000000eab00000, 0x0000000100000000, 0x0000000100000000)
  eden space 116736K, 0% used [0x00000000eab00000,0x00000000eab00000,0x00000000f1d00000)
  from space 116224K, 0% used [0x00000000f1d00000,0x00000000f1d00000,0x00000000f8e80000)
  to   space 116224K, 0% used [0x00000000f8e80000,0x00000000f8e80000,0x0000000100000000)
 ParOldGen       total 362496K, used 200568K [0x00000000c0000000, 0x00000000d6200000, 0x00000000eab00000)
  object space 362496K, 55% used [0x00000000c0000000,0x00000000cc3de078,0x00000000d6200000)
 Metaspace       used 6398K, capacity 7154K, committed 7296K, reserved 1056768K
  class space    used 596K, capacity 618K, committed 640K, reserved 1048576K
}
Event: 17.865 GC heap before
{Heap before GC invocations=15 (full 3):
 PSYoungGen      total 232960K, used 116736K [0x00000000eab00000, 0x0000000100000000, 0x0000000100000000)
  eden space 116736K, 100% used [0x00000000eab00000,0x00000000f1d00000,0x00000000f1d00000)
  from space 116224K, 0% used [0x00000000f1d00000,0x00000000f1d00000,0x00000000f8e80000)
  to   space 116224K, 0% used [0x00000000f8e80000,0x00000000f8e80000,0x0000000100000000)
 ParOldGen       total 362496K, used 200568K [0x00000000c0000000, 0x00000000d6200000, 0x00000000eab00000)
  object space 362496K, 55% used [0x00000000c0000000,0x00000000cc3de078,0x00000000d6200000)
 Metaspace       used 6398K, capacity 7154K, committed 7296K, reserved 1056768K
  class space    used 596K, capacity 618K, committed 640K, reserved 1048576K
Event: 18.032 GC heap after
Heap after GC invocations=15 (full 3):
 PSYoungGen      total 232960K, used 23605K [0x00000000eab00000, 0x0000000100000000, 0x0000000100000000)
  eden space 116736K, 0% used [0x00000000eab00000,0x00000000eab00000,0x00000000f1d00000)
  from space 116224K, 20% used [0x00000000f8e80000,0x00000000fa58d790,0x0000000100000000)
  to   space 116224K, 0% used [0x00000000f1d00000,0x00000000f1d00000,0x00000000f8e80000)
 ParOldGen       total 362496K, used 200568K [0x00000000c0000000, 0x00000000d6200000, 0x00000000eab00000)
  object space 362496K, 55% used [0x00000000c0000000,0x00000000cc3de078,0x00000000d6200000)
 Metaspace       used 6398K, capacity 7154K, committed 7296K, reserved 1056768K
  class space    used 596K, capacity 618K, committed 640K, reserved 1048576K
}
Event: 18.269 GC heap before
{Heap before GC invocations=16 (full 3):
 PSYoungGen      total 232960K, used 140341K [0x00000000eab00000, 0x0000000100000000, 0x0000000100000000)
  eden space 116736K, 100% used [0x00000000eab00000,0x00000000f1d00000,0x00000000f1d00000)
  from space 116224K, 20% used [0x00000000f8e80000,0x00000000fa58d790,0x0000000100000000)
  to   space 116224K, 0% used [0x00000000f1d00000,0x00000000f1d00000,0x00000000f8e80000)
 ParOldGen       total 362496K, used 200568K [0x00000000c0000000, 0x00000000d6200000, 0x00000000eab00000)
  object space 362496K, 55% used [0x00000000c0000000,0x00000000cc3de078,0x00000000d6200000)
 Metaspace       used 6416K, capacity 7154K, committed 7296K, reserved 1056768K
  class space    used 596K, capacity 618K, committed 640K, reserved 1048576K
Event: 18.348 GC heap after
Heap after GC invocations=16 (full 3):
 PSYoungGen      total 232960K, used 48911K [0x00000000eab00000, 0x0000000100000000, 0x0000000100000000)
  eden space 116736K, 0% used [0x00000000eab00000,0x00000000eab00000,0x00000000f1d00000)
  from space 116224K, 42% used [0x00000000f1d00000,0x00000000f4cc3de0,0x00000000f8e80000)
  to   space 116224K, 0% used [0x00000000f8e80000,0x00000000f8e80000,0x0000000100000000)
 ParOldGen       total 362496K, used 221416K [0x00000000c0000000, 0x00000000d6200000, 0x00000000eab00000)
  object space 362496K, 61% used [0x00000000c0000000,0x00000000cd83a2e8,0x00000000d6200000)
 Metaspace       used 6416K, capacity 7154K, committed 7296K, reserved 1056768K
  class space    used 596K, capacity 618K, committed 640K, reserved 1048576K
}
Event: 18.477 GC heap before
{Heap before GC invocations=17 (full 3):
 PSYoungGen      total 232960K, used 165647K [0x00000000eab00000, 0x0000000100000000, 0x0000000100000000)
  eden space 116736K, 100% used [0x00000000eab00000,0x00000000f1d00000,0x00000000f1d00000)
  from space 116224K, 42% used [0x00000000f1d00000,0x00000000f4cc3de0,0x00000000f8e80000)
  to   space 116224K, 0% used [0x00000000f8e80000,0x00000000f8e80000,0x0000000100000000)
 ParOldGen       total 362496K, used 221416K [0x00000000c0000000, 0x00000000d6200000, 0x00000000eab00000)
  object space 362496K, 61% used [0x00000000c0000000,0x00000000cd83a2e8,0x00000000d6200000)
 Metaspace       used 6418K, capacity 7154K, committed 7296K, reserved 1056768K
  class space    used 596K, capacity 618K, committed 640K, reserved 1048576K

Deoptimization events (10 events):
Event: 6.187 Thread 0x0000000058856800 Uncommon trap: reason=class_check action=maybe_recompile pc=0x0000000003214ccc method=com.android.dx.ssa.back.InterferenceGraph.mergeInterferenceSet(ILcom/android/dx/util/IntSet;)V @ 20
Event: 6.188 Thread 0x0000000058856800 Uncommon trap: reason=class_check action=maybe_recompile pc=0x0000000003214ccc method=com.android.dx.ssa.back.InterferenceGraph.mergeInterferenceSet(ILcom/android/dx/util/IntSet;)V @ 20
Event: 6.188 Thread 0x0000000058856800 Uncommon trap: reason=class_check action=maybe_recompile pc=0x0000000003214ccc method=com.android.dx.ssa.back.InterferenceGraph.mergeInterferenceSet(ILcom/android/dx/util/IntSet;)V @ 20
Event: 6.193 Thread 0x0000000058856800 Uncommon trap: reason=class_check action=maybe_recompile pc=0x0000000003214ccc method=com.android.dx.ssa.back.InterferenceGraph.mergeInterferenceSet(ILcom/android/dx/util/IntSet;)V @ 20
Event: 6.704 Thread 0x0000000056b2d800 Uncommon trap: reason=class_check action=maybe_recompile pc=0x00000000032258a0 method=com.android.dx.util.BitIntSet.merge(Lcom/android/dx/util/IntSet;)V @ 1
Event: 6.704 Thread 0x0000000056b2d800 Uncommon trap: reason=class_check action=maybe_recompile pc=0x00000000032258a0 method=com.android.dx.util.BitIntSet.merge(Lcom/android/dx/util/IntSet;)V @ 1
Event: 6.704 Thread 0x0000000056b2d800 Uncommon trap: reason=class_check action=maybe_recompile pc=0x00000000032258a0 method=com.android.dx.util.BitIntSet.merge(Lcom/android/dx/util/IntSet;)V @ 1
Event: 6.710 Thread 0x0000000056b2d800 Uncommon trap: reason=class_check action=maybe_recompile pc=0x00000000032258a0 method=com.android.dx.util.BitIntSet.merge(Lcom/android/dx/util/IntSet;)V @ 1
Event: 18.144 Thread 0x000000000044e800 Uncommon trap: reason=class_check action=maybe_recompile pc=0x0000000003271334 method=com.android.dx.cf.code.BytecodeArray.parseInstruction(ILcom/android/dx/cf/code/BytecodeArray$Visitor;)I @ 1612
Event: 18.144 Thread 0x000000000044e800 Uncommon trap: reason=class_check action=maybe_recompile pc=0x0000000003271334 method=com.android.dx.cf.code.BytecodeArray.parseInstruction(ILcom/android/dx/cf/code/BytecodeArray$Visitor;)I @ 1612

Internal exceptions (6 events):
Event: 0.034 Thread 0x000000000044e800 Exception <a 'java/lang/NoSuchMethodError': Method sun.misc.Unsafe.defineClass(Ljava/lang/String;[BII)Ljava/lang/Class; name or signature does not match> (0x00000000eab07cc0) thrown at [C:\src\android\AOSP-openjdk\external\jetbrains\jdk\hotspot\src\share\vÆ¼¯l÷œ¡?
Event: 0.034 Thread 0x000000000044e800 Exception <a 'java/lang/NoSuchMethodError': Method sun.misc.Unsafe.prefetchRead(Ljava/lang/Object;J)V name or signature does not match> (0x00000000eab07fa8) thrown at [C:\src\android\AOSP-openjdk\external\jetbrains\jdk\hotspot\src\share\vm\prims\jni.cpp, l\An“ç?
Event: 0.722 Thread 0x000000000044e800 Implicit null exception at 0x0000000002cd4012 to 0x0000000002cd4102
Event: 1.019 Thread 0x0000000056aef800 Exception <a 'java/lang/ArrayIndexOutOfBoundsException': 18> (0x00000000ece52b30) thrown at [C:\src\android\AOSP-openjdk\external\jetbrains\jdk\hotspot\src\share\vm\interpreter\interpreterRuntime.cpp, line 366]
Event: 1.020 Thread 0x0000000056aef800 Exception <a 'java/lang/ArrayIndexOutOfBoundsException': 145> (0x00000000ece546b0) thrown at [C:\src\android\AOSP-openjdk\external\jetbrains\jdk\hotspot\src\share\vm\interpreter\interpreterRuntime.cpp, line 366]
Event: 1.020 Thread 0x0000000056aef800 Exception <a 'java/lang/ArrayIndexOutOfBoundsException': 40> (0x00000000ece55998) thrown at [C:\src\android\AOSP-openjdk\external\jetbrains\jdk\hotspot\src\share\vm\interpreter\interpreterRuntime.cpp, line 366]

Events (10 events):
Event: 18.473 Thread 0x0000000056b2d800 DEOPT UNPACKING pc=0x0000000002a775bf sp=0x00000000591ae6b8 mode 0
Event: 18.473 Thread 0x0000000056b2d800 DEOPT PACKING pc=0x0000000002d5aa64 sp=0x00000000591ae9a0
Event: 18.473 Thread 0x0000000056b2d800 DEOPT UNPACKING pc=0x0000000002a775bf sp=0x00000000591ae6b8 mode 0
Event: 18.473 Thread 0x0000000056b2d800 DEOPT PACKING pc=0x0000000002d5aa64 sp=0x00000000591ae9a0
Event: 18.473 Thread 0x0000000056b2d800 DEOPT UNPACKING pc=0x0000000002a775bf sp=0x00000000591ae6b8 mode 0
Event: 18.474 Thread 0x0000000056b2d800 DEOPT PACKING pc=0x0000000002d5aa64 sp=0x00000000591ae9a0
Event: 18.474 Thread 0x0000000056b2d800 DEOPT UNPACKING pc=0x0000000002a775bf sp=0x00000000591ae6b8 mode 0
Event: 18.474 Thread 0x0000000056b2d800 DEOPT PACKING pc=0x0000000002d5aa64 sp=0x00000000591ae9a0
Event: 18.474 Thread 0x0000000056b2d800 DEOPT UNPACKING pc=0x0000000002a775bf sp=0x00000000591ae6b8 mode 0
Event: 18.474 Executing VM operation: ParallelGCFailedAllocation


Dynamic libraries:
0x000000013fd90000 - 0x000000013fdc1000 	C:\Program Files\Android\Android Studio\jre\bin\java.exe
0x0000000077180000 - 0x0000000077329000 	C:\Windows\SYSTEM32\ntdll.dll
0x0000000077060000 - 0x000000007717f000 	C:\Windows\system32\kernel32.dll
0x000007fefd940000 - 0x000007fefd9ac000 	C:\Windows\system32\KERNELBASE.dll
0x000007feff3b0000 - 0x000007feff48b000 	C:\Windows\system32\ADVAPI32.dll
0x000007feff1a0000 - 0x000007feff23f000 	C:\Windows\system32\msvcrt.dll
0x000007fefed50000 - 0x000007fefed6f000 	C:\Windows\SYSTEM32\sechost.dll
0x000007fefec00000 - 0x000007fefed2d000 	C:\Windows\system32\RPCRT4.dll
0x0000000076f60000 - 0x000000007705a000 	C:\Windows\system32\USER32.dll
0x000007fefe9f0000 - 0x000007fefea57000 	C:\Windows\system32\GDI32.dll
0x000007fefed30000 - 0x000007fefed3e000 	C:\Windows\system32\LPK.dll
0x000007fefea90000 - 0x000007fefeb59000 	C:\Windows\system32\USP10.dll
0x000007fefbe40000 - 0x000007fefc034000 	C:\Windows\WinSxS\amd64_microsoft.windows.common-controls_6595b64144ccf1df_6.0.7601.17514_none_fa396087175ac9ac\COMCTL32.dll
0x000007fefeb80000 - 0x000007fefebf1000 	C:\Windows\system32\SHLWAPI.dll
0x000007fefea60000 - 0x000007fefea8e000 	C:\Windows\system32\IMM32.DLL
0x000007feff240000 - 0x000007feff349000 	C:\Windows\system32\MSCTF.dll
0x000000006ff80000 - 0x0000000070052000 	C:\Program Files\Android\Android Studio\jre\jre\bin\msvcr100.dll
0x000000005a3b0000 - 0x000000005abe4000 	C:\Program Files\Android\Android Studio\jre\jre\bin\server\jvm.dll
0x000007feec580000 - 0x000007feec589000 	C:\Windows\system32\WSOCK32.dll
0x000007fefee50000 - 0x000007fefee9d000 	C:\Windows\system32\WS2_32.dll
0x000007fefed40000 - 0x000007fefed48000 	C:\Windows\system32\NSI.dll
0x000007fefaf00000 - 0x000007fefaf3b000 	C:\Windows\system32\WINMM.dll
0x000007fefc6e0000 - 0x000007fefc6ec000 	C:\Windows\system32\VERSION.dll
0x0000000077340000 - 0x0000000077347000 	C:\Windows\system32\PSAPI.DLL
0x000007fef8450000 - 0x000007fef845f000 	C:\Program Files\Android\Android Studio\jre\jre\bin\verify.dll
0x000007fef82f0000 - 0x000007fef8319000 	C:\Program Files\Android\Android Studio\jre\jre\bin\java.dll
0x000007fef83f0000 - 0x000007fef8406000 	C:\Program Files\Android\Android Studio\jre\jre\bin\zip.dll
0x000007fefd9b0000 - 0x000007fefe738000 	C:\Windows\system32\SHELL32.dll
0x000007fefe7e0000 - 0x000007fefe9e3000 	C:\Windows\system32\ole32.dll
0x000007fefd5e0000 - 0x000007fefd5ef000 	C:\Windows\system32\profapi.dll

VM Arguments:
jvm_args: -Djava.awt.headless=true -Xmx1024M -Dfile.encoding=windows-1252 -Duser.country=FR -Duser.language=fr -Duser.variant 
java_command: com.android.dx.command.Main --dex --force-jumbo --num-threads=4 --multi-dex --output C:\Users\rhakanjin.Newsco\Desktop\workspaceAndroid\friendzone\app\build\intermediates\transforms\dex\debug\folders\1000\10\com.google.android.gms-play-services-ads-10.0.1_1bd313799a94663aeafdc65fbc68ab259da00bec C:\Users\rhakanjin.Newsco\Desktop\workspaceAndroid\friendzone\app\build\intermediates\exploded-aar\com.google.android.gms\play-services-ads\10.0.1\jars\classes.jar
java_class_path (initial): C:\Users\rhakanjin.Newsco\AppData\Local\Android\sdk\build-tools\25.0.2\lib\dx.jar
Launcher Type: SUN_STANDARD

Environment Variables:
PATH=c:\Program Files (x86)\Intel\iCLS Client\;c:\Program Files\Intel\iCLS Client\;C:\Windows\system32;C:\Windows;C:\Windows\System32\Wbem;C:\Windows\System32\WindowsPowerShell\v1.0\;c:\Program Files (x86)\Common Files\Roxio Shared\DLLShared\;c:\Program Files (x86)\Common Files\Roxio Shared\10.0\DLLShared\;C:\Program Files\Intel\Intel(R) Management Engine Components\DAL;C:\Program Files\Intel\Intel(R) Management Engine Components\IPT;C:\Program Files (x86)\Intel\Intel(R) Management Engine Components\DAL;C:\Program Files (x86)\Intel\Intel(R) Management Engine Components\IPT;C:\Program Files\nodejs\;C:\RailsInstaller\Ruby2.3.0\bin;c:\Program Files (x86)\Intel\iCLS Client\;c:\Program Files\Intel\iCLS Client\;C:\Windows\system32;C:\Windows;C:\Windows\System32\Wbem;C:\Windows\System32\WindowsPowerShell\v1.0\;c:\Program Files (x86)\Common Files\Roxio Shared\DLLShared\;c:\Program Files (x86)\Common Files\Roxio Shared\10.0\DLLShared\;C:\Program Files\Intel\Intel(R) Management Engine Components\DAL;C:\Program Files\Intel\Intel(R) Management Engine Components\IPT;C:\Program Files (x86)\Intel\Intel(R) Management Engine Components\DAL;C:\Program Files (x86)\Intel\Intel(R) Management Engine Components\IPT;C:\Users\rhakanjin.Newsco\AppData\Local\Programs\Git\cmd;C:\Users\rhakanjin.Newsco\AppData\Roaming\npm
USERNAME=rhakanjin
OS=Windows_NT
PROCESSOR_IDENTIFIER=Intel64 Family 6 Model 58 Stepping 9, GenuineIntel



---------------  S Y S T E M  ---------------

OS: Windows 7 , 64 bit Build 7601 (6.1.7601.17651)

CPU:total 8 (4 cores per cpu, 2 threads per core) family 6 model 58 stepping 9, cmov, cx8, fxsr, mmx, sse, sse2, sse3, ssse3, sse4.1, sse4.2, popcnt, avx, aes, clmul, erms, ht, tsc, tscinvbit, tscinv

Memory: 4k page, physical 8063920k(329180k free), swap 12256372k(5092k free)

vm_info: OpenJDK 64-Bit Server VM (25.76-b03) for windows-amd64 JRE (1.8.0_76-release-b03), built on Jun 29 2016 19:09:20 by "ralucas" with MS VC++ 10.0 (VS2010)

time: Tue Feb 14 11:14:00 2017
elapsed time: 18 seconds (0d 0h 0m 18s)

