#
# There is insufficient memory for the Java Runtime Environment to continue.
# Native memory allocation (malloc) failed to allocate 200176 bytes for Chunk::new
# Possible reasons:
#   The system is out of physical RAM or swap space
#   In 32 bit mode, the process size limit was hit
# Possible solutions:
#   Reduce memory load on the system
#   Increase physical memory or swap space
#   Check if swap backing store is full
#   Use 64 bit Java on a 64 bit OS
#   Decrease Java heap size (-Xmx/-Xms)
#   Decrease number of Java threads
#   Decrease Java thread stack sizes (-Xss)
#   Set larger code cache with -XX:ReservedCodeCacheSize=
# This output file may be truncated or incomplete.
#
#  Out of Memory Error (allocation.cpp:390), pid=5552, tid=0x0000000000001f0c
#
# JRE version: OpenJDK Runtime Environment (8.0_76-b03) (build 1.8.0_76-release-b03)
# Java VM: OpenJDK 64-Bit Server VM (25.76-b03 mixed mode windows-amd64 compressed oops)
# Failed to write core dump. Minidumps are not enabled by default on client versions of Windows
#

---------------  T H R E A D  ---------------

Current thread (0x00000000567d4800):  JavaThread "C2 CompilerThread2" daemon [_thread_in_native, id=7948, stack(0x0000000058070000,0x0000000058170000)]

Stack: [0x0000000058070000,0x0000000058170000]
[error occurred during error reporting (printing stack bounds), id 0xc0000005]

Native frames: (J=compiled Java code, j=interpreted, Vv=VM code, C=native code)


Current CompileTask:
C2:   2114  629       4       com.android.dx.ssa.SsaBasicBlock::forEachInsn (37 bytes)


---------------  P R O C E S S  ---------------

Java Threads: ( => current thread )
  0x0000000056a92000 JavaThread "pool-2-thread-4" [_thread_in_Java, id=6260, stack(0x0000000058cf0000,0x0000000058df0000)]
  0x0000000056971000 JavaThread "pool-2-thread-3" [_thread_in_vm, id=4712, stack(0x0000000058f30000,0x0000000059030000)]
  0x0000000056975000 JavaThread "pool-2-thread-2" [_thread_blocked, id=4348, stack(0x0000000058e10000,0x0000000058f10000)]
  0x000000005694d800 JavaThread "pool-3-thread-1" [_thread_blocked, id=6592, stack(0x0000000058b70000,0x0000000058c70000)]
  0x000000005694c000 JavaThread "pool-2-thread-1" [_thread_in_Java, id=5812, stack(0x0000000058a10000,0x0000000058b10000)]
  0x000000005683f000 JavaThread "Service Thread" daemon [_thread_blocked, id=3936, stack(0x00000000586f0000,0x00000000587f0000)]
  0x00000000567f0000 JavaThread "C1 CompilerThread3" daemon [_thread_in_native, id=8688, stack(0x0000000058520000,0x0000000058620000)]
=>0x00000000567d4800 JavaThread "C2 CompilerThread2" daemon [_thread_in_native, id=7948, stack(0x0000000058070000,0x0000000058170000)]
  0x00000000567a9800 JavaThread "C2 CompilerThread1" daemon [_thread_in_native, id=5576, stack(0x0000000058380000,0x0000000058480000)]
  0x00000000567a4000 JavaThread "C2 CompilerThread0" daemon [_thread_in_native, id=3836, stack(0x00000000581c0000,0x00000000582c0000)]
  0x000000005679e800 JavaThread "Attach Listener" daemon [_thread_blocked, id=8368, stack(0x0000000057f30000,0x0000000058030000)]
  0x000000005679c800 JavaThread "Signal Dispatcher" daemon [_thread_blocked, id=6624, stack(0x0000000057d70000,0x0000000057e70000)]
  0x000000005590b800 JavaThread "Finalizer" daemon [_thread_blocked, id=5404, stack(0x0000000057ad0000,0x0000000057bd0000)]
  0x0000000055904800 JavaThread "Reference Handler" daemon [_thread_blocked, id=4028, stack(0x0000000057920000,0x0000000057a20000)]
  0x000000000238e800 JavaThread "main" [_thread_in_native, id=9152, stack(0x0000000002420000,0x0000000002520000)]

Other Threads:
  0x0000000056750800 VMThread [stack: 0x0000000057770000,0x0000000057870000] [id=7444]
  0x000000005682a000 WatcherThread [stack: 0x0000000058850000,0x0000000058950000] [id=6276]

VM state:not at safepoint (normal execution)

VM Mutex/Monitor currently owned by a thread:  ([mutex/lock_event])
[0x000000000238d740] MethodData_lock - owner thread: 0x000000005694c000

Heap:
 PSYoungGen      total 36864K, used 15327K [0x00000000eab00000, 0x00000000ed400000, 0x0000000100000000)
  eden space 31744K, 48% used [0x00000000eab00000,0x00000000eb9f7c78,0x00000000eca00000)
  from space 5120K, 0% used [0x00000000ecf00000,0x00000000ecf00000,0x00000000ed400000)
  to   space 5120K, 0% used [0x00000000eca00000,0x00000000eca00000,0x00000000ecf00000)
 ParOldGen       total 84992K, used 0K [0x00000000c0000000, 0x00000000c5300000, 0x00000000eab00000)
  object space 84992K, 0% used [0x00000000c0000000,0x00000000c0000000,0x00000000c5300000)
 Metaspace       used 5587K, capacity 6640K, committed 6784K, reserved 1056768K
  class space    used 572K, capacity 616K, committed 640K, reserved 1048576K

Card table byte_map: [0x0000000011bb0000,0x0000000011dc0000] byte_map_base: 0x00000000115b0000

Marking Bits: (ParMarkBitMap*) 0x000000005ab69d00
 Begin Bits: [0x0000000012d20000, 0x0000000013d20000)
 End Bits:   [0x0000000013d20000, 0x0000000014d20000)

Polling page: 0x0000000000240000

CodeCache: size=245760Kb used=2453Kb max_used=2465Kb free=243306Kb
 bounds [0x00000000027f0000, 0x0000000002a60000, 0x00000000117f0000]
 total_blobs=895 nmethods=625 adapters=184
 compilation: enabled

Compilation events (10 events):
Event: 2.110 Thread 0x00000000567f0000  592       1       com.android.dx.dex.file.DexFile::getTypeIds (5 bytes)
Event: 2.110 Thread 0x00000000567f0000 nmethod 592 0x0000000002a4af10 code [0x0000000002a4b060, 0x0000000002a4b170]
Event: 2.110 Thread 0x00000000567f0000  630       3       com.android.dx.ssa.MoveParamCombiner$1::visitNonMoveInsn (213 bytes)
Event: 2.110 Thread 0x00000000567a4000  634       4       java.util.ArrayList$Itr::<init> (6 bytes)
Event: 2.111 Thread 0x00000000567a4000 nmethod 634 0x0000000002a4acd0 code [0x0000000002a4ae00, 0x0000000002a4ae78]
Event: 2.111 Thread 0x00000000567f0000 nmethod 630 0x0000000002a4fe50 code [0x0000000002a50140, 0x0000000002a51d38]
Event: 2.111 Thread 0x00000000567f0000  635       3       com.android.dx.ssa.SCCP::simulateBranch (666 bytes)
Event: 2.111 Thread 0x00000000567a4000  641       4       com.android.dx.ssa.SsaMethod::getExitBlock (26 bytes)
Event: 2.112 Thread 0x00000000567a4000 nmethod 641 0x0000000002a4a8d0 code [0x0000000002a4aa20, 0x0000000002a4ab18]
Event: 2.112 Thread 0x00000000567a4000  642       4       java.util.ArrayList::remove (69 bytes)

GC Heap History (0 events):
No events

Deoptimization events (0 events):
No events

Internal exceptions (2 events):
Event: 0.370 Thread 0x000000000238e800 Exception <a 'java/lang/NoSuchMethodError': Method sun.misc.Unsafe.defineClass(Ljava/lang/String;[BII)Ljava/lang/Class; name or signature does not match> (0x00000000eab07cc0) thrown at [C:\src\android\AOSP-openjdk\external\jetbrains\jdk\hotspot\src\share\v‰¤«)¯µ×?
Event: 0.370 Thread 0x000000000238e800 Exception <a 'java/lang/NoSuchMethodError': Method sun.misc.Unsafe.prefetchRead(Ljava/lang/Object;J)V name or signature does not match> (0x00000000eab07fa8) thrown at [C:\src\android\AOSP-openjdk\external\jetbrains\jdk\hotspot\src\share\vm\prims\jni.cpp, l

Events (10 events):
Event: 1.989 loading class com/android/dx/dex/file/MethodAnnotationStruct
Event: 1.989 loading class com/android/dx/dex/file/MethodAnnotationStruct done
Event: 2.008 loading class com/android/dx/dex/file/ParameterAnnotationStruct
Event: 2.008 loading class com/android/dx/dex/file/ParameterAnnotationStruct done
Event: 2.019 loading class com/android/dx/dex/file/UniformListItem
Event: 2.019 loading class com/android/dx/dex/file/UniformListItem done
Event: 2.019 loading class com/android/dx/dex/file/AnnotationSetRefItem
Event: 2.019 loading class com/android/dx/dex/file/AnnotationSetRefItem done
Event: 2.110 loading class java/util/ArrayList$1
Event: 2.110 loading class java/util/ArrayList$1 done


Dynamic libraries:
0x000000013f250000 - 0x000000013f281000 	C:\Program Files\Android\Android Studio\jre\bin\java.exe
0x0000000077180000 - 0x0000000077329000 	C:\Windows\SYSTEM32\ntdll.dll
0x0000000077060000 - 0x000000007717f000 	C:\Windows\system32\kernel32.dll
0x000007fefd940000 - 0x000007fefd9ac000 	C:\Windows\system32\KERNELBASE.dll
0x000007feff3b0000 - 0x000007feff48b000 	C:\Windows\system32\ADVAPI32.dll
0x000007feff1a0000 - 0x000007feff23f000 	C:\Windows\system32\msvcrt.dll
0x000007fefed50000 - 0x000007fefed6f000 	C:\Windows\SYSTEM32\sechost.dll
0x000007fefec00000 - 0x000007fefed2d000 	C:\Windows\system32\RPCRT4.dll
0x0000000076f60000 - 0x000000007705a000 	C:\Windows\system32\USER32.dll
0x000007fefe9f0000 - 0x000007fefea57000 	C:\Windows\system32\GDI32.dll
0x000007fefed30000 - 0x000007fefed3e000 	C:\Windows\system32\LPK.dll
0x000007fefea90000 - 0x000007fefeb59000 	C:\Windows\system32\USP10.dll
0x000007fefbe40000 - 0x000007fefc034000 	C:\Windows\WinSxS\amd64_microsoft.windows.common-controls_6595b64144ccf1df_6.0.7601.17514_none_fa396087175ac9ac\COMCTL32.dll
0x000007fefeb80000 - 0x000007fefebf1000 	C:\Windows\system32\SHLWAPI.dll
0x000007fefea60000 - 0x000007fefea8e000 	C:\Windows\system32\IMM32.DLL
0x000007feff240000 - 0x000007feff349000 	C:\Windows\system32\MSCTF.dll
0x000000006f800000 - 0x000000006f8d2000 	C:\Program Files\Android\Android Studio\jre\jre\bin\msvcr100.dll
0x000000005a3b0000 - 0x000000005abe4000 	C:\Program Files\Android\Android Studio\jre\jre\bin\server\jvm.dll
0x000007feec580000 - 0x000007feec589000 	C:\Windows\system32\WSOCK32.dll
0x000007fefee50000 - 0x000007fefee9d000 	C:\Windows\system32\WS2_32.dll
0x000007fefed40000 - 0x000007fefed48000 	C:\Windows\system32\NSI.dll
0x000007fefaf00000 - 0x000007fefaf3b000 	C:\Windows\system32\WINMM.dll
0x000007fefc6e0000 - 0x000007fefc6ec000 	C:\Windows\system32\VERSION.dll
0x0000000077340000 - 0x0000000077347000 	C:\Windows\system32\PSAPI.DLL
0x000007fef8450000 - 0x000007fef845f000 	C:\Program Files\Android\Android Studio\jre\jre\bin\verify.dll
0x000007fef82f0000 - 0x000007fef8319000 	C:\Program Files\Android\Android Studio\jre\jre\bin\java.dll
0x000007fef83f0000 - 0x000007fef8406000 	C:\Program Files\Android\Android Studio\jre\jre\bin\zip.dll
0x000007fefd9b0000 - 0x000007fefe738000 	C:\Windows\system32\SHELL32.dll
0x000007fefe7e0000 - 0x000007fefe9e3000 	C:\Windows\system32\ole32.dll
0x000007fefd5e0000 - 0x000007fefd5ef000 	C:\Windows\system32\profapi.dll

VM Arguments:
jvm_args: -Djava.awt.headless=true -Xmx1024M -Dfile.encoding=windows-1252 -Duser.country=FR -Duser.language=fr -Duser.variant 
java_command: com.android.dx.command.Main --dex --force-jumbo --num-threads=4 --multi-dex --output C:\Users\rhakanjin.Newsco\Desktop\workspaceAndroid\friendzone\app\build\intermediates\transforms\dex\debug\folders\1000\10\com.google.android.gms-play-services-auth-10.0.1_2e9248e656d3b639a08169509b244d5f5ff5c3e3 C:\Users\rhakanjin.Newsco\Desktop\workspaceAndroid\friendzone\app\build\intermediates\exploded-aar\com.google.android.gms\play-services-auth\10.0.1\jars\classes.jar
java_class_path (initial): C:\Users\rhakanjin.Newsco\AppData\Local\Android\sdk\build-tools\25.0.2\lib\dx.jar
Launcher Type: SUN_STANDARD

Environment Variables:



---------------  S Y S T E M  ---------------

OS: Windows 7 , 64 bit Build 7601 (6.1.7601.17651)

CPU:total 8 (4 cores per cpu, 2 threads per core) family 6 model 58 stepping 9, cmov, cx8, fxsr, mmx, sse, sse2, sse3, ssse3, sse4.1, sse4.2, popcnt, avx, aes, clmul, erms, ht, tsc, tscinvbit, tscinv

Memory: 4k page, physical 8063920k(675088k free), swap 12256372k(4880k free)

vm_info: OpenJDK 64-Bit Server VM (25.76-b03) for windows-amd64 JRE (1.8.0_76-release-b03), built on Jun 29 2016 19:09:20 by "ralucas" with MS VC++ 10.0 (VS2010)

time: Tue Feb 14 15:40:09 2017
elapsed time: 2 seconds (0d 0h 0m 2s)

