#
# There is insufficient memory for the Java Runtime Environment to continue.
# Native memory allocation (malloc) failed to allocate 177616 bytes for Chunk::new
# Possible reasons:
#   The system is out of physical RAM or swap space
#   In 32 bit mode, the process size limit was hit
# Possible solutions:
#   Reduce memory load on the system
#   Increase physical memory or swap space
#   Check if swap backing store is full
#   Use 64 bit Java on a 64 bit OS
#   Decrease Java heap size (-Xmx/-Xms)
#   Decrease number of Java threads
#   Decrease Java thread stack sizes (-Xss)
#   Set larger code cache with -XX:ReservedCodeCacheSize=
# This output file may be truncated or incomplete.
#
#  Out of Memory Error (allocation.cpp:390), pid=6460, tid=0x0000000000001068
#
# JRE version: OpenJDK Runtime Environment (8.0_76-b03) (build 1.8.0_76-release-b03)
# Java VM: OpenJDK 64-Bit Server VM (25.76-b03 mixed mode windows-amd64 compressed oops)
# Failed to write core dump. Minidumps are not enabled by default on client versions of Windows
#

---------------  T H R E A D  ---------------

Current thread (0x00000000168bf800):  JavaThread "C2 CompilerThread1" daemon [_thread_in_native, id=4200, stack(0x0000000018200000,0x0000000018300000)]

Stack: [0x0000000018200000,0x0000000018300000]
[error occurred during error reporting (printing stack bounds), id 0xc0000005]

Native frames: (J=compiled Java code, j=interpreted, Vv=VM code, C=native code)


Current CompileTask:
C2:    751  488       4       com.android.dx.ssa.NormalSsaInsn::accept (25 bytes)


---------------  P R O C E S S  ---------------

Java Threads: ( => current thread )
  0x0000000016b7d800 JavaThread "pool-2-thread-4" [_thread_blocked, id=9024, stack(0x0000000012660000,0x0000000012760000)]
  0x0000000016a3c000 JavaThread "pool-2-thread-3" [_thread_in_Java, id=8864, stack(0x00000000184b0000,0x00000000185b0000)]
  0x0000000016a32800 JavaThread "pool-2-thread-2" [_thread_blocked, id=8728, stack(0x0000000018c70000,0x0000000018d70000)]
  0x0000000016a1d800 JavaThread "pool-3-thread-1" [_thread_blocked, id=5248, stack(0x0000000018b10000,0x0000000018c10000)]
  0x0000000016a1c800 JavaThread "pool-2-thread-1" [_thread_blocked, id=7252, stack(0x00000000189e0000,0x0000000018ae0000)]
  0x0000000016928800 JavaThread "Service Thread" daemon [_thread_blocked, id=6636, stack(0x00000000178d0000,0x00000000179d0000)]
  0x0000000016921800 JavaThread "C1 CompilerThread3" daemon [_thread_in_native, id=6776, stack(0x00000000185f0000,0x00000000186f0000)]
  0x00000000168d6800 JavaThread "C2 CompilerThread2" daemon [_thread_in_native, id=7052, stack(0x0000000018370000,0x0000000018470000)]
=>0x00000000168bf800 JavaThread "C2 CompilerThread1" daemon [_thread_in_native, id=4200, stack(0x0000000018200000,0x0000000018300000)]
  0x00000000168b6000 JavaThread "C2 CompilerThread0" daemon [_thread_in_native, id=6476, stack(0x0000000018070000,0x0000000018170000)]
  0x00000000168b0800 JavaThread "Attach Listener" daemon [_thread_blocked, id=3984, stack(0x0000000017eb0000,0x0000000017fb0000)]
  0x00000000168ae800 JavaThread "Signal Dispatcher" daemon [_thread_blocked, id=6052, stack(0x0000000017d90000,0x0000000017e90000)]
  0x00000000157fd800 JavaThread "Finalizer" daemon [_thread_blocked, id=8516, stack(0x0000000017bf0000,0x0000000017cf0000)]
  0x00000000157f4800 JavaThread "Reference Handler" daemon [_thread_blocked, id=8188, stack(0x0000000017a20000,0x0000000017b20000)]
  0x00000000022ce800 JavaThread "main" [_thread_blocked, id=4700, stack(0x0000000002330000,0x0000000002430000)]

Other Threads:
  0x0000000016860800 VMThread [stack: 0x00000000177d0000,0x00000000178d0000] [id=8444]
  0x000000001692d000 WatcherThread [stack: 0x0000000018810000,0x0000000018910000] [id=6604]

VM state:not at safepoint (normal execution)

VM Mutex/Monitor currently owned by a thread: None

Heap:
 PSYoungGen      total 36864K, used 17179K [0x00000000eab00000, 0x00000000ed400000, 0x0000000100000000)
  eden space 31744K, 54% used [0x00000000eab00000,0x00000000ebbc6ee0,0x00000000eca00000)
  from space 5120K, 0% used [0x00000000ecf00000,0x00000000ecf00000,0x00000000ed400000)
  to   space 5120K, 0% used [0x00000000eca00000,0x00000000eca00000,0x00000000ecf00000)
 ParOldGen       total 84992K, used 0K [0x00000000c0000000, 0x00000000c5300000, 0x00000000eab00000)
  object space 84992K, 0% used [0x00000000c0000000,0x00000000c0000000,0x00000000c5300000)
 Metaspace       used 5440K, capacity 6704K, committed 6784K, reserved 1056768K
  class space    used 552K, capacity 616K, committed 640K, reserved 1048576K

Card table byte_map: [0x0000000011ac0000,0x0000000011cd0000] byte_map_base: 0x00000000114c0000

Marking Bits: (ParMarkBitMap*) 0x00000000509a9d00
 Begin Bits: [0x0000000012c10000, 0x0000000013c10000)
 End Bits:   [0x0000000013c10000, 0x0000000014c10000)

Polling page: 0x0000000000330000

CodeCache: size=245760Kb used=2475Kb max_used=2475Kb free=243284Kb
 bounds [0x0000000002700000, 0x0000000002970000, 0x0000000011700000]
 total_blobs=882 nmethods=622 adapters=174
 compilation: enabled

Compilation events (10 events):
Event: 0.663 Thread 0x0000000016921800  534       3       com.android.dx.ssa.SsaMethod::onSourcesChanged (69 bytes)
Event: 0.664 Thread 0x00000000168b6000 nmethod 540 0x00000000029185d0 code [0x0000000002918720, 0x00000000029187f8]
Event: 0.664 Thread 0x00000000168b6000  539       4       com.android.dx.util.Bits::clear (21 bytes)
Event: 0.664 Thread 0x0000000016921800 nmethod 534 0x0000000002918910 code [0x0000000002918b20, 0x0000000002919718]
Event: 0.664 Thread 0x0000000016921800  538       3       com.android.dx.util.IntList::sort (29 bytes)
Event: 0.664 Thread 0x00000000168b6000 nmethod 539 0x000000000290d6d0 code [0x000000000290d800, 0x000000000290d898]
Event: 0.665 Thread 0x0000000016921800 nmethod 538 0x0000000002917d90 code [0x0000000002917f40, 0x00000000029183e8]
Event: 0.665 Thread 0x0000000016921800  531       3       java.util.ArrayList$SubList::checkForComodification (23 bytes)
Event: 0.665 Thread 0x0000000016921800 nmethod 531 0x0000000002917910 code [0x0000000002917a80, 0x0000000002917ca8]
Event: 0.665 Thread 0x0000000016921800  535       3       com.android.dx.ssa.SsaInsn::mapRegisters (35 bytes)

GC Heap History (0 events):
No events

Deoptimization events (1 events):
Event: 0.643 Thread 0x0000000016a1c800 Uncommon trap: reason=unstable_if action=reinterpret pc=0x00000000028c82cc method=java.util.HashMap.getNode(ILjava/lang/Object;)Ljava/util/HashMap$Node; @ 129

Internal exceptions (2 events):
Event: 0.105 Thread 0x00000000022ce800 Exception <a 'java/lang/NoSuchMethodError': Method sun.misc.Unsafe.defineClass(Ljava/lang/String;[BII)Ljava/lang/Class; name or signature does not match> (0x00000000eab07cc0) thrown at [C:\src\android\AOSP-openjdk\external\jetbrains\jdk\hotspot\src\share\v7ðê}±èº?
Event: 0.105 Thread 0x00000000022ce800 Exception <a 'java/lang/NoSuchMethodError': Method sun.misc.Unsafe.prefetchRead(Ljava/lang/Object;J)V name or signature does not match> (0x00000000eab07fa8) thrown at [C:\src\android\AOSP-openjdk\external\jetbrains\jdk\hotspot\src\share\vm\prims\jni.cpp, l

Events (10 events):
Event: 0.620 loading class com/android/dx/dex/file/MethodIdItem done
Event: 0.620 loading class com/android/dx/cf/code/SwitchList
Event: 0.620 loading class com/android/dx/cf/code/SwitchList done
Event: 0.637 loading class com/android/dx/ssa/back/FirstFitLocalCombiningAllocator$Multiset
Event: 0.637 loading class com/android/dx/ssa/back/FirstFitLocalCombiningAllocator$Multiset done
Event: 0.639 loading class java/util/DualPivotQuicksort
Event: 0.639 loading class java/util/DualPivotQuicksort done
Event: 0.643 Thread 0x0000000016a1c800 Uncommon trap: trap_request=0xffffff65 fr.pc=0x00000000028c82cc
Event: 0.643 Thread 0x0000000016a1c800 DEOPT PACKING pc=0x00000000028c82cc sp=0x0000000018ade070
Event: 0.643 Thread 0x0000000016a1c800 DEOPT UNPACKING pc=0x000000000274556a sp=0x0000000018addfe8 mode 2


Dynamic libraries:
0x000000013fb80000 - 0x000000013fbb1000 	C:\Program Files\Android\Android Studio\jre\bin\java.exe
0x0000000077180000 - 0x0000000077329000 	C:\Windows\SYSTEM32\ntdll.dll
0x0000000077060000 - 0x000000007717f000 	C:\Windows\system32\kernel32.dll
0x000007fefd940000 - 0x000007fefd9ac000 	C:\Windows\system32\KERNELBASE.dll
0x000007feff3b0000 - 0x000007feff48b000 	C:\Windows\system32\ADVAPI32.dll
0x000007feff1a0000 - 0x000007feff23f000 	C:\Windows\system32\msvcrt.dll
0x000007fefed50000 - 0x000007fefed6f000 	C:\Windows\SYSTEM32\sechost.dll
0x000007fefec00000 - 0x000007fefed2d000 	C:\Windows\system32\RPCRT4.dll
0x0000000076f60000 - 0x000000007705a000 	C:\Windows\system32\USER32.dll
0x000007fefe9f0000 - 0x000007fefea57000 	C:\Windows\system32\GDI32.dll
0x000007fefed30000 - 0x000007fefed3e000 	C:\Windows\system32\LPK.dll
0x000007fefea90000 - 0x000007fefeb59000 	C:\Windows\system32\USP10.dll
0x000007fefbe40000 - 0x000007fefc034000 	C:\Windows\WinSxS\amd64_microsoft.windows.common-controls_6595b64144ccf1df_6.0.7601.17514_none_fa396087175ac9ac\COMCTL32.dll
0x000007fefeb80000 - 0x000007fefebf1000 	C:\Windows\system32\SHLWAPI.dll
0x000007fefea60000 - 0x000007fefea8e000 	C:\Windows\system32\IMM32.DLL
0x000007feff240000 - 0x000007feff349000 	C:\Windows\system32\MSCTF.dll
0x0000000065380000 - 0x0000000065452000 	C:\Program Files\Android\Android Studio\jre\jre\bin\msvcr100.dll
0x00000000501f0000 - 0x0000000050a24000 	C:\Program Files\Android\Android Studio\jre\jre\bin\server\jvm.dll
0x000007feec580000 - 0x000007feec589000 	C:\Windows\system32\WSOCK32.dll
0x000007fefee50000 - 0x000007fefee9d000 	C:\Windows\system32\WS2_32.dll
0x000007fefed40000 - 0x000007fefed48000 	C:\Windows\system32\NSI.dll
0x000007fefaf00000 - 0x000007fefaf3b000 	C:\Windows\system32\WINMM.dll
0x000007fefc6e0000 - 0x000007fefc6ec000 	C:\Windows\system32\VERSION.dll
0x0000000077340000 - 0x0000000077347000 	C:\Windows\system32\PSAPI.DLL
0x000007fef8e90000 - 0x000007fef8e9f000 	C:\Program Files\Android\Android Studio\jre\jre\bin\verify.dll
0x000007fef8440000 - 0x000007fef8469000 	C:\Program Files\Android\Android Studio\jre\jre\bin\java.dll
0x000007fef83f0000 - 0x000007fef8406000 	C:\Program Files\Android\Android Studio\jre\jre\bin\zip.dll
0x000007fefd9b0000 - 0x000007fefe738000 	C:\Windows\system32\SHELL32.dll
0x000007fefe7e0000 - 0x000007fefe9e3000 	C:\Windows\system32\ole32.dll
0x000007fefd5e0000 - 0x000007fefd5ef000 	C:\Windows\system32\profapi.dll

VM Arguments:
jvm_args: -Djava.awt.headless=true -Xmx1024M -Dfile.encoding=windows-1252 -Duser.country=FR -Duser.language=fr -Duser.variant 
java_command: com.android.dx.command.Main --dex --force-jumbo --num-threads=4 --multi-dex --output C:\Users\rhakanjin.Newsco\Desktop\workspaceAndroid\friendzone\app\build\intermediates\transforms\dex\debug\folders\1000\5\slice_4 C:\Users\rhakanjin.Newsco\Desktop\workspaceAndroid\friendzone\app\build\intermediates\transforms\instantRunSlicer\debug\folders\1\5\slice_4
java_class_path (initial): C:\Users\rhakanjin.Newsco\AppData\Local\Android\sdk\build-tools\25.0.2\lib\dx.jar
Launcher Type: SUN_STANDARD

Environment Variables:
PATH=c:\Program Files (x86)\Intel\iCLS Client\;c:\Program Files\Intel\iCLS Client\;C:\Windows\system32;C:\Windows;C:\Windows\System32\Wbem;C:\Windows\System32\WindowsPowerShell\v1.0\;c:\Program Files (x86)\Common Files\Roxio Shared\DLLShared\;c:\Program Files (x86)\Common Files\Roxio Shared\10.0\DLLShared\;C:\Program Files\Intel\Intel(R) Management Engine Components\DAL;C:\Program Files\Intel\Intel(R) Management Engine Components\IPT;C:\Program Files (x86)\Intel\Intel(R) Management Engine Components\DAL;C:\Program Files (x86)\Intel\Intel(R) Management Engine Components\IPT;C:\Program Files\nodejs\;C:\RailsInstaller\Ruby2.3.0\bin;c:\Program Files (x86)\Intel\iCLS Client\;c:\Program Files\Intel\iCLS Client\;C:\Windows\system32;C:\Windows;C:\Windows\System32\Wbem;C:\Windows\System32\WindowsPowerShell\v1.0\;c:\Program Files (x86)\Common Files\Roxio Shared\DLLShared\;c:\Program Files (x86)\Common Files\Roxio Shared\10.0\DLLShared\;C:\Program Files\Intel\Intel(R) Management Engine Components\DAL;C:\Program Files\Intel\Intel(R) Management Engine Components\IPT;C:\Program Files (x86)\Intel\Intel(R) Management Engine Components\DAL;C:\Program Files (x86)\Intel\Intel(R) Management Engine Components\IPT;C:\Users\rhakanjin.Newsco\AppData\Local\Programs\Git\cmd;C:\Users\rhakanjin.Newsco\AppData\Roaming\npm
USERNAME=rhakanjin
OS=Windows_NT
PROCESSOR_IDENTIFIER=Intel64 Family 6 Model 58 Stepping 9, GenuineIntel



---------------  S Y S T E M  ---------------

OS: Windows 7 , 64 bit Build 7601 (6.1.7601.17651)

CPU:total 8 (4 cores per cpu, 2 threads per core) family 6 model 58 stepping 9, cmov, cx8, fxsr, mmx, sse, sse2, sse3, ssse3, sse4.1, sse4.2, popcnt, avx, aes, clmul, erms, ht, tsc, tscinvbit, tscinv

Memory: 4k page, physical 8063920k(732728k free), swap 12256372k(39996k free)

vm_info: OpenJDK 64-Bit Server VM (25.76-b03) for windows-amd64 JRE (1.8.0_76-release-b03), built on Jun 29 2016 19:09:20 by "ralucas" with MS VC++ 10.0 (VS2010)

time: Thu Feb 16 11:36:00 2017
elapsed time: 0 seconds (0d 0h 0m 0s)

