#
# There is insufficient memory for the Java Runtime Environment to continue.
# Native memory allocation (malloc) failed to allocate 985376 bytes for Chunk::new
# Possible reasons:
#   The system is out of physical RAM or swap space
#   In 32 bit mode, the process size limit was hit
# Possible solutions:
#   Reduce memory load on the system
#   Increase physical memory or swap space
#   Check if swap backing store is full
#   Use 64 bit Java on a 64 bit OS
#   Decrease Java heap size (-Xmx/-Xms)
#   Decrease number of Java threads
#   Decrease Java thread stack sizes (-Xss)
#   Set larger code cache with -XX:ReservedCodeCacheSize=
# This output file may be truncated or incomplete.
#
#  Out of Memory Error (allocation.cpp:390), pid=7748, tid=0x000000000000122c
#
# JRE version: OpenJDK Runtime Environment (8.0_76-b03) (build 1.8.0_76-release-b03)
# Java VM: OpenJDK 64-Bit Server VM (25.76-b03 mixed mode windows-amd64 compressed oops)
# Failed to write core dump. Minidumps are not enabled by default on client versions of Windows
#

---------------  T H R E A D  ---------------

Current thread (0x000000005674b000):  JavaThread "C2 CompilerThread2" daemon [_thread_in_native, id=4652, stack(0x00000000582b0000,0x00000000583b0000)]

Stack: [0x00000000582b0000,0x00000000583b0000]
[error occurred during error reporting (printing stack bounds), id 0xc0000005]

Native frames: (J=compiled Java code, j=interpreted, Vv=VM code, C=native code)


Current CompileTask:
C2:   4165 1300   !   4       com.android.dx.cf.code.BytecodeArray::parseInstruction (2764 bytes)


---------------  P R O C E S S  ---------------

Java Threads: ( => current thread )
  0x0000000056a7e800 JavaThread "pool-2-thread-4" [_thread_in_Java, id=5192, stack(0x00000000591d0000,0x00000000592d0000)]
  0x0000000056a8f800 JavaThread "pool-2-thread-3" [_thread_in_native_trans, id=4620, stack(0x00000000594a0000,0x00000000595a0000)]
  0x0000000056a8f000 JavaThread "pool-2-thread-2" [_thread_blocked, id=6684, stack(0x0000000059330000,0x0000000059430000)]
  0x0000000056a8d800 JavaThread "pool-3-thread-1" [_thread_blocked, id=3500, stack(0x00000000590b0000,0x00000000591b0000)]
  0x0000000056a8d000 JavaThread "pool-2-thread-1" [_thread_in_Java, id=5424, stack(0x0000000058e80000,0x0000000058f80000)]
  0x00000000567b5800 JavaThread "Service Thread" daemon [_thread_blocked, id=6444, stack(0x0000000058570000,0x0000000058670000)]
  0x0000000056750000 JavaThread "C1 CompilerThread3" daemon [_thread_blocked, id=4564, stack(0x0000000058450000,0x0000000058550000)]
=>0x000000005674b000 JavaThread "C2 CompilerThread2" daemon [_thread_in_native, id=4652, stack(0x00000000582b0000,0x00000000583b0000)]
  0x0000000056748000 JavaThread "C2 CompilerThread1" daemon [_thread_in_native, id=3956, stack(0x0000000058170000,0x0000000058270000)]
  0x0000000056746000 JavaThread "C2 CompilerThread0" daemon [_thread_in_native, id=5208, stack(0x0000000057fd0000,0x00000000580d0000)]
  0x0000000056740800 JavaThread "Attach Listener" daemon [_thread_blocked, id=3560, stack(0x0000000057d00000,0x0000000057e00000)]
  0x000000005673e800 JavaThread "Signal Dispatcher" daemon [_thread_blocked, id=8052, stack(0x0000000057ba0000,0x0000000057ca0000)]
  0x000000005579d800 JavaThread "Finalizer" daemon [_thread_blocked, id=2364, stack(0x0000000057990000,0x0000000057a90000)]
  0x0000000055794800 JavaThread "Reference Handler" daemon [_thread_blocked, id=4420, stack(0x0000000057690000,0x0000000057790000)]
  0x000000000227e800 JavaThread "main" [_thread_in_Java, id=4544, stack(0x00000000024d0000,0x00000000025d0000)]

Other Threads:
  0x00000000566f0800 VMThread [stack: 0x00000000577b0000,0x00000000578b0000] [id=7204]
  0x00000000567ba000 WatcherThread [stack: 0x0000000057e70000,0x0000000057f70000] [id=3644]

VM state:not at safepoint (normal execution)

VM Mutex/Monitor currently owned by a thread: None

Heap:
 PSYoungGen      total 68608K, used 19643K [0x00000000eab00000, 0x00000000ef300000, 0x0000000100000000)
  eden space 63488K, 22% used [0x00000000eab00000,0x00000000eb930d20,0x00000000ee900000)
  from space 5120K, 99% used [0x00000000ee900000,0x00000000eedfe110,0x00000000eee00000)
  to   space 5120K, 0% used [0x00000000eee00000,0x00000000eee00000,0x00000000ef300000)
 ParOldGen       total 84992K, used 16744K [0x00000000c0000000, 0x00000000c5300000, 0x00000000eab00000)
  object space 84992K, 19% used [0x00000000c0000000,0x00000000c105a0e0,0x00000000c5300000)
 Metaspace       used 6072K, capacity 7024K, committed 7296K, reserved 1056768K
  class space    used 574K, capacity 616K, committed 640K, reserved 1048576K

Card table byte_map: [0x0000000011c60000,0x0000000011e70000] byte_map_base: 0x0000000011660000

Marking Bits: (ParMarkBitMap*) 0x0000000070e59d00
 Begin Bits: [0x0000000012bb0000, 0x0000000013bb0000)
 End Bits:   [0x0000000013bb0000, 0x0000000014bb0000)

Polling page: 0x0000000000330000

CodeCache: size=245760Kb used=5784Kb max_used=5792Kb free=239975Kb
 bounds [0x00000000028a0000, 0x0000000002e50000, 0x00000000118a0000]
 total_blobs=1775 nmethods=1507 adapters=181
 compilation: enabled

Compilation events (10 events):
Event: 4.141 Thread 0x0000000056750000 nmethod 1544 0x0000000002e44fd0 code [0x0000000002e45120, 0x0000000002e45250]
Event: 4.141 Thread 0x0000000056750000 1546       2       com.android.dx.cf.iface.StdMethod::<init> (40 bytes)
Event: 4.141 Thread 0x0000000056750000 nmethod 1546 0x0000000002e452d0 code [0x0000000002e45480, 0x0000000002e457a8]
Event: 4.141 Thread 0x0000000056750000 1520       2       com.android.dx.rop.annotation.NameValuePair::<init> (43 bytes)
Event: 4.141 Thread 0x0000000056750000 nmethod 1520 0x0000000002e45b50 code [0x0000000002e45ce0, 0x0000000002e45fb8]
Event: 4.141 Thread 0x0000000056750000 1539       2       java.util.concurrent.locks.ReentrantLock$FairSync::tryAcquire (74 bytes)
Event: 4.142 Thread 0x0000000056750000 nmethod 1539 0x0000000002e46110 code [0x0000000002e46280, 0x0000000002e46558]
Event: 4.142 Thread 0x0000000056750000 1540       2       java.util.concurrent.locks.AbstractQueuedSynchronizer::hasQueuedPredecessors (40 bytes)
Event: 4.142 Thread 0x0000000056746000 nmethod 1285 0x0000000002e46650 code [0x0000000002e46b40, 0x0000000002e49208]
Event: 4.142 Thread 0x0000000056746000 1513       4       com.android.dx.ssa.SsaBasicBlock::newFromRop (183 bytes)

GC Heap History (6 events):
Event: 1.404 GC heap before
{Heap before GC invocations=1 (full 0):
 PSYoungGen      total 36864K, used 31744K [0x00000000eab00000, 0x00000000ed400000, 0x0000000100000000)
  eden space 31744K, 100% used [0x00000000eab00000,0x00000000eca00000,0x00000000eca00000)
  from space 5120K, 0% used [0x00000000ecf00000,0x00000000ecf00000,0x00000000ed400000)
  to   space 5120K, 0% used [0x00000000eca00000,0x00000000eca00000,0x00000000ecf00000)
 ParOldGen       total 84992K, used 0K [0x00000000c0000000, 0x00000000c5300000, 0x00000000eab00000)
  object space 84992K, 0% used [0x00000000c0000000,0x00000000c0000000,0x00000000c5300000)
 Metaspace       used 5807K, capacity 6832K, committed 7040K, reserved 1056768K
  class space    used 573K, capacity 616K, committed 640K, reserved 1048576K
Event: 2.114 GC heap after
Heap after GC invocations=1 (full 0):
 PSYoungGen      total 36864K, used 5114K [0x00000000eab00000, 0x00000000ef300000, 0x0000000100000000)
  eden space 31744K, 0% used [0x00000000eab00000,0x00000000eab00000,0x00000000eca00000)
  from space 5120K, 99% used [0x00000000eca00000,0x00000000ecefeac8,0x00000000ecf00000)
  to   space 5120K, 0% used [0x00000000eee00000,0x00000000eee00000,0x00000000ef300000)
 ParOldGen       total 84992K, used 1613K [0x00000000c0000000, 0x00000000c5300000, 0x00000000eab00000)
  object space 84992K, 1% used [0x00000000c0000000,0x00000000c01935f8,0x00000000c5300000)
 Metaspace       used 5807K, capacity 6832K, committed 7040K, reserved 1056768K
  class space    used 573K, capacity 616K, committed 640K, reserved 1048576K
}
Event: 2.396 GC heap before
{Heap before GC invocations=2 (full 0):
 PSYoungGen      total 36864K, used 36858K [0x00000000eab00000, 0x00000000ef300000, 0x0000000100000000)
  eden space 31744K, 100% used [0x00000000eab00000,0x00000000eca00000,0x00000000eca00000)
  from space 5120K, 99% used [0x00000000eca00000,0x00000000ecefeac8,0x00000000ecf00000)
  to   space 5120K, 0% used [0x00000000eee00000,0x00000000eee00000,0x00000000ef300000)
 ParOldGen       total 84992K, used 1613K [0x00000000c0000000, 0x00000000c5300000, 0x00000000eab00000)
  object space 84992K, 1% used [0x00000000c0000000,0x00000000c01935f8,0x00000000c5300000)
 Metaspace       used 5959K, capacity 6960K, committed 7040K, reserved 1056768K
  class space    used 574K, capacity 616K, committed 640K, reserved 1048576K
Event: 3.029 GC heap after
Heap after GC invocations=2 (full 0):
 PSYoungGen      total 68608K, used 5106K [0x00000000eab00000, 0x00000000ef300000, 0x0000000100000000)
  eden space 63488K, 0% used [0x00000000eab00000,0x00000000eab00000,0x00000000ee900000)
  from space 5120K, 99% used [0x00000000eee00000,0x00000000ef2fcb90,0x00000000ef300000)
  to   space 5120K, 0% used [0x00000000ee900000,0x00000000ee900000,0x00000000eee00000)
 ParOldGen       total 84992K, used 6269K [0x00000000c0000000, 0x00000000c5300000, 0x00000000eab00000)
  object space 84992K, 7% used [0x00000000c0000000,0x00000000c061f5f0,0x00000000c5300000)
 Metaspace       used 5959K, capacity 6960K, committed 7040K, reserved 1056768K
  class space    used 574K, capacity 616K, committed 640K, reserved 1048576K
}
Event: 3.421 GC heap before
{Heap before GC invocations=3 (full 0):
 PSYoungGen      total 68608K, used 68594K [0x00000000eab00000, 0x00000000ef300000, 0x0000000100000000)
  eden space 63488K, 100% used [0x00000000eab00000,0x00000000ee900000,0x00000000ee900000)
  from space 5120K, 99% used [0x00000000eee00000,0x00000000ef2fcb90,0x00000000ef300000)
  to   space 5120K, 0% used [0x00000000ee900000,0x00000000ee900000,0x00000000eee00000)
 ParOldGen       total 84992K, used 6269K [0x00000000c0000000, 0x00000000c5300000, 0x00000000eab00000)
  object space 84992K, 7% used [0x00000000c0000000,0x00000000c061f5f0,0x00000000c5300000)
 Metaspace       used 6065K, capacity 7024K, committed 7296K, reserved 1056768K
  class space    used 574K, capacity 616K, committed 640K, reserved 1048576K
Event: 4.139 GC heap after
Heap after GC invocations=3 (full 0):
 PSYoungGen      total 68608K, used 5112K [0x00000000eab00000, 0x00000000ef300000, 0x0000000100000000)
  eden space 63488K, 0% used [0x00000000eab00000,0x00000000eab00000,0x00000000ee900000)
  from space 5120K, 99% used [0x00000000ee900000,0x00000000eedfe110,0x00000000eee00000)
  to   space 5120K, 0% used [0x00000000eee00000,0x00000000eee00000,0x00000000ef300000)
 ParOldGen       total 84992K, used 16744K [0x00000000c0000000, 0x00000000c5300000, 0x00000000eab00000)
  object space 84992K, 19% used [0x00000000c0000000,0x00000000c105a0e0,0x00000000c5300000)
 Metaspace       used 6065K, capacity 7024K, committed 7296K, reserved 1056768K
  class space    used 574K, capacity 616K, committed 640K, reserved 1048576K
}

Deoptimization events (10 events):
Event: 1.035 Thread 0x0000000056a7e800 Uncommon trap: reason=unstable_if action=reinterpret pc=0x0000000002af4ba0 method=java.util.BitSet.ensureCapacity(I)V @ 6
Event: 1.062 Thread 0x000000000227e800 Uncommon trap: reason=class_check action=maybe_recompile pc=0x0000000002b0af60 method=com.android.dx.ssa.NormalSsaInsn.accept(Lcom/android/dx/ssa/SsaInsn$Visitor;)V @ 9
Event: 1.082 Thread 0x000000000227e800 Uncommon trap: reason=null_check action=make_not_entrant pc=0x0000000002b2ddd0 method=com.android.dx.rop.type.Type.equals(Ljava/lang/Object;)Z @ 8
Event: 1.147 Thread 0x0000000056a7e800 Uncommon trap: reason=class_check action=maybe_recompile pc=0x0000000002b0af60 method=com.android.dx.ssa.NormalSsaInsn.accept(Lcom/android/dx/ssa/SsaInsn$Visitor;)V @ 9
Event: 1.147 Thread 0x0000000056a7e800 Uncommon trap: reason=class_check action=maybe_recompile pc=0x0000000002ac1120 method=com.android.dx.ssa.NormalSsaInsn.accept(Lcom/android/dx/ssa/SsaInsn$Visitor;)V @ 9
Event: 1.189 Thread 0x000000000227e800 Uncommon trap: reason=unstable_if action=reinterpret pc=0x0000000002b05da4 method=com.android.dx.ssa.SsaMethod.getExitBlock()Lcom/android/dx/ssa/SsaBasicBlock; @ 4
Event: 1.192 Thread 0x000000000227e800 Uncommon trap: reason=unstable_if action=reinterpret pc=0x0000000002ba0604 method=java.lang.String.<init>([CII)V @ 18
Event: 2.297 Thread 0x0000000056a8f800 Uncommon trap: reason=unstable_if action=reinterpret pc=0x0000000002c3b230 method=com.android.dx.ssa.MoveParamCombiner$1.visitNonMoveInsn(Lcom/android/dx/ssa/NormalSsaInsn;)V @ 27
Event: 2.300 Thread 0x000000000227e800 Uncommon trap: reason=unstable_if action=reinterpret pc=0x0000000002abbf98 method=java.lang.String.<init>([CII)V @ 18
Event: 3.400 Thread 0x0000000056a7e800 Uncommon trap: reason=unstable_if action=reinterpret pc=0x0000000002d50470 method=com.android.dx.cf.code.Merger.mergeType(Lcom/android/dx/rop/type/TypeBearer;Lcom/android/dx/rop/type/TypeBearer;)Lcom/android/dx/rop/type/TypeBearer; @ 52

Internal exceptions (3 events):
Event: 0.623 Thread 0x000000000227e800 Exception <a 'java/lang/NoSuchMethodError': Method sun.misc.Unsafe.defineClass(Ljava/lang/String;[BII)Ljava/lang/Class; name or signature does not match> (0x00000000eab07cc0) thrown at [C:\src\android\AOSP-openjdk\external\jetbrains\jdk\hotspot\src\share\v∫^ÜYÏ„?
Event: 0.623 Thread 0x000000000227e800 Exception <a 'java/lang/NoSuchMethodError': Method sun.misc.Unsafe.prefetchRead(Ljava/lang/Object;J)V name or signature does not match> (0x00000000eab07fa8) thrown at [C:\src\android\AOSP-openjdk\external\jetbrains\jdk\hotspot\src\share\vm\prims\jni.cpp, l⁄ËùP%PÒ?
Event: 1.082 Thread 0x000000000227e800 Implicit null exception at 0x0000000002b2dcd2 to 0x0000000002b2ddc2

Events (10 events):
Event: 3.303 Thread 0x0000000056a7e800 DEOPT UNPACKING pc=0x00000000028e75bf sp=0x00000000592ce668 mode 0
Event: 3.317 Thread 0x0000000056a7e800 DEOPT PACKING pc=0x0000000002c4bf24 sp=0x00000000592ce8a0
Event: 3.317 Thread 0x0000000056a7e800 DEOPT UNPACKING pc=0x00000000028e75bf sp=0x00000000592ce668 mode 0
Event: 3.330 Thread 0x0000000056a8d000 DEOPT PACKING pc=0x0000000002c4bf3b sp=0x0000000058f7eb20
Event: 3.331 Thread 0x0000000056a8d000 DEOPT UNPACKING pc=0x00000000028e75bf sp=0x0000000058f7e8e8 mode 0
Event: 3.400 Thread 0x0000000056a7e800 Uncommon trap: trap_request=0xffffff65 fr.pc=0x0000000002d50470
Event: 3.400 Thread 0x0000000056a7e800 DEOPT PACKING pc=0x0000000002d50470 sp=0x00000000592ce640
Event: 3.400 Thread 0x0000000056a7e800 DEOPT UNPACKING pc=0x00000000028e556a sp=0x00000000592ce5d0 mode 2
Event: 3.421 Executing VM operation: ParallelGCFailedAllocation
Event: 4.139 Executing VM operation: ParallelGCFailedAllocation done


Dynamic libraries:
0x000000013f250000 - 0x000000013f281000 	C:\Program Files\Android\Android Studio\jre\bin\java.exe
0x0000000077180000 - 0x0000000077329000 	C:\Windows\SYSTEM32\ntdll.dll
0x0000000077060000 - 0x000000007717f000 	C:\Windows\system32\kernel32.dll
0x000007fefd940000 - 0x000007fefd9ac000 	C:\Windows\system32\KERNELBASE.dll
0x000007feff3b0000 - 0x000007feff48b000 	C:\Windows\system32\ADVAPI32.dll
0x000007feff1a0000 - 0x000007feff23f000 	C:\Windows\system32\msvcrt.dll
0x000007fefed50000 - 0x000007fefed6f000 	C:\Windows\SYSTEM32\sechost.dll
0x000007fefec00000 - 0x000007fefed2d000 	C:\Windows\system32\RPCRT4.dll
0x0000000076f60000 - 0x000000007705a000 	C:\Windows\system32\USER32.dll
0x000007fefe9f0000 - 0x000007fefea57000 	C:\Windows\system32\GDI32.dll
0x000007fefed30000 - 0x000007fefed3e000 	C:\Windows\system32\LPK.dll
0x000007fefea90000 - 0x000007fefeb59000 	C:\Windows\system32\USP10.dll
0x000007fefbe40000 - 0x000007fefc034000 	C:\Windows\WinSxS\amd64_microsoft.windows.common-controls_6595b64144ccf1df_6.0.7601.17514_none_fa396087175ac9ac\COMCTL32.dll
0x000007fefeb80000 - 0x000007fefebf1000 	C:\Windows\system32\SHLWAPI.dll
0x000007fefea60000 - 0x000007fefea8e000 	C:\Windows\system32\IMM32.DLL
0x000007feff240000 - 0x000007feff349000 	C:\Windows\system32\MSCTF.dll
0x00000000705c0000 - 0x0000000070692000 	C:\Program Files\Android\Android Studio\jre\jre\bin\msvcr100.dll
0x00000000706a0000 - 0x0000000070ed4000 	C:\Program Files\Android\Android Studio\jre\jre\bin\server\jvm.dll
0x000007feec580000 - 0x000007feec589000 	C:\Windows\system32\WSOCK32.dll
0x000007fefee50000 - 0x000007fefee9d000 	C:\Windows\system32\WS2_32.dll
0x000007fefed40000 - 0x000007fefed48000 	C:\Windows\system32\NSI.dll
0x000007fefaf00000 - 0x000007fefaf3b000 	C:\Windows\system32\WINMM.dll
0x000007fefc6e0000 - 0x000007fefc6ec000 	C:\Windows\system32\VERSION.dll
0x0000000077340000 - 0x0000000077347000 	C:\Windows\system32\PSAPI.DLL
0x000007fef8460000 - 0x000007fef846f000 	C:\Program Files\Android\Android Studio\jre\jre\bin\verify.dll
0x000007fef83e0000 - 0x000007fef8409000 	C:\Program Files\Android\Android Studio\jre\jre\bin\java.dll
0x000007fef7bc0000 - 0x000007fef7bd6000 	C:\Program Files\Android\Android Studio\jre\jre\bin\zip.dll
0x000007fefd9b0000 - 0x000007fefe738000 	C:\Windows\system32\SHELL32.dll
0x000007fefe7e0000 - 0x000007fefe9e3000 	C:\Windows\system32\ole32.dll
0x000007fefd5e0000 - 0x000007fefd5ef000 	C:\Windows\system32\profapi.dll

VM Arguments:
jvm_args: -Djava.awt.headless=true -Xmx1024M -Dfile.encoding=windows-1252 -Duser.country=FR -Duser.language=fr -Duser.variant 
java_command: com.android.dx.command.Main --dex --force-jumbo --num-threads=4 --multi-dex --output C:\Users\rhakanjin.Newsco\Desktop\workspaceAndroid\friendzone\app\build\intermediates\transforms\dex\debug\folders\1000\10\com.google.android.gms-play-services-tagmanager-10.0.1_25aaaabaf16c309acdd8e9bd284a0612be59eee1 C:\Users\rhakanjin.Newsco\Desktop\workspaceAndroid\friendzone\app\build\intermediates\exploded-aar\com.google.android.gms\play-services-tagmanager\10.0.1\jars\classes.jar
java_class_path (initial): C:\Users\rhakanjin.Newsco\AppData\Local\Android\sdk\build-tools\25.0.2\lib\dx.jar
Launcher Type: SUN_STANDARD

Environment Variables:
PATH=c:\Program Files (x86)\Intel\iCLS Client\;c:\Program Files\Intel\iCLS Client\;C:\Windows\system32;C:\Windows;C:\Windows\System32\Wbem;C:\Windows\System32\WindowsPowerShell\v1.0\;c:\Program Files (x86)\Common Files\Roxio Shared\DLLShared\;c:\Program Files (x86)\Common Files\Roxio Shared\10.0\DLLShared\;C:\Program Files\Intel\Intel(R) Management Engine Components\DAL;C:\Program Files\Intel\Intel(R) Management Engine Components\IPT;C:\Program Files (x86)\Intel\Intel(R) Management Engine Components\DAL;C:\Program Files (x86)\Intel\Intel(R) Management Engine Components\IPT;C:\Program Files\nodejs\;C:\RailsInstaller\Ruby2.3.0\bin;c:\Program Files (x86)\Intel\iCLS Client\;c:\Program Files\Intel\iCLS Client\;C:\Windows\system32;C:\Windows;C:\Windows\System32\Wbem;C:\Windows\System32\WindowsPowerShell\v1.0\;c:\Program Files (x86)\Common Files\Roxio Shared\DLLShared\;c:\Program Files (x86)\Common Files\Roxio Shared\10.0\DLLShared\;C:\Program Files\Intel\Intel(R) Management Engine Components\DAL;C:\Program Files\Intel\Intel(R) Management Engine Components\IPT;C:\Program Files (x86)\Intel\Intel(R) Management Engine Components\DAL;C:\Program Files (x86)\Intel\Intel(R) Management Engine Components\IPT;C:\Users\rhakanjin.Newsco\AppData\Local\Programs\Git\cmd;C:\Users\rhakanjin.Newsco\AppData\Roaming\npm
USERNAME=rhakanjin
OS=Windows_NT
PROCESSOR_IDENTIFIER=Intel64 Family 6 Model 58 Stepping 9, GenuineIntel



---------------  S Y S T E M  ---------------

OS: Windows 7 , 64 bit Build 7601 (6.1.7601.17651)

CPU:total 8 (4 cores per cpu, 2 threads per core) family 6 model 58 stepping 9, cmov, cx8, fxsr, mmx, sse, sse2, sse3, ssse3, sse4.1, sse4.2, popcnt, avx, aes, clmul, erms, ht, tsc, tscinvbit, tscinv

Memory: 4k page, physical 8063920k(419804k free), swap 12256372k(361232k free)

vm_info: OpenJDK 64-Bit Server VM (25.76-b03) for windows-amd64 JRE (1.8.0_76-release-b03), built on Jun 29 2016 19:09:20 by "ralucas" with MS VC++ 10.0 (VS2010)

time: Mon Feb 13 14:24:00 2017
elapsed time: 4 seconds (0d 0h 0m 4s)

