#
# There is insufficient memory for the Java Runtime Environment to continue.
# Native memory allocation (malloc) failed to allocate 168016 bytes for Chunk::new
# Possible reasons:
#   The system is out of physical RAM or swap space
#   In 32 bit mode, the process size limit was hit
# Possible solutions:
#   Reduce memory load on the system
#   Increase physical memory or swap space
#   Check if swap backing store is full
#   Use 64 bit Java on a 64 bit OS
#   Decrease Java heap size (-Xmx/-Xms)
#   Decrease number of Java threads
#   Decrease Java thread stack sizes (-Xss)
#   Set larger code cache with -XX:ReservedCodeCacheSize=
# This output file may be truncated or incomplete.
#
#  Out of Memory Error (allocation.cpp:390), pid=6604, tid=0x00000000000021fc
#
# JRE version: OpenJDK Runtime Environment (8.0_76-b03) (build 1.8.0_76-release-b03)
# Java VM: OpenJDK 64-Bit Server VM (25.76-b03 mixed mode windows-amd64 compressed oops)
# Failed to write core dump. Minidumps are not enabled by default on client versions of Windows
#

---------------  T H R E A D  ---------------

Current thread (0x000000005677c800):  JavaThread "C2 CompilerThread2" daemon [_thread_in_native, id=8700, stack(0x0000000058320000,0x0000000058420000)]

Stack: [0x0000000058320000,0x0000000058420000]
[error occurred during error reporting (printing stack bounds), id 0xc0000005]

Native frames: (J=compiled Java code, j=interpreted, Vv=VM code, C=native code)


Current CompileTask:
C2:   2668  926       4       com.android.dx.ssa.back.LivenessAnalyzer::handleTailRecursion (94 bytes)


---------------  P R O C E S S  ---------------

Java Threads: ( => current thread )
  0x0000000056788800 JavaThread "Service Thread" daemon [_thread_blocked, id=1276, stack(0x0000000057d80000,0x0000000057e80000)]
  0x000000005677d800 JavaThread "C1 CompilerThread3" daemon [_thread_blocked, id=6224, stack(0x0000000058510000,0x0000000058610000)]
=>0x000000005677c800 JavaThread "C2 CompilerThread2" daemon [_thread_in_native, id=8700, stack(0x0000000058320000,0x0000000058420000)]
  0x000000005677a000 JavaThread "C2 CompilerThread1" daemon [_thread_blocked, id=7960, stack(0x0000000058200000,0x0000000058300000)]
  0x0000000056778000 JavaThread "C2 CompilerThread0" daemon [_thread_blocked, id=1344, stack(0x00000000580e0000,0x00000000581e0000)]
  0x000000005676e800 JavaThread "Attach Listener" daemon [_thread_blocked, id=9004, stack(0x0000000057f00000,0x0000000058000000)]
  0x000000005676d000 JavaThread "Signal Dispatcher" daemon [_thread_blocked, id=5392, stack(0x0000000057c70000,0x0000000057d70000)]
  0x00000000557cb800 JavaThread "Finalizer" daemon [_thread_blocked, id=7360, stack(0x0000000057a80000,0x0000000057b80000)]
  0x00000000557c4800 JavaThread "Reference Handler" daemon [_thread_blocked, id=7540, stack(0x0000000057870000,0x0000000057970000)]
  0x000000000229e800 JavaThread "main" [_thread_blocked, id=8000, stack(0x0000000002600000,0x0000000002700000)]

Other Threads:
  0x000000000222f800 VMThread [stack: 0x00000000576e0000,0x00000000577e0000] [id=8940]
  0x000000005678d000 WatcherThread [stack: 0x00000000587b0000,0x00000000588b0000] [id=5512]

VM state:not at safepoint (normal execution)

VM Mutex/Monitor currently owned by a thread: None

Heap:
 PSYoungGen      total 36864K, used 17158K [0x00000000eab00000, 0x00000000ed400000, 0x0000000100000000)
  eden space 31744K, 54% used [0x00000000eab00000,0x00000000ebbc1890,0x00000000eca00000)
  from space 5120K, 0% used [0x00000000ecf00000,0x00000000ecf00000,0x00000000ed400000)
  to   space 5120K, 0% used [0x00000000eca00000,0x00000000eca00000,0x00000000ecf00000)
 ParOldGen       total 84992K, used 0K [0x00000000c0000000, 0x00000000c5300000, 0x00000000eab00000)
  object space 84992K, 0% used [0x00000000c0000000,0x00000000c0000000,0x00000000c5300000)
 Metaspace       used 5609K, capacity 6768K, committed 7040K, reserved 1056768K
  class space    used 555K, capacity 616K, committed 640K, reserved 1048576K

Card table byte_map: [0x0000000011d90000,0x0000000011fa0000] byte_map_base: 0x0000000011790000

Marking Bits: (ParMarkBitMap*) 0x0000000070e59d00
 Begin Bits: [0x0000000012be0000, 0x0000000013be0000)
 End Bits:   [0x0000000013be0000, 0x0000000014be0000)

Polling page: 0x0000000000140000

CodeCache: size=245760Kb used=3776Kb max_used=3793Kb free=241983Kb
 bounds [0x00000000029d0000, 0x0000000002d90000, 0x00000000119d0000]
 total_blobs=1206 nmethods=945 adapters=174
 compilation: disabled (not enough contiguous free space left)

Compilation events (10 events):
Event: 2.250 Thread 0x000000005677d800 nmethod 940 0x0000000002d7fd50 code [0x0000000002d7fea0, 0x0000000002d7ffb0]
Event: 2.250 Thread 0x000000005677d800  916       1       java.util.concurrent.locks.AbstractQueuedSynchronizer::getState (5 bytes)
Event: 2.250 Thread 0x000000005677d800 nmethod 916 0x0000000002d80010 code [0x0000000002d80160, 0x0000000002d80270]
Event: 2.250 Thread 0x000000005677d800  930       1       com.android.dx.cf.attrib.AttCode::getCode (5 bytes)
Event: 2.250 Thread 0x000000005677d800 nmethod 930 0x0000000002d802d0 code [0x0000000002d80420, 0x0000000002d80530]
Event: 2.250 Thread 0x000000005677d800  938       1       com.android.dx.cf.iface.StdMember::getDefiningClass (5 bytes)
Event: 2.250 Thread 0x000000005677d800 nmethod 938 0x0000000002d80590 code [0x0000000002d806e0, 0x0000000002d807f0]
Event: 2.250 Thread 0x000000005677d800  917       1       java.util.concurrent.atomic.AtomicInteger::get (5 bytes)
Event: 2.250 Thread 0x000000005677d800 nmethod 917 0x0000000002d80850 code [0x0000000002d809a0, 0x0000000002d80ab0]
Event: 2.251 Thread 0x0000000056778000 nmethod 925 0x0000000002d82c90 code [0x0000000002d82e20, 0x0000000002d83878]

GC Heap History (0 events):
No events

Deoptimization events (0 events):
No events

Internal exceptions (2 events):
Event: 0.165 Thread 0x000000000229e800 Exception <a 'java/lang/NoSuchMethodError': Method sun.misc.Unsafe.defineClass(Ljava/lang/String;[BII)Ljava/lang/Class; name or signature does not match> (0x00000000eab07cc0) thrown at [C:\src\android\AOSP-openjdk\external\jetbrains\jdk\hotspot\src\share\vk­ëøä,Å?
Event: 0.165 Thread 0x000000000229e800 Exception <a 'java/lang/NoSuchMethodError': Method sun.misc.Unsafe.prefetchRead(Ljava/lang/Object;J)V name or signature does not match> (0x00000000eab07fa8) thrown at [C:\src\android\AOSP-openjdk\external\jetbrains\jdk\hotspot\src\share\vm\prims\jni.cpp, l

Events (10 events):
Event: 0.573 loading class com/android/dx/ssa/back/FirstFitLocalCombiningAllocator$Multiset done
Event: 0.575 loading class java/util/DualPivotQuicksort
Event: 0.575 loading class java/util/DualPivotQuicksort done
Event: 0.582 loading class com/android/dx/rop/cst/CstEnumRef
Event: 0.582 loading class com/android/dx/rop/cst/CstEnumRef done
Event: 0.594 Thread 0x00000000569c0800 Thread added: 0x00000000569c0800
Event: 0.743 Thread 0x0000000058b11800 Thread added: 0x0000000058b11800
Event: 0.827 Thread 0x0000000058d24800 Thread added: 0x0000000058d24800
Event: 1.318 loading class java/util/ArrayList$1
Event: 1.318 loading class java/util/ArrayList$1 done


Dynamic libraries:
0x000000013f250000 - 0x000000013f281000 	C:\Program Files\Android\Android Studio\jre\bin\java.exe
0x0000000077180000 - 0x0000000077329000 	C:\Windows\SYSTEM32\ntdll.dll
0x0000000077060000 - 0x000000007717f000 	C:\Windows\system32\kernel32.dll
0x000007fefd940000 - 0x000007fefd9ac000 	C:\Windows\system32\KERNELBASE.dll
0x000007feff3b0000 - 0x000007feff48b000 	C:\Windows\system32\ADVAPI32.dll
0x000007feff1a0000 - 0x000007feff23f000 	C:\Windows\system32\msvcrt.dll
0x000007fefed50000 - 0x000007fefed6f000 	C:\Windows\SYSTEM32\sechost.dll
0x000007fefec00000 - 0x000007fefed2d000 	C:\Windows\system32\RPCRT4.dll
0x0000000076f60000 - 0x000000007705a000 	C:\Windows\system32\USER32.dll
0x000007fefe9f0000 - 0x000007fefea57000 	C:\Windows\system32\GDI32.dll
0x000007fefed30000 - 0x000007fefed3e000 	C:\Windows\system32\LPK.dll
0x000007fefea90000 - 0x000007fefeb59000 	C:\Windows\system32\USP10.dll
0x000007fefbe40000 - 0x000007fefc034000 	C:\Windows\WinSxS\amd64_microsoft.windows.common-controls_6595b64144ccf1df_6.0.7601.17514_none_fa396087175ac9ac\COMCTL32.dll
0x000007fefeb80000 - 0x000007fefebf1000 	C:\Windows\system32\SHLWAPI.dll
0x000007fefea60000 - 0x000007fefea8e000 	C:\Windows\system32\IMM32.DLL
0x000007feff240000 - 0x000007feff349000 	C:\Windows\system32\MSCTF.dll
0x00000000705c0000 - 0x0000000070692000 	C:\Program Files\Android\Android Studio\jre\jre\bin\msvcr100.dll
0x00000000706a0000 - 0x0000000070ed4000 	C:\Program Files\Android\Android Studio\jre\jre\bin\server\jvm.dll
0x000007feec580000 - 0x000007feec589000 	C:\Windows\system32\WSOCK32.dll
0x000007fefee50000 - 0x000007fefee9d000 	C:\Windows\system32\WS2_32.dll
0x000007fefed40000 - 0x000007fefed48000 	C:\Windows\system32\NSI.dll
0x000007fefaf00000 - 0x000007fefaf3b000 	C:\Windows\system32\WINMM.dll
0x000007fefc6e0000 - 0x000007fefc6ec000 	C:\Windows\system32\VERSION.dll
0x0000000077340000 - 0x0000000077347000 	C:\Windows\system32\PSAPI.DLL
0x000007fef8460000 - 0x000007fef846f000 	C:\Program Files\Android\Android Studio\jre\jre\bin\verify.dll
0x000007fef83e0000 - 0x000007fef8409000 	C:\Program Files\Android\Android Studio\jre\jre\bin\java.dll
0x000007fef7bc0000 - 0x000007fef7bd6000 	C:\Program Files\Android\Android Studio\jre\jre\bin\zip.dll
0x000007fefd9b0000 - 0x000007fefe738000 	C:\Windows\system32\SHELL32.dll
0x000007fefe7e0000 - 0x000007fefe9e3000 	C:\Windows\system32\ole32.dll
0x000007fefd5e0000 - 0x000007fefd5ef000 	C:\Windows\system32\profapi.dll

VM Arguments:
jvm_args: -Djava.awt.headless=true -Xmx1024M -Dfile.encoding=windows-1252 -Duser.country=FR -Duser.language=fr -Duser.variant 
java_command: com.android.dx.command.Main --dex --force-jumbo --num-threads=4 --multi-dex --output C:\Users\rhakanjin.Newsco\Desktop\workspaceAndroid\friendzone\app\build\intermediates\transforms\dex\debug\folders\1000\5\slice_2 C:\Users\rhakanjin.Newsco\Desktop\workspaceAndroid\friendzone\app\build\intermediates\transforms\instantRunSlicer\debug\folders\1\5\slice_2
java_class_path (initial): C:\Users\rhakanjin.Newsco\AppData\Local\Android\sdk\build-tools\25.0.2\lib\dx.jar
Launcher Type: SUN_STANDARD

Environment Variables:
PATH=c:\Program Files (x86)\Intel\iCLS Client\;c:\Program Files\Intel\iCLS Client\;C:\Windows\system32;C:\Windows;C:\Windows\System32\Wbem;C:\Windows\System32\WindowsPowerShell\v1.0\;c:\Program Files (x86)\Common Files\Roxio Shared\DLLShared\;c:\Program Files (x86)\Common Files\Roxio Shared\10.0\DLLShared\;C:\Program Files\Intel\Intel(R) Management Engine Components\DAL;C:\Program Files\Intel\Intel(R) Management Engine Components\IPT;C:\Program Files (x86)\Intel\Intel(R) Management Engine Components\DAL;C:\Program Files (x86)\Intel\Intel(R) Management Engine Components\IPT;C:\Program Files\nodejs\;C:\RailsInstaller\Ruby2.3.0\bin;c:\Program Files (x86)\Intel\iCLS Client\;c:\Program Files\Intel\iCLS Client\;C:\Windows\system32;C:\Windows;C:\Windows\System32\Wbem;C:\Windows\System32\WindowsPowerShell\v1.0\;c:\Program Files (x86)\Common Files\Roxio Shared\DLLShared\;c:\Program Files (x86)\Common Files\Roxio Shared\10.0\DLLShared\;C:\Program Files\Intel\Intel(R) Management Engine Components\DAL;C:\Program Files\Intel\Intel(R) Management Engine Components\IPT;C:\Program Files (x86)\Intel\Intel(R) Management Engine Components\DAL;C:\Program Files (x86)\Intel\Intel(R) Management Engine Components\IPT;C:\Users\rhakanjin.Newsco\AppData\Local\Programs\Git\cmd;C:\Users\rhakanjin.Newsco\AppData\Roaming\npm
USERNAME=rhakanjin
OS=Windows_NT
PROCESSOR_IDENTIFIER=Intel64 Family 6 Model 58 Stepping 9, GenuineIntel



---------------  S Y S T E M  ---------------

OS: Windows 7 , 64 bit Build 7601 (6.1.7601.17651)

CPU:total 8 (4 cores per cpu, 2 threads per core) family 6 model 58 stepping 9, cmov, cx8, fxsr, mmx, sse, sse2, sse3, ssse3, sse4.1, sse4.2, popcnt, avx, aes, clmul, erms, ht, tsc, tscinvbit, tscinv

Memory: 4k page, physical 8063920k(529664k free), swap 12256372k(4908k free)

vm_info: OpenJDK 64-Bit Server VM (25.76-b03) for windows-amd64 JRE (1.8.0_76-release-b03), built on Jun 29 2016 19:09:20 by "ralucas" with MS VC++ 10.0 (VS2010)

time: Mon Feb 13 15:54:05 2017
elapsed time: 2 seconds (0d 0h 0m 2s)

