#
# There is insufficient memory for the Java Runtime Environment to continue.
# Native memory allocation (malloc) failed to allocate 64576 bytes for Chunk::new
# Possible reasons:
#   The system is out of physical RAM or swap space
#   In 32 bit mode, the process size limit was hit
# Possible solutions:
#   Reduce memory load on the system
#   Increase physical memory or swap space
#   Check if swap backing store is full
#   Use 64 bit Java on a 64 bit OS
#   Decrease Java heap size (-Xmx/-Xms)
#   Decrease number of Java threads
#   Decrease Java thread stack sizes (-Xss)
#   Set larger code cache with -XX:ReservedCodeCacheSize=
# This output file may be truncated or incomplete.
#
#  Out of Memory Error (allocation.cpp:390), pid=576, tid=0x00000000000017f8
#
# JRE version: OpenJDK Runtime Environment (8.0_76-b03) (build 1.8.0_76-release-b03)
# Java VM: OpenJDK 64-Bit Server VM (25.76-b03 mixed mode windows-amd64 compressed oops)
# Failed to write core dump. Minidumps are not enabled by default on client versions of Windows
#

---------------  T H R E A D  ---------------

Current thread (0x0000000056918000):  JavaThread "C2 CompilerThread1" daemon [_thread_in_native, id=6136, stack(0x0000000058020000,0x0000000058120000)]

Stack: [0x0000000058020000,0x0000000058120000]
[error occurred during error reporting (printing stack bounds), id 0xc0000005]

Native frames: (J=compiled Java code, j=interpreted, Vv=VM code, C=native code)


Current CompileTask:
C2:   3358 1131   !   4       com.android.dx.cf.code.BytecodeArray::parseInstruction (2764 bytes)


---------------  P R O C E S S  ---------------

Java Threads: ( => current thread )
  0x0000000056c11000 JavaThread "pool-2-thread-4" [_thread_in_vm, id=6896, stack(0x00000000593e0000,0x00000000594e0000)]
  0x00000000586fe000 JavaThread "pool-2-thread-3" [_thread_blocked, id=5564, stack(0x0000000057a80000,0x0000000057b80000)]
  0x0000000058707800 JavaThread "pool-2-thread-2" [_thread_in_Java, id=3508, stack(0x00000000591f0000,0x00000000592f0000)]
  0x0000000056bb3000 JavaThread "pool-3-thread-1" [_thread_blocked, id=8528, stack(0x0000000002390000,0x0000000002490000)]
  0x0000000056bb1800 JavaThread "pool-2-thread-1" [_thread_in_Java, id=6880, stack(0x0000000058fc0000,0x00000000590c0000)]
  0x000000005692b000 JavaThread "Service Thread" daemon [_thread_blocked, id=7368, stack(0x00000000584a0000,0x00000000585a0000)]
  0x0000000056920000 JavaThread "C1 CompilerThread3" daemon [_thread_in_native, id=8548, stack(0x0000000058350000,0x0000000058450000)]
  0x000000005691b000 JavaThread "C2 CompilerThread2" daemon [_thread_in_native, id=6036, stack(0x0000000058150000,0x0000000058250000)]
=>0x0000000056918000 JavaThread "C2 CompilerThread1" daemon [_thread_in_native, id=6136, stack(0x0000000058020000,0x0000000058120000)]
  0x0000000056916000 JavaThread "C2 CompilerThread0" daemon [_thread_in_native, id=6424, stack(0x00000000122c0000,0x00000000123c0000)]
  0x0000000056910800 JavaThread "Attach Listener" daemon [_thread_blocked, id=9132, stack(0x0000000057e70000,0x0000000057f70000)]
  0x000000005690e800 JavaThread "Signal Dispatcher" daemon [_thread_blocked, id=4344, stack(0x0000000057d30000,0x0000000057e30000)]
  0x000000005585d800 JavaThread "Finalizer" daemon [_thread_blocked, id=6052, stack(0x0000000057bd0000,0x0000000057cd0000)]
  0x0000000055854800 JavaThread "Reference Handler" daemon [_thread_blocked, id=7012, stack(0x0000000057850000,0x0000000057950000)]
  0x000000000238e800 JavaThread "main" [_thread_blocked, id=2908, stack(0x0000000002520000,0x0000000002620000)]

Other Threads:
  0x00000000568c0800 VMThread [stack: 0x0000000057950000,0x0000000057a50000] [id=8848]
  0x000000005692f800 WatcherThread [stack: 0x00000000585f0000,0x00000000586f0000] [id=7868]

VM state:not at safepoint (normal execution)

VM Mutex/Monitor currently owned by a thread: None

Heap:
 PSYoungGen      total 36864K, used 18267K [0x00000000eab00000, 0x00000000ef300000, 0x0000000100000000)
  eden space 31744K, 41% used [0x00000000eab00000,0x00000000eb7d9b10,0x00000000eca00000)
  from space 5120K, 99% used [0x00000000eca00000,0x00000000ecefd258,0x00000000ecf00000)
  to   space 5120K, 0% used [0x00000000eee00000,0x00000000eee00000,0x00000000ef300000)
 ParOldGen       total 84992K, used 1001K [0x00000000c0000000, 0x00000000c5300000, 0x00000000eab00000)
  object space 84992K, 1% used [0x00000000c0000000,0x00000000c00fa480,0x00000000c5300000)
 Metaspace       used 5783K, capacity 6896K, committed 7040K, reserved 1056768K
  class space    used 562K, capacity 616K, committed 640K, reserved 1048576K

Card table byte_map: [0x0000000011cb0000,0x0000000011ec0000] byte_map_base: 0x00000000116b0000

Marking Bits: (ParMarkBitMap*) 0x000000005fc59d00
 Begin Bits: [0x0000000012c70000, 0x0000000013c70000)
 End Bits:   [0x0000000013c70000, 0x0000000014c70000)

Polling page: 0x0000000000230000

CodeCache: size=245760Kb used=4653Kb max_used=4653Kb free=241106Kb
 bounds [0x00000000028f0000, 0x0000000002d80000, 0x00000000118f0000]
 total_blobs=1430 nmethods=1168 adapters=176
 compilation: enabled

Compilation events (10 events):
Event: 3.349 Thread 0x0000000056920000 nmethod 1206 0x0000000002d7bd10 code [0x0000000002d7bf20, 0x0000000002d7ca58]
Event: 3.349 Thread 0x0000000056920000 1230       3       com.android.dx.cf.code.LocalVariableList$Item::<init> (115 bytes)
Event: 3.349 Thread 0x0000000056920000 nmethod 1230 0x0000000002d7d110 code [0x0000000002d7d300, 0x0000000002d7d9e8]
Event: 3.349 Thread 0x0000000056920000 1231       3       com.android.dx.cf.attrib.BaseAttribute::<init> (24 bytes)
Event: 3.349 Thread 0x0000000056920000 nmethod 1231 0x0000000002d67610 code [0x0000000002d67780, 0x0000000002d67a48]
Event: 3.349 Thread 0x0000000056920000 1232       3       com.android.dx.cf.iface.StdAttributeList::set (7 bytes)
Event: 3.350 Thread 0x0000000056920000 nmethod 1232 0x0000000002d7dd10 code [0x0000000002d7dee0, 0x0000000002d7e6a8]
Event: 3.350 Thread 0x0000000056920000 1233       3       com.android.dx.cf.code.LocalVariableList::set (23 bytes)
Event: 3.350 Thread 0x0000000056920000 nmethod 1233 0x0000000002d7ec50 code [0x0000000002d7ee40, 0x0000000002d7f718]
Event: 3.350 Thread 0x0000000056920000 1207       3       com.android.dx.dex.code.RopTranslator$TranslationVisitor::visitPlainCstInsn (161 bytes)

GC Heap History (2 events):
Event: 2.872 GC heap before
{Heap before GC invocations=1 (full 0):
 PSYoungGen      total 36864K, used 31744K [0x00000000eab00000, 0x00000000ed400000, 0x0000000100000000)
  eden space 31744K, 100% used [0x00000000eab00000,0x00000000eca00000,0x00000000eca00000)
  from space 5120K, 0% used [0x00000000ecf00000,0x00000000ecf00000,0x00000000ed400000)
  to   space 5120K, 0% used [0x00000000eca00000,0x00000000eca00000,0x00000000ecf00000)
 ParOldGen       total 84992K, used 0K [0x00000000c0000000, 0x00000000c5300000, 0x00000000eab00000)
  object space 84992K, 0% used [0x00000000c0000000,0x00000000c0000000,0x00000000c5300000)
 Metaspace       used 5688K, capacity 6832K, committed 7040K, reserved 1056768K
  class space    used 561K, capacity 616K, committed 640K, reserved 1048576K
Event: 3.242 GC heap after
Heap after GC invocations=1 (full 0):
 PSYoungGen      total 36864K, used 5108K [0x00000000eab00000, 0x00000000ef300000, 0x0000000100000000)
  eden space 31744K, 0% used [0x00000000eab00000,0x00000000eab00000,0x00000000eca00000)
  from space 5120K, 99% used [0x00000000eca00000,0x00000000ecefd258,0x00000000ecf00000)
  to   space 5120K, 0% used [0x00000000eee00000,0x00000000eee00000,0x00000000ef300000)
 ParOldGen       total 84992K, used 1001K [0x00000000c0000000, 0x00000000c5300000, 0x00000000eab00000)
  object space 84992K, 1% used [0x00000000c0000000,0x00000000c00fa480,0x00000000c5300000)
 Metaspace       used 5688K, capacity 6832K, committed 7040K, reserved 1056768K
  class space    used 561K, capacity 616K, committed 640K, reserved 1048576K
}

Deoptimization events (10 events):
Event: 2.685 Thread 0x00000000586fe000 Uncommon trap: reason=unstable_if action=reinterpret pc=0x0000000002b0b4e4 method=java.util.BitSet.ensureCapacity(I)V @ 6
Event: 2.685 Thread 0x000000000238e800 Uncommon trap: reason=class_check action=maybe_recompile pc=0x0000000002b57508 method=com.android.dx.rop.type.Type.equals(Ljava/lang/Object;)Z @ 8
Event: 2.685 Thread 0x000000000238e800 Uncommon trap: reason=class_check action=maybe_recompile pc=0x0000000002b57508 method=com.android.dx.rop.type.Type.equals(Ljava/lang/Object;)Z @ 8
Event: 2.686 Thread 0x000000000238e800 Uncommon trap: reason=class_check action=maybe_recompile pc=0x0000000002b78844 method=com.android.dx.rop.type.Type.equals(Ljava/lang/Object;)Z @ 8
Event: 2.717 Thread 0x000000000238e800 Uncommon trap: reason=null_check action=make_not_entrant pc=0x0000000002c01d68 method=com.android.dx.ssa.SsaRenamer.getLocalForNewReg(I)Lcom/android/dx/rop/code/LocalItem; @ 19
Event: 3.297 Thread 0x00000000586fe000 Uncommon trap: reason=unstable_if action=reinterpret pc=0x0000000002b6f444 method=com.android.dx.rop.cst.Constant.compareTo(Lcom/android/dx/rop/cst/Constant;)I @ 12
Event: 3.335 Thread 0x0000000056c11000 Uncommon trap: reason=unstable_if action=reinterpret pc=0x0000000002b7611c method=com.android.dx.rop.code.RegisterSpecSet.put(Lcom/android/dx/rop/code/RegisterSpec;)V @ 77
Event: 3.335 Thread 0x0000000056c11000 Uncommon trap: reason=unstable_if action=reinterpret pc=0x0000000002c25a58 method=com.android.dx.rop.code.RegisterSpecSet.put(Lcom/android/dx/rop/code/RegisterSpec;)V @ 77
Event: 3.348 Thread 0x0000000056bb1800 Uncommon trap: reason=bimorphic action=maybe_recompile pc=0x0000000002c18210 method=java.util.HashMap.getNode(ILjava/lang/Object;)Ljava/util/HashMap$Node; @ 126
Event: 3.348 Thread 0x0000000056bb1800 Uncommon trap: reason=class_check action=maybe_recompile pc=0x0000000002cc0c34 method=java.util.HashMap.putVal(ILjava/lang/Object;Ljava/lang/Object;ZZ)Ljava/lang/Object; @ 203

Internal exceptions (3 events):
Event: 1.022 Thread 0x000000000238e800 Exception <a 'java/lang/NoSuchMethodError': Method sun.misc.Unsafe.defineClass(Ljava/lang/String;[BII)Ljava/lang/Class; name or signature does not match> (0x00000000eab07cc0) thrown at [C:\src\android\AOSP-openjdk\external\jetbrains\jdk\hotspot\src\share\vùYâ	ÅYð?
Event: 1.022 Thread 0x000000000238e800 Exception <a 'java/lang/NoSuchMethodError': Method sun.misc.Unsafe.prefetchRead(Ljava/lang/Object;J)V name or signature does not match> (0x00000000eab07fa8) thrown at [C:\src\android\AOSP-openjdk\external\jetbrains\jdk\hotspot\src\share\vm\prims\jni.cpp, l„½„S¼@
Event: 2.717 Thread 0x000000000238e800 Implicit null exception at 0x0000000002bff8ff to 0x0000000002c01d1d

Events (10 events):
Event: 3.335 Thread 0x0000000056c11000 DEOPT PACKING pc=0x0000000002b7611c sp=0x00000000594de500
Event: 3.335 Thread 0x0000000056c11000 DEOPT UNPACKING pc=0x000000000293556a sp=0x00000000594de488 mode 2
Event: 3.335 Thread 0x0000000056c11000 Uncommon trap: trap_request=0xffffff65 fr.pc=0x0000000002c25a58
Event: 3.335 Thread 0x0000000056c11000 DEOPT PACKING pc=0x0000000002c25a58 sp=0x00000000594de4f0
Event: 3.335 Thread 0x0000000056c11000 DEOPT UNPACKING pc=0x000000000293556a sp=0x00000000594de410 mode 2
Event: 3.348 Thread 0x0000000056bb1800 DEOPT PACKING pc=0x0000000002c18210 sp=0x00000000590beaf0
Event: 3.348 Thread 0x0000000056bb1800 DEOPT UNPACKING pc=0x000000000293556a sp=0x00000000590bea28 mode 2
Event: 3.348 Thread 0x0000000056bb1800 Uncommon trap: trap_request=0xffffffde fr.pc=0x0000000002cc0c34
Event: 3.348 Thread 0x0000000056bb1800 DEOPT PACKING pc=0x0000000002cc0c34 sp=0x00000000590bea50
Event: 3.348 Thread 0x0000000056bb1800 DEOPT UNPACKING pc=0x000000000293556a sp=0x00000000590be9c8 mode 2


Dynamic libraries:
0x000000013f0c0000 - 0x000000013f0f1000 	C:\Program Files\Android\Android Studio\jre\bin\java.exe
0x0000000077180000 - 0x0000000077329000 	C:\Windows\SYSTEM32\ntdll.dll
0x0000000077060000 - 0x000000007717f000 	C:\Windows\system32\kernel32.dll
0x000007fefd940000 - 0x000007fefd9ac000 	C:\Windows\system32\KERNELBASE.dll
0x000007feff3b0000 - 0x000007feff48b000 	C:\Windows\system32\ADVAPI32.dll
0x000007feff1a0000 - 0x000007feff23f000 	C:\Windows\system32\msvcrt.dll
0x000007fefed50000 - 0x000007fefed6f000 	C:\Windows\SYSTEM32\sechost.dll
0x000007fefec00000 - 0x000007fefed2d000 	C:\Windows\system32\RPCRT4.dll
0x0000000076f60000 - 0x000000007705a000 	C:\Windows\system32\USER32.dll
0x000007fefe9f0000 - 0x000007fefea57000 	C:\Windows\system32\GDI32.dll
0x000007fefed30000 - 0x000007fefed3e000 	C:\Windows\system32\LPK.dll
0x000007fefea90000 - 0x000007fefeb59000 	C:\Windows\system32\USP10.dll
0x000007fefbe40000 - 0x000007fefc034000 	C:\Windows\WinSxS\amd64_microsoft.windows.common-controls_6595b64144ccf1df_6.0.7601.17514_none_fa396087175ac9ac\COMCTL32.dll
0x000007fefeb80000 - 0x000007fefebf1000 	C:\Windows\system32\SHLWAPI.dll
0x000007fefea60000 - 0x000007fefea8e000 	C:\Windows\system32\IMM32.DLL
0x000007feff240000 - 0x000007feff349000 	C:\Windows\system32\MSCTF.dll
0x0000000061f00000 - 0x0000000061fd2000 	C:\Program Files\Android\Android Studio\jre\jre\bin\msvcr100.dll
0x000000005f4a0000 - 0x000000005fcd4000 	C:\Program Files\Android\Android Studio\jre\jre\bin\server\jvm.dll
0x000007feec580000 - 0x000007feec589000 	C:\Windows\system32\WSOCK32.dll
0x000007fefee50000 - 0x000007fefee9d000 	C:\Windows\system32\WS2_32.dll
0x000007fefed40000 - 0x000007fefed48000 	C:\Windows\system32\NSI.dll
0x000007fefaf00000 - 0x000007fefaf3b000 	C:\Windows\system32\WINMM.dll
0x000007fefc6e0000 - 0x000007fefc6ec000 	C:\Windows\system32\VERSION.dll
0x0000000077340000 - 0x0000000077347000 	C:\Windows\system32\PSAPI.DLL
0x000007fef83d0000 - 0x000007fef83df000 	C:\Program Files\Android\Android Studio\jre\jre\bin\verify.dll
0x000007fef82f0000 - 0x000007fef8319000 	C:\Program Files\Android\Android Studio\jre\jre\bin\java.dll
0x000007fef7780000 - 0x000007fef7796000 	C:\Program Files\Android\Android Studio\jre\jre\bin\zip.dll
0x000007fefd9b0000 - 0x000007fefe738000 	C:\Windows\system32\SHELL32.dll
0x000007fefe7e0000 - 0x000007fefe9e3000 	C:\Windows\system32\ole32.dll
0x000007fefd5e0000 - 0x000007fefd5ef000 	C:\Windows\system32\profapi.dll

VM Arguments:
jvm_args: -Djava.awt.headless=true -Xmx1024M -Dfile.encoding=windows-1252 -Duser.country=FR -Duser.language=fr -Duser.variant 
java_command: com.android.dx.command.Main --dex --force-jumbo --num-threads=4 --multi-dex --output C:\Users\rhakanjin.Newsco\Desktop\workspaceAndroid\friendzone\app\build\intermediates\transforms\dex\debug\folders\1000\10\com.android.support-recyclerview-v7-25.1.0_238c76b8712752a1748d574d6a3ea0280d7caa96 C:\Users\rhakanjin.Newsco\Desktop\workspaceAndroid\friendzone\app\build\intermediates\exploded-aar\com.android.support\recyclerview-v7\25.1.0\jars\classes.jar
java_class_path (initial): C:\Users\rhakanjin.Newsco\AppData\Local\Android\sdk\build-tools\25.0.2\lib\dx.jar
Launcher Type: SUN_STANDARD

Environment Variables:
PATH=c:\Program Files (x86)\Intel\iCLS Client\;c:\Program Files\Intel\iCLS Client\;C:\Windows\system32;C:\Windows;C:\Windows\System32\Wbem;C:\Windows\System32\WindowsPowerShell\v1.0\;c:\Program Files (x86)\Common Files\Roxio Shared\DLLShared\;c:\Program Files (x86)\Common Files\Roxio Shared\10.0\DLLShared\;C:\Program Files\Intel\Intel(R) Management Engine Components\DAL;C:\Program Files\Intel\Intel(R) Management Engine Components\IPT;C:\Program Files (x86)\Intel\Intel(R) Management Engine Components\DAL;C:\Program Files (x86)\Intel\Intel(R) Management Engine Components\IPT;C:\Program Files\nodejs\;C:\RailsInstaller\Ruby2.3.0\bin;c:\Program Files (x86)\Intel\iCLS Client\;c:\Program Files\Intel\iCLS Client\;C:\Windows\system32;C:\Windows;C:\Windows\System32\Wbem;C:\Windows\System32\WindowsPowerShell\v1.0\;c:\Program Files (x86)\Common Files\Roxio Shared\DLLShared\;c:\Program Files (x86)\Common Files\Roxio Shared\10.0\DLLShared\;C:\Program Files\Intel\Intel(R) Management Engine Components\DAL;C:\Program Files\Intel\Intel(R) Management Engine Components\IPT;C:\Program Files (x86)\Intel\Intel(R) Management Engine Components\DAL;C:\Program Files (x86)\Intel\Intel(R) Management Engine Components\IPT;C:\Users\rhakanjin.Newsco\AppData\Local\Programs\Git\cmd;C:\Users\rhakanjin.Newsco\AppData\Roaming\npm
USERNAME=rhakanjin
OS=Windows_NT
PROCESSOR_IDENTIFIER=Intel64 Family 6 Model 58 Stepping 9, GenuineIntel



---------------  S Y S T E M  ---------------

OS: Windows 7 , 64 bit Build 7601 (6.1.7601.17651)

CPU:total 8 (4 cores per cpu, 2 threads per core) family 6 model 58 stepping 9, cmov, cx8, fxsr, mmx, sse, sse2, sse3, ssse3, sse4.1, sse4.2, popcnt, avx, aes, clmul, erms, ht, tsc, tscinvbit, tscinv

Memory: 4k page, physical 8063920k(462200k free), swap 12256372k(11376k free)

vm_info: OpenJDK 64-Bit Server VM (25.76-b03) for windows-amd64 JRE (1.8.0_76-release-b03), built on Jun 29 2016 19:09:20 by "ralucas" with MS VC++ 10.0 (VS2010)

time: Mon Feb 13 13:51:11 2017
elapsed time: 3 seconds (0d 0h 0m 3s)

