#
# There is insufficient memory for the Java Runtime Environment to continue.
# Native memory allocation (malloc) failed to allocate 32744 bytes for ChunkPool::allocate
# Possible reasons:
#   The system is out of physical RAM or swap space
#   In 32 bit mode, the process size limit was hit
# Possible solutions:
#   Reduce memory load on the system
#   Increase physical memory or swap space
#   Check if swap backing store is full
#   Use 64 bit Java on a 64 bit OS
#   Decrease Java heap size (-Xmx/-Xms)
#   Decrease number of Java threads
#   Decrease Java thread stack sizes (-Xss)
#   Set larger code cache with -XX:ReservedCodeCacheSize=
# This output file may be truncated or incomplete.
#
#  Out of Memory Error (allocation.cpp:273), pid=7028, tid=0x0000000000001d78
#
# JRE version: OpenJDK Runtime Environment (8.0_76-b03) (build 1.8.0_76-release-b03)
# Java VM: OpenJDK 64-Bit Server VM (25.76-b03 mixed mode windows-amd64 compressed oops)
# Failed to write core dump. Minidumps are not enabled by default on client versions of Windows
#

---------------  T H R E A D  ---------------

Current thread (0x0000000056780000):  JavaThread "C2 CompilerThread2" daemon [_thread_in_native, id=7544, stack(0x0000000057fe0000,0x00000000580e0000)]

Stack: [0x0000000057fe0000,0x00000000580e0000]
[error occurred during error reporting (printing stack bounds), id 0xc0000005]

Native frames: (J=compiled Java code, j=interpreted, Vv=VM code, C=native code)


Current CompileTask:
C2:   2728 1491       4       com.android.dx.ssa.SCCP::simulateBranch (666 bytes)


---------------  P R O C E S S  ---------------

Java Threads: ( => current thread )
  0x0000000056a8b800 JavaThread "pool-2-thread-4" [_thread_blocked, id=8456, stack(0x00000000595c0000,0x00000000596c0000)]
  0x0000000056a78800 JavaThread "pool-2-thread-3" [_thread_blocked, id=8988, stack(0x0000000059070000,0x0000000059170000)]
  0x0000000056a77800 JavaThread "pool-2-thread-2" [_thread_in_Java, id=9200, stack(0x0000000059340000,0x0000000059440000)]
  0x00000000569ed800 JavaThread "pool-3-thread-1" [_thread_blocked, id=8892, stack(0x0000000059210000,0x0000000059310000)]
  0x00000000569ec800 JavaThread "pool-2-thread-1" [_thread_blocked, id=7248, stack(0x0000000058440000,0x0000000058540000)]
  0x00000000567ef000 JavaThread "Service Thread" daemon [_thread_blocked, id=4320, stack(0x0000000058590000,0x0000000058690000)]
  0x0000000056785000 JavaThread "C1 CompilerThread3" daemon [_thread_blocked, id=8788, stack(0x0000000058340000,0x0000000058440000)]
=>0x0000000056780000 JavaThread "C2 CompilerThread2" daemon [_thread_in_native, id=7544, stack(0x0000000057fe0000,0x00000000580e0000)]
  0x0000000056779800 JavaThread "C2 CompilerThread1" daemon [_thread_in_native, id=2584, stack(0x0000000058150000,0x0000000058250000)]
  0x0000000056777000 JavaThread "C2 CompilerThread0" daemon [_thread_in_native, id=7936, stack(0x0000000057ee0000,0x0000000057fe0000)]
  0x0000000056772000 JavaThread "Attach Listener" daemon [_thread_blocked, id=8384, stack(0x00000000578f0000,0x00000000579f0000)]
  0x0000000056770000 JavaThread "Signal Dispatcher" daemon [_thread_blocked, id=7920, stack(0x0000000057ce0000,0x0000000057de0000)]
  0x00000000555ab800 JavaThread "Finalizer" daemon [_thread_blocked, id=4784, stack(0x0000000057b00000,0x0000000057c00000)]
  0x00000000555a4800 JavaThread "Reference Handler" daemon [_thread_blocked, id=2040, stack(0x0000000057a00000,0x0000000057b00000)]
  0x00000000021be800 JavaThread "main" [_thread_blocked, id=8216, stack(0x0000000002430000,0x0000000002530000)]

Other Threads:
  0x0000000056720800 VMThread [stack: 0x0000000057760000,0x0000000057860000] [id=8284]
  0x00000000567ba800 WatcherThread [stack: 0x0000000058760000,0x0000000058860000] [id=6800]

VM state:not at safepoint (normal execution)

VM Mutex/Monitor currently owned by a thread: None

Heap:
 PSYoungGen      total 68608K, used 20170K [0x00000000eab00000, 0x00000000f3100000, 0x0000000100000000)
  eden space 63488K, 23% used [0x00000000eab00000,0x00000000eb9b91b8,0x00000000ee900000)
  from space 5120K, 99% used [0x00000000ee900000,0x00000000eedf9860,0x00000000eee00000)
  to   space 5120K, 0% used [0x00000000f2c00000,0x00000000f2c00000,0x00000000f3100000)
 ParOldGen       total 84992K, used 12614K [0x00000000c0000000, 0x00000000c5300000, 0x00000000eab00000)
  object space 84992K, 14% used [0x00000000c0000000,0x00000000c0c518a8,0x00000000c5300000)
 Metaspace       used 6215K, capacity 7090K, committed 7296K, reserved 1056768K
  class space    used 593K, capacity 618K, committed 640K, reserved 1048576K

Card table byte_map: [0x0000000011bc0000,0x0000000011dd0000] byte_map_base: 0x00000000115c0000

Marking Bits: (ParMarkBitMap*) 0x000000005fc59d00
 Begin Bits: [0x00000000129c0000, 0x00000000139c0000)
 End Bits:   [0x00000000139c0000, 0x00000000149c0000)

Polling page: 0x0000000000230000

CodeCache: size=245760Kb used=6311Kb max_used=6311Kb free=239449Kb
 bounds [0x0000000002800000, 0x0000000002e30000, 0x0000000011800000]
 total_blobs=1889 nmethods=1622 adapters=181
 compilation: enabled

Compilation events (10 events):
Event: 2.673 Thread 0x0000000056785000 1663       2       com.android.dx.cf.code.Simulator::requiredArrayTypeFor (74 bytes)
Event: 2.673 Thread 0x0000000056785000 nmethod 1663 0x0000000002e262d0 code [0x0000000002e26480, 0x0000000002e26798]
Event: 2.674 Thread 0x0000000056785000 1664       2       com.android.dx.rop.type.Type::getArrayType (50 bytes)
Event: 2.675 Thread 0x0000000056785000 nmethod 1664 0x0000000002e2c4d0 code [0x0000000002e2c680, 0x0000000002e2cae8]
Event: 2.677 Thread 0x0000000056785000 1666       2       com.android.dx.rop.code.RegisterSpecList::withoutLast (60 bytes)
Event: 2.677 Thread 0x0000000056785000 nmethod 1666 0x0000000002e2ce10 code [0x0000000002e2cfe0, 0x0000000002e2d588]
Event: 2.680 Thread 0x0000000056785000 1668       2       com.android.dx.rop.code.Rops::opAget (97 bytes)
Event: 2.681 Thread 0x0000000056785000 nmethod 1668 0x0000000002e2db90 code [0x0000000002e2dd60, 0x0000000002e2e2b8]
Event: 2.708 Thread 0x0000000056785000 1673       2       java.util.concurrent.locks.AbstractQueuedSynchronizer::acquire (27 bytes)
Event: 2.708 Thread 0x0000000056785000 nmethod 1673 0x0000000002e2e5d0 code [0x0000000002e2e760, 0x0000000002e2e978]

GC Heap History (6 events):
Event: 0.997 GC heap before
{Heap before GC invocations=1 (full 0):
 PSYoungGen      total 36864K, used 31744K [0x00000000eab00000, 0x00000000ed400000, 0x0000000100000000)
  eden space 31744K, 100% used [0x00000000eab00000,0x00000000eca00000,0x00000000eca00000)
  from space 5120K, 0% used [0x00000000ecf00000,0x00000000ecf00000,0x00000000ed400000)
  to   space 5120K, 0% used [0x00000000eca00000,0x00000000eca00000,0x00000000ecf00000)
 ParOldGen       total 84992K, used 0K [0x00000000c0000000, 0x00000000c5300000, 0x00000000eab00000)
  object space 84992K, 0% used [0x00000000c0000000,0x00000000c0000000,0x00000000c5300000)
 Metaspace       used 5682K, capacity 6704K, committed 6784K, reserved 1056768K
  class space    used 570K, capacity 616K, committed 640K, reserved 1048576K
Event: 1.228 GC heap after
Heap after GC invocations=1 (full 0):
 PSYoungGen      total 36864K, used 5090K [0x00000000eab00000, 0x00000000ef300000, 0x0000000100000000)
  eden space 31744K, 0% used [0x00000000eab00000,0x00000000eab00000,0x00000000eca00000)
  from space 5120K, 99% used [0x00000000eca00000,0x00000000ecef8bd0,0x00000000ecf00000)
  to   space 5120K, 0% used [0x00000000eee00000,0x00000000eee00000,0x00000000ef300000)
 ParOldGen       total 84992K, used 80K [0x00000000c0000000, 0x00000000c5300000, 0x00000000eab00000)
  object space 84992K, 0% used [0x00000000c0000000,0x00000000c0014358,0x00000000c5300000)
 Metaspace       used 5682K, capacity 6704K, committed 6784K, reserved 1056768K
  class space    used 570K, capacity 616K, committed 640K, reserved 1048576K
}
Event: 1.520 GC heap before
{Heap before GC invocations=2 (full 0):
 PSYoungGen      total 36864K, used 36834K [0x00000000eab00000, 0x00000000ef300000, 0x0000000100000000)
  eden space 31744K, 100% used [0x00000000eab00000,0x00000000eca00000,0x00000000eca00000)
  from space 5120K, 99% used [0x00000000eca00000,0x00000000ecef8bd0,0x00000000ecf00000)
  to   space 5120K, 0% used [0x00000000eee00000,0x00000000eee00000,0x00000000ef300000)
 ParOldGen       total 84992K, used 80K [0x00000000c0000000, 0x00000000c5300000, 0x00000000eab00000)
  object space 84992K, 0% used [0x00000000c0000000,0x00000000c0014358,0x00000000c5300000)
 Metaspace       used 5938K, capacity 6960K, committed 7040K, reserved 1056768K
  class space    used 574K, capacity 616K, committed 640K, reserved 1048576K
Event: 1.840 GC heap after
Heap after GC invocations=2 (full 0):
 PSYoungGen      total 68608K, used 5111K [0x00000000eab00000, 0x00000000ef300000, 0x0000000100000000)
  eden space 63488K, 0% used [0x00000000eab00000,0x00000000eab00000,0x00000000ee900000)
  from space 5120K, 99% used [0x00000000eee00000,0x00000000ef2fdc88,0x00000000ef300000)
  to   space 5120K, 0% used [0x00000000ee900000,0x00000000ee900000,0x00000000eee00000)
 ParOldGen       total 84992K, used 3086K [0x00000000c0000000, 0x00000000c5300000, 0x00000000eab00000)
  object space 84992K, 3% used [0x00000000c0000000,0x00000000c0303840,0x00000000c5300000)
 Metaspace       used 5938K, capacity 6960K, committed 7040K, reserved 1056768K
  class space    used 574K, capacity 616K, committed 640K, reserved 1048576K
}
Event: 2.290 GC heap before
{Heap before GC invocations=3 (full 0):
 PSYoungGen      total 68608K, used 68599K [0x00000000eab00000, 0x00000000ef300000, 0x0000000100000000)
  eden space 63488K, 100% used [0x00000000eab00000,0x00000000ee900000,0x00000000ee900000)
  from space 5120K, 99% used [0x00000000eee00000,0x00000000ef2fdc88,0x00000000ef300000)
  to   space 5120K, 0% used [0x00000000ee900000,0x00000000ee900000,0x00000000eee00000)
 ParOldGen       total 84992K, used 3086K [0x00000000c0000000, 0x00000000c5300000, 0x00000000eab00000)
  object space 84992K, 3% used [0x00000000c0000000,0x00000000c0303840,0x00000000c5300000)
 Metaspace       used 6204K, capacity 7090K, committed 7296K, reserved 1056768K
  class space    used 593K, capacity 618K, committed 640K, reserved 1048576K
Event: 2.516 GC heap after
Heap after GC invocations=3 (full 0):
 PSYoungGen      total 68608K, used 5094K [0x00000000eab00000, 0x00000000f3100000, 0x0000000100000000)
  eden space 63488K, 0% used [0x00000000eab00000,0x00000000eab00000,0x00000000ee900000)
  from space 5120K, 99% used [0x00000000ee900000,0x00000000eedf9860,0x00000000eee00000)
  to   space 5120K, 0% used [0x00000000f2c00000,0x00000000f2c00000,0x00000000f3100000)
 ParOldGen       total 84992K, used 12614K [0x00000000c0000000, 0x00000000c5300000, 0x00000000eab00000)
  object space 84992K, 14% used [0x00000000c0000000,0x00000000c0c518a8,0x00000000c5300000)
 Metaspace       used 6204K, capacity 7090K, committed 7296K, reserved 1056768K
  class space    used 593K, capacity 618K, committed 640K, reserved 1048576K
}

Deoptimization events (10 events):
Event: 2.052 Thread 0x0000000056a77800 Uncommon trap: reason=unstable_if action=reinterpret pc=0x0000000002c36128 method=com.android.dx.ssa.LiteralOpUpgrader$1.visitNonMoveInsn(Lcom/android/dx/ssa/NormalSsaInsn;)V @ 91
Event: 2.053 Thread 0x0000000056a77800 Uncommon trap: reason=unstable_if action=reinterpret pc=0x0000000002ab550c method=com.android.dx.ssa.SsaMethod.updateOneDefinition(Lcom/android/dx/ssa/SsaInsn;Lcom/android/dx/rop/code/RegisterSpec;)V @ 4
Event: 2.111 Thread 0x00000000569ec800 Uncommon trap: reason=bimorphic action=maybe_recompile pc=0x0000000002d81428 method=com.android.dx.cf.code.BytecodeArray.parseInstruction(ILcom/android/dx/cf/code/BytecodeArray$Visitor;)I @ 939
Event: 2.112 Thread 0x00000000569ec800 Uncommon trap: reason=bimorphic action=maybe_recompile pc=0x0000000002d81428 method=com.android.dx.cf.code.BytecodeArray.parseInstruction(ILcom/android/dx/cf/code/BytecodeArray$Visitor;)I @ 939
Event: 2.142 Thread 0x00000000569ec800 Uncommon trap: reason=unstable_if action=reinterpret pc=0x0000000002a9fcd8 method=java.util.HashMap.putVal(ILjava/lang/Object;Ljava/lang/Object;ZZ)Ljava/lang/Object; @ 162
Event: 2.146 Thread 0x00000000569ec800 Uncommon trap: reason=unstable_if action=reinterpret pc=0x0000000002ccbbac method=java.util.HashMap.getNode(ILjava/lang/Object;)Ljava/util/HashMap$Node; @ 84
Event: 2.198 Thread 0x00000000021be800 Uncommon trap: reason=bimorphic action=maybe_recompile pc=0x0000000002d81428 method=com.android.dx.cf.code.BytecodeArray.parseInstruction(ILcom/android/dx/cf/code/BytecodeArray$Visitor;)I @ 939
Event: 2.198 Thread 0x00000000021be800 Uncommon trap: reason=bimorphic action=maybe_recompile pc=0x0000000002d81428 method=com.android.dx.cf.code.BytecodeArray.parseInstruction(ILcom/android/dx/cf/code/BytecodeArray$Visitor;)I @ 939
Event: 2.235 Thread 0x0000000056a78800 Uncommon trap: reason=unstable_if action=reinterpret pc=0x0000000002cca8c0 method=java.util.HashMap.getNode(ILjava/lang/Object;)Ljava/util/HashMap$Node; @ 84
Event: 2.520 Thread 0x0000000056a8b800 Uncommon trap: reason=class_check action=maybe_recompile pc=0x0000000002aed34c method=java.util.HashMap.putVal(ILjava/lang/Object;Ljava/lang/Object;ZZ)Ljava/lang/Object; @ 203

Internal exceptions (6 events):
Event: 0.088 Thread 0x00000000021be800 Exception <a 'java/lang/NoSuchMethodError': Method sun.misc.Unsafe.defineClass(Ljava/lang/String;[BII)Ljava/lang/Class; name or signature does not match> (0x00000000eab07cc0) thrown at [C:\src\android\AOSP-openjdk\external\jetbrains\jdk\hotspot\src\share\v¿Ú½@‚¶?
Event: 0.088 Thread 0x00000000021be800 Exception <a 'java/lang/NoSuchMethodError': Method sun.misc.Unsafe.prefetchRead(Ljava/lang/Object;J)V name or signature does not match> (0x00000000eab07fa8) thrown at [C:\src\android\AOSP-openjdk\external\jetbrains\jdk\hotspot\src\share\vm\prims\jni.cpp, lØËÖž“å÷?
Event: 1.494 Thread 0x0000000056a8b800 Implicit null exception at 0x0000000002a9d612 to 0x0000000002a9d702
Event: 2.143 Thread 0x00000000569ec800 Exception <a 'java/lang/ArrayIndexOutOfBoundsException': 18> (0x00000000ed0acb98) thrown at [C:\src\android\AOSP-openjdk\external\jetbrains\jdk\hotspot\src\share\vm\interpreter\interpreterRuntime.cpp, line 366]
Event: 2.144 Thread 0x00000000569ec800 Exception <a 'java/lang/ArrayIndexOutOfBoundsException': 145> (0x00000000ed0ae718) thrown at [C:\src\android\AOSP-openjdk\external\jetbrains\jdk\hotspot\src\share\vm\interpreter\interpreterRuntime.cpp, line 366]
Event: 2.144 Thread 0x00000000569ec800 Exception <a 'java/lang/ArrayIndexOutOfBoundsException': 40> (0x00000000ed0afa00) thrown at [C:\src\android\AOSP-openjdk\external\jetbrains\jdk\hotspot\src\share\vm\interpreter\interpreterRuntime.cpp, line 366]

Events (10 events):
Event: 2.206 loading class com/android/dx/cf/attrib/AttConstantValue
Event: 2.206 loading class com/android/dx/cf/attrib/AttConstantValue done
Event: 2.235 Thread 0x0000000056a78800 Uncommon trap: trap_request=0xffffff65 fr.pc=0x0000000002cca8c0
Event: 2.235 Thread 0x0000000056a78800 DEOPT PACKING pc=0x0000000002cca8c0 sp=0x000000005916e970
Event: 2.235 Thread 0x0000000056a78800 DEOPT UNPACKING pc=0x000000000284556a sp=0x000000005916e8e8 mode 2
Event: 2.246 Executing VM operation: ParallelGCFailedAllocation
Event: 2.516 Executing VM operation: ParallelGCFailedAllocation done
Event: 2.520 Thread 0x0000000056a8b800 Uncommon trap: trap_request=0xffffffde fr.pc=0x0000000002aed34c
Event: 2.520 Thread 0x0000000056a8b800 DEOPT PACKING pc=0x0000000002aed34c sp=0x00000000596be720
Event: 2.520 Thread 0x0000000056a8b800 DEOPT UNPACKING pc=0x000000000284556a sp=0x00000000596be6a8 mode 2


Dynamic libraries:
0x000000013f0c0000 - 0x000000013f0f1000 	C:\Program Files\Android\Android Studio\jre\bin\java.exe
0x0000000077180000 - 0x0000000077329000 	C:\Windows\SYSTEM32\ntdll.dll
0x0000000077060000 - 0x000000007717f000 	C:\Windows\system32\kernel32.dll
0x000007fefd940000 - 0x000007fefd9ac000 	C:\Windows\system32\KERNELBASE.dll
0x000007feff3b0000 - 0x000007feff48b000 	C:\Windows\system32\ADVAPI32.dll
0x000007feff1a0000 - 0x000007feff23f000 	C:\Windows\system32\msvcrt.dll
0x000007fefed50000 - 0x000007fefed6f000 	C:\Windows\SYSTEM32\sechost.dll
0x000007fefec00000 - 0x000007fefed2d000 	C:\Windows\system32\RPCRT4.dll
0x0000000076f60000 - 0x000000007705a000 	C:\Windows\system32\USER32.dll
0x000007fefe9f0000 - 0x000007fefea57000 	C:\Windows\system32\GDI32.dll
0x000007fefed30000 - 0x000007fefed3e000 	C:\Windows\system32\LPK.dll
0x000007fefea90000 - 0x000007fefeb59000 	C:\Windows\system32\USP10.dll
0x000007fefbe40000 - 0x000007fefc034000 	C:\Windows\WinSxS\amd64_microsoft.windows.common-controls_6595b64144ccf1df_6.0.7601.17514_none_fa396087175ac9ac\COMCTL32.dll
0x000007fefeb80000 - 0x000007fefebf1000 	C:\Windows\system32\SHLWAPI.dll
0x000007fefea60000 - 0x000007fefea8e000 	C:\Windows\system32\IMM32.DLL
0x000007feff240000 - 0x000007feff349000 	C:\Windows\system32\MSCTF.dll
0x0000000061f00000 - 0x0000000061fd2000 	C:\Program Files\Android\Android Studio\jre\jre\bin\msvcr100.dll
0x000000005f4a0000 - 0x000000005fcd4000 	C:\Program Files\Android\Android Studio\jre\jre\bin\server\jvm.dll
0x000007feec580000 - 0x000007feec589000 	C:\Windows\system32\WSOCK32.dll
0x000007fefee50000 - 0x000007fefee9d000 	C:\Windows\system32\WS2_32.dll
0x000007fefed40000 - 0x000007fefed48000 	C:\Windows\system32\NSI.dll
0x000007fefaf00000 - 0x000007fefaf3b000 	C:\Windows\system32\WINMM.dll
0x000007fefc6e0000 - 0x000007fefc6ec000 	C:\Windows\system32\VERSION.dll
0x0000000077340000 - 0x0000000077347000 	C:\Windows\system32\PSAPI.DLL
0x000007fef83d0000 - 0x000007fef83df000 	C:\Program Files\Android\Android Studio\jre\jre\bin\verify.dll
0x000007fef82f0000 - 0x000007fef8319000 	C:\Program Files\Android\Android Studio\jre\jre\bin\java.dll
0x000007fef7780000 - 0x000007fef7796000 	C:\Program Files\Android\Android Studio\jre\jre\bin\zip.dll
0x000007fefd9b0000 - 0x000007fefe738000 	C:\Windows\system32\SHELL32.dll
0x000007fefe7e0000 - 0x000007fefe9e3000 	C:\Windows\system32\ole32.dll
0x000007fefd5e0000 - 0x000007fefd5ef000 	C:\Windows\system32\profapi.dll

VM Arguments:
jvm_args: -Djava.awt.headless=true -Xmx1024M -Dfile.encoding=windows-1252 -Duser.country=FR -Duser.language=fr -Duser.variant 
java_command: com.android.dx.command.Main --dex --force-jumbo --num-threads=4 --multi-dex --output C:\Users\rhakanjin.Newsco\Desktop\workspaceAndroid\friendzone\app\build\intermediates\transforms\dex\debug\folders\1000\10\com.google.android.gms-play-services-ads-10.0.1_1bd313799a94663aeafdc65fbc68ab259da00bec C:\Users\rhakanjin.Newsco\Desktop\workspaceAndroid\friendzone\app\build\intermediates\exploded-aar\com.google.android.gms\play-services-ads\10.0.1\jars\classes.jar
java_class_path (initial): C:\Users\rhakanjin.Newsco\AppData\Local\Android\sdk\build-tools\25.0.2\lib\dx.jar
Launcher Type: SUN_STANDARD

Environment Variables:



---------------  S Y S T E M  ---------------

OS: Windows 7 , 64 bit Build 7601 (6.1.7601.17651)

CPU:total 8 (4 cores per cpu, 2 threads per core) family 6 model 58 stepping 9, cmov, cx8, fxsr, mmx, sse, sse2, sse3, ssse3, sse4.1, sse4.2, popcnt, avx, aes, clmul, erms, ht, tsc, tscinvbit, tscinv

Memory: 4k page, physical 8063920k(529468k free), swap 12256372k(5092k free)

vm_info: OpenJDK 64-Bit Server VM (25.76-b03) for windows-amd64 JRE (1.8.0_76-release-b03), built on Jun 29 2016 19:09:20 by "ralucas" with MS VC++ 10.0 (VS2010)

time: Mon Feb 13 13:51:21 2017
elapsed time: 2 seconds (0d 0h 0m 2s)

