#
# There is insufficient memory for the Java Runtime Environment to continue.
# Native memory allocation (malloc) failed to allocate 46096 bytes for Chunk::new
# Possible reasons:
#   The system is out of physical RAM or swap space
#   In 32 bit mode, the process size limit was hit
# Possible solutions:
#   Reduce memory load on the system
#   Increase physical memory or swap space
#   Check if swap backing store is full
#   Use 64 bit Java on a 64 bit OS
#   Decrease Java heap size (-Xmx/-Xms)
#   Decrease number of Java threads
#   Decrease Java thread stack sizes (-Xss)
#   Set larger code cache with -XX:ReservedCodeCacheSize=
# This output file may be truncated or incomplete.
#
#  Out of Memory Error (allocation.cpp:390), pid=1080, tid=0x0000000000001fd8
#
# JRE version: OpenJDK Runtime Environment (8.0_76-b03) (build 1.8.0_76-release-b03)
# Java VM: OpenJDK 64-Bit Server VM (25.76-b03 mixed mode windows-amd64 compressed oops)
# Failed to write core dump. Minidumps are not enabled by default on client versions of Windows
#

---------------  T H R E A D  ---------------

Current thread (0x00000000156dd800):  JavaThread "C2 CompilerThread2" daemon [_thread_in_native, id=8152, stack(0x0000000018070000,0x0000000018170000)]

Stack: [0x0000000018070000,0x0000000018170000]
[error occurred during error reporting (printing stack bounds), id 0xc0000005]

Native frames: (J=compiled Java code, j=interpreted, Vv=VM code, C=native code)


Current CompileTask:
C2:    165  289       4       java.lang.String::equals (81 bytes)


---------------  P R O C E S S  ---------------

Java Threads: ( => current thread )
  0x000000001691d800 JavaThread "pool-2-thread-4" [_thread_blocked, id=3872, stack(0x0000000018f60000,0x0000000019060000)]
  0x0000000016910800 JavaThread "pool-2-thread-3" [_thread_in_Java, id=4620, stack(0x0000000018d40000,0x0000000018e40000)]
  0x000000001690b000 JavaThread "pool-2-thread-2" [_thread_blocked, id=8072, stack(0x0000000018350000,0x0000000018450000)]
  0x0000000016908000 JavaThread "pool-3-thread-1" [_thread_blocked, id=5300, stack(0x0000000018c00000,0x0000000018d00000)]
  0x0000000016905800 JavaThread "pool-2-thread-1" [_thread_in_Java, id=7124, stack(0x0000000018ad0000,0x0000000018bd0000)]
  0x00000000156df000 JavaThread "Service Thread" daemon [_thread_blocked, id=5324, stack(0x0000000018540000,0x0000000018640000)]
  0x00000000156de800 JavaThread "C1 CompilerThread3" daemon [_thread_in_native, id=8500, stack(0x0000000018250000,0x0000000018350000)]
=>0x00000000156dd800 JavaThread "C2 CompilerThread2" daemon [_thread_in_native, id=8152, stack(0x0000000018070000,0x0000000018170000)]
  0x00000000156db000 JavaThread "C2 CompilerThread1" daemon [_thread_blocked, id=9164, stack(0x0000000017f30000,0x0000000018030000)]
  0x000000001678c000 JavaThread "C2 CompilerThread0" daemon [_thread_blocked, id=7512, stack(0x0000000017ad0000,0x0000000017bd0000)]
  0x0000000016786800 JavaThread "Attach Listener" daemon [_thread_blocked, id=4700, stack(0x0000000017d80000,0x0000000017e80000)]
  0x0000000016784800 JavaThread "Signal Dispatcher" daemon [_thread_blocked, id=7212, stack(0x0000000017c10000,0x0000000017d10000)]
  0x00000000156cd800 JavaThread "Finalizer" daemon [_thread_blocked, id=8904, stack(0x00000000177f0000,0x00000000178f0000)]
  0x00000000156c4800 JavaThread "Reference Handler" daemon [_thread_blocked, id=9192, stack(0x00000000178f0000,0x00000000179f0000)]
  0x000000000228e800 JavaThread "main" [_thread_blocked, id=7200, stack(0x0000000002490000,0x0000000002590000)]

Other Threads:
  0x0000000016730800 VMThread [stack: 0x00000000176f0000,0x00000000177f0000] [id=1504]
  0x0000000016809800 WatcherThread [stack: 0x0000000018720000,0x0000000018820000] [id=4708]

VM state:not at safepoint (normal execution)

VM Mutex/Monitor currently owned by a thread: None

Heap:
 PSYoungGen      total 36864K, used 8893K [0x00000000eab00000, 0x00000000ed400000, 0x0000000100000000)
  eden space 31744K, 28% used [0x00000000eab00000,0x00000000eb3af6e0,0x00000000eca00000)
  from space 5120K, 0% used [0x00000000ecf00000,0x00000000ecf00000,0x00000000ed400000)
  to   space 5120K, 0% used [0x00000000eca00000,0x00000000eca00000,0x00000000ecf00000)
 ParOldGen       total 84992K, used 0K [0x00000000c0000000, 0x00000000c5300000, 0x00000000eab00000)
  object space 84992K, 0% used [0x00000000c0000000,0x00000000c0000000,0x00000000c5300000)
 Metaspace       used 4752K, capacity 5872K, committed 6016K, reserved 1058816K
  class space    used 515K, capacity 552K, committed 640K, reserved 1048576K

Card table byte_map: [0x0000000011c20000,0x0000000011e30000] byte_map_base: 0x0000000011620000

Marking Bits: (ParMarkBitMap*) 0x00000000509a9d00
 Begin Bits: [0x0000000012ae0000, 0x0000000013ae0000)
 End Bits:   [0x0000000013ae0000, 0x0000000014ae0000)

Polling page: 0x0000000000340000

CodeCache: size=245760Kb used=1687Kb max_used=1687Kb free=244072Kb
 bounds [0x0000000002860000, 0x0000000002ad0000, 0x0000000011860000]
 total_blobs=556 nmethods=293 adapters=177
 compilation: enabled

Compilation events (10 events):
Event: 0.165 Thread 0x00000000156de800  276       3       java.util.ArrayList$Itr::hasNext (20 bytes)
Event: 0.165 Thread 0x00000000156de800 nmethod 276 0x00000000029f8f90 code [0x00000000029f9100, 0x00000000029f92d0]
Event: 0.165 Thread 0x000000001678c000 nmethod 290 0x00000000029f8d10 code [0x00000000029f8e40, 0x00000000029f8ed8]
Event: 0.165 Thread 0x00000000156de800  281       1       com.android.dx.rop.code.Rop::getOpcode (5 bytes)
Event: 0.165 Thread 0x00000000156de800 nmethod 281 0x00000000029f8a50 code [0x00000000029f8ba0, 0x00000000029f8cb0]
Event: 0.165 Thread 0x00000000156de800  285       1       com.android.dx.ssa.SsaRenamer::access$000 (5 bytes)
Event: 0.165 Thread 0x00000000156de800 nmethod 285 0x00000000029f8790 code [0x00000000029f88e0, 0x00000000029f89d0]
Event: 0.165 Thread 0x00000000156de800  284       1       com.android.dx.rop.code.RegisterSpec::getLocalItem (5 bytes)
Event: 0.165 Thread 0x00000000156de800 nmethod 284 0x00000000029f84d0 code [0x00000000029f8620, 0x00000000029f8730]
Event: 0.165 Thread 0x00000000156de800  277       1       com.android.dx.rop.code.Insn::getSources (5 bytes)

GC Heap History (0 events):
No events

Deoptimization events (1 events):
Event: 0.086 Thread 0x000000000228e800 Uncommon trap: reason=unstable_if action=reinterpret pc=0x00000000029a1284 method=java.lang.String.indexOf(II)I @ 49

Internal exceptions (2 events):
Event: 0.017 Thread 0x000000000228e800 Exception <a 'java/lang/NoSuchMethodError': Method sun.misc.Unsafe.defineClass(Ljava/lang/String;[BII)Ljava/lang/Class; name or signature does not match> (0x00000000eab07cc0) thrown at [C:\src\android\AOSP-openjdk\external\jetbrains\jdk\hotspot\src\share\vùä»†s§‘?
Event: 0.017 Thread 0x000000000228e800 Exception <a 'java/lang/NoSuchMethodError': Method sun.misc.Unsafe.prefetchRead(Ljava/lang/Object;J)V name or signature does not match> (0x00000000eab07fa8) thrown at [C:\src\android\AOSP-openjdk\external\jetbrains\jdk\hotspot\src\share\vm\prims\jni.cpp, l

Events (10 events):
Event: 0.163 loading class com/android/dx/ssa/SCCP
Event: 0.163 loading class com/android/dx/ssa/SCCP done
Event: 0.164 loading class com/android/dx/ssa/SsaMethod$2
Event: 0.164 loading class com/android/dx/ssa/SsaMethod$2 done
Event: 0.164 loading class com/android/dx/ssa/DeadCodeRemover
Event: 0.164 loading class com/android/dx/ssa/DeadCodeRemover done
Event: 0.164 loading class com/android/dx/ssa/SsaMethod$1
Event: 0.164 loading class com/android/dx/ssa/SsaMethod$1 done
Event: 0.165 loading class com/android/dx/ssa/DeadCodeRemover$NoSideEffectVisitor
Event: 0.165 loading class com/android/dx/ssa/DeadCodeRemover$NoSideEffectVisitor done


Dynamic libraries:
0x000000013fb80000 - 0x000000013fbb1000 	C:\Program Files\Android\Android Studio\jre\bin\java.exe
0x0000000077180000 - 0x0000000077329000 	C:\Windows\SYSTEM32\ntdll.dll
0x0000000077060000 - 0x000000007717f000 	C:\Windows\system32\kernel32.dll
0x000007fefd940000 - 0x000007fefd9ac000 	C:\Windows\system32\KERNELBASE.dll
0x000007feff3b0000 - 0x000007feff48b000 	C:\Windows\system32\ADVAPI32.dll
0x000007feff1a0000 - 0x000007feff23f000 	C:\Windows\system32\msvcrt.dll
0x000007fefed50000 - 0x000007fefed6f000 	C:\Windows\SYSTEM32\sechost.dll
0x000007fefec00000 - 0x000007fefed2d000 	C:\Windows\system32\RPCRT4.dll
0x0000000076f60000 - 0x000000007705a000 	C:\Windows\system32\USER32.dll
0x000007fefe9f0000 - 0x000007fefea57000 	C:\Windows\system32\GDI32.dll
0x000007fefed30000 - 0x000007fefed3e000 	C:\Windows\system32\LPK.dll
0x000007fefea90000 - 0x000007fefeb59000 	C:\Windows\system32\USP10.dll
0x000007fefbe40000 - 0x000007fefc034000 	C:\Windows\WinSxS\amd64_microsoft.windows.common-controls_6595b64144ccf1df_6.0.7601.17514_none_fa396087175ac9ac\COMCTL32.dll
0x000007fefeb80000 - 0x000007fefebf1000 	C:\Windows\system32\SHLWAPI.dll
0x000007fefea60000 - 0x000007fefea8e000 	C:\Windows\system32\IMM32.DLL
0x000007feff240000 - 0x000007feff349000 	C:\Windows\system32\MSCTF.dll
0x0000000065380000 - 0x0000000065452000 	C:\Program Files\Android\Android Studio\jre\jre\bin\msvcr100.dll
0x00000000501f0000 - 0x0000000050a24000 	C:\Program Files\Android\Android Studio\jre\jre\bin\server\jvm.dll
0x000007feec580000 - 0x000007feec589000 	C:\Windows\system32\WSOCK32.dll
0x000007fefee50000 - 0x000007fefee9d000 	C:\Windows\system32\WS2_32.dll
0x000007fefed40000 - 0x000007fefed48000 	C:\Windows\system32\NSI.dll
0x000007fefaf00000 - 0x000007fefaf3b000 	C:\Windows\system32\WINMM.dll
0x000007fefc6e0000 - 0x000007fefc6ec000 	C:\Windows\system32\VERSION.dll
0x0000000077340000 - 0x0000000077347000 	C:\Windows\system32\PSAPI.DLL
0x000007fef8e90000 - 0x000007fef8e9f000 	C:\Program Files\Android\Android Studio\jre\jre\bin\verify.dll
0x000007fef8440000 - 0x000007fef8469000 	C:\Program Files\Android\Android Studio\jre\jre\bin\java.dll
0x000007fef83f0000 - 0x000007fef8406000 	C:\Program Files\Android\Android Studio\jre\jre\bin\zip.dll
0x000007fefd9b0000 - 0x000007fefe738000 	C:\Windows\system32\SHELL32.dll
0x000007fefe7e0000 - 0x000007fefe9e3000 	C:\Windows\system32\ole32.dll
0x000007fefd5e0000 - 0x000007fefd5ef000 	C:\Windows\system32\profapi.dll

VM Arguments:
jvm_args: -Djava.awt.headless=true -Xmx1024M -Dfile.encoding=windows-1252 -Duser.country=FR -Duser.language=fr -Duser.variant 
java_command: com.android.dx.command.Main --dex --force-jumbo --num-threads=4 --multi-dex --output C:\Users\rhakanjin.Newsco\Desktop\workspaceAndroid\friendzone\app\build\intermediates\transforms\dex\debug\folders\1000\10\com.google.firebase-firebase-storage-common-10.0.1_c1c9b0129b68f693e54dc605db2096c08e6ce4af C:\Users\rhakanjin.Newsco\Desktop\workspaceAndroid\friendzone\app\build\intermediates\exploded-aar\com.google.firebase\firebase-storage-common\10.0.1\jars\classes.jar
java_class_path (initial): C:\Users\rhakanjin.Newsco\AppData\Local\Android\sdk\build-tools\25.0.2\lib\dx.jar
Launcher Type: SUN_STANDARD

Environment Variables:
PATH=c:\Program Files (x86)\Intel\iCLS Client\;c:\Program Files\Intel\iCLS Client\;C:\Windows\system32;C:\Windows;C:\Windows\System32\Wbem;C:\Windows\System32\WindowsPowerShell\v1.0\;c:\Program Files (x86)\Common Files\Roxio Shared\DLLShared\;c:\Program Files (x86)\Common Files\Roxio Shared\10.0\DLLShared\;C:\Program Files\Intel\Intel(R) Management Engine Components\DAL;C:\Program Files\Intel\Intel(R) Management Engine Components\IPT;C:\Program Files (x86)\Intel\Intel(R) Management Engine Components\DAL;C:\Program Files (x86)\Intel\Intel(R) Management Engine Components\IPT;C:\Program Files\nodejs\;C:\RailsInstaller\Ruby2.3.0\bin;c:\Program Files (x86)\Intel\iCLS Client\;c:\Program Files\Intel\iCLS Client\;C:\Windows\system32;C:\Windows;C:\Windows\System32\Wbem;C:\Windows\System32\WindowsPowerShell\v1.0\;c:\Program Files (x86)\Common Files\Roxio Shared\DLLShared\;c:\Program Files (x86)\Common Files\Roxio Shared\10.0\DLLShared\;C:\Program Files\Intel\Intel(R) Management Engine Components\DAL;C:\Program Files\Intel\Intel(R) Management Engine Components\IPT;C:\Program Files (x86)\Intel\Intel(R) Management Engine Components\DAL;C:\Program Files (x86)\Intel\Intel(R) Management Engine Components\IPT;C:\Users\rhakanjin.Newsco\AppData\Local\Programs\Git\cmd;C:\Users\rhakanjin.Newsco\AppData\Roaming\npm
USERNAME=rhakanjin
OS=Windows_NT
PROCESSOR_IDENTIFIER=Intel64 Family 6 Model 58 Stepping 9, GenuineIntel



---------------  S Y S T E M  ---------------

OS: Windows 7 , 64 bit Build 7601 (6.1.7601.17651)

CPU:total 8 (4 cores per cpu, 2 threads per core) family 6 model 58 stepping 9, cmov, cx8, fxsr, mmx, sse, sse2, sse3, ssse3, sse4.1, sse4.2, popcnt, avx, aes, clmul, erms, ht, tsc, tscinvbit, tscinv

Memory: 4k page, physical 8063920k(809648k free), swap 12256372k(5088k free)

vm_info: OpenJDK 64-Bit Server VM (25.76-b03) for windows-amd64 JRE (1.8.0_76-release-b03), built on Jun 29 2016 19:09:20 by "ralucas" with MS VC++ 10.0 (VS2010)

time: Thu Feb 16 11:37:48 2017
elapsed time: 0 seconds (0d 0h 0m 0s)

