#
# There is insufficient memory for the Java Runtime Environment to continue.
# Native memory allocation (malloc) failed to allocate 107536 bytes for Chunk::new
# Possible reasons:
#   The system is out of physical RAM or swap space
#   In 32 bit mode, the process size limit was hit
# Possible solutions:
#   Reduce memory load on the system
#   Increase physical memory or swap space
#   Check if swap backing store is full
#   Use 64 bit Java on a 64 bit OS
#   Decrease Java heap size (-Xmx/-Xms)
#   Decrease number of Java threads
#   Decrease Java thread stack sizes (-Xss)
#   Set larger code cache with -XX:ReservedCodeCacheSize=
# This output file may be truncated or incomplete.
#
#  Out of Memory Error (allocation.cpp:390), pid=8356, tid=0x00000000000017e8
#
# JRE version: OpenJDK Runtime Environment (8.0_76-b03) (build 1.8.0_76-release-b03)
# Java VM: OpenJDK 64-Bit Server VM (25.76-b03 mixed mode windows-amd64 compressed oops)
# Failed to write core dump. Minidumps are not enabled by default on client versions of Windows
#

---------------  T H R E A D  ---------------

Current thread (0x000000005574b000):  JavaThread "C2 CompilerThread1" daemon [_thread_in_native, id=6120, stack(0x0000000058010000,0x0000000058110000)]

Stack: [0x0000000058010000,0x0000000058110000]
[error occurred during error reporting (printing stack bounds), id 0xc0000005]

Native frames: (J=compiled Java code, j=interpreted, Vv=VM code, C=native code)


Current CompileTask:
C2:    566  589       4       com.android.dx.ssa.NormalSsaInsn::accept (25 bytes)


---------------  P R O C E S S  ---------------

Java Threads: ( => current thread )
  0x00000000569f9800 JavaThread "pool-2-thread-4" [_thread_blocked, id=5524, stack(0x0000000059010000,0x0000000059110000)]
  0x00000000569fb800 JavaThread "pool-2-thread-3" [_thread_blocked, id=3776, stack(0x0000000058ef0000,0x0000000058ff0000)]
  0x00000000569ae000 JavaThread "pool-2-thread-2" [_thread_blocked, id=9100, stack(0x0000000058cd0000,0x0000000058dd0000)]
  0x00000000569a3800 JavaThread "pool-3-thread-1" [_thread_blocked, id=6420, stack(0x0000000058a20000,0x0000000058b20000)]
  0x0000000056996000 JavaThread "pool-2-thread-1" [_thread_blocked, id=3516, stack(0x0000000058530000,0x0000000058630000)]
  0x000000005574f800 JavaThread "Service Thread" daemon [_thread_blocked, id=9052, stack(0x0000000058650000,0x0000000058750000)]
  0x000000005574e800 JavaThread "C1 CompilerThread3" daemon [_thread_in_native, id=4040, stack(0x00000000583d0000,0x00000000584d0000)]
  0x000000005574d800 JavaThread "C2 CompilerThread2" daemon [_thread_blocked, id=8740, stack(0x00000000581f0000,0x00000000582f0000)]
=>0x000000005574b000 JavaThread "C2 CompilerThread1" daemon [_thread_in_native, id=6120, stack(0x0000000058010000,0x0000000058110000)]
  0x00000000567fd800 JavaThread "C2 CompilerThread0" daemon [_thread_blocked, id=7300, stack(0x0000000057ee0000,0x0000000057fe0000)]
  0x00000000567f8000 JavaThread "Attach Listener" daemon [_thread_blocked, id=6104, stack(0x0000000057d20000,0x0000000057e20000)]
  0x00000000567f6800 JavaThread "Signal Dispatcher" daemon [_thread_blocked, id=6980, stack(0x0000000057b60000,0x0000000057c60000)]
  0x000000005573e000 JavaThread "Finalizer" daemon [_thread_blocked, id=6992, stack(0x00000000579d0000,0x0000000057ad0000)]
  0x0000000055737000 JavaThread "Reference Handler" daemon [_thread_blocked, id=6804, stack(0x0000000057710000,0x0000000057810000)]
  0x000000000227e800 JavaThread "main" [_thread_in_Java, id=8164, stack(0x0000000002550000,0x0000000002650000)]

Other Threads:
  0x000000005572e800 VMThread [stack: 0x00000000578c0000,0x00000000579c0000] [id=4976]
  0x0000000056889800 WatcherThread [stack: 0x0000000058820000,0x0000000058920000] [id=7572]

VM state:not at safepoint (normal execution)

VM Mutex/Monitor currently owned by a thread: None

Heap:
 PSYoungGen      total 36864K, used 14621K [0x00000000eab00000, 0x00000000ed400000, 0x0000000100000000)
  eden space 31744K, 46% used [0x00000000eab00000,0x00000000eb9474f0,0x00000000eca00000)
  from space 5120K, 0% used [0x00000000ecf00000,0x00000000ecf00000,0x00000000ed400000)
  to   space 5120K, 0% used [0x00000000eca00000,0x00000000eca00000,0x00000000ecf00000)
 ParOldGen       total 84992K, used 0K [0x00000000c0000000, 0x00000000c5300000, 0x00000000eab00000)
  object space 84992K, 0% used [0x00000000c0000000,0x00000000c0000000,0x00000000c5300000)
 Metaspace       used 5515K, capacity 6576K, committed 6784K, reserved 1056768K
  class space    used 568K, capacity 616K, committed 640K, reserved 1048576K

Card table byte_map: [0x0000000011ce0000,0x0000000011ef0000] byte_map_base: 0x00000000116e0000

Marking Bits: (ParMarkBitMap*) 0x000000005ab69d00
 Begin Bits: [0x0000000012b50000, 0x0000000013b50000)
 End Bits:   [0x0000000013b50000, 0x0000000014b50000)

Polling page: 0x0000000000140000

CodeCache: size=245760Kb used=2375Kb max_used=2382Kb free=243384Kb
 bounds [0x0000000002920000, 0x0000000002b90000, 0x0000000011920000]
 total_blobs=856 nmethods=589 adapters=181
 compilation: enabled

Compilation events (10 events):
Event: 0.551 Thread 0x000000005574e800  593       3       com.android.dx.cf.code.BaseMachine::clearArgs (56 bytes)
Event: 0.552 Thread 0x000000005574e800 nmethod 593 0x0000000002b6e110 code [0x0000000002b6e260, 0x0000000002b6e450]
Event: 0.552 Thread 0x000000005574e800  594       3       com.android.dx.rop.code.SourcePosition::<init> (50 bytes)
Event: 0.552 Thread 0x000000005574e800 nmethod 594 0x0000000002b6da50 code [0x0000000002b6dbe0, 0x0000000002b6df98]
Event: 0.552 Thread 0x000000005574e800  595       3       com.android.dx.cf.code.ConcreteMethod::makeSourcePosistion (21 bytes)
Event: 0.552 Thread 0x000000005574e800 nmethod 595 0x0000000002b6d510 code [0x0000000002b6d680, 0x0000000002b6d938]
Event: 0.552 Thread 0x000000005574e800  604       3       com.android.dx.cf.code.BaseMachine::storeResults (90 bytes)
Event: 0.552 Thread 0x00000000567fd800 nmethod 599 0x0000000002b6d050 code [0x0000000002b6d1a0, 0x0000000002b6d3b8]
Event: 0.553 Thread 0x000000005574e800 nmethod 604 0x0000000002b74710 code [0x0000000002b74900, 0x0000000002b75388]
Event: 0.553 Thread 0x000000005574e800  602   !   3       com.android.dx.cf.code.RopperMachine::run (1550 bytes)

GC Heap History (0 events):
No events

Deoptimization events (0 events):
No events

Internal exceptions (2 events):
Event: 0.125 Thread 0x000000000227e800 Exception <a 'java/lang/NoSuchMethodError': Method sun.misc.Unsafe.defineClass(Ljava/lang/String;[BII)Ljava/lang/Class; name or signature does not match> (0x00000000eab07cc0) thrown at [C:\src\android\AOSP-openjdk\external\jetbrains\jdk\hotspot\src\share\vµ—‚uqÀ?
Event: 0.125 Thread 0x000000000227e800 Exception <a 'java/lang/NoSuchMethodError': Method sun.misc.Unsafe.prefetchRead(Ljava/lang/Object;J)V name or signature does not match> (0x00000000eab07fa8) thrown at [C:\src\android\AOSP-openjdk\external\jetbrains\jdk\hotspot\src\share\vm\prims\jni.cpp, l

Events (10 events):
Event: 0.442 loading class java/io/PrintWriter
Event: 0.442 loading class java/io/PrintWriter done
Event: 0.443 loading class com/android/dx/dex/file/DebugInfoItem
Event: 0.443 loading class com/android/dx/dex/file/DebugInfoItem done
Event: 0.443 loading class com/android/dx/cf/code/SwitchList
Event: 0.443 loading class com/android/dx/cf/code/SwitchList done
Event: 0.451 loading class java/util/TreeMap$EntrySet
Event: 0.451 loading class java/util/TreeMap$EntrySet done
Event: 0.452 loading class java/util/TreeMap$EntryIterator
Event: 0.452 loading class java/util/TreeMap$EntryIterator done


Dynamic libraries:
0x000000013f110000 - 0x000000013f141000 	C:\Program Files\Android\Android Studio\jre\bin\java.exe
0x0000000077180000 - 0x0000000077329000 	C:\Windows\SYSTEM32\ntdll.dll
0x0000000077060000 - 0x000000007717f000 	C:\Windows\system32\kernel32.dll
0x000007fefd940000 - 0x000007fefd9ac000 	C:\Windows\system32\KERNELBASE.dll
0x000007feff3b0000 - 0x000007feff48b000 	C:\Windows\system32\ADVAPI32.dll
0x000007feff1a0000 - 0x000007feff23f000 	C:\Windows\system32\msvcrt.dll
0x000007fefed50000 - 0x000007fefed6f000 	C:\Windows\SYSTEM32\sechost.dll
0x000007fefec00000 - 0x000007fefed2d000 	C:\Windows\system32\RPCRT4.dll
0x0000000076f60000 - 0x000000007705a000 	C:\Windows\system32\USER32.dll
0x000007fefe9f0000 - 0x000007fefea57000 	C:\Windows\system32\GDI32.dll
0x000007fefed30000 - 0x000007fefed3e000 	C:\Windows\system32\LPK.dll
0x000007fefea90000 - 0x000007fefeb59000 	C:\Windows\system32\USP10.dll
0x000007fefbe40000 - 0x000007fefc034000 	C:\Windows\WinSxS\amd64_microsoft.windows.common-controls_6595b64144ccf1df_6.0.7601.17514_none_fa396087175ac9ac\COMCTL32.dll
0x000007fefeb80000 - 0x000007fefebf1000 	C:\Windows\system32\SHLWAPI.dll
0x000007fefea60000 - 0x000007fefea8e000 	C:\Windows\system32\IMM32.DLL
0x000007feff240000 - 0x000007feff349000 	C:\Windows\system32\MSCTF.dll
0x000000006f800000 - 0x000000006f8d2000 	C:\Program Files\Android\Android Studio\jre\jre\bin\msvcr100.dll
0x000000005a3b0000 - 0x000000005abe4000 	C:\Program Files\Android\Android Studio\jre\jre\bin\server\jvm.dll
0x000007feec580000 - 0x000007feec589000 	C:\Windows\system32\WSOCK32.dll
0x000007fefee50000 - 0x000007fefee9d000 	C:\Windows\system32\WS2_32.dll
0x000007fefed40000 - 0x000007fefed48000 	C:\Windows\system32\NSI.dll
0x000007fefaf00000 - 0x000007fefaf3b000 	C:\Windows\system32\WINMM.dll
0x000007fefc6e0000 - 0x000007fefc6ec000 	C:\Windows\system32\VERSION.dll
0x0000000077340000 - 0x0000000077347000 	C:\Windows\system32\PSAPI.DLL
0x000007fef8450000 - 0x000007fef845f000 	C:\Program Files\Android\Android Studio\jre\jre\bin\verify.dll
0x000007fef82f0000 - 0x000007fef8319000 	C:\Program Files\Android\Android Studio\jre\jre\bin\java.dll
0x000007fef83f0000 - 0x000007fef8406000 	C:\Program Files\Android\Android Studio\jre\jre\bin\zip.dll
0x000007fefd9b0000 - 0x000007fefe738000 	C:\Windows\system32\SHELL32.dll
0x000007fefe7e0000 - 0x000007fefe9e3000 	C:\Windows\system32\ole32.dll
0x000007fefd5e0000 - 0x000007fefd5ef000 	C:\Windows\system32\profapi.dll

VM Arguments:
jvm_args: -Djava.awt.headless=true -Xmx1024M -Dfile.encoding=windows-1252 -Duser.country=FR -Duser.language=fr -Duser.variant 
java_command: com.android.dx.command.Main --dex --force-jumbo --num-threads=4 --multi-dex --output C:\Users\rhakanjin.Newsco\Desktop\workspaceAndroid\friendzone\app\build\intermediates\transforms\dex\debug\folders\1000\10\com.google.android.gms-play-services-instantapps-10.0.1_cc7aacdee7dde757c23e625918dc2314579f763e C:\Users\rhakanjin.Newsco\Desktop\workspaceAndroid\friendzone\app\build\intermediates\exploded-aar\com.google.android.gms\play-services-instantapps\10.0.1\jars\classes.jar
java_class_path (initial): C:\Users\rhakanjin.Newsco\AppData\Local\Android\sdk\build-tools\25.0.2\lib\dx.jar
Launcher Type: SUN_STANDARD

Environment Variables:
PATH=c:\Program Files (x86)\Intel\iCLS Client\;c:\Program Files\Intel\iCLS Client\;C:\Windows\system32;C:\Windows;C:\Windows\System32\Wbem;C:\Windows\System32\WindowsPowerShell\v1.0\;c:\Program Files (x86)\Common Files\Roxio Shared\DLLShared\;c:\Program Files (x86)\Common Files\Roxio Shared\10.0\DLLShared\;C:\Program Files\Intel\Intel(R) Management Engine Components\DAL;C:\Program Files\Intel\Intel(R) Management Engine Components\IPT;C:\Program Files (x86)\Intel\Intel(R) Management Engine Components\DAL;C:\Program Files (x86)\Intel\Intel(R) Management Engine Components\IPT;C:\Program Files\nodejs\;C:\RailsInstaller\Ruby2.3.0\bin;c:\Program Files (x86)\Intel\iCLS Client\;c:\Program Files\Intel\iCLS Client\;C:\Windows\system32;C:\Windows;C:\Windows\System32\Wbem;C:\Windows\System32\WindowsPowerShell\v1.0\;c:\Program Files (x86)\Common Files\Roxio Shared\DLLShared\;c:\Program Files (x86)\Common Files\Roxio Shared\10.0\DLLShared\;C:\Program Files\Intel\Intel(R) Management Engine Components\DAL;C:\Program Files\Intel\Intel(R) Management Engine Components\IPT;C:\Program Files (x86)\Intel\Intel(R) Management Engine Components\DAL;C:\Program Files (x86)\Intel\Intel(R) Management Engine Components\IPT;C:\Users\rhakanjin.Newsco\AppData\Local\Programs\Git\cmd;C:\Users\rhakanjin.Newsco\AppData\Roaming\npm
USERNAME=rhakanjin
OS=Windows_NT
PROCESSOR_IDENTIFIER=Intel64 Family 6 Model 58 Stepping 9, GenuineIntel



---------------  S Y S T E M  ---------------

OS: Windows 7 , 64 bit Build 7601 (6.1.7601.17651)

CPU:total 8 (4 cores per cpu, 2 threads per core) family 6 model 58 stepping 9, cmov, cx8, fxsr, mmx, sse, sse2, sse3, ssse3, sse4.1, sse4.2, popcnt, avx, aes, clmul, erms, ht, tsc, tscinvbit, tscinv

Memory: 4k page, physical 8063920k(702232k free), swap 12256372k(5124k free)

vm_info: OpenJDK 64-Bit Server VM (25.76-b03) for windows-amd64 JRE (1.8.0_76-release-b03), built on Jun 29 2016 19:09:20 by "ralucas" with MS VC++ 10.0 (VS2010)

time: Tue Feb 14 15:33:46 2017
elapsed time: 0 seconds (0d 0h 0m 0s)

