#
# There is insufficient memory for the Java Runtime Environment to continue.
# Native memory allocation (malloc) failed to allocate 238096 bytes for Chunk::new
# Possible reasons:
#   The system is out of physical RAM or swap space
#   In 32 bit mode, the process size limit was hit
# Possible solutions:
#   Reduce memory load on the system
#   Increase physical memory or swap space
#   Check if swap backing store is full
#   Use 64 bit Java on a 64 bit OS
#   Decrease Java heap size (-Xmx/-Xms)
#   Decrease number of Java threads
#   Decrease Java thread stack sizes (-Xss)
#   Set larger code cache with -XX:ReservedCodeCacheSize=
# This output file may be truncated or incomplete.
#
#  Out of Memory Error (allocation.cpp:390), pid=7592, tid=0x00000000000018bc
#
# JRE version: OpenJDK Runtime Environment (8.0_76-b03) (build 1.8.0_76-release-b03)
# Java VM: OpenJDK 64-Bit Server VM (25.76-b03 mixed mode windows-amd64 compressed oops)
# Failed to write core dump. Minidumps are not enabled by default on client versions of Windows
#

---------------  T H R E A D  ---------------

Current thread (0x0000000056886000):  JavaThread "C2 CompilerThread0" daemon [_thread_in_native, id=6332, stack(0x00000000580f0000,0x00000000581f0000)]

Stack: [0x00000000580f0000,0x00000000581f0000]
[error occurred during error reporting (printing stack bounds), id 0xc0000005]

Native frames: (J=compiled Java code, j=interpreted, Vv=VM code, C=native code)


Current CompileTask:
C2:    455  654       4       com.android.dx.ssa.SsaBasicBlock::forEachInsn (37 bytes)


---------------  P R O C E S S  ---------------

Java Threads: ( => current thread )
  0x0000000056a68000 JavaThread "pool-2-thread-4" [_thread_blocked, id=6120, stack(0x0000000059010000,0x0000000059110000)]
  0x0000000056a50000 JavaThread "pool-2-thread-3" [_thread_blocked, id=7300, stack(0x0000000058e40000,0x0000000058f40000)]
  0x0000000056a4d000 JavaThread "pool-2-thread-2" [_thread_in_Java, id=6104, stack(0x0000000058c80000,0x0000000058d80000)]
  0x0000000056a47000 JavaThread "pool-3-thread-1" [_thread_blocked, id=9160, stack(0x00000000589c0000,0x0000000058ac0000)]
  0x0000000056a45000 JavaThread "pool-2-thread-1" [_thread_in_vm, id=6980, stack(0x0000000058560000,0x0000000058660000)]
  0x0000000056918800 JavaThread "Service Thread" daemon [_thread_blocked, id=2668, stack(0x00000000586b0000,0x00000000587b0000)]
  0x00000000568e2000 JavaThread "C1 CompilerThread3" daemon [_thread_in_vm, id=5424, stack(0x00000000583f0000,0x00000000584f0000)]
  0x00000000568e1000 JavaThread "C2 CompilerThread2" daemon [_thread_in_native, id=7924, stack(0x0000000058280000,0x0000000058380000)]
  0x0000000056890000 JavaThread "C2 CompilerThread1" daemon [_thread_in_native, id=8196, stack(0x0000000057c40000,0x0000000057d40000)]
=>0x0000000056886000 JavaThread "C2 CompilerThread0" daemon [_thread_in_native, id=6332, stack(0x00000000580f0000,0x00000000581f0000)]
  0x0000000056880800 JavaThread "Attach Listener" daemon [_thread_blocked, id=5612, stack(0x0000000057f90000,0x0000000058090000)]
  0x000000005687f000 JavaThread "Signal Dispatcher" daemon [_thread_blocked, id=1344, stack(0x0000000057db0000,0x0000000057eb0000)]
  0x00000000557c8000 JavaThread "Finalizer" daemon [_thread_blocked, id=4220, stack(0x0000000057ad0000,0x0000000057bd0000)]
  0x00000000557c4800 JavaThread "Reference Handler" daemon [_thread_blocked, id=8880, stack(0x0000000057780000,0x0000000057880000)]
  0x00000000022ee800 JavaThread "main" [_thread_in_Java, id=4976, stack(0x00000000025f0000,0x00000000026f0000)]

Other Threads:
  0x0000000056830800 VMThread [stack: 0x0000000057920000,0x0000000057a20000] [id=8320]
  0x000000005691d000 WatcherThread [stack: 0x0000000058890000,0x0000000058990000] [id=8176]

VM state:not at safepoint (normal execution)

VM Mutex/Monitor currently owned by a thread: None

Heap:
 PSYoungGen      total 36864K, used 16155K [0x00000000eab00000, 0x00000000ed400000, 0x0000000100000000)
  eden space 31744K, 50% used [0x00000000eab00000,0x00000000ebac6e88,0x00000000eca00000)
  from space 5120K, 0% used [0x00000000ecf00000,0x00000000ecf00000,0x00000000ed400000)
  to   space 5120K, 0% used [0x00000000eca00000,0x00000000eca00000,0x00000000ecf00000)
 ParOldGen       total 84992K, used 0K [0x00000000c0000000, 0x00000000c5300000, 0x00000000eab00000)
  object space 84992K, 0% used [0x00000000c0000000,0x00000000c0000000,0x00000000c5300000)
 Metaspace       used 5606K, capacity 6640K, committed 6784K, reserved 1056768K
  class space    used 571K, capacity 616K, committed 640K, reserved 1048576K

Card table byte_map: [0x0000000011d80000,0x0000000011f90000] byte_map_base: 0x0000000011780000

Marking Bits: (ParMarkBitMap*) 0x000000005ab69d00
 Begin Bits: [0x0000000012be0000, 0x0000000013be0000)
 End Bits:   [0x0000000013be0000, 0x0000000014be0000)

Polling page: 0x0000000000140000

CodeCache: size=245760Kb used=2715Kb max_used=2726Kb free=243044Kb
 bounds [0x00000000029c0000, 0x0000000002c70000, 0x00000000119c0000]
 total_blobs=947 nmethods=680 adapters=181
 compilation: enabled

Compilation events (10 events):
Event: 0.453 Thread 0x00000000568e2000 nmethod 650 0x0000000002c66a50 code [0x0000000002c66ba0, 0x0000000002c66c90]
Event: 0.453 Thread 0x00000000568e2000  686       3       com.android.dx.rop.type.Type::isReference (15 bytes)
Event: 0.454 Thread 0x00000000568e2000 nmethod 686 0x0000000002c66d10 code [0x0000000002c66e60, 0x0000000002c67010]
Event: 0.454 Thread 0x00000000568e2000  687       3       com.android.dx.ssa.SsaBasicBlock::<init> (109 bytes)
Event: 0.454 Thread 0x00000000568e2000 nmethod 687 0x0000000002c67090 code [0x0000000002c67280, 0x0000000002c67c68]
Event: 0.454 Thread 0x00000000568e2000  691       3       com.android.dx.ssa.SsaBasicBlock::addDomChild (10 bytes)
Event: 0.454 Thread 0x00000000568e2000 nmethod 691 0x0000000002c68150 code [0x0000000002c68300, 0x0000000002c68888]
Event: 0.454 Thread 0x00000000568e2000  692       3       com.android.dx.ssa.SetFactory::makeDomFrontSet (26 bytes)
Event: 0.455 Thread 0x00000000568e2000 nmethod 692 0x0000000002c68b90 code [0x0000000002c68d20, 0x0000000002c69128]
Event: 0.455 Thread 0x00000000568e2000  689       3       com.android.dx.ssa.LocalVariableInfo::mergeStarts (59 bytes)

GC Heap History (0 events):
No events

Deoptimization events (2 events):
Event: 0.394 Thread 0x00000000022ee800 Uncommon trap: reason=unstable_if action=reinterpret pc=0x0000000002bb6850 method=java.util.HashMap.getNode(ILjava/lang/Object;)Ljava/util/HashMap$Node; @ 62
Event: 0.428 Thread 0x0000000056a45000 Uncommon trap: reason=unstable_if action=reinterpret pc=0x0000000002bf52a0 method=java.util.BitSet.nextSetBit(I)I @ 87

Internal exceptions (2 events):
Event: 0.034 Thread 0x00000000022ee800 Exception <a 'java/lang/NoSuchMethodError': Method sun.misc.Unsafe.defineClass(Ljava/lang/String;[BII)Ljava/lang/Class; name or signature does not match> (0x00000000eab07cc0) thrown at [C:\src\android\AOSP-openjdk\external\jetbrains\jdk\hotspot\src\share\vr*ÎQ–¡?
Event: 0.034 Thread 0x00000000022ee800 Exception <a 'java/lang/NoSuchMethodError': Method sun.misc.Unsafe.prefetchRead(Ljava/lang/Object;J)V name or signature does not match> (0x00000000eab07fa8) thrown at [C:\src\android\AOSP-openjdk\external\jetbrains\jdk\hotspot\src\share\vm\prims\jni.cpp, l

Events (10 events):
Event: 0.394 loading class java/util/HashMap$Values done
Event: 0.394 loading class java/util/HashMap$ValueIterator
Event: 0.394 loading class java/util/HashMap$ValueIterator done
Event: 0.428 Thread 0x0000000056a45000 Uncommon trap: trap_request=0xffffff65 fr.pc=0x0000000002bf52a0
Event: 0.428 Thread 0x0000000056a45000 DEOPT PACKING pc=0x0000000002bf52a0 sp=0x000000005865ecd0
Event: 0.428 Thread 0x0000000056a45000 DEOPT UNPACKING pc=0x0000000002a0556a sp=0x000000005865ec68 mode 2
Event: 0.429 loading class com/android/dx/rop/code/LocalItem
Event: 0.429 loading class com/android/dx/rop/code/LocalItem done
Event: 0.432 loading class java/util/ArrayList$1
Event: 0.432 loading class java/util/ArrayList$1 done


Dynamic libraries:
0x000000013f3d0000 - 0x000000013f401000 	C:\Program Files\Android\Android Studio\jre\bin\java.exe
0x0000000077180000 - 0x0000000077329000 	C:\Windows\SYSTEM32\ntdll.dll
0x0000000077060000 - 0x000000007717f000 	C:\Windows\system32\kernel32.dll
0x000007fefd940000 - 0x000007fefd9ac000 	C:\Windows\system32\KERNELBASE.dll
0x000007feff3b0000 - 0x000007feff48b000 	C:\Windows\system32\ADVAPI32.dll
0x000007feff1a0000 - 0x000007feff23f000 	C:\Windows\system32\msvcrt.dll
0x000007fefed50000 - 0x000007fefed6f000 	C:\Windows\SYSTEM32\sechost.dll
0x000007fefec00000 - 0x000007fefed2d000 	C:\Windows\system32\RPCRT4.dll
0x0000000076f60000 - 0x000000007705a000 	C:\Windows\system32\USER32.dll
0x000007fefe9f0000 - 0x000007fefea57000 	C:\Windows\system32\GDI32.dll
0x000007fefed30000 - 0x000007fefed3e000 	C:\Windows\system32\LPK.dll
0x000007fefea90000 - 0x000007fefeb59000 	C:\Windows\system32\USP10.dll
0x000007fefbe40000 - 0x000007fefc034000 	C:\Windows\WinSxS\amd64_microsoft.windows.common-controls_6595b64144ccf1df_6.0.7601.17514_none_fa396087175ac9ac\COMCTL32.dll
0x000007fefeb80000 - 0x000007fefebf1000 	C:\Windows\system32\SHLWAPI.dll
0x000007fefea60000 - 0x000007fefea8e000 	C:\Windows\system32\IMM32.DLL
0x000007feff240000 - 0x000007feff349000 	C:\Windows\system32\MSCTF.dll
0x000000006ffa0000 - 0x0000000070072000 	C:\Program Files\Android\Android Studio\jre\jre\bin\msvcr100.dll
0x000000005a3b0000 - 0x000000005abe4000 	C:\Program Files\Android\Android Studio\jre\jre\bin\server\jvm.dll
0x000007feec580000 - 0x000007feec589000 	C:\Windows\system32\WSOCK32.dll
0x000007fefee50000 - 0x000007fefee9d000 	C:\Windows\system32\WS2_32.dll
0x000007fefed40000 - 0x000007fefed48000 	C:\Windows\system32\NSI.dll
0x000007fefaf00000 - 0x000007fefaf3b000 	C:\Windows\system32\WINMM.dll
0x000007fefc6e0000 - 0x000007fefc6ec000 	C:\Windows\system32\VERSION.dll
0x0000000077340000 - 0x0000000077347000 	C:\Windows\system32\PSAPI.DLL
0x000007fef8450000 - 0x000007fef845f000 	C:\Program Files\Android\Android Studio\jre\jre\bin\verify.dll
0x000007fef82f0000 - 0x000007fef8319000 	C:\Program Files\Android\Android Studio\jre\jre\bin\java.dll
0x000007fef83f0000 - 0x000007fef8406000 	C:\Program Files\Android\Android Studio\jre\jre\bin\zip.dll
0x000007fefd9b0000 - 0x000007fefe738000 	C:\Windows\system32\SHELL32.dll
0x000007fefe7e0000 - 0x000007fefe9e3000 	C:\Windows\system32\ole32.dll
0x000007fefd5e0000 - 0x000007fefd5ef000 	C:\Windows\system32\profapi.dll

VM Arguments:
jvm_args: -Djava.awt.headless=true -Xmx1024M -Dfile.encoding=windows-1252 -Duser.country=FR -Duser.language=fr -Duser.variant 
java_command: com.android.dx.command.Main --dex --force-jumbo --num-threads=4 --multi-dex --output C:\Users\rhakanjin.Newsco\Desktop\workspaceAndroid\friendzone\app\build\intermediates\transforms\dex\debug\folders\1000\10\com.google.android.gms-play-services-instantapps-10.0.1_cc7aacdee7dde757c23e625918dc2314579f763e C:\Users\rhakanjin.Newsco\Desktop\workspaceAndroid\friendzone\app\build\intermediates\exploded-aar\com.google.android.gms\play-services-instantapps\10.0.1\jars\classes.jar
java_class_path (initial): C:\Users\rhakanjin.Newsco\AppData\Local\Android\sdk\build-tools\25.0.2\lib\dx.jar
Launcher Type: SUN_STANDARD

Environment Variables:
PATH=c:\Program Files (x86)\Intel\iCLS Client\;c:\Program Files\Intel\iCLS Client\;C:\Windows\system32;C:\Windows;C:\Windows\System32\Wbem;C:\Windows\System32\WindowsPowerShell\v1.0\;c:\Program Files (x86)\Common Files\Roxio Shared\DLLShared\;c:\Program Files (x86)\Common Files\Roxio Shared\10.0\DLLShared\;C:\Program Files\Intel\Intel(R) Management Engine Components\DAL;C:\Program Files\Intel\Intel(R) Management Engine Components\IPT;C:\Program Files (x86)\Intel\Intel(R) Management Engine Components\DAL;C:\Program Files (x86)\Intel\Intel(R) Management Engine Components\IPT;C:\Program Files\nodejs\;C:\RailsInstaller\Ruby2.3.0\bin;c:\Program Files (x86)\Intel\iCLS Client\;c:\Program Files\Intel\iCLS Client\;C:\Windows\system32;C:\Windows;C:\Windows\System32\Wbem;C:\Windows\System32\WindowsPowerShell\v1.0\;c:\Program Files (x86)\Common Files\Roxio Shared\DLLShared\;c:\Program Files (x86)\Common Files\Roxio Shared\10.0\DLLShared\;C:\Program Files\Intel\Intel(R) Management Engine Components\DAL;C:\Program Files\Intel\Intel(R) Management Engine Components\IPT;C:\Program Files (x86)\Intel\Intel(R) Management Engine Components\DAL;C:\Program Files (x86)\Intel\Intel(R) Management Engine Components\IPT;C:\Users\rhakanjin.Newsco\AppData\Local\Programs\Git\cmd;C:\Users\rhakanjin.Newsco\AppData\Roaming\npm
USERNAME=rhakanjin
OS=Windows_NT
PROCESSOR_IDENTIFIER=Intel64 Family 6 Model 58 Stepping 9, GenuineIntel



---------------  S Y S T E M  ---------------

OS: Windows 7 , 64 bit Build 7601 (6.1.7601.17651)

CPU:total 8 (4 cores per cpu, 2 threads per core) family 6 model 58 stepping 9, cmov, cx8, fxsr, mmx, sse, sse2, sse3, ssse3, sse4.1, sse4.2, popcnt, avx, aes, clmul, erms, ht, tsc, tscinvbit, tscinv

Memory: 4k page, physical 8063920k(654148k free), swap 12256372k(4188k free)

vm_info: OpenJDK 64-Bit Server VM (25.76-b03) for windows-amd64 JRE (1.8.0_76-release-b03), built on Jun 29 2016 19:09:20 by "ralucas" with MS VC++ 10.0 (VS2010)

time: Tue Feb 14 15:31:40 2017
elapsed time: 0 seconds (0d 0h 0m 0s)

