#
# There is insufficient memory for the Java Runtime Environment to continue.
# Native memory allocation (malloc) failed to allocate 903296 bytes for Chunk::new
# Possible reasons:
#   The system is out of physical RAM or swap space
#   In 32 bit mode, the process size limit was hit
# Possible solutions:
#   Reduce memory load on the system
#   Increase physical memory or swap space
#   Check if swap backing store is full
#   Use 64 bit Java on a 64 bit OS
#   Decrease Java heap size (-Xmx/-Xms)
#   Decrease number of Java threads
#   Decrease Java thread stack sizes (-Xss)
#   Set larger code cache with -XX:ReservedCodeCacheSize=
# This output file may be truncated or incomplete.
#
#  Out of Memory Error (allocation.cpp:390), pid=5704, tid=0x00000000000007d4
#
# JRE version: OpenJDK Runtime Environment (8.0_76-b03) (build 1.8.0_76-release-b03)
# Java VM: OpenJDK 64-Bit Server VM (25.76-b03 mixed mode windows-amd64 compressed oops)
# Failed to write core dump. Minidumps are not enabled by default on client versions of Windows
#

---------------  T H R E A D  ---------------

Current thread (0x0000000056706800):  JavaThread "C2 CompilerThread1" daemon [_thread_in_native, id=2004, stack(0x0000000057fb0000,0x00000000580b0000)]

Stack: [0x0000000057fb0000,0x00000000580b0000]
[error occurred during error reporting (printing stack bounds), id 0xc0000005]

Native frames: (J=compiled Java code, j=interpreted, Vv=VM code, C=native code)


Current CompileTask:
C2:   5562 1872       4       com.android.dx.cf.code.Simulator$SimVisitor::visitConstant (332 bytes)


---------------  P R O C E S S  ---------------

Java Threads: ( => current thread )
  0x00000000587e6800 JavaThread "pool-2-thread-4" [_thread_blocked, id=8204, stack(0x0000000059450000,0x0000000059550000)]
  0x00000000587e3000 JavaThread "pool-2-thread-3" [_thread_blocked, id=7716, stack(0x00000000591d0000,0x00000000592d0000)]
  0x00000000587e2800 JavaThread "pool-2-thread-2" [_thread_blocked, id=8984, stack(0x00000000592e0000,0x00000000593e0000)]
  0x00000000588ef800 JavaThread "pool-3-thread-1" [_thread_blocked, id=8728, stack(0x0000000057b60000,0x0000000057c60000)]
  0x00000000588a1000 JavaThread "pool-2-thread-1" [_thread_in_Java, id=6212, stack(0x0000000059020000,0x0000000059120000)]
  0x000000005677f000 JavaThread "Service Thread" daemon [_thread_blocked, id=8408, stack(0x00000000584a0000,0x00000000585a0000)]
  0x000000005670e800 JavaThread "C1 CompilerThread3" daemon [_thread_blocked, id=6848, stack(0x00000000582b0000,0x00000000583b0000)]
  0x0000000056709000 JavaThread "C2 CompilerThread2" daemon [_thread_in_native, id=7304, stack(0x0000000058110000,0x0000000058210000)]
=>0x0000000056706800 JavaThread "C2 CompilerThread1" daemon [_thread_in_native, id=2004, stack(0x0000000057fb0000,0x00000000580b0000)]
  0x0000000056704000 JavaThread "C2 CompilerThread0" daemon [_thread_in_native, id=7344, stack(0x0000000057e50000,0x0000000057f50000)]
  0x00000000566fe800 JavaThread "Attach Listener" daemon [_thread_blocked, id=6408, stack(0x00000000578e0000,0x00000000579e0000)]
  0x00000000566fd000 JavaThread "Signal Dispatcher" daemon [_thread_blocked, id=3856, stack(0x0000000057c60000,0x0000000057d60000)]
  0x0000000055755800 JavaThread "Finalizer" daemon [_thread_blocked, id=8160, stack(0x00000000579e0000,0x0000000057ae0000)]
  0x0000000055754800 JavaThread "Reference Handler" daemon [_thread_blocked, id=4680, stack(0x00000000576a0000,0x00000000577a0000)]
  0x000000000016e800 JavaThread "main" [_thread_blocked, id=8008, stack(0x0000000002580000,0x0000000002680000)]

Other Threads:
  0x00000000566b0800 VMThread [stack: 0x00000000577c0000,0x00000000578c0000] [id=8364]
  0x000000005678b000 WatcherThread [stack: 0x00000000586b0000,0x00000000587b0000] [id=9164]

VM state:not at safepoint (normal execution)

VM Mutex/Monitor currently owned by a thread: None

Heap:
 PSYoungGen      total 68608K, used 51497K [0x00000000eab00000, 0x00000000ef300000, 0x0000000100000000)
  eden space 63488K, 73% used [0x00000000eab00000,0x00000000ed850a00,0x00000000ee900000)
  from space 5120K, 99% used [0x00000000eee00000,0x00000000ef2f9c78,0x00000000ef300000)
  to   space 5120K, 0% used [0x00000000ee900000,0x00000000ee900000,0x00000000eee00000)
 ParOldGen       total 84992K, used 2699K [0x00000000c0000000, 0x00000000c5300000, 0x00000000eab00000)
  object space 84992K, 3% used [0x00000000c0000000,0x00000000c02a2ca0,0x00000000c5300000)
 Metaspace       used 6091K, capacity 7152K, committed 7296K, reserved 1056768K
  class space    used 566K, capacity 616K, committed 640K, reserved 1048576K

Card table byte_map: [0x0000000011d10000,0x0000000011f20000] byte_map_base: 0x0000000011710000

Marking Bits: (ParMarkBitMap*) 0x000000005fc59d00
 Begin Bits: [0x0000000012b70000, 0x0000000013b70000)
 End Bits:   [0x0000000013b70000, 0x0000000014b70000)

Polling page: 0x0000000000140000

CodeCache: size=245760Kb used=8369Kb max_used=8385Kb free=237390Kb
 bounds [0x0000000002950000, 0x0000000003190000, 0x0000000011950000]
 total_blobs=2136 nmethods=1873 adapters=176
 compilation: enabled

Compilation events (10 events):
Event: 5.470 Thread 0x0000000056704000 1873       4       java.util.RegularEnumSet::contains (57 bytes)
Event: 5.471 Thread 0x0000000056704000 nmethod 1873 0x00000000031639d0 code [0x0000000003163b20, 0x0000000003163bf8]
Event: 5.492 Thread 0x0000000056709000 1874       4       com.android.dx.dex.code.CstInsn::<init> (39 bytes)
Event: 5.492 Thread 0x0000000056704000 1875       4       com.android.dx.cf.code.Merger::mergeType (142 bytes)
Event: 5.493 Thread 0x0000000056709000 nmethod 1874 0x000000000317dbd0 code [0x000000000317dd20, 0x000000000317de58]
Event: 5.493 Thread 0x0000000056709000 1876 %     4       com.android.dx.ssa.Dominators::run @ 89 (506 bytes)
Event: 5.497 Thread 0x0000000056704000 nmethod 1875 0x0000000003164a90 code [0x0000000003164c60, 0x00000000031650e0]
Event: 5.497 Thread 0x0000000056704000 1877       4       com.android.dx.ssa.SsaConverter::placePhiFunctions (394 bytes)
Event: 5.537 Thread 0x0000000056709000 nmethod 1876% 0x00000000031854d0 code [0x0000000003185700, 0x0000000003186b78]
Event: 5.560 Thread 0x0000000056709000 1878 %     4       com.android.dx.ssa.back.IdenticalBlockCombiner::process @ 79 (323 bytes)

GC Heap History (4 events):
Event: 1.440 GC heap before
{Heap before GC invocations=1 (full 0):
 PSYoungGen      total 36864K, used 31744K [0x00000000eab00000, 0x00000000ed400000, 0x0000000100000000)
  eden space 31744K, 100% used [0x00000000eab00000,0x00000000eca00000,0x00000000eca00000)
  from space 5120K, 0% used [0x00000000ecf00000,0x00000000ecf00000,0x00000000ed400000)
  to   space 5120K, 0% used [0x00000000eca00000,0x00000000eca00000,0x00000000ecf00000)
 ParOldGen       total 84992K, used 0K [0x00000000c0000000, 0x00000000c5300000, 0x00000000eab00000)
  object space 84992K, 0% used [0x00000000c0000000,0x00000000c0000000,0x00000000c5300000)
 Metaspace       used 5735K, capacity 6896K, committed 7040K, reserved 1056768K
  class space    used 561K, capacity 616K, committed 640K, reserved 1048576K
Event: 1.576 GC heap after
Heap after GC invocations=1 (full 0):
 PSYoungGen      total 36864K, used 4740K [0x00000000eab00000, 0x00000000ef300000, 0x0000000100000000)
  eden space 31744K, 0% used [0x00000000eab00000,0x00000000eab00000,0x00000000eca00000)
  from space 5120K, 92% used [0x00000000eca00000,0x00000000ecea10e8,0x00000000ecf00000)
  to   space 5120K, 0% used [0x00000000eee00000,0x00000000eee00000,0x00000000ef300000)
 ParOldGen       total 84992K, used 0K [0x00000000c0000000, 0x00000000c5300000, 0x00000000eab00000)
  object space 84992K, 0% used [0x00000000c0000000,0x00000000c0000000,0x00000000c5300000)
 Metaspace       used 5735K, capacity 6896K, committed 7040K, reserved 1056768K
  class space    used 561K, capacity 616K, committed 640K, reserved 1048576K
}
Event: 2.857 GC heap before
{Heap before GC invocations=2 (full 0):
 PSYoungGen      total 36864K, used 36439K [0x00000000eab00000, 0x00000000ef300000, 0x0000000100000000)
  eden space 31744K, 99% used [0x00000000eab00000,0x00000000ec9f4f10,0x00000000eca00000)
  from space 5120K, 92% used [0x00000000eca00000,0x00000000ecea10e8,0x00000000ecf00000)
  to   space 5120K, 0% used [0x00000000eee00000,0x00000000eee00000,0x00000000ef300000)
 ParOldGen       total 84992K, used 0K [0x00000000c0000000, 0x00000000c5300000, 0x00000000eab00000)
  object space 84992K, 0% used [0x00000000c0000000,0x00000000c0000000,0x00000000c5300000)
 Metaspace       used 5977K, capacity 7024K, committed 7296K, reserved 1056768K
  class space    used 566K, capacity 616K, committed 640K, reserved 1048576K
Event: 3.022 GC heap after
Heap after GC invocations=2 (full 0):
 PSYoungGen      total 68608K, used 5095K [0x00000000eab00000, 0x00000000ef300000, 0x0000000100000000)
  eden space 63488K, 0% used [0x00000000eab00000,0x00000000eab00000,0x00000000ee900000)
  from space 5120K, 99% used [0x00000000eee00000,0x00000000ef2f9c78,0x00000000ef300000)
  to   space 5120K, 0% used [0x00000000ee900000,0x00000000ee900000,0x00000000eee00000)
 ParOldGen       total 84992K, used 2699K [0x00000000c0000000, 0x00000000c5300000, 0x00000000eab00000)
  object space 84992K, 3% used [0x00000000c0000000,0x00000000c02a2ca0,0x00000000c5300000)
 Metaspace       used 5977K, capacity 7024K, committed 7296K, reserved 1056768K
  class space    used 566K, capacity 616K, committed 640K, reserved 1048576K
}

Deoptimization events (10 events):
Event: 4.523 Thread 0x00000000587e2800 Uncommon trap: reason=unstable_if action=reinterpret pc=0x0000000002f50cc8 method=com.android.dx.rop.code.RegisterSpecSet.localItemToSpec(Lcom/android/dx/rop/code/LocalItem;)Lcom/android/dx/rop/code/RegisterSpec; @ 35
Event: 4.524 Thread 0x00000000587e2800 Uncommon trap: reason=unstable_if action=reinterpret pc=0x0000000002f47748 method=com.android.dx.rop.code.RegisterSpecSet.localItemToSpec(Lcom/android/dx/rop/code/LocalItem;)Lcom/android/dx/rop/code/RegisterSpec; @ 35
Event: 4.525 Thread 0x00000000587e2800 Uncommon trap: reason=bimorphic action=maybe_recompile pc=0x000000000304f018 method=com.android.dx.cf.code.RopperMachine.run(Lcom/android/dx/cf/code/Frame;II)V @ 978
Event: 4.528 Thread 0x00000000587e2800 Uncommon trap: reason=null_check action=make_not_entrant pc=0x0000000002e29310 method=com.android.dx.rop.type.Type.equals(Ljava/lang/Object;)Z @ 8
Event: 4.701 Thread 0x00000000587e2800 Uncommon trap: reason=unstable_if action=reinterpret pc=0x0000000003022dd4 method=com.android.dx.rop.code.RegisterSpecSet.localItemToSpec(Lcom/android/dx/rop/code/LocalItem;)Lcom/android/dx/rop/code/RegisterSpec; @ 35
Event: 4.742 Thread 0x00000000587e2800 Uncommon trap: reason=unstable_if action=reinterpret pc=0x00000000030dab8c method=com.android.dx.cf.code.Ropper.isSynchronized()Z @ 12
Event: 4.944 Thread 0x00000000587e2800 Uncommon trap: reason=class_check action=maybe_recompile pc=0x000000000304e998 method=com.android.dx.cf.code.RopperMachine.run(Lcom/android/dx/cf/code/Frame;II)V @ 310
Event: 5.013 Thread 0x00000000587e2800 Uncommon trap: reason=unstable_if action=reinterpret pc=0x0000000002ded66c method=com.android.dx.util.IntList.binarysearch(I)I @ 105
Event: 5.013 Thread 0x00000000587e2800 Uncommon trap: reason=unstable_if action=reinterpret pc=0x0000000002f59f0c method=com.android.dx.ssa.SsaBasicBlock.newFromRop(Lcom/android/dx/rop/code/RopMethod;ILcom/android/dx/ssa/SsaMethod;)Lcom/android/dx/ssa/SsaBasicBlock; @ 164
Event: 5.014 Thread 0x00000000587e2800 Uncommon trap: reason=unstable_if action=reinterpret pc=0x0000000002f7847c method=com.android.dx.ssa.SsaMethod.blockIndexToRopLabel(I)I @ 1

Internal exceptions (4 events):
Event: 0.163 Thread 0x000000000016e800 Exception <a 'java/lang/NoSuchMethodError': Method sun.misc.Unsafe.defineClass(Ljava/lang/String;[BII)Ljava/lang/Class; name or signature does not match> (0x00000000eab07cc0) thrown at [C:\src\android\AOSP-openjdk\external\jetbrains\jdk\hotspot\src\share\vÁ%5‘_ØÄ?
Event: 0.163 Thread 0x000000000016e800 Exception <a 'java/lang/NoSuchMethodError': Method sun.misc.Unsafe.prefetchRead(Ljava/lang/Object;J)V name or signature does not match> (0x00000000eab07fa8) thrown at [C:\src\android\AOSP-openjdk\external\jetbrains\jdk\hotspot\src\share\vm\prims\jni.cpp, lŸwgV<
@
Event: 3.279 Thread 0x00000000588a1000 Implicit null exception at 0x0000000002dab51d to 0x0000000002dac925
Event: 4.528 Thread 0x00000000587e2800 Implicit null exception at 0x0000000002e29212 to 0x0000000002e29302

Events (10 events):
Event: 5.013 Thread 0x00000000587e2800 DEOPT PACKING pc=0x0000000002ded66c sp=0x00000000593de6f0
Event: 5.013 Thread 0x00000000587e2800 DEOPT UNPACKING pc=0x000000000299556a sp=0x00000000593de668 mode 2
Event: 5.013 Thread 0x00000000587e2800 Uncommon trap: trap_request=0xffffff65 fr.pc=0x0000000002f59f0c
Event: 5.013 Thread 0x00000000587e2800 DEOPT PACKING pc=0x0000000002f59f0c sp=0x00000000593de7a0
Event: 5.013 Thread 0x00000000587e2800 DEOPT UNPACKING pc=0x000000000299556a sp=0x00000000593de798 mode 2
Event: 5.014 Thread 0x00000000587e2800 Uncommon trap: trap_request=0xffffff65 fr.pc=0x0000000002f7847c
Event: 5.014 Thread 0x00000000587e2800 DEOPT PACKING pc=0x0000000002f7847c sp=0x00000000593de790
Event: 5.014 Thread 0x00000000587e2800 DEOPT UNPACKING pc=0x000000000299556a sp=0x00000000593de6b8 mode 2
Event: 5.493 Thread 0x00000000588a1000 DEOPT PACKING pc=0x0000000002ceb865 sp=0x000000005911e870
Event: 5.493 Thread 0x00000000588a1000 DEOPT UNPACKING pc=0x00000000029975bf sp=0x000000005911e6a0 mode 0


Dynamic libraries:
0x000000013f0c0000 - 0x000000013f0f1000 	C:\Program Files\Android\Android Studio\jre\bin\java.exe
0x0000000077180000 - 0x0000000077329000 	C:\Windows\SYSTEM32\ntdll.dll
0x0000000077060000 - 0x000000007717f000 	C:\Windows\system32\kernel32.dll
0x000007fefd940000 - 0x000007fefd9ac000 	C:\Windows\system32\KERNELBASE.dll
0x000007feff3b0000 - 0x000007feff48b000 	C:\Windows\system32\ADVAPI32.dll
0x000007feff1a0000 - 0x000007feff23f000 	C:\Windows\system32\msvcrt.dll
0x000007fefed50000 - 0x000007fefed6f000 	C:\Windows\SYSTEM32\sechost.dll
0x000007fefec00000 - 0x000007fefed2d000 	C:\Windows\system32\RPCRT4.dll
0x0000000076f60000 - 0x000000007705a000 	C:\Windows\system32\USER32.dll
0x000007fefe9f0000 - 0x000007fefea57000 	C:\Windows\system32\GDI32.dll
0x000007fefed30000 - 0x000007fefed3e000 	C:\Windows\system32\LPK.dll
0x000007fefea90000 - 0x000007fefeb59000 	C:\Windows\system32\USP10.dll
0x000007fefbe40000 - 0x000007fefc034000 	C:\Windows\WinSxS\amd64_microsoft.windows.common-controls_6595b64144ccf1df_6.0.7601.17514_none_fa396087175ac9ac\COMCTL32.dll
0x000007fefeb80000 - 0x000007fefebf1000 	C:\Windows\system32\SHLWAPI.dll
0x000007fefea60000 - 0x000007fefea8e000 	C:\Windows\system32\IMM32.DLL
0x000007feff240000 - 0x000007feff349000 	C:\Windows\system32\MSCTF.dll
0x0000000061f00000 - 0x0000000061fd2000 	C:\Program Files\Android\Android Studio\jre\jre\bin\msvcr100.dll
0x000000005f4a0000 - 0x000000005fcd4000 	C:\Program Files\Android\Android Studio\jre\jre\bin\server\jvm.dll
0x000007feec580000 - 0x000007feec589000 	C:\Windows\system32\WSOCK32.dll
0x000007fefee50000 - 0x000007fefee9d000 	C:\Windows\system32\WS2_32.dll
0x000007fefed40000 - 0x000007fefed48000 	C:\Windows\system32\NSI.dll
0x000007fefaf00000 - 0x000007fefaf3b000 	C:\Windows\system32\WINMM.dll
0x000007fefc6e0000 - 0x000007fefc6ec000 	C:\Windows\system32\VERSION.dll
0x0000000077340000 - 0x0000000077347000 	C:\Windows\system32\PSAPI.DLL
0x000007fef83d0000 - 0x000007fef83df000 	C:\Program Files\Android\Android Studio\jre\jre\bin\verify.dll
0x000007fef82f0000 - 0x000007fef8319000 	C:\Program Files\Android\Android Studio\jre\jre\bin\java.dll
0x000007fef7780000 - 0x000007fef7796000 	C:\Program Files\Android\Android Studio\jre\jre\bin\zip.dll
0x000007fefd9b0000 - 0x000007fefe738000 	C:\Windows\system32\SHELL32.dll
0x000007fefe7e0000 - 0x000007fefe9e3000 	C:\Windows\system32\ole32.dll
0x000007fefd5e0000 - 0x000007fefd5ef000 	C:\Windows\system32\profapi.dll

VM Arguments:
jvm_args: -Djava.awt.headless=true -Xmx1024M -Dfile.encoding=windows-1252 -Duser.country=FR -Duser.language=fr -Duser.variant 
java_command: com.android.dx.command.Main --dex --force-jumbo --num-threads=4 --multi-dex --output C:\Users\rhakanjin.Newsco\Desktop\workspaceAndroid\friendzone\app\build\intermediates\transforms\dex\debug\folders\1000\10\com.android.support-support-compat-25.1.0_32e93165fa6a55663657d3d6664a8d00f891a9f8 C:\Users\rhakanjin.Newsco\Desktop\workspaceAndroid\friendzone\app\build\intermediates\exploded-aar\com.android.support\support-compat\25.1.0\jars\classes.jar
java_class_path (initial): C:\Users\rhakanjin.Newsco\AppData\Local\Android\sdk\build-tools\25.0.2\lib\dx.jar
Launcher Type: SUN_STANDARD

Environment Variables:
PATH=c:\Program Files (x86)\Intel\iCLS Client\;c:\Program Files\Intel\iCLS Client\;C:\Windows\system32;C:\Windows;C:\Windows\System32\Wbem;C:\Windows\System32\WindowsPowerShell\v1.0\;c:\Program Files (x86)\Common Files\Roxio Shared\DLLShared\;c:\Program Files (x86)\Common Files\Roxio Shared\10.0\DLLShared\;C:\Program Files\Intel\Intel(R) Management Engine Components\DAL;C:\Program Files\Intel\Intel(R) Management Engine Components\IPT;C:\Program Files (x86)\Intel\Intel(R) Management Engine Components\DAL;C:\Program Files (x86)\Intel\Intel(R) Management Engine Components\IPT;C:\Program Files\nodejs\;C:\RailsInstaller\Ruby2.3.0\bin;c:\Program Files (x86)\Intel\iCLS Client\;c:\Program Files\Intel\iCLS Client\;C:\Windows\system32;C:\Windows;C:\Windows\System32\Wbem;C:\Windows\System32\WindowsPowerShell\v1.0\;c:\Program Files (x86)\Common Files\Roxio Shared\DLLShared\;c:\Program Files (x86)\Common Files\Roxio Shared\10.0\DLLShared\;C:\Program Files\Intel\Intel(R) Management Engine Components\DAL;C:\Program Files\Intel\Intel(R) Management Engine Components\IPT;C:\Program Files (x86)\Intel\Intel(R) Management Engine Components\DAL;C:\Program Files (x86)\Intel\Intel(R) Management Engine Components\IPT;C:\Users\rhakanjin.Newsco\AppData\Local\Programs\Git\cmd;C:\Users\rhakanjin.Newsco\AppData\Roaming\npm
USERNAME=rhakanjin
OS=Windows_NT
PROCESSOR_IDENTIFIER=Intel64 Family 6 Model 58 Stepping 9, GenuineIntel



---------------  S Y S T E M  ---------------

OS: Windows 7 , 64 bit Build 7601 (6.1.7601.17651)

CPU:total 8 (4 cores per cpu, 2 threads per core) family 6 model 58 stepping 9, cmov, cx8, fxsr, mmx, sse, sse2, sse3, ssse3, sse4.1, sse4.2, popcnt, avx, aes, clmul, erms, ht, tsc, tscinvbit, tscinv

Memory: 4k page, physical 8063920k(489820k free), swap 12256372k(5428k free)

vm_info: OpenJDK 64-Bit Server VM (25.76-b03) for windows-amd64 JRE (1.8.0_76-release-b03), built on Jun 29 2016 19:09:20 by "ralucas" with MS VC++ 10.0 (VS2010)

time: Mon Feb 13 13:50:00 2017
elapsed time: 5 seconds (0d 0h 0m 5s)

