#
# A fatal error has been detected by the Java Runtime Environment:
#
#  EXCEPTION_ACCESS_VIOLATION (0xc0000005) at pc=0x00000000503daeb7, pid=8908, tid=0x00000000000010b0
#
# JRE version:  (8.0_76-b03) (build )
# Java VM: OpenJDK 64-Bit Server VM (25.76-b03 mixed mode windows-amd64 compressed oops)
# Problematic frame:
# V  [jvm.dll+0x1eaeb7]
#
# Failed to write core dump. Minidumps are not enabled by default on client versions of Windows
#
# If you would like to submit a bug report, please visit:
#   http://bugreport.java.com/bugreport/crash.jsp
#

---------------  T H R E A D  ---------------

Current thread (0x000000000234e800):  JavaThread "main" [_thread_in_vm, id=4272, stack(0x0000000002500000,0x0000000002600000)]

siginfo: ExceptionCode=0xc0000005, writing address 0x00000000025f5c40

Registers:
RAX=0x00000000025f5c40, RBX=0x0000000000000007, RCX=0x0000000000006000, RDX=0x000000000000001d
RSP=0x00000000025fbc40, RBP=0x0000000000000000, RSI=0x00000000025fbc40, RDI=0x0000000000000007
R8 =0x000000000000001d, R9 =0x0000000002348600, R10=0x0000000014f4e3e0, R11=0x000000000250a148
R12=0x0000000002348600, R13=0x000000000234e800, R14=0x00000000025fbd08, R15=0x0000000014f4e3e0
RIP=0x00000000503daeb7, EFLAGS=0x0000000000010202

Top of Stack: (sp=0x00000000025fbc40)
0x00000000025fbc40:   0000000000000000 000000005022a1b0
0x00000000025fbc50:   000000000234e800 0000000002348600
0x00000000025fbc60:   00000000ffffffff 00000000503dbde7
0x00000000025fbc70:   00000000025fbd70 0000000014f4e3e0
0x00000000025fbc80:   000000000234e800 0000000050249b4d
0x00000000025fbc90:   0000000015885760 00000000503de5f5
0x00000000025fbca0:   000000000234e800 0000000080003fc8
0x00000000025fbcb0:   0000000014f4e3e0 000000000234e800
0x00000000025fbcc0:   00000000028e0e00 00000000502c1361
0x00000000025fbcd0:   0000000080003fc8 00000000025fc400
0x00000000025fbce0:   00000000025fc400 00000000025fc400
0x00000000025fbcf0:   000000000234e800 0000000014f4e3e0
0x00000000025fbd00:   000000000234e800 000000000234f4b8
0x00000000025fbd10:   0000000000000000 000007fe00000007
0x00000000025fbd20:   00000000025fbec8 0000000000340000
0x00000000025fbd30:   0000000000000000 000000006ce80000 

Instructions: (pc=0x00000000503daeb7)
0x00000000503dae97:   48 89 6c 24 30 33 ed 66 90 e8 4b b8 07 00 ff c3
0x00000000503daea7:   48 63 c8 48 8b c6 48 0f af cf 48 ff c7 48 2b c1
0x00000000503daeb7:   89 28 48 63 c3 48 3b 05 cd d6 56 00 7e db 48 8b
0x00000000503daec7:   6c 24 30 48 8b 5c 24 38 48 8b 74 24 40 48 83 c4 


Register to memory mapping:

RAX=0x00000000025f5c40 is pointing into the stack for thread: 0x000000000234e800
RBX=0x0000000000000007 is an unknown value
RCX=0x0000000000006000 is an unknown value
RDX=0x000000000000001d is an unknown value
RSP=0x00000000025fbc40 is pointing into the stack for thread: 0x000000000234e800
RBP=0x0000000000000000 is an unknown value
RSI=0x00000000025fbc40 is pointing into the stack for thread: 0x000000000234e800
RDI=0x0000000000000007 is an unknown value
R8 =0x000000000000001d is an unknown value
R9 =0x0000000002348600 is an unknown value
R10={method} {0x0000000014f4e3e8} 'run' '()Ljava/lang/Object;' in 'sun/reflect/ReflectionFactory$GetReflectionFactoryAction'
R11=0x000000000250a148 is pointing into the stack for thread: 0x000000000234e800
R12=0x0000000002348600 is an unknown value
R13=0x000000000234e800 is a thread
R14=0x00000000025fbd08 is pointing into the stack for thread: 0x000000000234e800
R15={method} {0x0000000014f4e3e8} 'run' '()Ljava/lang/Object;' in 'sun/reflect/ReflectionFactory$GetReflectionFactoryAction'


Stack: [0x0000000002500000,0x0000000002600000],  sp=0x00000000025fbc40,  free space=1007k
Native frames: (J=compiled Java code, j=interpreted, Vv=VM code, C=native code)

Java frames: (J=compiled Java code, j=interpreted, Vv=VM code)
j  java.security.AccessController.doPrivileged(Ljava/security/PrivilegedAction;)Ljava/lang/Object;+0
j  java.lang.reflect.Modifier.<clinit>()V+7
v  ~StubRoutines::call_stub
j  sun.reflect.ReflectionFactory.langReflectAccess()Lsun/reflect/LangReflectAccess;+7
j  sun.reflect.ReflectionFactory.copyField(Ljava/lang/reflect/Field;)Ljava/lang/reflect/Field;+0
j  java.lang.Class.searchFields([Ljava/lang/reflect/Field;Ljava/lang/String;)Ljava/lang/reflect/Field;+29
j  java.lang.Class.access$200([Ljava/lang/reflect/Field;Ljava/lang/String;)Ljava/lang/reflect/Field;+2
j  java.lang.Class$Atomic.objectFieldOffset([Ljava/lang/reflect/Field;Ljava/lang/String;)J+2
j  java.lang.Class$Atomic.<clinit>()V+16
v  ~StubRoutines::call_stub
j  java.lang.Class.newReflectionData(Ljava/lang/ref/SoftReference;I)Ljava/lang/Class$ReflectionData;+27
j  java.lang.Class.reflectionData()Ljava/lang/Class$ReflectionData;+45
j  java.lang.Class.privateGetDeclaredFields(Z)[Ljava/lang/reflect/Field;+4
j  java.lang.Class.getDeclaredField(Ljava/lang/String;)Ljava/lang/reflect/Field;+11
j  java.util.concurrent.atomic.AtomicReferenceFieldUpdater$AtomicReferenceFieldUpdaterImpl$1.run()Ljava/lang/reflect/Field;+8
j  java.util.concurrent.atomic.AtomicReferenceFieldUpdater$AtomicReferenceFieldUpdaterImpl$1.run()Ljava/lang/Object;+1
v  ~StubRoutines::call_stub
j  java.security.AccessController.doPrivileged(Ljava/security/PrivilegedExceptionAction;)Ljava/lang/Object;+0
j  java.util.concurrent.atomic.AtomicReferenceFieldUpdater$AtomicReferenceFieldUpdaterImpl.<init>(Ljava/lang/Class;Ljava/lang/Class;Ljava/lang/String;Ljava/lang/Class;)V+14
j  java.util.concurrent.atomic.AtomicReferenceFieldUpdater.newUpdater(Ljava/lang/Class;Ljava/lang/Class;Ljava/lang/String;)Ljava/util/concurrent/atomic/AtomicReferenceFieldUpdater;+10
j  java.io.BufferedInputStream.<clinit>()V+17
v  ~StubRoutines::call_stub
j  java.lang.System.initializeSystemClass()V+70
v  ~StubRoutines::call_stub

---------------  P R O C E S S  ---------------

Java Threads: ( => current thread )
  0x000000001587d800 JavaThread "Finalizer" daemon [_thread_blocked, id=3816, stack(0x0000000017a40000,0x0000000017b40000)]
  0x0000000015874800 JavaThread "Reference Handler" daemon [_thread_blocked, id=5248, stack(0x0000000017c30000,0x0000000017d30000)]
=>0x000000000234e800 JavaThread "main" [_thread_in_vm, id=4272, stack(0x0000000002500000,0x0000000002600000)]

Other Threads:
  0x00000000169f0800 VMThread [stack: 0x0000000017940000,0x0000000017a40000] [id=4736]

VM state:not at safepoint (normal execution)

VM Mutex/Monitor currently owned by a thread: None

Heap:
 PSYoungGen      total 36864K, used 634K [0x00000000eab00000, 0x00000000ed400000, 0x0000000100000000)
  eden space 31744K, 2% used [0x00000000eab00000,0x00000000eab9eb90,0x00000000eca00000)
  from space 5120K, 0% used [0x00000000ecf00000,0x00000000ecf00000,0x00000000ed400000)
  to   space 5120K, 0% used [0x00000000eca00000,0x00000000eca00000,0x00000000ecf00000)
 ParOldGen       total 84992K, used 0K [0x00000000c0000000, 0x00000000c5300000, 0x00000000eab00000)
  object space 84992K, 0% used [0x00000000c0000000,0x00000000c0000000,0x00000000c5300000)
 Metaspace       used 1240K, capacity 4480K, committed 4480K, reserved 1056768K
  class space    used 134K, capacity 384K, committed 384K, reserved 1048576K

Card table byte_map: [0x0000000011c90000,0x0000000011ea0000] byte_map_base: 0x0000000011690000

Marking Bits: (ParMarkBitMap*) 0x00000000509a9d00
 Begin Bits: [0x0000000012c90000, 0x0000000013c90000)
 End Bits:   [0x0000000013c90000, 0x0000000014c90000)

Polling page: 0x0000000000230000

CodeCache: size=245760Kb used=404Kb max_used=404Kb free=245355Kb
 bounds [0x00000000028d0000, 0x0000000002b40000, 0x00000000118d0000]
 total_blobs=104 nmethods=0 adapters=79
 compilation: enabled

Compilation events (0 events):
No events

GC Heap History (0 events):
No events

Deoptimization events (0 events):
No events

Internal exceptions (2 events):
Event: 0.049 Thread 0x000000000234e800 Exception <a 'java/lang/NoSuchMethodError': Method sun.misc.Unsafe.defineClass(Ljava/lang/String;[BII)Ljava/lang/Class; name or signature does not match> (0x00000000eab07cc0) thrown at [C:\src\android\AOSP-openjdk\external\jetbrains\jdk\hotspot\src\share\vG&[Zé¨?
Event: 0.049 Thread 0x000000000234e800 Exception <a 'java/lang/NoSuchMethodError': Method sun.misc.Unsafe.prefetchRead(Ljava/lang/Object;J)V name or signature does not match> (0x00000000eab07fa8) thrown at [C:\src\android\AOSP-openjdk\external\jetbrains\jdk\hotspot\src\share\vm\prims\jni.cpp, l

Events (10 events):
Event: 0.053 loading class java/lang/Class$AnnotationData
Event: 0.053 loading class java/lang/Class$AnnotationData done
Event: 0.053 loading class sun/reflect/annotation/AnnotationType
Event: 0.053 loading class sun/reflect/annotation/AnnotationType done
Event: 0.053 loading class java/lang/ClassValue$ClassValueMap
Event: 0.053 loading class java/util/WeakHashMap
Event: 0.053 loading class java/util/WeakHashMap done
Event: 0.053 loading class java/lang/ClassValue$ClassValueMap done
Event: 0.053 loading class java/lang/reflect/Modifier
Event: 0.053 loading class java/lang/reflect/Modifier done


Dynamic libraries:
0x000000013f860000 - 0x000000013f891000 	C:\Program Files\Android\Android Studio\jre\bin\java.exe
0x0000000077180000 - 0x0000000077329000 	C:\Windows\SYSTEM32\ntdll.dll
0x0000000077060000 - 0x000000007717f000 	C:\Windows\system32\kernel32.dll
0x000007fefd940000 - 0x000007fefd9ac000 	C:\Windows\system32\KERNELBASE.dll
0x000007feff3b0000 - 0x000007feff48b000 	C:\Windows\system32\ADVAPI32.dll
0x000007feff1a0000 - 0x000007feff23f000 	C:\Windows\system32\msvcrt.dll
0x000007fefed50000 - 0x000007fefed6f000 	C:\Windows\SYSTEM32\sechost.dll
0x000007fefec00000 - 0x000007fefed2d000 	C:\Windows\system32\RPCRT4.dll
0x0000000076f60000 - 0x000000007705a000 	C:\Windows\system32\USER32.dll
0x000007fefe9f0000 - 0x000007fefea57000 	C:\Windows\system32\GDI32.dll
0x000007fefed30000 - 0x000007fefed3e000 	C:\Windows\system32\LPK.dll
0x000007fefea90000 - 0x000007fefeb59000 	C:\Windows\system32\USP10.dll
0x000007fefbe40000 - 0x000007fefc034000 	C:\Windows\WinSxS\amd64_microsoft.windows.common-controls_6595b64144ccf1df_6.0.7601.17514_none_fa396087175ac9ac\COMCTL32.dll
0x000007fefeb80000 - 0x000007fefebf1000 	C:\Windows\system32\SHLWAPI.dll
0x000007fefea60000 - 0x000007fefea8e000 	C:\Windows\system32\IMM32.DLL
0x000007feff240000 - 0x000007feff349000 	C:\Windows\system32\MSCTF.dll
0x000000006ce20000 - 0x000000006cef2000 	C:\Program Files\Android\Android Studio\jre\jre\bin\msvcr100.dll
0x00000000501f0000 - 0x0000000050a24000 	C:\Program Files\Android\Android Studio\jre\jre\bin\server\jvm.dll
0x000007feec580000 - 0x000007feec589000 	C:\Windows\system32\WSOCK32.dll
0x000007fefee50000 - 0x000007fefee9d000 	C:\Windows\system32\WS2_32.dll
0x000007fefed40000 - 0x000007fefed48000 	C:\Windows\system32\NSI.dll
0x000007fefaf00000 - 0x000007fefaf3b000 	C:\Windows\system32\WINMM.dll
0x000007fefc6e0000 - 0x000007fefc6ec000 	C:\Windows\system32\VERSION.dll
0x0000000077340000 - 0x0000000077347000 	C:\Windows\system32\PSAPI.DLL
0x000007fef8e90000 - 0x000007fef8e9f000 	C:\Program Files\Android\Android Studio\jre\jre\bin\verify.dll
0x000007fef8440000 - 0x000007fef8469000 	C:\Program Files\Android\Android Studio\jre\jre\bin\java.dll
0x000007fef83f0000 - 0x000007fef8406000 	C:\Program Files\Android\Android Studio\jre\jre\bin\zip.dll
0x000007fefd9b0000 - 0x000007fefe738000 	C:\Windows\system32\SHELL32.dll
0x000007fefe7e0000 - 0x000007fefe9e3000 	C:\Windows\system32\ole32.dll
0x000007fefd5e0000 - 0x000007fefd5ef000 	C:\Windows\system32\profapi.dll

VM Arguments:
jvm_args: -Djava.awt.headless=true -Xmx1024M -Dfile.encoding=windows-1252 -Duser.country=FR -Duser.language=fr -Duser.variant 
java_command: com.android.dx.command.Main --dex --force-jumbo --num-threads=4 --multi-dex --output C:\Users\rhakanjin.Newsco\Desktop\workspaceAndroid\friendzone\app\build\intermediates\transforms\dex\debug\folders\1000\10\com.android.support-palette-v7-24.0.0_ff0f9ee7340e9b142fa917c3cb9ab67ebab3e97f C:\Users\rhakanjin.Newsco\Desktop\workspaceAndroid\friendzone\app\build\intermediates\exploded-aar\com.android.support\palette-v7\24.0.0\jars\classes.jar
java_class_path (initial): C:\Users\rhakanjin.Newsco\AppData\Local\Android\sdk\build-tools\25.0.2\lib\dx.jar
Launcher Type: SUN_STANDARD

Environment Variables:
PATH=c:\Program Files (x86)\Intel\iCLS Client\;c:\Program Files\Intel\iCLS Client\;C:\Windows\system32;C:\Windows;C:\Windows\System32\Wbem;C:\Windows\System32\WindowsPowerShell\v1.0\;c:\Program Files (x86)\Common Files\Roxio Shared\DLLShared\;c:\Program Files (x86)\Common Files\Roxio Shared\10.0\DLLShared\;C:\Program Files\Intel\Intel(R) Management Engine Components\DAL;C:\Program Files\Intel\Intel(R) Management Engine Components\IPT;C:\Program Files (x86)\Intel\Intel(R) Management Engine Components\DAL;C:\Program Files (x86)\Intel\Intel(R) Management Engine Components\IPT;C:\Program Files\nodejs\;C:\RailsInstaller\Ruby2.3.0\bin;c:\Program Files (x86)\Intel\iCLS Client\;c:\Program Files\Intel\iCLS Client\;C:\Windows\system32;C:\Windows;C:\Windows\System32\Wbem;C:\Windows\System32\WindowsPowerShell\v1.0\;c:\Program Files (x86)\Common Files\Roxio Shared\DLLShared\;c:\Program Files (x86)\Common Files\Roxio Shared\10.0\DLLShared\;C:\Program Files\Intel\Intel(R) Management Engine Components\DAL;C:\Program Files\Intel\Intel(R) Management Engine Components\IPT;C:\Program Files (x86)\Intel\Intel(R) Management Engine Components\DAL;C:\Program Files (x86)\Intel\Intel(R) Management Engine Components\IPT;C:\Users\rhakanjin.Newsco\AppData\Local\Programs\Git\cmd;C:\Users\rhakanjin.Newsco\AppData\Roaming\npm
USERNAME=rhakanjin
OS=Windows_NT
PROCESSOR_IDENTIFIER=Intel64 Family 6 Model 58 Stepping 9, GenuineIntel



---------------  S Y S T E M  ---------------

OS: Windows 7 , 64 bit Build 7601 (6.1.7601.17651)

CPU:total 8 (4 cores per cpu, 2 threads per core) family 6 model 58 stepping 9, cmov, cx8, fxsr, mmx, sse, sse2, sse3, ssse3, sse4.1, sse4.2, popcnt, avx, aes, clmul, erms, ht, tsc, tscinvbit, tscinv

Memory: 4k page, physical 8063920k(620456k free), swap 12256372k(5016k free)

vm_info: OpenJDK 64-Bit Server VM (25.76-b03) for windows-amd64 JRE (1.8.0_76-release-b03), built on Jun 29 2016 19:09:20 by "ralucas" with MS VC++ 10.0 (VS2010)

time: Thu Feb 16 15:08:17 2017
elapsed time: 0 seconds (0d 0h 0m 0s)

