#
# There is insufficient memory for the Java Runtime Environment to continue.
# Native memory allocation (malloc) failed to allocate 297488 bytes for Chunk::new
# Possible reasons:
#   The system is out of physical RAM or swap space
#   In 32 bit mode, the process size limit was hit
# Possible solutions:
#   Reduce memory load on the system
#   Increase physical memory or swap space
#   Check if swap backing store is full
#   Use 64 bit Java on a 64 bit OS
#   Decrease Java heap size (-Xmx/-Xms)
#   Decrease number of Java threads
#   Decrease Java thread stack sizes (-Xss)
#   Set larger code cache with -XX:ReservedCodeCacheSize=
# This output file may be truncated or incomplete.
#
#  Out of Memory Error (allocation.cpp:390), pid=8472, tid=0x0000000000001a18
#
# JRE version: OpenJDK Runtime Environment (8.0_76-b03) (build 1.8.0_76-release-b03)
# Java VM: OpenJDK 64-Bit Server VM (25.76-b03 mixed mode windows-amd64 compressed oops)
# Failed to write core dump. Minidumps are not enabled by default on client versions of Windows
#

---------------  T H R E A D  ---------------

Current thread (0x000000005687a000):  JavaThread "C2 CompilerThread1" daemon [_thread_in_native, id=6680, stack(0x00000000582a0000,0x00000000583a0000)]

Stack: [0x00000000582a0000,0x00000000583a0000]
[error occurred during error reporting (printing stack bounds), id 0xc0000005]

Native frames: (J=compiled Java code, j=interpreted, Vv=VM code, C=native code)


Current CompileTask:
C2:   1621  994       4       com.android.dx.dex.code.OutputFinisher::addConstants (93 bytes)


---------------  P R O C E S S  ---------------

Java Threads: ( => current thread )
  0x00000000569d3800 JavaThread "pool-1-thread-1" [_thread_in_native, id=7416, stack(0x0000000058970000,0x0000000058a70000)]
  0x000000005690f800 JavaThread "Service Thread" daemon [_thread_blocked, id=7848, stack(0x0000000058600000,0x0000000058700000)]
  0x00000000568a8000 JavaThread "C1 CompilerThread3" daemon [_thread_blocked, id=5972, stack(0x00000000584d0000,0x00000000585d0000)]
  0x0000000056887800 JavaThread "C2 CompilerThread2" daemon [_thread_blocked, id=1172, stack(0x0000000057950000,0x0000000057a50000)]
=>0x000000005687a000 JavaThread "C2 CompilerThread1" daemon [_thread_in_native, id=6680, stack(0x00000000582a0000,0x00000000583a0000)]
  0x0000000056867000 JavaThread "C2 CompilerThread0" daemon [_thread_blocked, id=3616, stack(0x0000000002420000,0x0000000002520000)]
  0x0000000056861800 JavaThread "Attach Listener" daemon [_thread_blocked, id=308, stack(0x0000000058080000,0x0000000058180000)]
  0x000000005685f800 JavaThread "Signal Dispatcher" daemon [_thread_blocked, id=7948, stack(0x0000000057ee0000,0x0000000057fe0000)]
  0x000000005569d800 JavaThread "Finalizer" daemon [_thread_blocked, id=6876, stack(0x0000000057ce0000,0x0000000057de0000)]
  0x0000000055694800 JavaThread "Reference Handler" daemon [_thread_blocked, id=2504, stack(0x0000000057a90000,0x0000000057b90000)]
  0x000000000221e800 JavaThread "main" [_thread_blocked, id=8008, stack(0x0000000002520000,0x0000000002620000)]

Other Threads:
  0x0000000056810800 VMThread [stack: 0x0000000057850000,0x0000000057950000] [id=4952]
  0x00000000568ef800 WatcherThread [stack: 0x0000000058800000,0x0000000058900000] [id=3036]

VM state:not at safepoint (normal execution)

VM Mutex/Monitor currently owned by a thread: None

Heap:
 PSYoungGen      total 36864K, used 19722K [0x00000000eab00000, 0x00000000ed400000, 0x0000000100000000)
  eden space 31744K, 62% used [0x00000000eab00000,0x00000000ebe42830,0x00000000eca00000)
  from space 5120K, 0% used [0x00000000ecf00000,0x00000000ecf00000,0x00000000ed400000)
  to   space 5120K, 0% used [0x00000000eca00000,0x00000000eca00000,0x00000000ecf00000)
 ParOldGen       total 84992K, used 0K [0x00000000c0000000, 0x00000000c5300000, 0x00000000eab00000)
  object space 84992K, 0% used [0x00000000c0000000,0x00000000c0000000,0x00000000c5300000)
 Metaspace       used 5878K, capacity 7024K, committed 7296K, reserved 1056768K
  class space    used 574K, capacity 616K, committed 640K, reserved 1048576K

Card table byte_map: [0x0000000011cb0000,0x0000000011ec0000] byte_map_base: 0x00000000116b0000

Marking Bits: (ParMarkBitMap*) 0x0000000070e59d00
 Begin Bits: [0x0000000012ab0000, 0x0000000013ab0000)
 End Bits:   [0x0000000013ab0000, 0x0000000014ab0000)

Polling page: 0x0000000000140000

CodeCache: size=245760Kb used=4401Kb max_used=4401Kb free=241358Kb
 bounds [0x00000000028f0000, 0x0000000002d40000, 0x00000000118f0000]
 total_blobs=1402 nmethods=1141 adapters=175
 compilation: enabled

Compilation events (10 events):
Event: 1.552 Thread 0x00000000568a8000 1127       3       com.android.dx.rop.cst.CstBaseMethodRef::getPrototype (41 bytes)
Event: 1.552 Thread 0x00000000568a8000 nmethod 1127 0x0000000002d3e610 code [0x0000000002d3e780, 0x0000000002d3eb68]
Event: 1.552 Thread 0x00000000568a8000 1132       3       com.android.dx.dex.code.InsnFormat::makeByte (42 bytes)
Event: 1.552 Thread 0x00000000568a8000 nmethod 1132 0x0000000002d3ec50 code [0x0000000002d3ede0, 0x0000000002d3f118]
Event: 1.552 Thread 0x00000000568a8000 1129       1       com.android.dx.dex.code.Dop::getFamily (5 bytes)
Event: 1.552 Thread 0x00000000568a8000 nmethod 1129 0x0000000002d3f250 code [0x0000000002d3f3a0, 0x0000000002d3f4b0]
Event: 1.552 Thread 0x00000000568a8000 1125       3       com.android.dx.rop.type.Prototype::compareTo (9 bytes)
Event: 1.552 Thread 0x00000000568a8000 nmethod 1125 0x0000000002d3f510 code [0x0000000002d3f680, 0x0000000002d3f968]
Event: 1.552 Thread 0x00000000568a8000 1134       1       com.android.dx.dex.file.Section::getFile (5 bytes)
Event: 1.552 Thread 0x00000000568a8000 nmethod 1134 0x0000000002d3fa10 code [0x0000000002d3fb60, 0x0000000002d3fc70]

GC Heap History (0 events):
No events

Deoptimization events (6 events):
Event: 1.422 Thread 0x0000000056abf800 Uncommon trap: reason=unstable_if action=reinterpret pc=0x0000000002ad6ee0 method=java.util.BitSet.nextSetBit(I)I @ 87
Event: 1.426 Thread 0x0000000056abf800 Uncommon trap: reason=unstable_if action=reinterpret pc=0x0000000002ca2bac method=com.android.dx.rop.code.RegisterSpec.withReg(I)Lcom/android/dx/rop/code/RegisterSpec; @ 5
Event: 1.464 Thread 0x00000000569d3800 Uncommon trap: reason=bimorphic action=maybe_recompile pc=0x0000000002ad7b74 method=java.util.HashMap.getNode(ILjava/lang/Object;)Ljava/util/HashMap$Node; @ 126
Event: 1.464 Thread 0x00000000569d3800 Uncommon trap: reason=bimorphic action=maybe_recompile pc=0x0000000002ad7b74 method=java.util.HashMap.getNode(ILjava/lang/Object;)Ljava/util/HashMap$Node; @ 126
Event: 1.464 Thread 0x00000000569d3800 Uncommon trap: reason=bimorphic action=maybe_recompile pc=0x0000000002ad7b74 method=java.util.HashMap.getNode(ILjava/lang/Object;)Ljava/util/HashMap$Node; @ 126
Event: 1.535 Thread 0x00000000569d3800 Uncommon trap: reason=unstable_if action=reinterpret pc=0x0000000002d23b44 method=com.android.dx.util.ByteArrayAnnotatedOutput.writeByte(I)V @ 13

Internal exceptions (2 events):
Event: 0.018 Thread 0x000000000221e800 Exception <a 'java/lang/NoSuchMethodError': Method sun.misc.Unsafe.defineClass(Ljava/lang/String;[BII)Ljava/lang/Class; name or signature does not match> (0x00000000eab07cc0) thrown at [C:\src\android\AOSP-openjdk\external\jetbrains\jdk\hotspot\src\share\vëÿ˜1I’?
Event: 0.018 Thread 0x000000000221e800 Exception <a 'java/lang/NoSuchMethodError': Method sun.misc.Unsafe.prefetchRead(Ljava/lang/Object;J)V name or signature does not match> (0x00000000eab07fa8) thrown at [C:\src\android\AOSP-openjdk\external\jetbrains\jdk\hotspot\src\share\vm\prims\jni.cpp, l

Events (10 events):
Event: 1.549 loading class java/security/MessageDigest
Event: 1.549 loading class java/security/MessageDigestSpi
Event: 1.549 loading class java/security/MessageDigestSpi done
Event: 1.549 loading class java/security/MessageDigest done
Event: 1.549 loading class java/security/Security
Event: 1.550 loading class java/security/Security done
Event: 1.550 loading class java/security/Security$1
Event: 1.550 loading class java/security/Security$1 done
Event: 1.550 loading class java/util/Properties$LineReader
Event: 1.550 loading class java/util/Properties$LineReader done


Dynamic libraries:
0x000000013f250000 - 0x000000013f281000 	C:\Program Files\Android\Android Studio\jre\bin\java.exe
0x0000000077180000 - 0x0000000077329000 	C:\Windows\SYSTEM32\ntdll.dll
0x0000000077060000 - 0x000000007717f000 	C:\Windows\system32\kernel32.dll
0x000007fefd940000 - 0x000007fefd9ac000 	C:\Windows\system32\KERNELBASE.dll
0x000007feff3b0000 - 0x000007feff48b000 	C:\Windows\system32\ADVAPI32.dll
0x000007feff1a0000 - 0x000007feff23f000 	C:\Windows\system32\msvcrt.dll
0x000007fefed50000 - 0x000007fefed6f000 	C:\Windows\SYSTEM32\sechost.dll
0x000007fefec00000 - 0x000007fefed2d000 	C:\Windows\system32\RPCRT4.dll
0x0000000076f60000 - 0x000000007705a000 	C:\Windows\system32\USER32.dll
0x000007fefe9f0000 - 0x000007fefea57000 	C:\Windows\system32\GDI32.dll
0x000007fefed30000 - 0x000007fefed3e000 	C:\Windows\system32\LPK.dll
0x000007fefea90000 - 0x000007fefeb59000 	C:\Windows\system32\USP10.dll
0x000007fefbe40000 - 0x000007fefc034000 	C:\Windows\WinSxS\amd64_microsoft.windows.common-controls_6595b64144ccf1df_6.0.7601.17514_none_fa396087175ac9ac\COMCTL32.dll
0x000007fefeb80000 - 0x000007fefebf1000 	C:\Windows\system32\SHLWAPI.dll
0x000007fefea60000 - 0x000007fefea8e000 	C:\Windows\system32\IMM32.DLL
0x000007feff240000 - 0x000007feff349000 	C:\Windows\system32\MSCTF.dll
0x00000000705c0000 - 0x0000000070692000 	C:\Program Files\Android\Android Studio\jre\jre\bin\msvcr100.dll
0x00000000706a0000 - 0x0000000070ed4000 	C:\Program Files\Android\Android Studio\jre\jre\bin\server\jvm.dll
0x000007feec580000 - 0x000007feec589000 	C:\Windows\system32\WSOCK32.dll
0x000007fefee50000 - 0x000007fefee9d000 	C:\Windows\system32\WS2_32.dll
0x000007fefed40000 - 0x000007fefed48000 	C:\Windows\system32\NSI.dll
0x000007fefaf00000 - 0x000007fefaf3b000 	C:\Windows\system32\WINMM.dll
0x000007fefc6e0000 - 0x000007fefc6ec000 	C:\Windows\system32\VERSION.dll
0x0000000077340000 - 0x0000000077347000 	C:\Windows\system32\PSAPI.DLL
0x000007fef8460000 - 0x000007fef846f000 	C:\Program Files\Android\Android Studio\jre\jre\bin\verify.dll
0x000007fef83e0000 - 0x000007fef8409000 	C:\Program Files\Android\Android Studio\jre\jre\bin\java.dll
0x000007fef7bc0000 - 0x000007fef7bd6000 	C:\Program Files\Android\Android Studio\jre\jre\bin\zip.dll
0x000007fefd9b0000 - 0x000007fefe738000 	C:\Windows\system32\SHELL32.dll
0x000007fefe7e0000 - 0x000007fefe9e3000 	C:\Windows\system32\ole32.dll
0x000007fefd5e0000 - 0x000007fefd5ef000 	C:\Windows\system32\profapi.dll

VM Arguments:
jvm_args: -Djava.awt.headless=true -Xmx1024M -Dfile.encoding=windows-1252 -Duser.country=FR -Duser.language=fr -Duser.variant 
java_command: com.android.dx.command.Main --dex --force-jumbo --num-threads=4 --multi-dex --output C:\Users\rhakanjin.Newsco\Desktop\workspaceAndroid\friendzone\app\build\intermediates\transforms\dex\debug\folders\1000\5\slice_2 C:\Users\rhakanjin.Newsco\Desktop\workspaceAndroid\friendzone\app\build\intermediates\transforms\instantRunSlicer\debug\folders\1\5\slice_2
java_class_path (initial): C:\Users\rhakanjin.Newsco\AppData\Local\Android\sdk\build-tools\25.0.2\lib\dx.jar
Launcher Type: SUN_STANDARD

Environment Variables:
PATH=c:\Program Files (x86)\Intel\iCLS Client\;c:\Program Files\Intel\iCLS Client\;C:\Windows\system32;C:\Windows;C:\Windows\System32\Wbem;C:\Windows\System32\WindowsPowerShell\v1.0\;c:\Program Files (x86)\Common Files\Roxio Shared\DLLShared\;c:\Program Files (x86)\Common Files\Roxio Shared\10.0\DLLShared\;C:\Program Files\Intel\Intel(R) Management Engine Components\DAL;C:\Program Files\Intel\Intel(R) Management Engine Components\IPT;C:\Program Files (x86)\Intel\Intel(R) Management Engine Components\DAL;C:\Program Files (x86)\Intel\Intel(R) Management Engine Components\IPT;C:\Program Files\nodejs\;C:\RailsInstaller\Ruby2.3.0\bin;c:\Program Files (x86)\Intel\iCLS Client\;c:\Program Files\Intel\iCLS Client\;C:\Windows\system32;C:\Windows;C:\Windows\System32\Wbem;C:\Windows\System32\WindowsPowerShell\v1.0\;c:\Program Files (x86)\Common Files\Roxio Shared\DLLShared\;c:\Program Files (x86)\Common Files\Roxio Shared\10.0\DLLShared\;C:\Program Files\Intel\Intel(R) Management Engine Components\DAL;C:\Program Files\Intel\Intel(R) Management Engine Components\IPT;C:\Program Files (x86)\Intel\Intel(R) Management Engine Components\DAL;C:\Program Files (x86)\Intel\Intel(R) Management Engine Components\IPT;C:\Users\rhakanjin.Newsco\AppData\Local\Programs\Git\cmd;C:\Users\rhakanjin.Newsco\AppData\Roaming\npm
USERNAME=rhakanjin
OS=Windows_NT
PROCESSOR_IDENTIFIER=Intel64 Family 6 Model 58 Stepping 9, GenuineIntel



---------------  S Y S T E M  ---------------

OS: Windows 7 , 64 bit Build 7601 (6.1.7601.17651)

CPU:total 8 (4 cores per cpu, 2 threads per core) family 6 model 58 stepping 9, cmov, cx8, fxsr, mmx, sse, sse2, sse3, ssse3, sse4.1, sse4.2, popcnt, avx, aes, clmul, erms, ht, tsc, tscinvbit, tscinv

Memory: 4k page, physical 8063920k(365856k free), swap 12256372k(4952k free)

vm_info: OpenJDK 64-Bit Server VM (25.76-b03) for windows-amd64 JRE (1.8.0_76-release-b03), built on Jun 29 2016 19:09:20 by "ralucas" with MS VC++ 10.0 (VS2010)

time: Mon Feb 13 14:24:26 2017
elapsed time: 1 seconds (0d 0h 0m 1s)

