#
# There is insufficient memory for the Java Runtime Environment to continue.
# Native memory allocation (malloc) failed to allocate 2832 bytes for AllocateHeap
# Possible reasons:
#   The system is out of physical RAM or swap space
#   In 32 bit mode, the process size limit was hit
# Possible solutions:
#   Reduce memory load on the system
#   Increase physical memory or swap space
#   Check if swap backing store is full
#   Use 64 bit Java on a 64 bit OS
#   Decrease Java heap size (-Xmx/-Xms)
#   Decrease number of Java threads
#   Decrease Java thread stack sizes (-Xss)
#   Set larger code cache with -XX:ReservedCodeCacheSize=
# This output file may be truncated or incomplete.
#
#  Out of Memory Error (memory/allocation.inline.hpp:61), pid=8824, tid=0x00000000000005bc
#
# JRE version: OpenJDK Runtime Environment (8.0_76-b03) (build 1.8.0_76-release-b03)
# Java VM: OpenJDK 64-Bit Server VM (25.76-b03 mixed mode windows-amd64 compressed oops)
# Failed to write core dump. Minidumps are not enabled by default on client versions of Windows
#

---------------  T H R E A D  ---------------

Current thread (0x00000000569c7800):  JavaThread "pool-2-thread-1" [_thread_in_Java, id=1468, stack(0x0000000058ea0000,0x0000000058fa0000)]

Stack: [0x0000000058ea0000,0x0000000058fa0000]
[error occurred during error reporting (printing stack bounds), id 0xe0000000]

Native frames: (J=compiled Java code, j=interpreted, Vv=VM code, C=native code)

Java frames: (J=compiled Java code, j=interpreted, Vv=VM code)
v  ~DeoptimizationBlob
J 1966 C1 com.android.dx.ssa.SsaConverter.edgeSplitMoveExceptionsAndResults(Lcom/android/dx/ssa/SsaMethod;)V (157 bytes) @ 0x0000000002f9a97d [0x0000000002f99060+0x191d]
J 1457 C1 com.android.dx.ssa.SsaConverter.convertToSsaMethod(Lcom/android/dx/rop/code/RopMethod;IZ)Lcom/android/dx/ssa/SsaMethod; (41 bytes) @ 0x0000000002dd232c [0x0000000002dd2240+0xec]
J 1577 C1 com.android.dx.ssa.Optimizer.optimize(Lcom/android/dx/rop/code/RopMethod;IZZLcom/android/dx/rop/code/TranslationAdvice;Ljava/util/EnumSet;)Lcom/android/dx/rop/code/RopMethod; (67 bytes) @ 0x0000000002e13fdc [0x0000000002e13f40+0x9c]
J 1843 C1 com.android.dx.dex.cf.CfTranslator.processMethods(Lcom/android/dx/cf/direct/DirectClassFile;Lcom/android/dx/dex/cf/CfOptions;Lcom/android/dx/dex/DexOptions;Lcom/android/dx/dex/file/ClassDefItem;Lcom/android/dx/dex/file/DexFile;)V (583 bytes) @ 0x0000000002f0d24c [0x0000000002f0c9a0+0x8ac]
J 1529 C1 com.android.dx.dex.cf.CfTranslator.translate0(Lcom/android/dx/cf/direct/DirectClassFile;[BLcom/android/dx/dex/cf/CfOptions;Lcom/android/dx/dex/DexOptions;Lcom/android/dx/dex/file/DexFile;)Lcom/android/dx/dex/file/ClassDefItem; (259 bytes) @ 0x0000000002dff89c [0x0000000002dff4a0+0x3fc]
j  com.android.dx.dex.cf.CfTranslator.translate(Lcom/android/dx/cf/direct/DirectClassFile;[BLcom/android/dx/dex/cf/CfOptions;Lcom/android/dx/dex/DexOptions;Lcom/android/dx/dex/file/DexFile;)Lcom/android/dx/dex/file/ClassDefItem;+6
j  com.android.dx.command.dexer.Main.translateClass([BLcom/android/dx/cf/direct/DirectClassFile;)Lcom/android/dx/dex/file/ClassDefItem;+17
J 1816 C1 com.android.dx.command.dexer.Main$ClassTranslatorTask.call()Ljava/lang/Object; (5 bytes) @ 0x0000000002f047ac [0x0000000002f04740+0x6c]
J 1531 C1 java.util.concurrent.FutureTask.run()V (126 bytes) @ 0x0000000002e0399c [0x0000000002e038c0+0xdc]
j  java.util.concurrent.ThreadPoolExecutor.runWorker(Ljava/util/concurrent/ThreadPoolExecutor$Worker;)V+95
j  java.util.concurrent.ThreadPoolExecutor$Worker.run()V+5
j  java.lang.Thread.run()V+11
v  ~StubRoutines::call_stub

---------------  P R O C E S S  ---------------

Java Threads: ( => current thread )
  0x0000000058696800 JavaThread "pool-2-thread-4" [_thread_blocked, id=4108, stack(0x0000000059310000,0x0000000059410000)]
  0x0000000058692800 JavaThread "pool-2-thread-3" [_thread_blocked, id=6616, stack(0x0000000059140000,0x0000000059240000)]
  0x0000000056983000 JavaThread "pool-2-thread-2" [_thread_blocked, id=1776, stack(0x0000000059010000,0x0000000059110000)]
  0x00000000568f0800 JavaThread "pool-3-thread-1" [_thread_blocked, id=7448, stack(0x0000000057ec0000,0x0000000057fc0000)]
=>0x00000000569c7800 JavaThread "pool-2-thread-1" [_thread_in_Java, id=1468, stack(0x0000000058ea0000,0x0000000058fa0000)]
  0x00000000566ed000 JavaThread "Service Thread" daemon [_thread_blocked, id=8016, stack(0x0000000058380000,0x0000000058480000)]
  0x00000000566e6800 JavaThread "C1 CompilerThread3" daemon [_thread_in_vm, id=7844, stack(0x0000000058240000,0x0000000058340000)]
  0x00000000566e5800 JavaThread "C2 CompilerThread2" daemon [_thread_blocked, id=5168, stack(0x0000000058110000,0x0000000058210000)]
  0x0000000056686000 JavaThread "C2 CompilerThread1" daemon [_thread_blocked, id=7044, stack(0x0000000057fd0000,0x00000000580d0000)]
  0x0000000056684000 JavaThread "C2 CompilerThread0" daemon [_thread_blocked, id=6712, stack(0x0000000057780000,0x0000000057880000)]
  0x000000005667e800 JavaThread "Attach Listener" daemon [_thread_blocked, id=4492, stack(0x0000000057d30000,0x0000000057e30000)]
  0x000000005667c800 JavaThread "Signal Dispatcher" daemon [_thread_blocked, id=4208, stack(0x0000000057bc0000,0x0000000057cc0000)]
  0x00000000557ed800 JavaThread "Finalizer" daemon [_thread_blocked, id=9084, stack(0x0000000057a10000,0x0000000057b10000)]
  0x00000000557e4800 JavaThread "Reference Handler" daemon [_thread_blocked, id=6764, stack(0x00000000578d0000,0x00000000579d0000)]
  0x000000000221e800 JavaThread "main" [_thread_blocked, id=6680, stack(0x0000000002420000,0x0000000002520000)]

Other Threads:
  0x0000000056630800 VMThread [stack: 0x0000000057620000,0x0000000057720000] [id=3756]
  0x00000000566f1800 WatcherThread [stack: 0x0000000058590000,0x0000000058690000] [id=3608]

VM state:not at safepoint (normal execution)

VM Mutex/Monitor currently owned by a thread:  ([mutex/lock_event])
[0x0000000002219540] CodeCache_lock - owner thread: 0x00000000566e6800
[0x000000000221d6c0] Compile_lock - owner thread: 0x00000000566e6800
[0x000000000221d7c0] MethodCompileQueue_lock - owner thread: 0x00000000566e6800

Heap:
 PSYoungGen      total 132096K, used 12430K [0x00000000eab00000, 0x00000000f3100000, 0x0000000100000000)
  eden space 126976K, 5% used [0x00000000eab00000,0x00000000eb22a6b0,0x00000000f2700000)
  from space 5120K, 99% used [0x00000000f2c00000,0x00000000f30f94b8,0x00000000f3100000)
  to   space 5120K, 0% used [0x00000000f2700000,0x00000000f2700000,0x00000000f2c00000)
 ParOldGen       total 84992K, used 26334K [0x00000000c0000000, 0x00000000c5300000, 0x00000000eab00000)
  object space 84992K, 30% used [0x00000000c0000000,0x00000000c19b7ab0,0x00000000c5300000)
 Metaspace       used 6293K, capacity 7152K, committed 7296K, reserved 1056768K
  class space    used 575K, capacity 616K, committed 640K, reserved 1048576K

Card table byte_map: [0x0000000011bb0000,0x0000000011dc0000] byte_map_base: 0x00000000115b0000

Marking Bits: (ParMarkBitMap*) 0x0000000070e59d00
 Begin Bits: [0x0000000012c00000, 0x0000000013c00000)
 End Bits:   [0x0000000013c00000, 0x0000000014c00000)

Polling page: 0x00000000001c0000

CodeCache: size=245760Kb used=8212Kb max_used=8212Kb free=237547Kb
 bounds [0x00000000027f0000, 0x0000000003000000, 0x00000000117f0000]
 total_blobs=2230 nmethods=1961 adapters=181
 compilation: enabled

Compilation events (10 events):
Event: 4.199 Thread 0x00000000566e5800 2002       4       com.android.dx.cf.code.ExecutionStack::copy (59 bytes)
Event: 4.203 Thread 0x00000000566e5800 nmethod 2002 0x0000000002fcc7d0 code [0x0000000002fcc940, 0x0000000002fccd98]
Event: 4.203 Thread 0x00000000566e5800 2005       4       com.android.dx.rop.type.Type::getFrameType (5 bytes)
Event: 4.204 Thread 0x00000000566e5800 nmethod 2005 0x0000000002e15dd0 code [0x0000000002e15f00, 0x0000000002e15f78]
Event: 4.204 Thread 0x00000000566e5800 2006       4       com.android.dx.cf.code.ExecutionStack::pop (54 bytes)
Event: 4.205 Thread 0x00000000566e5800 nmethod 2006 0x0000000002fcc310 code [0x0000000002fcc460, 0x0000000002fcc5f8]
Event: 4.205 Thread 0x00000000566e5800 2007       4       com.android.dx.cf.code.Simulator$SimVisitor::visitConstant (332 bytes)
Event: 4.205 Thread 0x00000000566e6800 2012       3       com.android.dx.cf.code.Frame::makeExceptionHandlerStartFrame (34 bytes)
Event: 4.206 Thread 0x00000000566e6800 nmethod 2012 0x0000000002ffb290 code [0x0000000002ffb420, 0x0000000002ffb958]
Event: 4.207 Thread 0x00000000566e6800 2023       3       com.android.dx.ssa.SsaConverter::edgeSplitMoveExceptionsAndResults (157 bytes)

GC Heap History (8 events):
Event: 0.706 GC heap before
{Heap before GC invocations=1 (full 0):
 PSYoungGen      total 36864K, used 31744K [0x00000000eab00000, 0x00000000ed400000, 0x0000000100000000)
  eden space 31744K, 100% used [0x00000000eab00000,0x00000000eca00000,0x00000000eca00000)
  from space 5120K, 0% used [0x00000000ecf00000,0x00000000ecf00000,0x00000000ed400000)
  to   space 5120K, 0% used [0x00000000eca00000,0x00000000eca00000,0x00000000ecf00000)
 ParOldGen       total 84992K, used 0K [0x00000000c0000000, 0x00000000c5300000, 0x00000000eab00000)
  object space 84992K, 0% used [0x00000000c0000000,0x00000000c0000000,0x00000000c5300000)
 Metaspace       used 5818K, capacity 6832K, committed 7040K, reserved 1056768K
  class space    used 569K, capacity 616K, committed 640K, reserved 1048576K
Event: 0.754 GC heap after
Heap after GC invocations=1 (full 0):
 PSYoungGen      total 36864K, used 5108K [0x00000000eab00000, 0x00000000ef300000, 0x0000000100000000)
  eden space 31744K, 0% used [0x00000000eab00000,0x00000000eab00000,0x00000000eca00000)
  from space 5120K, 99% used [0x00000000eca00000,0x00000000ecefd280,0x00000000ecf00000)
  to   space 5120K, 0% used [0x00000000eee00000,0x00000000eee00000,0x00000000ef300000)
 ParOldGen       total 84992K, used 897K [0x00000000c0000000, 0x00000000c5300000, 0x00000000eab00000)
  object space 84992K, 1% used [0x00000000c0000000,0x00000000c00e0588,0x00000000c5300000)
 Metaspace       used 5818K, capacity 6832K, committed 7040K, reserved 1056768K
  class space    used 569K, capacity 616K, committed 640K, reserved 1048576K
}
Event: 0.897 GC heap before
{Heap before GC invocations=2 (full 0):
 PSYoungGen      total 36864K, used 36852K [0x00000000eab00000, 0x00000000ef300000, 0x0000000100000000)
  eden space 31744K, 100% used [0x00000000eab00000,0x00000000eca00000,0x00000000eca00000)
  from space 5120K, 99% used [0x00000000eca00000,0x00000000ecefd280,0x00000000ecf00000)
  to   space 5120K, 0% used [0x00000000eee00000,0x00000000eee00000,0x00000000ef300000)
 ParOldGen       total 84992K, used 897K [0x00000000c0000000, 0x00000000c5300000, 0x00000000eab00000)
  object space 84992K, 1% used [0x00000000c0000000,0x00000000c00e0588,0x00000000c5300000)
 Metaspace       used 5926K, capacity 6896K, committed 7040K, reserved 1056768K
  class space    used 569K, capacity 616K, committed 640K, reserved 1048576K
Event: 1.042 GC heap after
Heap after GC invocations=2 (full 0):
 PSYoungGen      total 68608K, used 5114K [0x00000000eab00000, 0x00000000ef300000, 0x0000000100000000)
  eden space 63488K, 0% used [0x00000000eab00000,0x00000000eab00000,0x00000000ee900000)
  from space 5120K, 99% used [0x00000000eee00000,0x00000000ef2feaa8,0x00000000ef300000)
  to   space 5120K, 0% used [0x00000000ee900000,0x00000000ee900000,0x00000000eee00000)
 ParOldGen       total 84992K, used 3876K [0x00000000c0000000, 0x00000000c5300000, 0x00000000eab00000)
  object space 84992K, 4% used [0x00000000c0000000,0x00000000c03c9200,0x00000000c5300000)
 Metaspace       used 5926K, capacity 6896K, committed 7040K, reserved 1056768K
  class space    used 569K, capacity 616K, committed 640K, reserved 1048576K
}
Event: 2.472 GC heap before
{Heap before GC invocations=3 (full 0):
 PSYoungGen      total 68608K, used 68602K [0x00000000eab00000, 0x00000000ef300000, 0x0000000100000000)
  eden space 63488K, 100% used [0x00000000eab00000,0x00000000ee900000,0x00000000ee900000)
  from space 5120K, 99% used [0x00000000eee00000,0x00000000ef2feaa8,0x00000000ef300000)
  to   space 5120K, 0% used [0x00000000ee900000,0x00000000ee900000,0x00000000eee00000)
 ParOldGen       total 84992K, used 3876K [0x00000000c0000000, 0x00000000c5300000, 0x00000000eab00000)
  object space 84992K, 4% used [0x00000000c0000000,0x00000000c03c9200,0x00000000c5300000)
 Metaspace       used 6242K, capacity 7152K, committed 7296K, reserved 1056768K
  class space    used 574K, capacity 616K, committed 640K, reserved 1048576K
Event: 2.891 GC heap after
Heap after GC invocations=3 (full 0):
 PSYoungGen      total 68608K, used 5101K [0x00000000eab00000, 0x00000000f3100000, 0x0000000100000000)
  eden space 63488K, 0% used [0x00000000eab00000,0x00000000eab00000,0x00000000ee900000)
  from space 5120K, 99% used [0x00000000ee900000,0x00000000eedfb5a8,0x00000000eee00000)
  to   space 5120K, 0% used [0x00000000f2c00000,0x00000000f2c00000,0x00000000f3100000)
 ParOldGen       total 84992K, used 14729K [0x00000000c0000000, 0x00000000c5300000, 0x00000000eab00000)
  object space 84992K, 17% used [0x00000000c0000000,0x00000000c0e626e8,0x00000000c5300000)
 Metaspace       used 6242K, capacity 7152K, committed 7296K, reserved 1056768K
  class space    used 574K, capacity 616K, committed 640K, reserved 1048576K
}
Event: 3.307 GC heap before
{Heap before GC invocations=4 (full 0):
 PSYoungGen      total 68608K, used 68589K [0x00000000eab00000, 0x00000000f3100000, 0x0000000100000000)
  eden space 63488K, 100% used [0x00000000eab00000,0x00000000ee900000,0x00000000ee900000)
  from space 5120K, 99% used [0x00000000ee900000,0x00000000eedfb5a8,0x00000000eee00000)
  to   space 5120K, 0% used [0x00000000f2c00000,0x00000000f2c00000,0x00000000f3100000)
 ParOldGen       total 84992K, used 14729K [0x00000000c0000000, 0x00000000c5300000, 0x00000000eab00000)
  object space 84992K, 17% used [0x00000000c0000000,0x00000000c0e626e8,0x00000000c5300000)
 Metaspace       used 6288K, capacity 7152K, committed 7296K, reserved 1056768K
  class space    used 574K, capacity 616K, committed 640K, reserved 1048576K
Event: 4.188 GC heap after
Heap after GC invocations=4 (full 0):
 PSYoungGen      total 132096K, used 5093K [0x00000000eab00000, 0x00000000f3100000, 0x0000000100000000)
  eden space 126976K, 0% used [0x00000000eab00000,0x00000000eab00000,0x00000000f2700000)
  from space 5120K, 99% used [0x00000000f2c00000,0x00000000f30f94b8,0x00000000f3100000)
  to   space 5120K, 0% used [0x00000000f2700000,0x00000000f2700000,0x00000000f2c00000)
 ParOldGen       total 84992K, used 26334K [0x00000000c0000000, 0x00000000c5300000, 0x00000000eab00000)
  object space 84992K, 30% used [0x00000000c0000000,0x00000000c19b7ab0,0x00000000c5300000)
 Metaspace       used 6288K, capacity 7152K, committed 7296K, reserved 1056768K
  class space    used 574K, capacity 616K, committed 640K, reserved 1048576K
}

Deoptimization events (10 events):
Event: 2.377 Thread 0x0000000058696800 Uncommon trap: reason=class_check action=maybe_recompile pc=0x0000000002d27494 method=com.android.dx.ssa.SCCP.simulateBranch(Lcom/android/dx/ssa/SsaInsn;)V @ 145
Event: 2.399 Thread 0x0000000058696800 Uncommon trap: reason=class_check action=maybe_recompile pc=0x0000000002d27494 method=com.android.dx.ssa.SCCP.simulateBranch(Lcom/android/dx/ssa/SsaInsn;)V @ 145
Event: 2.419 Thread 0x00000000569c7800 Uncommon trap: reason=class_check action=maybe_recompile pc=0x0000000002d27494 method=com.android.dx.ssa.SCCP.simulateBranch(Lcom/android/dx/ssa/SsaInsn;)V @ 145
Event: 2.468 Thread 0x00000000569c7800 Uncommon trap: reason=class_check action=maybe_recompile pc=0x0000000002e2d268 method=com.android.dx.cf.code.RopperMachine.run(Lcom/android/dx/cf/code/Frame;II)V @ 988
Event: 2.469 Thread 0x00000000569c7800 Uncommon trap: reason=class_check action=maybe_recompile pc=0x0000000002e2d268 method=com.android.dx.cf.code.RopperMachine.run(Lcom/android/dx/cf/code/Frame;II)V @ 988
Event: 2.469 Thread 0x00000000569c7800 Uncommon trap: reason=class_check action=maybe_recompile pc=0x0000000002e2d268 method=com.android.dx.cf.code.RopperMachine.run(Lcom/android/dx/cf/code/Frame;II)V @ 988
Event: 2.469 Thread 0x00000000569c7800 Uncommon trap: reason=class_check action=maybe_recompile pc=0x0000000002e2d268 method=com.android.dx.cf.code.RopperMachine.run(Lcom/android/dx/cf/code/Frame;II)V @ 988
Event: 2.945 Thread 0x0000000058696800 Uncommon trap: reason=unstable_if action=reinterpret pc=0x0000000002e623e4 method=com.android.dx.ssa.LiteralOpUpgrader$1.visitNonMoveInsn(Lcom/android/dx/ssa/NormalSsaInsn;)V @ 55
Event: 2.946 Thread 0x0000000058696800 Uncommon trap: reason=unstable_if action=reinterpret pc=0x0000000002b6eacc method=com.android.dx.ssa.SsaMethod.updateOneDefinition(Lcom/android/dx/ssa/SsaInsn;Lcom/android/dx/rop/code/RegisterSpec;)V @ 4
Event: 4.193 Thread 0x0000000056983000 Uncommon trap: reason=null_check action=make_not_entrant pc=0x0000000002fed77c method=com.android.dx.cf.code.Ropper$CatchInfo.getSetup(Lcom/android/dx/rop/type/Type;)Lcom/android/dx/cf/code/Ropper$ExceptionHandlerSetup; @ 10

Internal exceptions (6 events):
Event: 0.035 Thread 0x000000000221e800 Exception <a 'java/lang/NoSuchMethodError': Method sun.misc.Unsafe.defineClass(Ljava/lang/String;[BII)Ljava/lang/Class; name or signature does not match> (0x00000000eab07cc0) thrown at [C:\src\android\AOSP-openjdk\external\jetbrains\jdk\hotspot\src\share\v’â.ýJ¢?
Event: 0.035 Thread 0x000000000221e800 Exception <a 'java/lang/NoSuchMethodError': Method sun.misc.Unsafe.prefetchRead(Ljava/lang/Object;J)V name or signature does not match> (0x00000000eab07fa8) thrown at [C:\src\android\AOSP-openjdk\external\jetbrains\jdk\hotspot\src\share\vm\prims\jni.cpp, l©öˆlµUê?
Event: 0.823 Thread 0x0000000058696800 Implicit null exception at 0x0000000002a4e7d2 to 0x0000000002a4e8c2
Event: 4.193 Thread 0x0000000056983000 Implicit null exception at 0x0000000002fe8ce8 to 0x0000000002fed73d
Event: 4.194 Thread 0x00000000569c7800 Exception <a 'java/lang/OutOfMemoryError'> (0x00000000eabbded8) thrown at [C:\src\android\AOSP-openjdk\external\jetbrains\jdk\hotspot\src\share\vm\prims\jni.cpp, line 735]
Event: 4.194 Thread 0x00000000569c7800 Exception <a 'java/lang/OutOfMemoryError'> (0x00000000eabbded8) thrown at [C:\src\android\AOSP-openjdk\external\jetbrains\jdk\hotspot\src\share\vm\prims\jvm.cpp, line 1390]

Events (10 events):
Event: 3.307 Executing VM operation: ParallelGCFailedAllocation
Event: 4.188 Executing VM operation: ParallelGCFailedAllocation done
Event: 4.193 Thread 0x0000000056983000 Uncommon trap: trap_request=0xfffffff4 fr.pc=0x0000000002fed77c
Event: 4.193 Thread 0x0000000056983000 DEOPT PACKING pc=0x0000000002fed77c sp=0x000000005910e600
Event: 4.193 Thread 0x0000000056983000 DEOPT UNPACKING pc=0x000000000283556a sp=0x000000005910e598 mode 2
Event: 4.193 loading class com/android/dx/cf/code/LocalVariableList$Item
Event: 4.193 loading class com/android/dx/cf/code/LocalVariableList$Item done
Event: 4.194 loading class java/security/PrivilegedActionException
Event: 4.194 loading class java/security/PrivilegedActionException done
Event: 4.207 Thread 0x00000000569c7800 DEOPT PACKING pc=0x0000000002f9a97d sp=0x0000000058f9ed40


Dynamic libraries:
0x000000013f250000 - 0x000000013f281000 	C:\Program Files\Android\Android Studio\jre\bin\java.exe
0x0000000077180000 - 0x0000000077329000 	C:\Windows\SYSTEM32\ntdll.dll
0x0000000077060000 - 0x000000007717f000 	C:\Windows\system32\kernel32.dll
0x000007fefd940000 - 0x000007fefd9ac000 	C:\Windows\system32\KERNELBASE.dll
0x000007feff3b0000 - 0x000007feff48b000 	C:\Windows\system32\ADVAPI32.dll
0x000007feff1a0000 - 0x000007feff23f000 	C:\Windows\system32\msvcrt.dll
0x000007fefed50000 - 0x000007fefed6f000 	C:\Windows\SYSTEM32\sechost.dll
0x000007fefec00000 - 0x000007fefed2d000 	C:\Windows\system32\RPCRT4.dll
0x0000000076f60000 - 0x000000007705a000 	C:\Windows\system32\USER32.dll
0x000007fefe9f0000 - 0x000007fefea57000 	C:\Windows\system32\GDI32.dll
0x000007fefed30000 - 0x000007fefed3e000 	C:\Windows\system32\LPK.dll
0x000007fefea90000 - 0x000007fefeb59000 	C:\Windows\system32\USP10.dll
0x000007fefbe40000 - 0x000007fefc034000 	C:\Windows\WinSxS\amd64_microsoft.windows.common-controls_6595b64144ccf1df_6.0.7601.17514_none_fa396087175ac9ac\COMCTL32.dll
0x000007fefeb80000 - 0x000007fefebf1000 	C:\Windows\system32\SHLWAPI.dll
0x000007fefea60000 - 0x000007fefea8e000 	C:\Windows\system32\IMM32.DLL
0x000007feff240000 - 0x000007feff349000 	C:\Windows\system32\MSCTF.dll
0x00000000705c0000 - 0x0000000070692000 	C:\Program Files\Android\Android Studio\jre\jre\bin\msvcr100.dll
0x00000000706a0000 - 0x0000000070ed4000 	C:\Program Files\Android\Android Studio\jre\jre\bin\server\jvm.dll
0x000007feec580000 - 0x000007feec589000 	C:\Windows\system32\WSOCK32.dll
0x000007fefee50000 - 0x000007fefee9d000 	C:\Windows\system32\WS2_32.dll
0x000007fefed40000 - 0x000007fefed48000 	C:\Windows\system32\NSI.dll
0x000007fefaf00000 - 0x000007fefaf3b000 	C:\Windows\system32\WINMM.dll
0x000007fefc6e0000 - 0x000007fefc6ec000 	C:\Windows\system32\VERSION.dll
0x0000000077340000 - 0x0000000077347000 	C:\Windows\system32\PSAPI.DLL
0x000007fef8460000 - 0x000007fef846f000 	C:\Program Files\Android\Android Studio\jre\jre\bin\verify.dll
0x000007fef83e0000 - 0x000007fef8409000 	C:\Program Files\Android\Android Studio\jre\jre\bin\java.dll
0x000007fef7bc0000 - 0x000007fef7bd6000 	C:\Program Files\Android\Android Studio\jre\jre\bin\zip.dll
0x000007fefd9b0000 - 0x000007fefe738000 	C:\Windows\system32\SHELL32.dll
0x000007fefe7e0000 - 0x000007fefe9e3000 	C:\Windows\system32\ole32.dll
0x000007fefd5e0000 - 0x000007fefd5ef000 	C:\Windows\system32\profapi.dll

VM Arguments:
jvm_args: -Djava.awt.headless=true -Xmx1024M -Dfile.encoding=windows-1252 -Duser.country=FR -Duser.language=fr -Duser.variant 
java_command: com.android.dx.command.Main --dex --force-jumbo --num-threads=4 --multi-dex --output C:\Users\rhakanjin.Newsco\Desktop\workspaceAndroid\friendzone\app\build\intermediates\transforms\dex\debug\folders\1000\10\com.google.android.gms-play-services-games-10.0.1_5b475587f67535442a016d221ca7d6f6d9da6372 C:\Users\rhakanjin.Newsco\Desktop\workspaceAndroid\friendzone\app\build\intermediates\exploded-aar\com.google.android.gms\play-services-games\10.0.1\jars\classes.jar
java_class_path (initial): C:\Users\rhakanjin.Newsco\AppData\Local\Android\sdk\build-tools\25.0.2\lib\dx.jar
Launcher Type: SUN_STANDARD

Environment Variables:
PATH=c:\Program Files (x86)\Intel\iCLS Client\;c:\Program Files\Intel\iCLS Client\;C:\Windows\system32;C:\Windows;C:\Windows\System32\Wbem;C:\Windows\System32\WindowsPowerShell\v1.0\;c:\Program Files (x86)\Common Files\Roxio Shared\DLLShared\;c:\Program Files (x86)\Common Files\Roxio Shared\10.0\DLLShared\;C:\Program Files\Intel\Intel(R) Management Engine Components\DAL;C:\Program Files\Intel\Intel(R) Management Engine Components\IPT;C:\Program Files (x86)\Intel\Intel(R) Management Engine Components\DAL;C:\Program Files (x86)\Intel\Intel(R) Management Engine Components\IPT;C:\Program Files\nodejs\;C:\RailsInstaller\Ruby2.3.0\bin;c:\Program Files (x86)\Intel\iCLS Client\;c:\Program Files\Intel\iCLS Client\;C:\Windows\system32;C:\Windows;C:\Windows\System32\Wbem;C:\Windows\System32\WindowsPowerShell\v1.0\;c:\Program Files (x86)\Common Files\Roxio Shared\DLLShared\;c:\Program Files (x86)\Common Files\Roxio Shared\10.0\DLLShared\;C:\Program Files\Intel\Intel(R) Management Engine Components\DAL;C:\Program Files\Intel\Intel(R) Management Engine Components\IPT;C:\Program Files (x86)\Intel\Intel(R) Management Engine Components\DAL;C:\Program Files (x86)\Intel\Intel(R) Management Engine Components\IPT;C:\Users\rhakanjin.Newsco\AppData\Local\Programs\Git\cmd;C:\Users\rhakanjin.Newsco\AppData\Roaming\npm
USERNAME=rhakanjin
OS=Windows_NT
PROCESSOR_IDENTIFIER=Intel64 Family 6 Model 58 Stepping 9, GenuineIntel



---------------  S Y S T E M  ---------------

OS: Windows 7 , 64 bit Build 7601 (6.1.7601.17651)

CPU:total 8 (4 cores per cpu, 2 threads per core) family 6 model 58 stepping 9, cmov, cx8, fxsr, mmx, sse, sse2, sse3, ssse3, sse4.1, sse4.2, popcnt, avx, aes, clmul, erms, ht, tsc, tscinvbit, tscinv

Memory: 4k page, physical 8063920k(190772k free), swap 12256372k(4612k free)

vm_info: OpenJDK 64-Bit Server VM (25.76-b03) for windows-amd64 JRE (1.8.0_76-release-b03), built on Jun 29 2016 19:09:20 by "ralucas" with MS VC++ 10.0 (VS2010)

time: Mon Feb 13 14:24:00 2017
elapsed time: 4 seconds (0d 0h 0m 4s)

