#
# There is insufficient memory for the Java Runtime Environment to continue.
# Native memory allocation (malloc) failed to allocate 1230736 bytes for Chunk::new
# Possible reasons:
#   The system is out of physical RAM or swap space
#   In 32 bit mode, the process size limit was hit
# Possible solutions:
#   Reduce memory load on the system
#   Increase physical memory or swap space
#   Check if swap backing store is full
#   Use 64 bit Java on a 64 bit OS
#   Decrease Java heap size (-Xmx/-Xms)
#   Decrease number of Java threads
#   Decrease Java thread stack sizes (-Xss)
#   Set larger code cache with -XX:ReservedCodeCacheSize=
# This output file may be truncated or incomplete.
#
#  Out of Memory Error (allocation.cpp:390), pid=4944, tid=0x0000000000001d3c
#
# JRE version: OpenJDK Runtime Environment (8.0_76-b03) (build 1.8.0_76-release-b03)
# Java VM: OpenJDK 64-Bit Server VM (25.76-b03 mixed mode windows-amd64 compressed oops)
# Failed to write core dump. Minidumps are not enabled by default on client versions of Windows
#

---------------  T H R E A D  ---------------

Current thread (0x00000000566e9800):  JavaThread "C2 CompilerThread1" daemon [_thread_in_native, id=7484, stack(0x0000000057fd0000,0x00000000580d0000)]

Stack: [0x0000000057fd0000,0x00000000580d0000]
[error occurred during error reporting (printing stack bounds), id 0xc0000005]

Native frames: (J=compiled Java code, j=interpreted, Vv=VM code, C=native code)


Current CompileTask:
C2:   2036 1129   !   4       com.android.dx.cf.cst.ConstantPoolParser::parse0 (731 bytes)


---------------  P R O C E S S  ---------------

Java Threads: ( => current thread )
  0x00000000568cc800 JavaThread "pool-1-thread-1" [_thread_in_Java, id=6976, stack(0x00000000585f0000,0x00000000586f0000)]
  0x000000005676e800 JavaThread "Service Thread" daemon [_thread_blocked, id=5392, stack(0x00000000584c0000,0x00000000585c0000)]
  0x00000000566f1800 JavaThread "C1 CompilerThread3" daemon [_thread_blocked, id=6804, stack(0x0000000058360000,0x0000000058460000)]
  0x00000000566ec000 JavaThread "C2 CompilerThread2" daemon [_thread_blocked, id=3996, stack(0x0000000058170000,0x0000000058270000)]
=>0x00000000566e9800 JavaThread "C2 CompilerThread1" daemon [_thread_in_native, id=7484, stack(0x0000000057fd0000,0x00000000580d0000)]
  0x00000000566e7000 JavaThread "C2 CompilerThread0" daemon [_thread_in_native, id=552, stack(0x0000000057c90000,0x0000000057d90000)]
  0x00000000566e2000 JavaThread "Attach Listener" daemon [_thread_blocked, id=8360, stack(0x0000000057da0000,0x0000000057ea0000)]
  0x00000000566e0000 JavaThread "Signal Dispatcher" daemon [_thread_blocked, id=7888, stack(0x0000000057b10000,0x0000000057c10000)]
  0x000000005573b800 JavaThread "Finalizer" daemon [_thread_blocked, id=5680, stack(0x00000000579e0000,0x0000000057ae0000)]
  0x0000000055734800 JavaThread "Reference Handler" daemon [_thread_blocked, id=2620, stack(0x0000000057610000,0x0000000057710000)]
  0x000000000039e800 JavaThread "main" [_thread_blocked, id=7608, stack(0x0000000002440000,0x0000000002540000)]

Other Threads:
  0x0000000056690800 VMThread [stack: 0x0000000057790000,0x0000000057890000] [id=5980]
  0x0000000056773000 WatcherThread [stack: 0x0000000057ea0000,0x0000000057fa0000] [id=8872]

VM state:not at safepoint (normal execution)

VM Mutex/Monitor currently owned by a thread: None

Heap:
 PSYoungGen      total 36864K, used 17607K [0x00000000eab00000, 0x00000000ed400000, 0x0000000100000000)
  eden space 31744K, 39% used [0x00000000eab00000,0x00000000eb733a58,0x00000000eca00000)
  from space 5120K, 99% used [0x00000000eca00000,0x00000000ecefe460,0x00000000ecf00000)
  to   space 5120K, 0% used [0x00000000ecf00000,0x00000000ecf00000,0x00000000ed400000)
 ParOldGen       total 84992K, used 1322K [0x00000000c0000000, 0x00000000c5300000, 0x00000000eab00000)
  object space 84992K, 1% used [0x00000000c0000000,0x00000000c014a988,0x00000000c5300000)
 Metaspace       used 5977K, capacity 6960K, committed 7040K, reserved 1056768K
  class space    used 580K, capacity 616K, committed 640K, reserved 1048576K

Card table byte_map: [0x0000000011bd0000,0x0000000011de0000] byte_map_base: 0x00000000115d0000

Marking Bits: (ParMarkBitMap*) 0x000000005ab69d00
 Begin Bits: [0x0000000012b50000, 0x0000000013b50000)
 End Bits:   [0x0000000013b50000, 0x0000000014b50000)

Polling page: 0x00000000001d0000

CodeCache: size=245760Kb used=4776Kb max_used=4788Kb free=240983Kb
 bounds [0x0000000002810000, 0x0000000002cd0000, 0x0000000011810000]
 total_blobs=1517 nmethods=1250 adapters=181
 compilation: enabled

Compilation events (10 events):
Event: 2.028 Thread 0x00000000566e7000 nmethod 1251 0x0000000002cbbdd0 code [0x0000000002cbbf80, 0x0000000002cbc728]
Event: 2.029 Thread 0x00000000566ec000 1252       4       com.android.dx.rop.code.RegisterSpecSet::size (49 bytes)
Event: 2.029 Thread 0x00000000566f1800 1253       3       com.android.dx.dex.code.OutputFinisher::getAllConstants (47 bytes)
Event: 2.029 Thread 0x00000000566e7000 1256       4       com.android.dx.dex.code.OutputFinisher::addConstants (93 bytes)
Event: 2.030 Thread 0x00000000566f1800 nmethod 1253 0x0000000002cbd190 code [0x0000000002cbd3c0, 0x0000000002cbdd28]
Event: 2.030 Thread 0x00000000566f1800 1254       1       com.android.dx.dex.code.OutputFinisher::hasAnyPositionInfo (5 bytes)
Event: 2.030 Thread 0x00000000566f1800 nmethod 1254 0x0000000002cbced0 code [0x0000000002cbd020, 0x0000000002cbd130]
Event: 2.030 Thread 0x00000000566f1800 1255       1       com.android.dx.dex.code.OutputFinisher::hasAnyLocalInfo (5 bytes)
Event: 2.030 Thread 0x00000000566f1800 nmethod 1255 0x0000000002cbbb10 code [0x0000000002cbbc60, 0x0000000002cbbd70]
Event: 2.032 Thread 0x00000000566ec000 nmethod 1252 0x0000000002cbb7d0 code [0x0000000002cbb900, 0x0000000002cbba38]

GC Heap History (2 events):
Event: 1.645 GC heap before
{Heap before GC invocations=1 (full 0):
 PSYoungGen      total 36864K, used 31744K [0x00000000eab00000, 0x00000000ed400000, 0x0000000100000000)
  eden space 31744K, 100% used [0x00000000eab00000,0x00000000eca00000,0x00000000eca00000)
  from space 5120K, 0% used [0x00000000ecf00000,0x00000000ecf00000,0x00000000ed400000)
  to   space 5120K, 0% used [0x00000000eca00000,0x00000000eca00000,0x00000000ecf00000)
 ParOldGen       total 84992K, used 0K [0x00000000c0000000, 0x00000000c5300000, 0x00000000eab00000)
  object space 84992K, 0% used [0x00000000c0000000,0x00000000c0000000,0x00000000c5300000)
 Metaspace       used 5803K, capacity 6832K, committed 7040K, reserved 1056768K
  class space    used 575K, capacity 616K, committed 640K, reserved 1048576K
Event: 1.705 GC heap after
Heap after GC invocations=1 (full 0):
 PSYoungGen      total 36864K, used 5113K [0x00000000eab00000, 0x00000000ed400000, 0x0000000100000000)
  eden space 31744K, 0% used [0x00000000eab00000,0x00000000eab00000,0x00000000eca00000)
  from space 5120K, 99% used [0x00000000eca00000,0x00000000ecefe460,0x00000000ecf00000)
  to   space 5120K, 0% used [0x00000000ecf00000,0x00000000ecf00000,0x00000000ed400000)
 ParOldGen       total 84992K, used 1322K [0x00000000c0000000, 0x00000000c5300000, 0x00000000eab00000)
  object space 84992K, 1% used [0x00000000c0000000,0x00000000c014a988,0x00000000c5300000)
 Metaspace       used 5803K, capacity 6832K, committed 7040K, reserved 1056768K
  class space    used 575K, capacity 616K, committed 640K, reserved 1048576K
}

Deoptimization events (10 events):
Event: 1.599 Thread 0x000000000039e800 Uncommon trap: reason=unstable_if action=reinterpret pc=0x0000000002ae530c method=java.lang.String.<init>([CII)V @ 18
Event: 2.000 Thread 0x00000000568cc800 Uncommon trap: reason=class_check action=maybe_recompile pc=0x0000000002bc21c8 method=java.util.Arrays.hashCode([Ljava/lang/Object;)I @ 43
Event: 2.000 Thread 0x00000000568cc800 Uncommon trap: reason=class_check action=maybe_recompile pc=0x0000000002bc21c8 method=java.util.Arrays.hashCode([Ljava/lang/Object;)I @ 43
Event: 2.001 Thread 0x00000000568cc800 Uncommon trap: reason=class_check action=maybe_recompile pc=0x0000000002bc21c8 method=java.util.Arrays.hashCode([Ljava/lang/Object;)I @ 43
Event: 2.001 Thread 0x00000000568cc800 Uncommon trap: reason=class_check action=maybe_recompile pc=0x0000000002bc21c8 method=java.util.Arrays.hashCode([Ljava/lang/Object;)I @ 43
Event: 2.009 Thread 0x00000000568cc800 Uncommon trap: reason=unstable_if action=reinterpret pc=0x00000000029f5d98 method=java.util.HashMap.getNode(ILjava/lang/Object;)Ljava/util/HashMap$Node; @ 62
Event: 2.010 Thread 0x00000000568cc800 Uncommon trap: reason=bimorphic action=maybe_recompile pc=0x0000000002b8e0ec method=java.util.HashMap.getNode(ILjava/lang/Object;)Ljava/util/HashMap$Node; @ 126
Event: 2.010 Thread 0x00000000568cc800 Uncommon trap: reason=bimorphic action=maybe_recompile pc=0x0000000002b8e0ec method=java.util.HashMap.getNode(ILjava/lang/Object;)Ljava/util/HashMap$Node; @ 126
Event: 2.010 Thread 0x00000000568cc800 Uncommon trap: reason=bimorphic action=maybe_recompile pc=0x0000000002b8e0ec method=java.util.HashMap.getNode(ILjava/lang/Object;)Ljava/util/HashMap$Node; @ 126
Event: 2.010 Thread 0x00000000568cc800 Uncommon trap: reason=bimorphic action=maybe_recompile pc=0x0000000002b8e0ec method=java.util.HashMap.getNode(ILjava/lang/Object;)Ljava/util/HashMap$Node; @ 126

Internal exceptions (2 events):
Event: 0.096 Thread 0x000000000039e800 Exception <a 'java/lang/NoSuchMethodError': Method sun.misc.Unsafe.defineClass(Ljava/lang/String;[BII)Ljava/lang/Class; name or signature does not match> (0x00000000eab07cc0) thrown at [C:\src\android\AOSP-openjdk\external\jetbrains\jdk\hotspot\src\share\vÕˆ®&~¸?
Event: 0.096 Thread 0x000000000039e800 Exception <a 'java/lang/NoSuchMethodError': Method sun.misc.Unsafe.prefetchRead(Ljava/lang/Object;J)V name or signature does not match> (0x00000000eab07fa8) thrown at [C:\src\android\AOSP-openjdk\external\jetbrains\jdk\hotspot\src\share\vm\prims\jni.cpp, l

Events (10 events):
Event: 2.010 Thread 0x00000000568cc800 DEOPT UNPACKING pc=0x000000000285556a sp=0x00000000586ee998 mode 2
Event: 2.010 Thread 0x00000000568cc800 Uncommon trap: trap_request=0xffffffc6 fr.pc=0x0000000002b8e0ec
Event: 2.010 Thread 0x00000000568cc800 DEOPT PACKING pc=0x0000000002b8e0ec sp=0x00000000586eea00
Event: 2.010 Thread 0x00000000568cc800 DEOPT UNPACKING pc=0x000000000285556a sp=0x00000000586ee998 mode 2
Event: 2.010 Thread 0x00000000568cc800 Uncommon trap: trap_request=0xffffffc6 fr.pc=0x0000000002b8e0ec
Event: 2.010 Thread 0x00000000568cc800 DEOPT PACKING pc=0x0000000002b8e0ec sp=0x00000000586eea00
Event: 2.010 Thread 0x00000000568cc800 DEOPT UNPACKING pc=0x000000000285556a sp=0x00000000586ee998 mode 2
Event: 2.010 Thread 0x00000000568cc800 Uncommon trap: trap_request=0xffffffc6 fr.pc=0x0000000002b8e0ec
Event: 2.010 Thread 0x00000000568cc800 DEOPT PACKING pc=0x0000000002b8e0ec sp=0x00000000586eea00
Event: 2.010 Thread 0x00000000568cc800 DEOPT UNPACKING pc=0x000000000285556a sp=0x00000000586ee998 mode 2


Dynamic libraries:
0x000000013f630000 - 0x000000013f661000 	C:\Program Files\Android\Android Studio\jre\bin\java.exe
0x0000000077180000 - 0x0000000077329000 	C:\Windows\SYSTEM32\ntdll.dll
0x0000000077060000 - 0x000000007717f000 	C:\Windows\system32\kernel32.dll
0x000007fefd940000 - 0x000007fefd9ac000 	C:\Windows\system32\KERNELBASE.dll
0x000007feff3b0000 - 0x000007feff48b000 	C:\Windows\system32\ADVAPI32.dll
0x000007feff1a0000 - 0x000007feff23f000 	C:\Windows\system32\msvcrt.dll
0x000007fefed50000 - 0x000007fefed6f000 	C:\Windows\SYSTEM32\sechost.dll
0x000007fefec00000 - 0x000007fefed2d000 	C:\Windows\system32\RPCRT4.dll
0x0000000076f60000 - 0x000000007705a000 	C:\Windows\system32\USER32.dll
0x000007fefe9f0000 - 0x000007fefea57000 	C:\Windows\system32\GDI32.dll
0x000007fefed30000 - 0x000007fefed3e000 	C:\Windows\system32\LPK.dll
0x000007fefea90000 - 0x000007fefeb59000 	C:\Windows\system32\USP10.dll
0x000007fefbe40000 - 0x000007fefc034000 	C:\Windows\WinSxS\amd64_microsoft.windows.common-controls_6595b64144ccf1df_6.0.7601.17514_none_fa396087175ac9ac\COMCTL32.dll
0x000007fefeb80000 - 0x000007fefebf1000 	C:\Windows\system32\SHLWAPI.dll
0x000007fefea60000 - 0x000007fefea8e000 	C:\Windows\system32\IMM32.DLL
0x000007feff240000 - 0x000007feff349000 	C:\Windows\system32\MSCTF.dll
0x000000006f800000 - 0x000000006f8d2000 	C:\Program Files\Android\Android Studio\jre\jre\bin\msvcr100.dll
0x000000005a3b0000 - 0x000000005abe4000 	C:\Program Files\Android\Android Studio\jre\jre\bin\server\jvm.dll
0x000007feec580000 - 0x000007feec589000 	C:\Windows\system32\WSOCK32.dll
0x000007fefee50000 - 0x000007fefee9d000 	C:\Windows\system32\WS2_32.dll
0x000007fefed40000 - 0x000007fefed48000 	C:\Windows\system32\NSI.dll
0x000007fefaf00000 - 0x000007fefaf3b000 	C:\Windows\system32\WINMM.dll
0x000007fefc6e0000 - 0x000007fefc6ec000 	C:\Windows\system32\VERSION.dll
0x0000000077340000 - 0x0000000077347000 	C:\Windows\system32\PSAPI.DLL
0x000007fef8450000 - 0x000007fef845f000 	C:\Program Files\Android\Android Studio\jre\jre\bin\verify.dll
0x000007fef82f0000 - 0x000007fef8319000 	C:\Program Files\Android\Android Studio\jre\jre\bin\java.dll
0x000007fef83f0000 - 0x000007fef8406000 	C:\Program Files\Android\Android Studio\jre\jre\bin\zip.dll
0x000007fefd9b0000 - 0x000007fefe738000 	C:\Windows\system32\SHELL32.dll
0x000007fefe7e0000 - 0x000007fefe9e3000 	C:\Windows\system32\ole32.dll
0x000007fefd5e0000 - 0x000007fefd5ef000 	C:\Windows\system32\profapi.dll

VM Arguments:
jvm_args: -Djava.awt.headless=true -Xmx1024M -Dfile.encoding=windows-1252 -Duser.country=FR -Duser.language=fr -Duser.variant 
java_command: com.android.dx.command.Main --dex --force-jumbo --num-threads=4 --multi-dex --output C:\Users\rhakanjin.Newsco\Desktop\workspaceAndroid\friendzone\app\build\intermediates\transforms\dex\debug\folders\1000\10\com.google.android.gms-play-services-auth-10.0.1_2e9248e656d3b639a08169509b244d5f5ff5c3e3 C:\Users\rhakanjin.Newsco\Desktop\workspaceAndroid\friendzone\app\build\intermediates\exploded-aar\com.google.android.gms\play-services-auth\10.0.1\jars\classes.jar
java_class_path (initial): C:\Users\rhakanjin.Newsco\AppData\Local\Android\sdk\build-tools\25.0.2\lib\dx.jar
Launcher Type: SUN_STANDARD

Environment Variables:
PATH=c:\Program Files (x86)\Intel\iCLS Client\;c:\Program Files\Intel\iCLS Client\;C:\Windows\system32;C:\Windows;C:\Windows\System32\Wbem;C:\Windows\System32\WindowsPowerShell\v1.0\;c:\Program Files (x86)\Common Files\Roxio Shared\DLLShared\;c:\Program Files (x86)\Common Files\Roxio Shared\10.0\DLLShared\;C:\Program Files\Intel\Intel(R) Management Engine Components\DAL;C:\Program Files\Intel\Intel(R) Management Engine Components\IPT;C:\Program Files (x86)\Intel\Intel(R) Management Engine Components\DAL;C:\Program Files (x86)\Intel\Intel(R) Management Engine Components\IPT;C:\Program Files\nodejs\;C:\RailsInstaller\Ruby2.3.0\bin;c:\Program Files (x86)\Intel\iCLS Client\;c:\Program Files\Intel\iCLS Client\;C:\Windows\system32;C:\Windows;C:\Windows\System32\Wbem;C:\Windows\System32\WindowsPowerShell\v1.0\;c:\Program Files (x86)\Common Files\Roxio Shared\DLLShared\;c:\Program Files (x86)\Common Files\Roxio Shared\10.0\DLLShared\;C:\Program Files\Intel\Intel(R) Management Engine Components\DAL;C:\Program Files\Intel\Intel(R) Management Engine Components\IPT;C:\Program Files (x86)\Intel\Intel(R) Management Engine Components\DAL;C:\Program Files (x86)\Intel\Intel(R) Management Engine Components\IPT;C:\Users\rhakanjin.Newsco\AppData\Local\Programs\Git\cmd;C:\Users\rhakanjin.Newsco\AppData\Roaming\npm
USERNAME=rhakanjin
OS=Windows_NT
PROCESSOR_IDENTIFIER=Intel64 Family 6 Model 58 Stepping 9, GenuineIntel



---------------  S Y S T E M  ---------------

OS: Windows 7 , 64 bit Build 7601 (6.1.7601.17651)

CPU:total 8 (4 cores per cpu, 2 threads per core) family 6 model 58 stepping 9, cmov, cx8, fxsr, mmx, sse, sse2, sse3, ssse3, sse4.1, sse4.2, popcnt, avx, aes, clmul, erms, ht, tsc, tscinvbit, tscinv

Memory: 4k page, physical 8063920k(480884k free), swap 12256372k(5308k free)

vm_info: OpenJDK 64-Bit Server VM (25.76-b03) for windows-amd64 JRE (1.8.0_76-release-b03), built on Jun 29 2016 19:09:20 by "ralucas" with MS VC++ 10.0 (VS2010)

time: Tue Feb 14 15:30:23 2017
elapsed time: 2 seconds (0d 0h 0m 2s)

