#
# There is insufficient memory for the Java Runtime Environment to continue.
# Native memory allocation (malloc) failed to allocate 381136 bytes for Chunk::new
# Possible reasons:
#   The system is out of physical RAM or swap space
#   In 32 bit mode, the process size limit was hit
# Possible solutions:
#   Reduce memory load on the system
#   Increase physical memory or swap space
#   Check if swap backing store is full
#   Use 64 bit Java on a 64 bit OS
#   Decrease Java heap size (-Xmx/-Xms)
#   Decrease number of Java threads
#   Decrease Java thread stack sizes (-Xss)
#   Set larger code cache with -XX:ReservedCodeCacheSize=
# This output file may be truncated or incomplete.
#
#  Out of Memory Error (allocation.cpp:390), pid=6844, tid=0x0000000000001cbc
#
# JRE version: OpenJDK Runtime Environment (8.0_76-b03) (build 1.8.0_76-release-b03)
# Java VM: OpenJDK 64-Bit Server VM (25.76-b03 mixed mode windows-amd64 compressed oops)
# Failed to write core dump. Minidumps are not enabled by default on client versions of Windows
#

---------------  T H R E A D  ---------------

Current thread (0x00000000565bf000):  JavaThread "C2 CompilerThread2" daemon [_thread_in_native, id=7356, stack(0x0000000058050000,0x0000000058150000)]

Stack: [0x0000000058050000,0x0000000058150000]
[error occurred during error reporting (printing stack bounds), id 0xc0000005]

Native frames: (J=compiled Java code, j=interpreted, Vv=VM code, C=native code)


Current CompileTask:
C2:   5364 1526       4       com.android.dx.ssa.DeadCodeRemover::isCircularNoSideEffect (140 bytes)


---------------  P R O C E S S  ---------------

Java Threads: ( => current thread )
  0x0000000058524800 JavaThread "pool-2-thread-4" [_thread_blocked, id=7100, stack(0x0000000059300000,0x0000000059400000)]
  0x0000000058517800 JavaThread "pool-2-thread-3" [_thread_in_Java, id=8628, stack(0x00000000590f0000,0x00000000591f0000)]
  0x00000000568b4800 JavaThread "pool-2-thread-2" [_thread_blocked, id=7676, stack(0x0000000058fe0000,0x00000000590e0000)]
  0x000000005847f800 JavaThread "pool-3-thread-1" [_thread_blocked, id=7444, stack(0x0000000058ca0000,0x0000000058da0000)]
  0x0000000058484800 JavaThread "pool-2-thread-1" [_thread_in_Java, id=4492, stack(0x0000000058e30000,0x0000000058f30000)]
  0x0000000056630800 JavaThread "Service Thread" daemon [_thread_blocked, id=7332, stack(0x0000000057aa0000,0x0000000057ba0000)]
  0x00000000565c4000 JavaThread "C1 CompilerThread3" daemon [_thread_blocked, id=8004, stack(0x0000000058160000,0x0000000058260000)]
=>0x00000000565bf000 JavaThread "C2 CompilerThread2" daemon [_thread_in_native, id=7356, stack(0x0000000058050000,0x0000000058150000)]
  0x00000000565b8000 JavaThread "C2 CompilerThread1" daemon [_thread_in_native, id=5364, stack(0x0000000057dc0000,0x0000000057ec0000)]
  0x00000000565b6000 JavaThread "C2 CompilerThread0" daemon [_thread_blocked, id=8796, stack(0x0000000057ee0000,0x0000000057fe0000)]
  0x00000000565b0800 JavaThread "Attach Listener" daemon [_thread_blocked, id=6588, stack(0x0000000057cc0000,0x0000000057dc0000)]
  0x00000000565ae800 JavaThread "Signal Dispatcher" daemon [_thread_blocked, id=7916, stack(0x0000000057ba0000,0x0000000057ca0000)]
  0x000000005560d800 JavaThread "Finalizer" daemon [_thread_blocked, id=7420, stack(0x00000000578f0000,0x00000000579f0000)]
  0x0000000055604800 JavaThread "Reference Handler" daemon [_thread_blocked, id=7200, stack(0x0000000057770000,0x0000000057870000)]
  0x00000000021ae800 JavaThread "main" [_thread_blocked, id=4172, stack(0x0000000002590000,0x0000000002690000)]

Other Threads:
  0x0000000056560800 VMThread [stack: 0x00000000574d0000,0x00000000575d0000] [id=1872]
  0x0000000056635000 WatcherThread [stack: 0x0000000058340000,0x0000000058440000] [id=6704]

VM state:not at safepoint (normal execution)

VM Mutex/Monitor currently owned by a thread: None

Heap:
 PSYoungGen      total 36864K, used 30750K [0x00000000eab00000, 0x00000000ef300000, 0x0000000100000000)
  eden space 31744K, 80% used [0x00000000eab00000,0x00000000ec407f30,0x00000000eca00000)
  from space 5120K, 99% used [0x00000000eca00000,0x00000000eceffa98,0x00000000ecf00000)
  to   space 5120K, 0% used [0x00000000eee00000,0x00000000eee00000,0x00000000ef300000)
 ParOldGen       total 84992K, used 739K [0x00000000c0000000, 0x00000000c5300000, 0x00000000eab00000)
  object space 84992K, 0% used [0x00000000c0000000,0x00000000c00b8f38,0x00000000c5300000)
 Metaspace       used 5924K, capacity 7024K, committed 7296K, reserved 1056768K
  class space    used 564K, capacity 616K, committed 640K, reserved 1048576K

Card table byte_map: [0x0000000011d20000,0x0000000011f30000] byte_map_base: 0x0000000011720000

Marking Bits: (ParMarkBitMap*) 0x000000005fc59d00
 Begin Bits: [0x0000000012a20000, 0x0000000013a20000)
 End Bits:   [0x0000000013a20000, 0x0000000014a20000)

Polling page: 0x0000000000430000

CodeCache: size=245760Kb used=6942Kb max_used=6956Kb free=238817Kb
 bounds [0x0000000002960000, 0x0000000003040000, 0x0000000011960000]
 total_blobs=1792 nmethods=1530 adapters=176
 compilation: enabled

Compilation events (10 events):
Event: 5.310 Thread 0x00000000565c4000 nmethod 1525 0x0000000003006310 code [0x0000000003007a60, 0x0000000003017ec8]
Event: 5.310 Thread 0x00000000565c4000 1528       3       java.util.BitSet::set (18 bytes)
Event: 5.311 Thread 0x00000000565c4000 nmethod 1528 0x0000000002fe2090 code [0x0000000002fe2200, 0x0000000002fe2438]
Event: 5.311 Thread 0x00000000565c4000 1527       3       com.android.dx.cf.code.Simulator$SimVisitor::checkReturnType (64 bytes)
Event: 5.311 Thread 0x00000000565c4000 nmethod 1527 0x0000000002fe5710 code [0x0000000002fe5960, 0x0000000002fe66a8]
Event: 5.322 Thread 0x00000000565b8000 nmethod 1518 0x000000000302cd90 code [0x000000000302d000, 0x000000000302efa8]
Event: 5.322 Thread 0x00000000565b8000 1531       4       java.util.ArrayList::remove (77 bytes)
Event: 5.325 Thread 0x00000000565b8000 nmethod 1531 0x0000000002fe1b50 code [0x0000000002fe1ca0, 0x0000000002fe1eb8]
Event: 5.325 Thread 0x00000000565b8000 1532       4       com.android.dx.ssa.SCCP::simulatePhi (169 bytes)
Event: 5.328 Thread 0x00000000565b6000 nmethod 1530 0x0000000003031390 code [0x0000000003031560, 0x00000000030320d0]

GC Heap History (2 events):
Event: 2.960 GC heap before
{Heap before GC invocations=1 (full 0):
 PSYoungGen      total 36864K, used 31744K [0x00000000eab00000, 0x00000000ed400000, 0x0000000100000000)
  eden space 31744K, 100% used [0x00000000eab00000,0x00000000eca00000,0x00000000eca00000)
  from space 5120K, 0% used [0x00000000ecf00000,0x00000000ecf00000,0x00000000ed400000)
  to   space 5120K, 0% used [0x00000000eca00000,0x00000000eca00000,0x00000000ecf00000)
 ParOldGen       total 84992K, used 0K [0x00000000c0000000, 0x00000000c5300000, 0x00000000eab00000)
  object space 84992K, 0% used [0x00000000c0000000,0x00000000c0000000,0x00000000c5300000)
 Metaspace       used 5805K, capacity 6896K, committed 7040K, reserved 1056768K
  class space    used 563K, capacity 616K, committed 640K, reserved 1048576K
Event: 3.697 GC heap after
Heap after GC invocations=1 (full 0):
 PSYoungGen      total 36864K, used 5118K [0x00000000eab00000, 0x00000000ef300000, 0x0000000100000000)
  eden space 31744K, 0% used [0x00000000eab00000,0x00000000eab00000,0x00000000eca00000)
  from space 5120K, 99% used [0x00000000eca00000,0x00000000eceffa98,0x00000000ecf00000)
  to   space 5120K, 0% used [0x00000000eee00000,0x00000000eee00000,0x00000000ef300000)
 ParOldGen       total 84992K, used 739K [0x00000000c0000000, 0x00000000c5300000, 0x00000000eab00000)
  object space 84992K, 0% used [0x00000000c0000000,0x00000000c00b8f38,0x00000000c5300000)
 Metaspace       used 5805K, capacity 6896K, committed 7040K, reserved 1056768K
  class space    used 563K, capacity 616K, committed 640K, reserved 1048576K
}

Deoptimization events (10 events):
Event: 4.895 Thread 0x0000000058524800 Uncommon trap: reason=unstable_if action=reinterpret pc=0x0000000002c4ca00 method=com.android.dx.rop.code.RegisterSpec.equals(ILcom/android/dx/rop/type/TypeBearer;Lcom/android/dx/rop/code/LocalItem;)Z @ 42
Event: 4.895 Thread 0x0000000058524800 Uncommon trap: reason=unstable_if action=reinterpret pc=0x0000000002e74838 method=com.android.dx.ssa.SsaRenamer$BlockRenamer.addMapping(ILcom/android/dx/rop/code/RegisterSpec;)V @ 120
Event: 4.895 Thread 0x0000000058524800 Uncommon trap: reason=unstable_if action=reinterpret pc=0x0000000002e302b0 method=com.android.dx.ssa.SsaRenamer$BlockRenamer.addMapping(ILcom/android/dx/rop/code/RegisterSpec;)V @ 120
Event: 4.895 Thread 0x0000000058524800 Uncommon trap: reason=unstable_if action=reinterpret pc=0x0000000002d3cb10 method=com.android.dx.ssa.SsaRenamer$BlockRenamer.addMapping(ILcom/android/dx/rop/code/RegisterSpec;)V @ 120
Event: 5.298 Thread 0x0000000058517800 Uncommon trap: reason=uninitialized action=reinterpret pc=0x0000000002fbfc00 method=com.android.dx.cf.code.BytecodeArray.parseInstruction(ILcom/android/dx/cf/code/BytecodeArray$Visitor;)I @ 1031
Event: 5.300 Thread 0x0000000058517800 Uncommon trap: reason=bimorphic action=maybe_recompile pc=0x0000000002ffa600 method=com.android.dx.ssa.SCCP.setLatticeValueTo(IILcom/android/dx/rop/cst/Constant;)Z @ 43
Event: 5.300 Thread 0x0000000058517800 Uncommon trap: reason=bimorphic action=maybe_recompile pc=0x0000000002ffa5e8 method=com.android.dx.ssa.SCCP.simulatePhi(Lcom/android/dx/ssa/PhiInsn;)V @ 124
Event: 5.301 Thread 0x0000000058517800 Uncommon trap: reason=bimorphic action=maybe_recompile pc=0x0000000002ffa5e8 method=com.android.dx.ssa.SCCP.simulatePhi(Lcom/android/dx/ssa/PhiInsn;)V @ 124
Event: 5.301 Thread 0x0000000058517800 Uncommon trap: reason=bimorphic action=maybe_recompile pc=0x0000000002ffa5e8 method=com.android.dx.ssa.SCCP.simulatePhi(Lcom/android/dx/ssa/PhiInsn;)V @ 124
Event: 5.301 Thread 0x0000000058517800 Uncommon trap: reason=bimorphic action=maybe_recompile pc=0x0000000002ffa5e8 method=com.android.dx.ssa.SCCP.simulatePhi(Lcom/android/dx/ssa/PhiInsn;)V @ 124

Internal exceptions (3 events):
Event: 0.111 Thread 0x00000000021ae800 Exception <a 'java/lang/NoSuchMethodError': Method sun.misc.Unsafe.defineClass(Ljava/lang/String;[BII)Ljava/lang/Class; name or signature does not match> (0x00000000eab07cc0) thrown at [C:\src\android\AOSP-openjdk\external\jetbrains\jdk\hotspot\src\share\v}¬¨8qŠ¼?
Event: 0.111 Thread 0x00000000021ae800 Exception <a 'java/lang/NoSuchMethodError': Method sun.misc.Unsafe.prefetchRead(Ljava/lang/Object;J)V name or signature does not match> (0x00000000eab07fa8) thrown at [C:\src\android\AOSP-openjdk\external\jetbrains\jdk\hotspot\src\share\vm\prims\jni.cpp, lŒe"sƒ@
Event: 4.628 Thread 0x00000000568b4800 Implicit null exception at 0x0000000002db8e39 to 0x0000000002db9a25

Events (10 events):
Event: 5.300 Thread 0x0000000058517800 DEOPT UNPACKING pc=0x00000000029a556a sp=0x00000000591eea88 mode 2
Event: 5.301 Thread 0x0000000058517800 Uncommon trap: trap_request=0xffffffc6 fr.pc=0x0000000002ffa5e8
Event: 5.301 Thread 0x0000000058517800 DEOPT PACKING pc=0x0000000002ffa5e8 sp=0x00000000591eeab0
Event: 5.301 Thread 0x0000000058517800 DEOPT UNPACKING pc=0x00000000029a556a sp=0x00000000591eea88 mode 2
Event: 5.301 Thread 0x0000000058517800 Uncommon trap: trap_request=0xffffffc6 fr.pc=0x0000000002ffa5e8
Event: 5.301 Thread 0x0000000058517800 DEOPT PACKING pc=0x0000000002ffa5e8 sp=0x00000000591eeab0
Event: 5.301 Thread 0x0000000058517800 DEOPT UNPACKING pc=0x00000000029a556a sp=0x00000000591eea88 mode 2
Event: 5.301 Thread 0x0000000058517800 Uncommon trap: trap_request=0xffffffc6 fr.pc=0x0000000002ffa5e8
Event: 5.301 Thread 0x0000000058517800 DEOPT PACKING pc=0x0000000002ffa5e8 sp=0x00000000591eeab0
Event: 5.301 Thread 0x0000000058517800 DEOPT UNPACKING pc=0x00000000029a556a sp=0x00000000591eea88 mode 2


Dynamic libraries:
0x000000013f0c0000 - 0x000000013f0f1000 	C:\Program Files\Android\Android Studio\jre\bin\java.exe
0x0000000077180000 - 0x0000000077329000 	C:\Windows\SYSTEM32\ntdll.dll
0x0000000077060000 - 0x000000007717f000 	C:\Windows\system32\kernel32.dll
0x000007fefd940000 - 0x000007fefd9ac000 	C:\Windows\system32\KERNELBASE.dll
0x000007feff3b0000 - 0x000007feff48b000 	C:\Windows\system32\ADVAPI32.dll
0x000007feff1a0000 - 0x000007feff23f000 	C:\Windows\system32\msvcrt.dll
0x000007fefed50000 - 0x000007fefed6f000 	C:\Windows\SYSTEM32\sechost.dll
0x000007fefec00000 - 0x000007fefed2d000 	C:\Windows\system32\RPCRT4.dll
0x0000000076f60000 - 0x000000007705a000 	C:\Windows\system32\USER32.dll
0x000007fefe9f0000 - 0x000007fefea57000 	C:\Windows\system32\GDI32.dll
0x000007fefed30000 - 0x000007fefed3e000 	C:\Windows\system32\LPK.dll
0x000007fefea90000 - 0x000007fefeb59000 	C:\Windows\system32\USP10.dll
0x000007fefbe40000 - 0x000007fefc034000 	C:\Windows\WinSxS\amd64_microsoft.windows.common-controls_6595b64144ccf1df_6.0.7601.17514_none_fa396087175ac9ac\COMCTL32.dll
0x000007fefeb80000 - 0x000007fefebf1000 	C:\Windows\system32\SHLWAPI.dll
0x000007fefea60000 - 0x000007fefea8e000 	C:\Windows\system32\IMM32.DLL
0x000007feff240000 - 0x000007feff349000 	C:\Windows\system32\MSCTF.dll
0x0000000061f00000 - 0x0000000061fd2000 	C:\Program Files\Android\Android Studio\jre\jre\bin\msvcr100.dll
0x000000005f4a0000 - 0x000000005fcd4000 	C:\Program Files\Android\Android Studio\jre\jre\bin\server\jvm.dll
0x000007feec580000 - 0x000007feec589000 	C:\Windows\system32\WSOCK32.dll
0x000007fefee50000 - 0x000007fefee9d000 	C:\Windows\system32\WS2_32.dll
0x000007fefed40000 - 0x000007fefed48000 	C:\Windows\system32\NSI.dll
0x000007fefaf00000 - 0x000007fefaf3b000 	C:\Windows\system32\WINMM.dll
0x000007fefc6e0000 - 0x000007fefc6ec000 	C:\Windows\system32\VERSION.dll
0x0000000077340000 - 0x0000000077347000 	C:\Windows\system32\PSAPI.DLL
0x000007fef83d0000 - 0x000007fef83df000 	C:\Program Files\Android\Android Studio\jre\jre\bin\verify.dll
0x000007fef82f0000 - 0x000007fef8319000 	C:\Program Files\Android\Android Studio\jre\jre\bin\java.dll
0x000007fef7780000 - 0x000007fef7796000 	C:\Program Files\Android\Android Studio\jre\jre\bin\zip.dll
0x000007fefd9b0000 - 0x000007fefe738000 	C:\Windows\system32\SHELL32.dll
0x000007fefe7e0000 - 0x000007fefe9e3000 	C:\Windows\system32\ole32.dll
0x000007fefd5e0000 - 0x000007fefd5ef000 	C:\Windows\system32\profapi.dll

VM Arguments:
jvm_args: -Djava.awt.headless=true -Xmx1024M -Dfile.encoding=windows-1252 -Duser.country=FR -Duser.language=fr -Duser.variant 
java_command: com.android.dx.command.Main --dex --force-jumbo --num-threads=4 --multi-dex --output C:\Users\rhakanjin.Newsco\Desktop\workspaceAndroid\friendzone\app\build\intermediates\transforms\dex\debug\folders\1000\10\com.android.support-support-media-compat-25.1.0_b5f27cf06f429ef4cacccbdf1e2cc3048a82f9d7 C:\Users\rhakanjin.Newsco\Desktop\workspaceAndroid\friendzone\app\build\intermediates\exploded-aar\com.android.support\support-media-compat\25.1.0\jars\classes.jar
java_class_path (initial): C:\Users\rhakanjin.Newsco\AppData\Local\Android\sdk\build-tools\25.0.2\lib\dx.jar
Launcher Type: SUN_STANDARD

Environment Variables:
PATH=c:\Program Files (x86)\Intel\iCLS Client\;c:\Program Files\Intel\iCLS Client\;C:\Windows\system32;C:\Windows;C:\Windows\System32\Wbem;C:\Windows\System32\WindowsPowerShell\v1.0\;c:\Program Files (x86)\Common Files\Roxio Shared\DLLShared\;c:\Program Files (x86)\Common Files\Roxio Shared\10.0\DLLShared\;C:\Program Files\Intel\Intel(R) Management Engine Components\DAL;C:\Program Files\Intel\Intel(R) Management Engine Components\IPT;C:\Program Files (x86)\Intel\Intel(R) Management Engine Components\DAL;C:\Program Files (x86)\Intel\Intel(R) Management Engine Components\IPT;C:\Program Files\nodejs\;C:\RailsInstaller\Ruby2.3.0\bin;c:\Program Files (x86)\Intel\iCLS Client\;c:\Program Files\Intel\iCLS Client\;C:\Windows\system32;C:\Windows;C:\Windows\System32\Wbem;C:\Windows\System32\WindowsPowerShell\v1.0\;c:\Program Files (x86)\Common Files\Roxio Shared\DLLShared\;c:\Program Files (x86)\Common Files\Roxio Shared\10.0\DLLShared\;C:\Program Files\Intel\Intel(R) Management Engine Components\DAL;C:\Program Files\Intel\Intel(R) Management Engine Components\IPT;C:\Program Files (x86)\Intel\Intel(R) Management Engine Components\DAL;C:\Program Files (x86)\Intel\Intel(R) Management Engine Components\IPT;C:\Users\rhakanjin.Newsco\AppData\Local\Programs\Git\cmd;C:\Users\rhakanjin.Newsco\AppData\Roaming\npm
USERNAME=rhakanjin
OS=Windows_NT
PROCESSOR_IDENTIFIER=Intel64 Family 6 Model 58 Stepping 9, GenuineIntel



---------------  S Y S T E M  ---------------

OS: Windows 7 , 64 bit Build 7601 (6.1.7601.17651)

CPU:total 8 (4 cores per cpu, 2 threads per core) family 6 model 58 stepping 9, cmov, cx8, fxsr, mmx, sse, sse2, sse3, ssse3, sse4.1, sse4.2, popcnt, avx, aes, clmul, erms, ht, tsc, tscinvbit, tscinv

Memory: 4k page, physical 8063920k(422484k free), swap 12256372k(5124k free)

vm_info: OpenJDK 64-Bit Server VM (25.76-b03) for windows-amd64 JRE (1.8.0_76-release-b03), built on Jun 29 2016 19:09:20 by "ralucas" with MS VC++ 10.0 (VS2010)

time: Mon Feb 13 13:53:14 2017
elapsed time: 5 seconds (0d 0h 0m 5s)

