#
# There is insufficient memory for the Java Runtime Environment to continue.
# Native memory allocation (malloc) failed to allocate 500336 bytes for Chunk::new
# Possible reasons:
#   The system is out of physical RAM or swap space
#   In 32 bit mode, the process size limit was hit
# Possible solutions:
#   Reduce memory load on the system
#   Increase physical memory or swap space
#   Check if swap backing store is full
#   Use 64 bit Java on a 64 bit OS
#   Decrease Java heap size (-Xmx/-Xms)
#   Decrease number of Java threads
#   Decrease Java thread stack sizes (-Xss)
#   Set larger code cache with -XX:ReservedCodeCacheSize=
# This output file may be truncated or incomplete.
#
#  Out of Memory Error (allocation.cpp:390), pid=7612, tid=0x0000000000001f40
#
# JRE version: OpenJDK Runtime Environment (8.0_76-b03) (build 1.8.0_76-release-b03)
# Java VM: OpenJDK 64-Bit Server VM (25.76-b03 mixed mode windows-amd64 compressed oops)
# Failed to write core dump. Minidumps are not enabled by default on client versions of Windows
#

---------------  T H R E A D  ---------------

Current thread (0x00000000165a4800):  JavaThread "C2 CompilerThread2" daemon [_thread_in_native, id=8000, stack(0x0000000018070000,0x0000000018170000)]

Stack: [0x0000000018070000,0x0000000018170000]
[error occurred during error reporting (printing stack bounds), id 0xc0000005]

Native frames: (J=compiled Java code, j=interpreted, Vv=VM code, C=native code)


Current CompileTask:
C2:    382  628       4       com.android.dx.ssa.SsaBasicBlock::forEachInsn (37 bytes)


---------------  P R O C E S S  ---------------

Java Threads: ( => current thread )
  0x000000001682a800 JavaThread "pool-3-thread-1" [_thread_blocked, id=5272, stack(0x00000000187f0000,0x00000000188f0000)]
  0x0000000016832800 JavaThread "pool-2-thread-1" [_thread_in_vm, id=6120, stack(0x0000000018630000,0x0000000018730000)]
  0x000000001662e800 JavaThread "Service Thread" daemon [_thread_blocked, id=3980, stack(0x0000000018420000,0x0000000018520000)]
  0x00000000165a5000 JavaThread "C1 CompilerThread3" daemon [_thread_in_vm, id=1804, stack(0x00000000181e0000,0x00000000182e0000)]
=>0x00000000165a4800 JavaThread "C2 CompilerThread2" daemon [_thread_in_native, id=8000, stack(0x0000000018070000,0x0000000018170000)]
  0x000000001659d800 JavaThread "C2 CompilerThread1" daemon [_thread_in_native, id=5960, stack(0x0000000017f00000,0x0000000018000000)]
  0x0000000016594800 JavaThread "C2 CompilerThread0" daemon [_thread_in_native, id=6076, stack(0x0000000017d00000,0x0000000017e00000)]
  0x000000001658e800 JavaThread "Attach Listener" daemon [_thread_blocked, id=6796, stack(0x0000000017c00000,0x0000000017d00000)]
  0x000000001658d000 JavaThread "Signal Dispatcher" daemon [_thread_blocked, id=8284, stack(0x00000000179f0000,0x0000000017af0000)]
  0x00000000156fb800 JavaThread "Finalizer" daemon [_thread_blocked, id=6232, stack(0x00000000175c0000,0x00000000176c0000)]
  0x00000000156f4800 JavaThread "Reference Handler" daemon [_thread_blocked, id=8564, stack(0x0000000017770000,0x0000000017870000)]
  0x000000000037e800 JavaThread "main" [_thread_blocked, id=4672, stack(0x0000000002300000,0x0000000002400000)]

Other Threads:
  0x0000000016540800 VMThread [stack: 0x00000000174a0000,0x00000000175a0000] [id=8620]
  0x00000000165f6800 WatcherThread [stack: 0x0000000018520000,0x0000000018620000] [id=4904]

VM state:not at safepoint (normal execution)

VM Mutex/Monitor currently owned by a thread: None

Heap:
 PSYoungGen      total 36864K, used 15524K [0x00000000eab00000, 0x00000000ed400000, 0x0000000100000000)
  eden space 31744K, 48% used [0x00000000eab00000,0x00000000eba29258,0x00000000eca00000)
  from space 5120K, 0% used [0x00000000ecf00000,0x00000000ecf00000,0x00000000ed400000)
  to   space 5120K, 0% used [0x00000000eca00000,0x00000000eca00000,0x00000000ecf00000)
 ParOldGen       total 84992K, used 0K [0x00000000c0000000, 0x00000000c5300000, 0x00000000eab00000)
  object space 84992K, 0% used [0x00000000c0000000,0x00000000c0000000,0x00000000c5300000)
 Metaspace       used 5526K, capacity 6704K, committed 6784K, reserved 1056768K
  class space    used 563K, capacity 616K, committed 640K, reserved 1048576K

Card table byte_map: [0x0000000011a90000,0x0000000011ca0000] byte_map_base: 0x0000000011490000

Marking Bits: (ParMarkBitMap*) 0x00000000509a9d00
 Begin Bits: [0x0000000012b10000, 0x0000000013b10000)
 End Bits:   [0x0000000013b10000, 0x0000000014b10000)

Polling page: 0x0000000000330000

CodeCache: size=245760Kb used=3002Kb max_used=3002Kb free=242757Kb
 bounds [0x00000000026d0000, 0x00000000029d0000, 0x00000000116d0000]
 total_blobs=980 nmethods=718 adapters=176
 compilation: enabled

Compilation events (10 events):
Event: 0.378 Thread 0x00000000165a5000  729       3       com.android.dx.ssa.DeadCodeRemover::isCircularNoSideEffect (140 bytes)
Event: 0.379 Thread 0x00000000165a5000 nmethod 729 0x00000000029b7c10 code [0x00000000029b7ea0, 0x00000000029b8f68]
Event: 0.379 Thread 0x00000000165a5000  699       3       com.android.dx.ssa.SCCP::setLatticeValueTo (67 bytes)
Event: 0.379 Thread 0x00000000165a5000 nmethod 699 0x00000000029b9890 code [0x00000000029b9a40, 0x00000000029b9fa8]
Event: 0.379 Thread 0x00000000165a5000  694       3       com.android.dx.dex.code.RopTranslator$LocalVariableAwareTranslationVisitor::visitPlainInsn (11 bytes)
Event: 0.380 Thread 0x00000000165a5000 nmethod 694 0x00000000029ba310 code [0x00000000029ba520, 0x00000000029bb058]
Event: 0.380 Thread 0x00000000165a5000  730   !   3       com.android.dx.rop.code.LocalVariableInfo::setStarts (40 bytes)
Event: 0.380 Thread 0x00000000165a5000 nmethod 730 0x00000000029bb710 code [0x00000000029bb8e0, 0x00000000029bbf48]
Event: 0.380 Thread 0x00000000165a5000  732       3       com.android.dx.dex.code.RopToDop::dopFor (792 bytes)
Event: 0.380 Thread 0x0000000016594800  733       4       com.android.dx.ssa.SsaRenamer$BlockRenamer::addMapping (143 bytes)

GC Heap History (0 events):
No events

Deoptimization events (3 events):
Event: 0.277 Thread 0x0000000016832800 Uncommon trap: reason=unstable_if action=reinterpret pc=0x00000000028aa010 method=java.util.HashMap.getNode(ILjava/lang/Object;)Ljava/util/HashMap$Node; @ 129
Event: 0.369 Thread 0x0000000016832800 Uncommon trap: reason=class_check action=maybe_recompile pc=0x0000000002906c20 method=com.android.dx.ssa.NormalSsaInsn.accept(Lcom/android/dx/ssa/SsaInsn$Visitor;)V @ 9
Event: 0.369 Thread 0x0000000016832800 Uncommon trap: reason=class_check action=maybe_recompile pc=0x0000000002906c20 method=com.android.dx.ssa.NormalSsaInsn.accept(Lcom/android/dx/ssa/SsaInsn$Visitor;)V @ 9

Internal exceptions (2 events):
Event: 0.028 Thread 0x000000000037e800 Exception <a 'java/lang/NoSuchMethodError': Method sun.misc.Unsafe.defineClass(Ljava/lang/String;[BII)Ljava/lang/Class; name or signature does not match> (0x00000000eab07cc0) thrown at [C:\src\android\AOSP-openjdk\external\jetbrains\jdk\hotspot\src\share\vHÀvmþœ?
Event: 0.028 Thread 0x000000000037e800 Exception <a 'java/lang/NoSuchMethodError': Method sun.misc.Unsafe.prefetchRead(Ljava/lang/Object;J)V name or signature does not match> (0x00000000eab07fa8) thrown at [C:\src\android\AOSP-openjdk\external\jetbrains\jdk\hotspot\src\share\vm\prims\jni.cpp, l

Events (10 events):
Event: 0.320 loading class java/util/ArrayList$1
Event: 0.320 loading class java/util/ArrayList$1 done
Event: 0.335 Executing VM operation: ForceSafepoint
Event: 0.335 Executing VM operation: ForceSafepoint done
Event: 0.369 Thread 0x0000000016832800 Uncommon trap: trap_request=0xffffffde fr.pc=0x0000000002906c20
Event: 0.369 Thread 0x0000000016832800 DEOPT PACKING pc=0x0000000002906c20 sp=0x000000001872ea60
Event: 0.369 Thread 0x0000000016832800 DEOPT UNPACKING pc=0x000000000271556a sp=0x000000001872e9f0 mode 2
Event: 0.369 Thread 0x0000000016832800 Uncommon trap: trap_request=0xffffffde fr.pc=0x0000000002906c20
Event: 0.369 Thread 0x0000000016832800 DEOPT PACKING pc=0x0000000002906c20 sp=0x000000001872ea60
Event: 0.369 Thread 0x0000000016832800 DEOPT UNPACKING pc=0x000000000271556a sp=0x000000001872e9f0 mode 2


Dynamic libraries:
0x000000013fb80000 - 0x000000013fbb1000 	C:\Program Files\Android\Android Studio\jre\bin\java.exe
0x0000000077180000 - 0x0000000077329000 	C:\Windows\SYSTEM32\ntdll.dll
0x0000000077060000 - 0x000000007717f000 	C:\Windows\system32\kernel32.dll
0x000007fefd940000 - 0x000007fefd9ac000 	C:\Windows\system32\KERNELBASE.dll
0x000007feff3b0000 - 0x000007feff48b000 	C:\Windows\system32\ADVAPI32.dll
0x000007feff1a0000 - 0x000007feff23f000 	C:\Windows\system32\msvcrt.dll
0x000007fefed50000 - 0x000007fefed6f000 	C:\Windows\SYSTEM32\sechost.dll
0x000007fefec00000 - 0x000007fefed2d000 	C:\Windows\system32\RPCRT4.dll
0x0000000076f60000 - 0x000000007705a000 	C:\Windows\system32\USER32.dll
0x000007fefe9f0000 - 0x000007fefea57000 	C:\Windows\system32\GDI32.dll
0x000007fefed30000 - 0x000007fefed3e000 	C:\Windows\system32\LPK.dll
0x000007fefea90000 - 0x000007fefeb59000 	C:\Windows\system32\USP10.dll
0x000007fefbe40000 - 0x000007fefc034000 	C:\Windows\WinSxS\amd64_microsoft.windows.common-controls_6595b64144ccf1df_6.0.7601.17514_none_fa396087175ac9ac\COMCTL32.dll
0x000007fefeb80000 - 0x000007fefebf1000 	C:\Windows\system32\SHLWAPI.dll
0x000007fefea60000 - 0x000007fefea8e000 	C:\Windows\system32\IMM32.DLL
0x000007feff240000 - 0x000007feff349000 	C:\Windows\system32\MSCTF.dll
0x0000000065380000 - 0x0000000065452000 	C:\Program Files\Android\Android Studio\jre\jre\bin\msvcr100.dll
0x00000000501f0000 - 0x0000000050a24000 	C:\Program Files\Android\Android Studio\jre\jre\bin\server\jvm.dll
0x000007feec580000 - 0x000007feec589000 	C:\Windows\system32\WSOCK32.dll
0x000007fefee50000 - 0x000007fefee9d000 	C:\Windows\system32\WS2_32.dll
0x000007fefed40000 - 0x000007fefed48000 	C:\Windows\system32\NSI.dll
0x000007fefaf00000 - 0x000007fefaf3b000 	C:\Windows\system32\WINMM.dll
0x000007fefc6e0000 - 0x000007fefc6ec000 	C:\Windows\system32\VERSION.dll
0x0000000077340000 - 0x0000000077347000 	C:\Windows\system32\PSAPI.DLL
0x000007fef8e90000 - 0x000007fef8e9f000 	C:\Program Files\Android\Android Studio\jre\jre\bin\verify.dll
0x000007fef8440000 - 0x000007fef8469000 	C:\Program Files\Android\Android Studio\jre\jre\bin\java.dll
0x000007fef83f0000 - 0x000007fef8406000 	C:\Program Files\Android\Android Studio\jre\jre\bin\zip.dll
0x000007fefd9b0000 - 0x000007fefe738000 	C:\Windows\system32\SHELL32.dll
0x000007fefe7e0000 - 0x000007fefe9e3000 	C:\Windows\system32\ole32.dll
0x000007fefd5e0000 - 0x000007fefd5ef000 	C:\Windows\system32\profapi.dll

VM Arguments:
jvm_args: -Djava.awt.headless=true -Xmx1024M -Dfile.encoding=windows-1252 -Duser.country=FR -Duser.language=fr -Duser.variant 
java_command: com.android.dx.command.Main --dex --force-jumbo --num-threads=4 --multi-dex --output C:\Users\rhakanjin.Newsco\Desktop\workspaceAndroid\friendzone\app\build\intermediates\transforms\dex\debug\folders\1000\10\com.android.support-animated-vector-drawable-25.1.0_8a2621d6ccb5536f8b233e85756818b87da8d8bb C:\Users\rhakanjin.Newsco\Desktop\workspaceAndroid\friendzone\app\build\intermediates\exploded-aar\com.android.support\animated-vector-drawable\25.1.0\jars\classes.jar
java_class_path (initial): C:\Users\rhakanjin.Newsco\AppData\Local\Android\sdk\build-tools\25.0.2\lib\dx.jar
Launcher Type: SUN_STANDARD

Environment Variables:
PATH=c:\Program Files (x86)\Intel\iCLS Client\;c:\Program Files\Intel\iCLS Client\;C:\Windows\system32;C:\Windows;C:\Windows\System32\Wbem;C:\Windows\System32\WindowsPowerShell\v1.0\;c:\Program Files (x86)\Common Files\Roxio Shared\DLLShared\;c:\Program Files (x86)\Common Files\Roxio Shared\10.0\DLLShared\;C:\Program Files\Intel\Intel(R) Management Engine Components\DAL;C:\Program Files\Intel\Intel(R) Management Engine Components\IPT;C:\Program Files (x86)\Intel\Intel(R) Management Engine Components\DAL;C:\Program Files (x86)\Intel\Intel(R) Management Engine Components\IPT;C:\Program Files\nodejs\;C:\RailsInstaller\Ruby2.3.0\bin;c:\Program Files (x86)\Intel\iCLS Client\;c:\Program Files\Intel\iCLS Client\;C:\Windows\system32;C:\Windows;C:\Windows\System32\Wbem;C:\Windows\System32\WindowsPowerShell\v1.0\;c:\Program Files (x86)\Common Files\Roxio Shared\DLLShared\;c:\Program Files (x86)\Common Files\Roxio Shared\10.0\DLLShared\;C:\Program Files\Intel\Intel(R) Management Engine Components\DAL;C:\Program Files\Intel\Intel(R) Management Engine Components\IPT;C:\Program Files (x86)\Intel\Intel(R) Management Engine Components\DAL;C:\Program Files (x86)\Intel\Intel(R) Management Engine Components\IPT;C:\Users\rhakanjin.Newsco\AppData\Local\Programs\Git\cmd;C:\Users\rhakanjin.Newsco\AppData\Roaming\npm
USERNAME=rhakanjin
OS=Windows_NT
PROCESSOR_IDENTIFIER=Intel64 Family 6 Model 58 Stepping 9, GenuineIntel



---------------  S Y S T E M  ---------------

OS: Windows 7 , 64 bit Build 7601 (6.1.7601.17651)

CPU:total 8 (4 cores per cpu, 2 threads per core) family 6 model 58 stepping 9, cmov, cx8, fxsr, mmx, sse, sse2, sse3, ssse3, sse4.1, sse4.2, popcnt, avx, aes, clmul, erms, ht, tsc, tscinvbit, tscinv

Memory: 4k page, physical 8063920k(767980k free), swap 12256372k(5096k free)

vm_info: OpenJDK 64-Bit Server VM (25.76-b03) for windows-amd64 JRE (1.8.0_76-release-b03), built on Jun 29 2016 19:09:20 by "ralucas" with MS VC++ 10.0 (VS2010)

time: Thu Feb 16 11:37:43 2017
elapsed time: 0 seconds (0d 0h 0m 0s)

