#
# There is insufficient memory for the Java Runtime Environment to continue.
# Native memory allocation (malloc) failed to allocate 32744 bytes for ChunkPool::allocate
# Possible reasons:
#   The system is out of physical RAM or swap space
#   In 32 bit mode, the process size limit was hit
# Possible solutions:
#   Reduce memory load on the system
#   Increase physical memory or swap space
#   Check if swap backing store is full
#   Use 64 bit Java on a 64 bit OS
#   Decrease Java heap size (-Xmx/-Xms)
#   Decrease number of Java threads
#   Decrease Java thread stack sizes (-Xss)
#   Set larger code cache with -XX:ReservedCodeCacheSize=
# This output file may be truncated or incomplete.
#
#  Out of Memory Error (allocation.cpp:273), pid=8840, tid=0x000000000000216c
#
# JRE version: OpenJDK Runtime Environment (8.0_76-b03) (build 1.8.0_76-release-b03)
# Java VM: OpenJDK 64-Bit Server VM (25.76-b03 mixed mode windows-amd64 compressed oops)
# Failed to write core dump. Minidumps are not enabled by default on client versions of Windows
#

---------------  T H R E A D  ---------------

Current thread (0x000000005698d000):  JavaThread "C2 CompilerThread1" daemon [_thread_in_native, id=8556, stack(0x00000000581a0000,0x00000000582a0000)]

Stack: [0x00000000581a0000,0x00000000582a0000]
[error occurred during error reporting (printing stack bounds), id 0xc0000005]

Native frames: (J=compiled Java code, j=interpreted, Vv=VM code, C=native code)


Current CompileTask:
C2:    888  544       4       com.android.dx.ssa.NormalSsaInsn::accept (25 bytes)


---------------  P R O C E S S  ---------------

Java Threads: ( => current thread )
  0x0000000056c7c800 JavaThread "pool-2-thread-4" [_thread_blocked, id=8732, stack(0x0000000058720000,0x0000000058820000)]
  0x0000000056c78000 JavaThread "pool-2-thread-3" [_thread_blocked, id=3384, stack(0x0000000058e60000,0x0000000058f60000)]
  0x0000000056c77000 JavaThread "pool-2-thread-2" [_thread_in_Java, id=5524, stack(0x0000000058c70000,0x0000000058d70000)]
  0x0000000056c76800 JavaThread "pool-3-thread-1" [_thread_blocked, id=3776, stack(0x0000000058b50000,0x0000000058c50000)]
  0x0000000056be9000 JavaThread "pool-2-thread-1" [_thread_in_Java, id=5704, stack(0x0000000058a30000,0x0000000058b30000)]
  0x0000000056a1e800 JavaThread "Service Thread" daemon [_thread_blocked, id=9100, stack(0x00000000585d0000,0x00000000586d0000)]
  0x0000000056994800 JavaThread "C1 CompilerThread3" daemon [_thread_in_native, id=6420, stack(0x0000000058310000,0x0000000058410000)]
  0x0000000056994000 JavaThread "C2 CompilerThread2" daemon [_thread_blocked, id=3516, stack(0x0000000058470000,0x0000000058570000)]
=>0x000000005698d000 JavaThread "C2 CompilerThread1" daemon [_thread_in_native, id=8556, stack(0x00000000581a0000,0x00000000582a0000)]
  0x0000000056988000 JavaThread "C2 CompilerThread0" daemon [_thread_blocked, id=7796, stack(0x0000000058010000,0x0000000058110000)]
  0x000000005697e800 JavaThread "Attach Listener" daemon [_thread_blocked, id=4540, stack(0x0000000057cd0000,0x0000000057dd0000)]
  0x000000005697c800 JavaThread "Signal Dispatcher" daemon [_thread_blocked, id=5116, stack(0x0000000057e10000,0x0000000057f10000)]
  0x00000000558cc800 JavaThread "Finalizer" daemon [_thread_blocked, id=8472, stack(0x0000000057900000,0x0000000057a00000)]
  0x00000000558c5000 JavaThread "Reference Handler" daemon [_thread_blocked, id=7780, stack(0x0000000057ba0000,0x0000000057ca0000)]
  0x000000000235e800 JavaThread "main" [_thread_blocked, id=8436, stack(0x0000000002410000,0x0000000002510000)]

Other Threads:
  0x0000000056931800 VMThread [stack: 0x0000000057a10000,0x0000000057b10000] [id=7296]
  0x00000000569de000 WatcherThread [stack: 0x0000000058870000,0x0000000058970000] [id=5572]

VM state:not at safepoint (normal execution)

VM Mutex/Monitor currently owned by a thread: None

Heap:
 PSYoungGen      total 36864K, used 23118K [0x00000000eab00000, 0x00000000ed400000, 0x0000000100000000)
  eden space 31744K, 72% used [0x00000000eab00000,0x00000000ec193940,0x00000000eca00000)
  from space 5120K, 0% used [0x00000000ecf00000,0x00000000ecf00000,0x00000000ed400000)
  to   space 5120K, 0% used [0x00000000eca00000,0x00000000eca00000,0x00000000ecf00000)
 ParOldGen       total 84992K, used 0K [0x00000000c0000000, 0x00000000c5300000, 0x00000000eab00000)
  object space 84992K, 0% used [0x00000000c0000000,0x00000000c0000000,0x00000000c5300000)
 Metaspace       used 5630K, capacity 6704K, committed 6784K, reserved 1056768K
  class space    used 571K, capacity 616K, committed 640K, reserved 1048576K

Card table byte_map: [0x0000000011c50000,0x0000000011e60000] byte_map_base: 0x0000000011650000

Marking Bits: (ParMarkBitMap*) 0x000000005ab69d00
 Begin Bits: [0x0000000012ce0000, 0x0000000013ce0000)
 End Bits:   [0x0000000013ce0000, 0x0000000014ce0000)

Polling page: 0x0000000000430000

CodeCache: size=245760Kb used=2634Kb max_used=2645Kb free=243125Kb
 bounds [0x0000000002890000, 0x0000000002b30000, 0x0000000011890000]
 total_blobs=975 nmethods=706 adapters=181
 compilation: enabled

Compilation events (10 events):
Event: 0.874 Thread 0x0000000056994000  624       4       com.android.dx.util.Bits::clear (21 bytes)
Event: 0.875 Thread 0x0000000056994000 nmethod 624 0x0000000002b1ec90 code [0x0000000002b1edc0, 0x0000000002b1ee58]
Event: 0.875 Thread 0x0000000056994000  722       4       com.android.dx.util.BitIntSet::add (15 bytes)
Event: 0.877 Thread 0x0000000056994000 nmethod 722 0x0000000002b1e790 code [0x0000000002b1e8e0, 0x0000000002b1eaf8]
Event: 0.877 Thread 0x0000000056994000  615       4       java.lang.Long::numberOfTrailingZeros (116 bytes)
Event: 0.878 Thread 0x0000000056988000 nmethod 746 0x0000000002b1dd10 code [0x0000000002b1de80, 0x0000000002b1e2c8]
Event: 0.878 Thread 0x0000000056988000  640       4       com.android.dx.util.ByteArray::getUnsignedByte0 (16 bytes)
Event: 0.879 Thread 0x0000000056988000 nmethod 640 0x0000000002b1f190 code [0x0000000002b1f2c0, 0x0000000002b1f358]
Event: 0.879 Thread 0x0000000056988000  625       4       java.lang.Long::bitCount (61 bytes)
Event: 0.879 Thread 0x0000000056988000 nmethod 625 0x0000000002b1dad0 code [0x0000000002b1dc00, 0x0000000002b1dcb8]

GC Heap History (0 events):
No events

Deoptimization events (5 events):
Event: 0.297 Thread 0x000000000235e800 Uncommon trap: reason=unstable_if action=reinterpret pc=0x00000000029cf740 method=java.lang.String.indexOf(II)I @ 49
Event: 0.646 Thread 0x000000000235e800 Uncommon trap: reason=unstable_if action=reinterpret pc=0x0000000002a4f0d8 method=java.lang.String.<init>([CII)V @ 18
Event: 0.691 Thread 0x000000000235e800 Uncommon trap: reason=unstable_if action=reinterpret pc=0x0000000002a5ebf8 method=java.util.HashMap.getNode(ILjava/lang/Object;)Ljava/util/HashMap$Node; @ 129
Event: 0.704 Thread 0x0000000056c7c800 Uncommon trap: reason=unstable_if action=reinterpret pc=0x0000000002a57760 method=java.util.BitSet.nextSetBit(I)I @ 87
Event: 0.732 Thread 0x0000000056c7c800 Uncommon trap: reason=bimorphic action=maybe_recompile pc=0x0000000002a5bb64 method=java.util.HashMap.getNode(ILjava/lang/Object;)Ljava/util/HashMap$Node; @ 126

Internal exceptions (2 events):
Event: 0.018 Thread 0x000000000235e800 Exception <a 'java/lang/NoSuchMethodError': Method sun.misc.Unsafe.defineClass(Ljava/lang/String;[BII)Ljava/lang/Class; name or signature does not match> (0x00000000eab07cc0) thrown at [C:\src\android\AOSP-openjdk\external\jetbrains\jdk\hotspot\src\share\v,¬–/Q’?
Event: 0.018 Thread 0x000000000235e800 Exception <a 'java/lang/NoSuchMethodError': Method sun.misc.Unsafe.prefetchRead(Ljava/lang/Object;J)V name or signature does not match> (0x00000000eab07fa8) thrown at [C:\src\android\AOSP-openjdk\external\jetbrains\jdk\hotspot\src\share\vm\prims\jni.cpp, l

Events (10 events):
Event: 0.759 loading class com/android/dx/cf/attrib/AttRuntimeInvisibleAnnotations
Event: 0.759 loading class com/android/dx/cf/attrib/AttRuntimeInvisibleAnnotations done
Event: 0.788 loading class com/android/dx/cf/attrib/AttRuntimeInvisibleParameterAnnotations
Event: 0.788 loading class com/android/dx/cf/attrib/AttRuntimeInvisibleParameterAnnotations done
Event: 0.788 loading class com/android/dx/cf/attrib/BaseParameterAnnotations
Event: 0.789 loading class com/android/dx/cf/attrib/BaseParameterAnnotations done
Event: 0.801 loading class java/util/ArrayList$1
Event: 0.801 loading class java/util/ArrayList$1 done
Event: 0.817 Executing VM operation: ForceSafepoint
Event: 0.850 Executing VM operation: ForceSafepoint done


Dynamic libraries:
0x000000013f3d0000 - 0x000000013f401000 	C:\Program Files\Android\Android Studio\jre\bin\java.exe
0x0000000077180000 - 0x0000000077329000 	C:\Windows\SYSTEM32\ntdll.dll
0x0000000077060000 - 0x000000007717f000 	C:\Windows\system32\kernel32.dll
0x000007fefd940000 - 0x000007fefd9ac000 	C:\Windows\system32\KERNELBASE.dll
0x000007feff3b0000 - 0x000007feff48b000 	C:\Windows\system32\ADVAPI32.dll
0x000007feff1a0000 - 0x000007feff23f000 	C:\Windows\system32\msvcrt.dll
0x000007fefed50000 - 0x000007fefed6f000 	C:\Windows\SYSTEM32\sechost.dll
0x000007fefec00000 - 0x000007fefed2d000 	C:\Windows\system32\RPCRT4.dll
0x0000000076f60000 - 0x000000007705a000 	C:\Windows\system32\USER32.dll
0x000007fefe9f0000 - 0x000007fefea57000 	C:\Windows\system32\GDI32.dll
0x000007fefed30000 - 0x000007fefed3e000 	C:\Windows\system32\LPK.dll
0x000007fefea90000 - 0x000007fefeb59000 	C:\Windows\system32\USP10.dll
0x000007fefbe40000 - 0x000007fefc034000 	C:\Windows\WinSxS\amd64_microsoft.windows.common-controls_6595b64144ccf1df_6.0.7601.17514_none_fa396087175ac9ac\COMCTL32.dll
0x000007fefeb80000 - 0x000007fefebf1000 	C:\Windows\system32\SHLWAPI.dll
0x000007fefea60000 - 0x000007fefea8e000 	C:\Windows\system32\IMM32.DLL
0x000007feff240000 - 0x000007feff349000 	C:\Windows\system32\MSCTF.dll
0x000000006ffa0000 - 0x0000000070072000 	C:\Program Files\Android\Android Studio\jre\jre\bin\msvcr100.dll
0x000000005a3b0000 - 0x000000005abe4000 	C:\Program Files\Android\Android Studio\jre\jre\bin\server\jvm.dll
0x000007feec580000 - 0x000007feec589000 	C:\Windows\system32\WSOCK32.dll
0x000007fefee50000 - 0x000007fefee9d000 	C:\Windows\system32\WS2_32.dll
0x000007fefed40000 - 0x000007fefed48000 	C:\Windows\system32\NSI.dll
0x000007fefaf00000 - 0x000007fefaf3b000 	C:\Windows\system32\WINMM.dll
0x000007fefc6e0000 - 0x000007fefc6ec000 	C:\Windows\system32\VERSION.dll
0x0000000077340000 - 0x0000000077347000 	C:\Windows\system32\PSAPI.DLL
0x000007fef8450000 - 0x000007fef845f000 	C:\Program Files\Android\Android Studio\jre\jre\bin\verify.dll
0x000007fef82f0000 - 0x000007fef8319000 	C:\Program Files\Android\Android Studio\jre\jre\bin\java.dll
0x000007fef83f0000 - 0x000007fef8406000 	C:\Program Files\Android\Android Studio\jre\jre\bin\zip.dll
0x000007fefd9b0000 - 0x000007fefe738000 	C:\Windows\system32\SHELL32.dll
0x000007fefe7e0000 - 0x000007fefe9e3000 	C:\Windows\system32\ole32.dll
0x000007fefd5e0000 - 0x000007fefd5ef000 	C:\Windows\system32\profapi.dll

VM Arguments:
jvm_args: -Djava.awt.headless=true -Xmx1024M -Dfile.encoding=windows-1252 -Duser.country=FR -Duser.language=fr -Duser.variant 
java_command: com.android.dx.command.Main --dex --force-jumbo --num-threads=4 --multi-dex --output C:\Users\rhakanjin.Newsco\Desktop\workspaceAndroid\friendzone\app\build\intermediates\transforms\dex\debug\folders\1000\10\com.google.android.gms-play-services-cast-10.0.1_462d4a34c44f15faaf670fef0f79992676e6df24 C:\Users\rhakanjin.Newsco\Desktop\workspaceAndroid\friendzone\app\build\intermediates\exploded-aar\com.google.android.gms\play-services-cast\10.0.1\jars\classes.jar
java_class_path (initial): C:\Users\rhakanjin.Newsco\AppData\Local\Android\sdk\build-tools\25.0.2\lib\dx.jar
Launcher Type: SUN_STANDARD

Environment Variables:
PATH=c:\Program Files (x86)\Intel\iCLS Client\;c:\Program Files\Intel\iCLS Client\;C:\Windows\system32;C:\Windows;C:\Windows\System32\Wbem;C:\Windows\System32\WindowsPowerShell\v1.0\;c:\Program Files (x86)\Common Files\Roxio Shared\DLLShared\;c:\Program Files (x86)\Common Files\Roxio Shared\10.0\DLLShared\;C:\Program Files\Intel\Intel(R) Management Engine Components\DAL;C:\Program Files\Intel\Intel(R) Management Engine Components\IPT;C:\Program Files (x86)\Intel\Intel(R) Management Engine Components\DAL;C:\Program Files (x86)\Intel\Intel(R) Management Engine Components\IPT;C:\Program Files\nodejs\;C:\RailsInstaller\Ruby2.3.0\bin;c:\Program Files (x86)\Intel\iCLS Client\;c:\Program Files\Intel\iCLS Client\;C:\Windows\system32;C:\Windows;C:\Windows\System32\Wbem;C:\Windows\System32\WindowsPowerShell\v1.0\;c:\Program Files (x86)\Common Files\Roxio Shared\DLLShared\;c:\Program Files (x86)\Common Files\Roxio Shared\10.0\DLLShared\;C:\Program Files\Intel\Intel(R) Management Engine Components\DAL;C:\Program Files\Intel\Intel(R) Management Engine Components\IPT;C:\Program Files (x86)\Intel\Intel(R) Management Engine Components\DAL;C:\Program Files (x86)\Intel\Intel(R) Management Engine Components\IPT;C:\Users\rhakanjin.Newsco\AppData\Local\Programs\Git\cmd;C:\Users\rhakanjin.Newsco\AppData\Roaming\npm
USERNAME=rhakanjin
OS=Windows_NT
PROCESSOR_IDENTIFIER=Intel64 Family 6 Model 58 Stepping 9, GenuineIntel



---------------  S Y S T E M  ---------------

OS: Windows 7 , 64 bit Build 7601 (6.1.7601.17651)

CPU:total 8 (4 cores per cpu, 2 threads per core) family 6 model 58 stepping 9, cmov, cx8, fxsr, mmx, sse, sse2, sse3, ssse3, sse4.1, sse4.2, popcnt, avx, aes, clmul, erms, ht, tsc, tscinvbit, tscinv

Memory: 4k page, physical 8063920k(674556k free), swap 12256372k(5068k free)

vm_info: OpenJDK 64-Bit Server VM (25.76-b03) for windows-amd64 JRE (1.8.0_76-release-b03), built on Jun 29 2016 19:09:20 by "ralucas" with MS VC++ 10.0 (VS2010)

time: Tue Feb 14 15:31:41 2017
elapsed time: 0 seconds (0d 0h 0m 0s)

