#
# There is insufficient memory for the Java Runtime Environment to continue.
# Native memory allocation (malloc) failed to allocate 256272 bytes for Chunk::new
# Possible reasons:
#   The system is out of physical RAM or swap space
#   In 32 bit mode, the process size limit was hit
# Possible solutions:
#   Reduce memory load on the system
#   Increase physical memory or swap space
#   Check if swap backing store is full
#   Use 64 bit Java on a 64 bit OS
#   Decrease Java heap size (-Xmx/-Xms)
#   Decrease number of Java threads
#   Decrease Java thread stack sizes (-Xss)
#   Set larger code cache with -XX:ReservedCodeCacheSize=
# This output file may be truncated or incomplete.
#
#  Out of Memory Error (allocation.cpp:390), pid=8692, tid=0x0000000000001ce0
#
# JRE version: OpenJDK Runtime Environment (8.0_76-b03) (build 1.8.0_76-release-b03)
# Java VM: OpenJDK 64-Bit Server VM (25.76-b03 mixed mode windows-amd64 compressed oops)
# Failed to write core dump. Minidumps are not enabled by default on client versions of Windows
#

---------------  T H R E A D  ---------------

Current thread (0x0000000056808000):  JavaThread "C2 CompilerThread1" daemon [_thread_in_native, id=7392, stack(0x0000000057f70000,0x0000000058070000)]

Stack: [0x0000000057f70000,0x0000000058070000]
[error occurred during error reporting (printing stack bounds), id 0xc0000005]

Native frames: (J=compiled Java code, j=interpreted, Vv=VM code, C=native code)


Current CompileTask:
C2:   1481 1199       4       com.android.dx.ssa.SCCP::simulatePhiBlock (50 bytes)


---------------  P R O C E S S  ---------------

Java Threads: ( => current thread )
  0x00000000569e3800 JavaThread "pool-2-thread-4" [_thread_in_Java, id=6620, stack(0x0000000059450000,0x0000000059550000)]
  0x000000005699a000 JavaThread "pool-2-thread-3" [_thread_in_Java, id=6688, stack(0x0000000058a20000,0x0000000058b20000)]
  0x000000005698f000 JavaThread "pool-2-thread-2" [_thread_blocked, id=5084, stack(0x0000000058630000,0x0000000058730000)]
  0x0000000056983800 JavaThread "pool-3-thread-1" [_thread_blocked, id=7504, stack(0x0000000058860000,0x0000000058960000)]
  0x0000000056980800 JavaThread "pool-2-thread-1" [_thread_in_Java, id=7456, stack(0x0000000058730000,0x0000000058830000)]
  0x00000000568af800 JavaThread "Service Thread" daemon [_thread_blocked, id=3496, stack(0x0000000057e20000,0x0000000057f20000)]
  0x0000000056879000 JavaThread "C1 CompilerThread3" daemon [_thread_in_native, id=6572, stack(0x0000000058320000,0x0000000058420000)]
  0x000000005680f000 JavaThread "C2 CompilerThread2" daemon [_thread_in_native, id=9076, stack(0x00000000580e0000,0x00000000581e0000)]
=>0x0000000056808000 JavaThread "C2 CompilerThread1" daemon [_thread_in_native, id=7392, stack(0x0000000057f70000,0x0000000058070000)]
  0x0000000056806000 JavaThread "C2 CompilerThread0" daemon [_thread_in_native, id=8468, stack(0x0000000057d20000,0x0000000057e20000)]
  0x0000000056800800 JavaThread "Attach Listener" daemon [_thread_blocked, id=5952, stack(0x0000000057b80000,0x0000000057c80000)]
  0x00000000567fe800 JavaThread "Signal Dispatcher" daemon [_thread_blocked, id=6408, stack(0x0000000057960000,0x0000000057a60000)]
  0x000000005563d800 JavaThread "Finalizer" daemon [_thread_blocked, id=7896, stack(0x0000000057a80000,0x0000000057b80000)]
  0x0000000055634800 JavaThread "Reference Handler" daemon [_thread_blocked, id=2060, stack(0x0000000057730000,0x0000000057830000)]
  0x000000000035e800 JavaThread "main" [_thread_in_native, id=7796, stack(0x00000000025c0000,0x00000000026c0000)]

Other Threads:
  0x00000000567b0800 VMThread [stack: 0x0000000057830000,0x0000000057930000] [id=5392]
  0x00000000568b4000 WatcherThread [stack: 0x00000000584a0000,0x00000000585a0000] [id=6264]

VM state:not at safepoint (normal execution)

VM Mutex/Monitor currently owned by a thread: None

Heap:
 PSYoungGen      total 36864K, used 16450K [0x00000000eab00000, 0x00000000ef300000, 0x0000000100000000)
  eden space 31744K, 35% used [0x00000000eab00000,0x00000000eb6135d0,0x00000000eca00000)
  from space 5120K, 99% used [0x00000000ecf00000,0x00000000ed3fd318,0x00000000ed400000)
  to   space 5120K, 0% used [0x00000000eca00000,0x00000000eca00000,0x00000000ecf00000)
 ParOldGen       total 84992K, used 15579K [0x00000000c0000000, 0x00000000c5300000, 0x00000000eab00000)
  object space 84992K, 18% used [0x00000000c0000000,0x00000000c0f36cd8,0x00000000c5300000)
 Metaspace       used 5656K, capacity 6832K, committed 7040K, reserved 1056768K
  class space    used 557K, capacity 616K, committed 640K, reserved 1048576K

Card table byte_map: [0x0000000011d50000,0x0000000011f60000] byte_map_base: 0x0000000011750000

Marking Bits: (ParMarkBitMap*) 0x000000005ac29d00
 Begin Bits: [0x0000000012a50000, 0x0000000013a50000)
 End Bits:   [0x0000000013a50000, 0x0000000014a50000)

Polling page: 0x0000000000340000

CodeCache: size=245760Kb used=5127Kb max_used=5127Kb free=240632Kb
 bounds [0x0000000002990000, 0x0000000002ea0000, 0x0000000011990000]
 total_blobs=1484 nmethods=1223 adapters=175
 compilation: enabled

Compilation events (10 events):
Event: 1.418 Thread 0x0000000056879000 1217       3       com.android.dx.rop.code.BasicBlockList::getRegCount (34 bytes)
Event: 1.418 Thread 0x0000000056879000 nmethod 1217 0x0000000002e4ff50 code [0x0000000002e500c0, 0x0000000002e50448]
Event: 1.439 Thread 0x0000000056879000 1228       3       com.android.dx.cf.code.LineNumberList::set (15 bytes)
Event: 1.440 Thread 0x0000000056879000 nmethod 1228 0x0000000002e4ee90 code [0x0000000002e4f080, 0x0000000002e4f918]
Event: 1.440 Thread 0x0000000056879000 1229       3       com.android.dx.cf.code.LineNumberList$Item::<init> (43 bytes)
Event: 1.440 Thread 0x0000000056879000 nmethod 1229 0x0000000002e4e810 code [0x0000000002e4e9a0, 0x0000000002e4ed38]
Event: 1.440 Thread 0x0000000056879000 1231       3       java.util.TreeMap$PrivateEntryIterator::<init> (28 bytes)
Event: 1.440 Thread 0x0000000056879000 nmethod 1231 0x0000000002e4e390 code [0x0000000002e4e500, 0x0000000002e4e710]
Event: 1.440 Thread 0x0000000056879000 1230       3       java.util.TreeMap$ValueIterator::next (8 bytes)
Event: 1.440 Thread 0x0000000056879000 nmethod 1230 0x0000000002e4df50 code [0x0000000002e4e0c0, 0x0000000002e4e2c8]

GC Heap History (4 events):
Event: 0.959 GC heap before
{Heap before GC invocations=1 (full 0):
 PSYoungGen      total 36864K, used 31744K [0x00000000eab00000, 0x00000000ed400000, 0x0000000100000000)
  eden space 31744K, 100% used [0x00000000eab00000,0x00000000eca00000,0x00000000eca00000)
  from space 5120K, 0% used [0x00000000ecf00000,0x00000000ecf00000,0x00000000ed400000)
  to   space 5120K, 0% used [0x00000000eca00000,0x00000000eca00000,0x00000000ecf00000)
 ParOldGen       total 84992K, used 0K [0x00000000c0000000, 0x00000000c5300000, 0x00000000eab00000)
  object space 84992K, 0% used [0x00000000c0000000,0x00000000c0000000,0x00000000c5300000)
 Metaspace       used 5535K, capacity 6768K, committed 7040K, reserved 1056768K
  class space    used 556K, capacity 616K, committed 640K, reserved 1048576K
Event: 0.968 GC heap after
Heap after GC invocations=1 (full 0):
 PSYoungGen      total 36864K, used 5118K [0x00000000eab00000, 0x00000000ed400000, 0x0000000100000000)
  eden space 31744K, 0% used [0x00000000eab00000,0x00000000eab00000,0x00000000eca00000)
  from space 5120K, 99% used [0x00000000eca00000,0x00000000eceff970,0x00000000ecf00000)
  to   space 5120K, 0% used [0x00000000ecf00000,0x00000000ecf00000,0x00000000ed400000)
 ParOldGen       total 84992K, used 7653K [0x00000000c0000000, 0x00000000c5300000, 0x00000000eab00000)
  object space 84992K, 9% used [0x00000000c0000000,0x00000000c0779718,0x00000000c5300000)
 Metaspace       used 5535K, capacity 6768K, committed 7040K, reserved 1056768K
  class space    used 556K, capacity 616K, committed 640K, reserved 1048576K
}
Event: 1.140 GC heap before
{Heap before GC invocations=2 (full 0):
 PSYoungGen      total 36864K, used 36862K [0x00000000eab00000, 0x00000000ed400000, 0x0000000100000000)
  eden space 31744K, 100% used [0x00000000eab00000,0x00000000eca00000,0x00000000eca00000)
  from space 5120K, 99% used [0x00000000eca00000,0x00000000eceff970,0x00000000ecf00000)
  to   space 5120K, 0% used [0x00000000ecf00000,0x00000000ecf00000,0x00000000ed400000)
 ParOldGen       total 84992K, used 7653K [0x00000000c0000000, 0x00000000c5300000, 0x00000000eab00000)
  object space 84992K, 9% used [0x00000000c0000000,0x00000000c0779718,0x00000000c5300000)
 Metaspace       used 5610K, capacity 6832K, committed 7040K, reserved 1056768K
  class space    used 557K, capacity 616K, committed 640K, reserved 1048576K
Event: 1.150 GC heap after
Heap after GC invocations=2 (full 0):
 PSYoungGen      total 36864K, used 5108K [0x00000000eab00000, 0x00000000ef300000, 0x0000000100000000)
  eden space 31744K, 0% used [0x00000000eab00000,0x00000000eab00000,0x00000000eca00000)
  from space 5120K, 99% used [0x00000000ecf00000,0x00000000ed3fd318,0x00000000ed400000)
  to   space 5120K, 0% used [0x00000000eca00000,0x00000000eca00000,0x00000000ecf00000)
 ParOldGen       total 84992K, used 15579K [0x00000000c0000000, 0x00000000c5300000, 0x00000000eab00000)
  object space 84992K, 18% used [0x00000000c0000000,0x00000000c0f36cd8,0x00000000c5300000)
 Metaspace       used 5610K, capacity 6832K, committed 7040K, reserved 1056768K
  class space    used 557K, capacity 616K, committed 640K, reserved 1048576K
}

Deoptimization events (9 events):
Event: 0.535 Thread 0x00000000569e3800 Uncommon trap: reason=unstable_if action=reinterpret pc=0x0000000002b4a34c method=java.util.HashMap.getNode(ILjava/lang/Object;)Ljava/util/HashMap$Node; @ 129
Event: 0.541 Thread 0x00000000569e3800 Uncommon trap: reason=unstable_if action=reinterpret pc=0x0000000002b68460 method=java.util.BitSet.nextSetBit(I)I @ 87
Event: 0.564 Thread 0x00000000569e3800 Uncommon trap: reason=unstable_if action=reinterpret pc=0x0000000002ba6ebc method=com.android.dx.rop.code.RegisterSpec.equals(ILcom/android/dx/rop/type/TypeBearer;Lcom/android/dx/rop/code/LocalItem;)Z @ 16
Event: 0.855 Thread 0x000000005698f000 Uncommon trap: reason=class_check action=maybe_recompile pc=0x0000000002c47fd0 method=com.android.dx.ssa.NormalSsaInsn.accept(Lcom/android/dx/ssa/SsaInsn$Visitor;)V @ 9
Event: 0.860 Thread 0x000000005698f000 Uncommon trap: reason=null_check action=make_not_entrant pc=0x0000000002c48b6c method=com.android.dx.ssa.SsaRenamer.getLocalForNewReg(I)Lcom/android/dx/rop/code/LocalItem; @ 19
Event: 0.864 Thread 0x000000005698f000 Uncommon trap: reason=class_check action=maybe_recompile pc=0x0000000002b7a9a0 method=com.android.dx.ssa.NormalSsaInsn.accept(Lcom/android/dx/ssa/SsaInsn$Visitor;)V @ 9
Event: 0.872 Thread 0x000000005698f000 Uncommon trap: reason=unstable_if action=reinterpret pc=0x0000000002c8f208 method=com.android.dx.rop.code.RegisterSpecSet.put(Lcom/android/dx/rop/code/RegisterSpec;)V @ 77
Event: 1.400 Thread 0x0000000056980800 Uncommon trap: reason=bimorphic action=maybe_recompile pc=0x0000000002e05f60 method=com.android.dx.rop.code.InsnList.contentEquals(Lcom/android/dx/rop/code/InsnList;)Z @ 38
Event: 1.401 Thread 0x0000000056980800 Uncommon trap: reason=unstable_if action=reinterpret pc=0x0000000002d7aaf4 method=com.android.dx.cf.code.ByteCatchList.listFor(I)Lcom/android/dx/cf/code/ByteCatchList; @ 19

Internal exceptions (3 events):
Event: 0.019 Thread 0x000000000035e800 Exception <a 'java/lang/NoSuchMethodError': Method sun.misc.Unsafe.defineClass(Ljava/lang/String;[BII)Ljava/lang/Class; name or signature does not match> (0x00000000eab07cc0) thrown at [C:\src\android\AOSP-openjdk\external\jetbrains\jdk\hotspot\src\share\v“_<ïßì?
Event: 0.019 Thread 0x000000000035e800 Exception <a 'java/lang/NoSuchMethodError': Method sun.misc.Unsafe.prefetchRead(Ljava/lang/Object;J)V name or signature does not match> (0x00000000eab07fa8) thrown at [C:\src\android\AOSP-openjdk\external\jetbrains\jdk\hotspot\src\share\vm\prims\jni.cpp, läç°ÜÎ?
Event: 0.860 Thread 0x000000005698f000 Implicit null exception at 0x0000000002c46b2c to 0x0000000002c48b25

Events (10 events):
Event: 1.399 Thread 0x0000000056980800 DEOPT PACKING pc=0x0000000002daf795 sp=0x000000005882e390
Event: 1.399 Thread 0x0000000056980800 DEOPT UNPACKING pc=0x00000000029d75bf sp=0x000000005882e090 mode 0
Event: 1.400 Thread 0x0000000056980800 Uncommon trap: trap_request=0xffffffc6 fr.pc=0x0000000002e05f60
Event: 1.400 Thread 0x0000000056980800 DEOPT PACKING pc=0x0000000002e05f60 sp=0x000000005882e5c0
Event: 1.400 Thread 0x0000000056980800 DEOPT UNPACKING pc=0x00000000029d556a sp=0x000000005882e560 mode 2
Event: 1.401 Thread 0x0000000056980800 Uncommon trap: trap_request=0xffffff65 fr.pc=0x0000000002d7aaf4
Event: 1.401 Thread 0x0000000056980800 DEOPT PACKING pc=0x0000000002d7aaf4 sp=0x000000005882e600
Event: 1.401 Thread 0x0000000056980800 DEOPT UNPACKING pc=0x00000000029d556a sp=0x000000005882e420 mode 2
Event: 1.406 Thread 0x0000000056980800 DEOPT PACKING pc=0x0000000002d726c5 sp=0x000000005882e3a0
Event: 1.406 Thread 0x0000000056980800 DEOPT UNPACKING pc=0x00000000029d75bf sp=0x000000005882e180 mode 0


Dynamic libraries:
0x000000013fdd0000 - 0x000000013fe01000 	C:\Program Files\Android\Android Studio\jre\bin\java.exe
0x0000000077180000 - 0x0000000077329000 	C:\Windows\SYSTEM32\ntdll.dll
0x0000000077060000 - 0x000000007717f000 	C:\Windows\system32\kernel32.dll
0x000007fefd940000 - 0x000007fefd9ac000 	C:\Windows\system32\KERNELBASE.dll
0x000007feff3b0000 - 0x000007feff48b000 	C:\Windows\system32\ADVAPI32.dll
0x000007feff1a0000 - 0x000007feff23f000 	C:\Windows\system32\msvcrt.dll
0x000007fefed50000 - 0x000007fefed6f000 	C:\Windows\SYSTEM32\sechost.dll
0x000007fefec00000 - 0x000007fefed2d000 	C:\Windows\system32\RPCRT4.dll
0x0000000076f60000 - 0x000000007705a000 	C:\Windows\system32\USER32.dll
0x000007fefe9f0000 - 0x000007fefea57000 	C:\Windows\system32\GDI32.dll
0x000007fefed30000 - 0x000007fefed3e000 	C:\Windows\system32\LPK.dll
0x000007fefea90000 - 0x000007fefeb59000 	C:\Windows\system32\USP10.dll
0x000007fefbe40000 - 0x000007fefc034000 	C:\Windows\WinSxS\amd64_microsoft.windows.common-controls_6595b64144ccf1df_6.0.7601.17514_none_fa396087175ac9ac\COMCTL32.dll
0x000007fefeb80000 - 0x000007fefebf1000 	C:\Windows\system32\SHLWAPI.dll
0x000007fefea60000 - 0x000007fefea8e000 	C:\Windows\system32\IMM32.DLL
0x000007feff240000 - 0x000007feff349000 	C:\Windows\system32\MSCTF.dll
0x00000000656c0000 - 0x0000000065792000 	C:\Program Files\Android\Android Studio\jre\jre\bin\msvcr100.dll
0x000000005a470000 - 0x000000005aca4000 	C:\Program Files\Android\Android Studio\jre\jre\bin\server\jvm.dll
0x000007feec580000 - 0x000007feec589000 	C:\Windows\system32\WSOCK32.dll
0x000007fefee50000 - 0x000007fefee9d000 	C:\Windows\system32\WS2_32.dll
0x000007fefed40000 - 0x000007fefed48000 	C:\Windows\system32\NSI.dll
0x000007fefaf00000 - 0x000007fefaf3b000 	C:\Windows\system32\WINMM.dll
0x000007fefc6e0000 - 0x000007fefc6ec000 	C:\Windows\system32\VERSION.dll
0x0000000077340000 - 0x0000000077347000 	C:\Windows\system32\PSAPI.DLL
0x000007fef8ee0000 - 0x000007fef8eef000 	C:\Program Files\Android\Android Studio\jre\jre\bin\verify.dll
0x000007fef8440000 - 0x000007fef8469000 	C:\Program Files\Android\Android Studio\jre\jre\bin\java.dll
0x000007fef8ec0000 - 0x000007fef8ed6000 	C:\Program Files\Android\Android Studio\jre\jre\bin\zip.dll
0x000007fefd9b0000 - 0x000007fefe738000 	C:\Windows\system32\SHELL32.dll
0x000007fefe7e0000 - 0x000007fefe9e3000 	C:\Windows\system32\ole32.dll
0x000007fefd5e0000 - 0x000007fefd5ef000 	C:\Windows\system32\profapi.dll

VM Arguments:
jvm_args: -Djava.awt.headless=true -Xmx1024M -Dfile.encoding=windows-1252 -Duser.country=FR -Duser.language=fr -Duser.variant 
java_command: com.android.dx.command.Main --dex --force-jumbo --num-threads=4 --multi-dex --output C:\Users\rhakanjin.Newsco\Desktop\workspaceAndroid\friendzone\app\build\intermediates\transforms\dex\debug\folders\1000\5\slice_5 C:\Users\rhakanjin.Newsco\Desktop\workspaceAndroid\friendzone\app\build\intermediates\transforms\instantRunSlicer\debug\folders\1\5\slice_5
java_class_path (initial): C:\Users\rhakanjin.Newsco\AppData\Local\Android\sdk\build-tools\25.0.2\lib\dx.jar
Launcher Type: SUN_STANDARD

Environment Variables:
PATH=c:\Program Files (x86)\Intel\iCLS Client\;c:\Program Files\Intel\iCLS Client\;C:\Windows\system32;C:\Windows;C:\Windows\System32\Wbem;C:\Windows\System32\WindowsPowerShell\v1.0\;c:\Program Files (x86)\Common Files\Roxio Shared\DLLShared\;c:\Program Files (x86)\Common Files\Roxio Shared\10.0\DLLShared\;C:\Program Files\Intel\Intel(R) Management Engine Components\DAL;C:\Program Files\Intel\Intel(R) Management Engine Components\IPT;C:\Program Files (x86)\Intel\Intel(R) Management Engine Components\DAL;C:\Program Files (x86)\Intel\Intel(R) Management Engine Components\IPT;C:\Program Files\nodejs\;C:\RailsInstaller\Ruby2.3.0\bin;c:\Program Files (x86)\Intel\iCLS Client\;c:\Program Files\Intel\iCLS Client\;C:\Windows\system32;C:\Windows;C:\Windows\System32\Wbem;C:\Windows\System32\WindowsPowerShell\v1.0\;c:\Program Files (x86)\Common Files\Roxio Shared\DLLShared\;c:\Program Files (x86)\Common Files\Roxio Shared\10.0\DLLShared\;C:\Program Files\Intel\Intel(R) Management Engine Components\DAL;C:\Program Files\Intel\Intel(R) Management Engine Components\IPT;C:\Program Files (x86)\Intel\Intel(R) Management Engine Components\DAL;C:\Program Files (x86)\Intel\Intel(R) Management Engine Components\IPT;C:\Users\rhakanjin.Newsco\AppData\Local\Programs\Git\cmd;C:\Users\rhakanjin.Newsco\AppData\Roaming\npm
USERNAME=rhakanjin
OS=Windows_NT
PROCESSOR_IDENTIFIER=Intel64 Family 6 Model 58 Stepping 9, GenuineIntel



---------------  S Y S T E M  ---------------

OS: Windows 7 , 64 bit Build 7601 (6.1.7601.17651)

CPU:total 8 (4 cores per cpu, 2 threads per core) family 6 model 58 stepping 9, cmov, cx8, fxsr, mmx, sse, sse2, sse3, ssse3, sse4.1, sse4.2, popcnt, avx, aes, clmul, erms, ht, tsc, tscinvbit, tscinv

Memory: 4k page, physical 8063920k(621248k free), swap 12256372k(4820k free)

vm_info: OpenJDK 64-Bit Server VM (25.76-b03) for windows-amd64 JRE (1.8.0_76-release-b03), built on Jun 29 2016 19:09:20 by "ralucas" with MS VC++ 10.0 (VS2010)

time: Thu Feb 16 10:28:02 2017
elapsed time: 1 seconds (0d 0h 0m 1s)

