#
# There is insufficient memory for the Java Runtime Environment to continue.
# Native memory allocation (malloc) failed to allocate 654096 bytes for Chunk::new
# Possible reasons:
#   The system is out of physical RAM or swap space
#   In 32 bit mode, the process size limit was hit
# Possible solutions:
#   Reduce memory load on the system
#   Increase physical memory or swap space
#   Check if swap backing store is full
#   Use 64 bit Java on a 64 bit OS
#   Decrease Java heap size (-Xmx/-Xms)
#   Decrease number of Java threads
#   Decrease Java thread stack sizes (-Xss)
#   Set larger code cache with -XX:ReservedCodeCacheSize=
# This output file may be truncated or incomplete.
#
#  Out of Memory Error (allocation.cpp:390), pid=4296, tid=0x0000000000001564
#
# JRE version: OpenJDK Runtime Environment (8.0_76-b03) (build 1.8.0_76-release-b03)
# Java VM: OpenJDK 64-Bit Server VM (25.76-b03 mixed mode windows-amd64 compressed oops)
# Failed to write core dump. Minidumps are not enabled by default on client versions of Windows
#

---------------  T H R E A D  ---------------

Current thread (0x0000000056786000):  JavaThread "C2 CompilerThread0" daemon [_thread_in_native, id=5476, stack(0x0000000057e20000,0x0000000057f20000)]

Stack: [0x0000000057e20000,0x0000000057f20000]
[error occurred during error reporting (printing stack bounds), id 0xc0000005]

Native frames: (J=compiled Java code, j=interpreted, Vv=VM code, C=native code)


Current CompileTask:
C2:   3396 1186       4       com.android.dx.ssa.SCCP::simulatePhi (169 bytes)


---------------  P R O C E S S  ---------------

Java Threads: ( => current thread )
  0x0000000056a24800 JavaThread "pool-2-thread-4" [_thread_blocked, id=6596, stack(0x0000000058c50000,0x0000000058d50000)]
  0x0000000056a21800 JavaThread "pool-2-thread-3" [_thread_blocked, id=7120, stack(0x0000000058630000,0x0000000058730000)]
  0x0000000056a20800 JavaThread "pool-2-thread-2" [_thread_blocked, id=4604, stack(0x00000000589d0000,0x0000000058ad0000)]
  0x0000000056a16000 JavaThread "pool-3-thread-1" [_thread_blocked, id=3572, stack(0x00000000587a0000,0x00000000588a0000)]
  0x0000000056a15000 JavaThread "pool-2-thread-1" [_thread_blocked, id=616, stack(0x00000000580c0000,0x00000000581c0000)]
  0x0000000056810800 JavaThread "Service Thread" daemon [_thread_blocked, id=2616, stack(0x0000000058390000,0x0000000058490000)]
  0x00000000567ea000 JavaThread "C1 CompilerThread3" daemon [_thread_blocked, id=6672, stack(0x0000000058200000,0x0000000058300000)]
  0x00000000567e1000 JavaThread "C2 CompilerThread2" daemon [_thread_in_native, id=7912, stack(0x0000000057f40000,0x0000000058040000)]
  0x000000005678b800 JavaThread "C2 CompilerThread1" daemon [_thread_in_native, id=6204, stack(0x0000000057ce0000,0x0000000057de0000)]
=>0x0000000056786000 JavaThread "C2 CompilerThread0" daemon [_thread_in_native, id=5476, stack(0x0000000057e20000,0x0000000057f20000)]
  0x0000000056780800 JavaThread "Attach Listener" daemon [_thread_blocked, id=8740, stack(0x0000000057970000,0x0000000057a70000)]
  0x000000005677e800 JavaThread "Signal Dispatcher" daemon [_thread_blocked, id=8048, stack(0x0000000057bb0000,0x0000000057cb0000)]
  0x00000000556cd800 JavaThread "Finalizer" daemon [_thread_blocked, id=6640, stack(0x0000000057a90000,0x0000000057b90000)]
  0x00000000556c4800 JavaThread "Reference Handler" daemon [_thread_blocked, id=5136, stack(0x00000000576c0000,0x00000000577c0000)]
  0x000000000058e800 JavaThread "main" [_thread_in_native, id=7000, stack(0x0000000002530000,0x0000000002630000)]

Other Threads:
  0x0000000056730800 VMThread [stack: 0x00000000577f0000,0x00000000578f0000] [id=180]
  0x0000000056815000 WatcherThread [stack: 0x0000000058510000,0x0000000058610000] [id=9024]

VM state:not at safepoint (normal execution)

VM Mutex/Monitor currently owned by a thread: None

Heap:
 PSYoungGen      total 68608K, used 6045K [0x00000000eab00000, 0x00000000ef300000, 0x0000000100000000)
  eden space 63488K, 1% used [0x00000000eab00000,0x00000000eabe9b10,0x00000000ee900000)
  from space 5120K, 99% used [0x00000000eee00000,0x00000000ef2fda78,0x00000000ef300000)
  to   space 5120K, 0% used [0x00000000ee900000,0x00000000ee900000,0x00000000eee00000)
 ParOldGen       total 84992K, used 17798K [0x00000000c0000000, 0x00000000c5300000, 0x00000000eab00000)
  object space 84992K, 20% used [0x00000000c0000000,0x00000000c1161a40,0x00000000c5300000)
 Metaspace       used 6085K, capacity 6962K, committed 7040K, reserved 1056768K
  class space    used 592K, capacity 618K, committed 640K, reserved 1048576K

Card table byte_map: [0x0000000011cc0000,0x0000000011ed0000] byte_map_base: 0x00000000116c0000

Marking Bits: (ParMarkBitMap*) 0x000000005ab69d00
 Begin Bits: [0x0000000012ae0000, 0x0000000013ae0000)
 End Bits:   [0x0000000013ae0000, 0x0000000014ae0000)

Polling page: 0x0000000000230000

CodeCache: size=245760Kb used=5291Kb max_used=5291Kb free=240468Kb
 bounds [0x0000000002900000, 0x0000000002e30000, 0x0000000011900000]
 total_blobs=1628 nmethods=1360 adapters=181
 compilation: disabled (not enough contiguous free space left)

Compilation events (10 events):
Event: 2.828 Thread 0x00000000567ea000 1354   !   2       com.android.dx.cf.code.BytecodeArray::parseInstruction (2764 bytes)
Event: 2.837 Thread 0x00000000567ea000 nmethod 1354 0x0000000002e101d0 code [0x0000000002e11100, 0x0000000002e17628]
Event: 2.837 Thread 0x00000000567ea000 1355       2       com.android.dx.ssa.NormalSsaInsn::isMoveException (20 bytes)
Event: 2.837 Thread 0x00000000567ea000 nmethod 1355 0x0000000002e236d0 code [0x0000000002e23820, 0x0000000002e23990]
Event: 2.838 Thread 0x00000000567ea000 1356       2       java.util.HashMap$HashIterator::<init> (79 bytes)
Event: 2.838 Thread 0x00000000567ea000 nmethod 1356 0x0000000002e23a50 code [0x0000000002e23bc0, 0x0000000002e23e30]
Event: 2.840 Thread 0x00000000567ea000 1357       2       com.android.dx.cf.direct.DirectClassFile::getAccessFlags (9 bytes)
Event: 2.840 Thread 0x00000000567ea000 nmethod 1357 0x0000000002e23f50 code [0x0000000002e240c0, 0x0000000002e24248]
Event: 2.840 Thread 0x00000000567ea000 1358       2       com.android.dx.cf.direct.DirectClassFile::getAttributes (9 bytes)
Event: 2.840 Thread 0x00000000567ea000 nmethod 1358 0x0000000002e24310 code [0x0000000002e24480, 0x0000000002e24608]

GC Heap History (3 events):
Event: 2.131 GC heap before
{Heap before GC invocations=1 (full 0):
 PSYoungGen      total 36864K, used 31744K [0x00000000eab00000, 0x00000000ed400000, 0x0000000100000000)
  eden space 31744K, 100% used [0x00000000eab00000,0x00000000eca00000,0x00000000eca00000)
  from space 5120K, 0% used [0x00000000ecf00000,0x00000000ecf00000,0x00000000ed400000)
  to   space 5120K, 0% used [0x00000000eca00000,0x00000000eca00000,0x00000000ecf00000)
 ParOldGen       total 84992K, used 0K [0x00000000c0000000, 0x00000000c5300000, 0x00000000eab00000)
  object space 84992K, 0% used [0x00000000c0000000,0x00000000c0000000,0x00000000c5300000)
 Metaspace       used 5862K, capacity 6832K, committed 7040K, reserved 1056768K
  class space    used 573K, capacity 616K, committed 640K, reserved 1048576K
Event: 2.521 GC heap after
Heap after GC invocations=1 (full 0):
 PSYoungGen      total 36864K, used 5102K [0x00000000eab00000, 0x00000000ef300000, 0x0000000100000000)
  eden space 31744K, 0% used [0x00000000eab00000,0x00000000eab00000,0x00000000eca00000)
  from space 5120K, 99% used [0x00000000eca00000,0x00000000ecefbb30,0x00000000ecf00000)
  to   space 5120K, 0% used [0x00000000eee00000,0x00000000eee00000,0x00000000ef300000)
 ParOldGen       total 84992K, used 814K [0x00000000c0000000, 0x00000000c5300000, 0x00000000eab00000)
  object space 84992K, 0% used [0x00000000c0000000,0x00000000c00cbaf8,0x00000000c5300000)
 Metaspace       used 5862K, capacity 6832K, committed 7040K, reserved 1056768K
  class space    used 573K, capacity 616K, committed 640K, reserved 1048576K
}
Event: 2.842 GC heap before
{Heap before GC invocations=2 (full 0):
 PSYoungGen      total 36864K, used 36846K [0x00000000eab00000, 0x00000000ef300000, 0x0000000100000000)
  eden space 31744K, 100% used [0x00000000eab00000,0x00000000eca00000,0x00000000eca00000)
  from space 5120K, 99% used [0x00000000eca00000,0x00000000ecefbb30,0x00000000ecf00000)
  to   space 5120K, 0% used [0x00000000eee00000,0x00000000eee00000,0x00000000ef300000)
 ParOldGen       total 84992K, used 814K [0x00000000c0000000, 0x00000000c5300000, 0x00000000eab00000)
  object space 84992K, 0% used [0x00000000c0000000,0x00000000c00cbaf8,0x00000000c5300000)
 Metaspace       used 5982K, capacity 6960K, committed 7040K, reserved 1056768K
  class space    used 573K, capacity 616K, committed 640K, reserved 1048576K

Deoptimization events (10 events):
Event: 1.183 Thread 0x0000000056a21800 Uncommon trap: reason=unstable_if action=reinterpret pc=0x0000000002b16024 method=java.util.BitSet.ensureCapacity(I)V @ 6
Event: 2.549 Thread 0x0000000056a21800 Uncommon trap: reason=bimorphic action=maybe_recompile pc=0x0000000002cfb658 method=java.util.HashMap.putVal(ILjava/lang/Object;Ljava/lang/Object;ZZ)Ljava/lang/Object; @ 203
Event: 2.554 Thread 0x0000000056a21800 Uncommon trap: reason=unstable_if action=reinterpret pc=0x0000000002c8d7ac method=com.android.dx.util.IntList.binarysearch(I)I @ 105
Event: 2.563 Thread 0x0000000056a24800 Uncommon trap: reason=unstable_if action=reinterpret pc=0x0000000002d59310 method=com.android.dx.ssa.SCCP.simulateStmt(Lcom/android/dx/ssa/SsaInsn;)V @ 53
Event: 2.572 Thread 0x0000000056a21800 Uncommon trap: reason=null_check action=make_not_entrant pc=0x0000000002b4ac50 method=com.android.dx.rop.type.Type.equals(Ljava/lang/Object;)Z @ 8
Event: 2.780 Thread 0x0000000056a21800 Uncommon trap: reason=bimorphic action=maybe_recompile pc=0x0000000002d77d44 method=com.android.dx.cf.code.BytecodeArray.parseInstruction(ILcom/android/dx/cf/code/BytecodeArray$Visitor;)I @ 1357
Event: 2.781 Thread 0x0000000056a21800 Uncommon trap: reason=bimorphic action=maybe_recompile pc=0x0000000002d77d44 method=com.android.dx.cf.code.BytecodeArray.parseInstruction(ILcom/android/dx/cf/code/BytecodeArray$Visitor;)I @ 1357
Event: 2.782 Thread 0x0000000056a21800 Uncommon trap: reason=unstable_if action=reinterpret pc=0x0000000002d74824 method=com.android.dx.cf.code.Merger.mergeType(Lcom/android/dx/rop/type/TypeBearer;Lcom/android/dx/rop/type/TypeBearer;)Lcom/android/dx/rop/type/TypeBearer; @ 77
Event: 2.826 Thread 0x0000000056a21800 Uncommon trap: reason=bimorphic action=maybe_recompile pc=0x0000000002d77d44 method=com.android.dx.cf.code.BytecodeArray.parseInstruction(ILcom/android/dx/cf/code/BytecodeArray$Visitor;)I @ 1357
Event: 2.827 Thread 0x0000000056a21800 Uncommon trap: reason=bimorphic action=maybe_recompile pc=0x0000000002d77d44 method=com.android.dx.cf.code.BytecodeArray.parseInstruction(ILcom/android/dx/cf/code/BytecodeArray$Visitor;)I @ 1357

Internal exceptions (3 events):
Event: 0.033 Thread 0x000000000058e800 Exception <a 'java/lang/NoSuchMethodError': Method sun.misc.Unsafe.defineClass(Ljava/lang/String;[BII)Ljava/lang/Class; name or signature does not match> (0x00000000eab07cc0) thrown at [C:\src\android\AOSP-openjdk\external\jetbrains\jdk\hotspot\src\share\vK›pÎ†?
Event: 0.033 Thread 0x000000000058e800 Exception <a 'java/lang/NoSuchMethodError': Method sun.misc.Unsafe.prefetchRead(Ljava/lang/Object;J)V name or signature does not match> (0x00000000eab07fa8) thrown at [C:\src\android\AOSP-openjdk\external\jetbrains\jdk\hotspot\src\share\vm\prims\jni.cpp, lÎ¿õç”í@
Event: 2.572 Thread 0x0000000056a21800 Implicit null exception at 0x0000000002b4ab52 to 0x0000000002b4ac42

Events (10 events):
Event: 2.782 Thread 0x0000000056a21800 DEOPT UNPACKING pc=0x000000000294556a sp=0x000000005872e360 mode 2
Event: 2.825 Thread 0x0000000056a21800 DEOPT PACKING pc=0x0000000002c99229 sp=0x000000005872e6b0
Event: 2.825 Thread 0x0000000056a21800 DEOPT UNPACKING pc=0x00000000029475bf sp=0x000000005872e478 mode 0
Event: 2.826 Thread 0x0000000056a21800 Uncommon trap: trap_request=0xffffffc6 fr.pc=0x0000000002d77d44
Event: 2.826 Thread 0x0000000056a21800 DEOPT PACKING pc=0x0000000002d77d44 sp=0x000000005872e680
Event: 2.826 Thread 0x0000000056a21800 DEOPT UNPACKING pc=0x000000000294556a sp=0x000000005872e5f0 mode 2
Event: 2.827 Thread 0x0000000056a21800 Uncommon trap: trap_request=0xffffffc6 fr.pc=0x0000000002d77d44
Event: 2.827 Thread 0x0000000056a21800 DEOPT PACKING pc=0x0000000002d77d44 sp=0x000000005872e440
Event: 2.827 Thread 0x0000000056a21800 DEOPT UNPACKING pc=0x000000000294556a sp=0x000000005872e3b0 mode 2
Event: 2.842 Executing VM operation: ParallelGCFailedAllocation


Dynamic libraries:
0x000000013fd90000 - 0x000000013fdc1000 	C:\Program Files\Android\Android Studio\jre\bin\java.exe
0x0000000077180000 - 0x0000000077329000 	C:\Windows\SYSTEM32\ntdll.dll
0x0000000077060000 - 0x000000007717f000 	C:\Windows\system32\kernel32.dll
0x000007fefd940000 - 0x000007fefd9ac000 	C:\Windows\system32\KERNELBASE.dll
0x000007feff3b0000 - 0x000007feff48b000 	C:\Windows\system32\ADVAPI32.dll
0x000007feff1a0000 - 0x000007feff23f000 	C:\Windows\system32\msvcrt.dll
0x000007fefed50000 - 0x000007fefed6f000 	C:\Windows\SYSTEM32\sechost.dll
0x000007fefec00000 - 0x000007fefed2d000 	C:\Windows\system32\RPCRT4.dll
0x0000000076f60000 - 0x000000007705a000 	C:\Windows\system32\USER32.dll
0x000007fefe9f0000 - 0x000007fefea57000 	C:\Windows\system32\GDI32.dll
0x000007fefed30000 - 0x000007fefed3e000 	C:\Windows\system32\LPK.dll
0x000007fefea90000 - 0x000007fefeb59000 	C:\Windows\system32\USP10.dll
0x000007fefbe40000 - 0x000007fefc034000 	C:\Windows\WinSxS\amd64_microsoft.windows.common-controls_6595b64144ccf1df_6.0.7601.17514_none_fa396087175ac9ac\COMCTL32.dll
0x000007fefeb80000 - 0x000007fefebf1000 	C:\Windows\system32\SHLWAPI.dll
0x000007fefea60000 - 0x000007fefea8e000 	C:\Windows\system32\IMM32.DLL
0x000007feff240000 - 0x000007feff349000 	C:\Windows\system32\MSCTF.dll
0x000000006ff80000 - 0x0000000070052000 	C:\Program Files\Android\Android Studio\jre\jre\bin\msvcr100.dll
0x000000005a3b0000 - 0x000000005abe4000 	C:\Program Files\Android\Android Studio\jre\jre\bin\server\jvm.dll
0x000007feec580000 - 0x000007feec589000 	C:\Windows\system32\WSOCK32.dll
0x000007fefee50000 - 0x000007fefee9d000 	C:\Windows\system32\WS2_32.dll
0x000007fefed40000 - 0x000007fefed48000 	C:\Windows\system32\NSI.dll
0x000007fefaf00000 - 0x000007fefaf3b000 	C:\Windows\system32\WINMM.dll
0x000007fefc6e0000 - 0x000007fefc6ec000 	C:\Windows\system32\VERSION.dll
0x0000000077340000 - 0x0000000077347000 	C:\Windows\system32\PSAPI.DLL
0x000007fef8450000 - 0x000007fef845f000 	C:\Program Files\Android\Android Studio\jre\jre\bin\verify.dll
0x000007fef82f0000 - 0x000007fef8319000 	C:\Program Files\Android\Android Studio\jre\jre\bin\java.dll
0x000007fef83f0000 - 0x000007fef8406000 	C:\Program Files\Android\Android Studio\jre\jre\bin\zip.dll
0x000007fefd9b0000 - 0x000007fefe738000 	C:\Windows\system32\SHELL32.dll
0x000007fefe7e0000 - 0x000007fefe9e3000 	C:\Windows\system32\ole32.dll
0x000007fefd5e0000 - 0x000007fefd5ef000 	C:\Windows\system32\profapi.dll

VM Arguments:
jvm_args: -Djava.awt.headless=true -Xmx1024M -Dfile.encoding=windows-1252 -Duser.country=FR -Duser.language=fr -Duser.variant 
java_command: com.android.dx.command.Main --dex --force-jumbo --num-threads=4 --multi-dex --output C:\Users\rhakanjin.Newsco\Desktop\workspaceAndroid\friendzone\app\build\intermediates\transforms\dex\debug\folders\1000\10\com.google.firebase-firebase-analytics-impl-10.0.1_184f284fd63a9ddf7a6e1fb59a189a9db1e4dec9 C:\Users\rhakanjin.Newsco\Desktop\workspaceAndroid\friendzone\app\build\intermediates\exploded-aar\com.google.firebase\firebase-analytics-impl\10.0.1\jars\classes.jar
java_class_path (initial): C:\Users\rhakanjin.Newsco\AppData\Local\Android\sdk\build-tools\25.0.2\lib\dx.jar
Launcher Type: SUN_STANDARD

Environment Variables:



---------------  S Y S T E M  ---------------

OS: Windows 7 , 64 bit Build 7601 (6.1.7601.17651)

CPU:total 8 (4 cores per cpu, 2 threads per core) family 6 model 58 stepping 9, cmov, cx8, fxsr, mmx, sse, sse2, sse3, ssse3, sse4.1, sse4.2, popcnt, avx, aes, clmul, erms, ht, tsc, tscinvbit, tscinv

Memory: 4k page, physical 8063920k(440872k free), swap 12256372k(4724k free)

vm_info: OpenJDK 64-Bit Server VM (25.76-b03) for windows-amd64 JRE (1.8.0_76-release-b03), built on Jun 29 2016 19:09:20 by "ralucas" with MS VC++ 10.0 (VS2010)

time: Tue Feb 14 11:08:11 2017
elapsed time: 3 seconds (0d 0h 0m 3s)

