#
# There is insufficient memory for the Java Runtime Environment to continue.
# Native memory allocation (malloc) failed to allocate 291776 bytes for Chunk::new
# Possible reasons:
#   The system is out of physical RAM or swap space
#   In 32 bit mode, the process size limit was hit
# Possible solutions:
#   Reduce memory load on the system
#   Increase physical memory or swap space
#   Check if swap backing store is full
#   Use 64 bit Java on a 64 bit OS
#   Decrease Java heap size (-Xmx/-Xms)
#   Decrease number of Java threads
#   Decrease Java thread stack sizes (-Xss)
#   Set larger code cache with -XX:ReservedCodeCacheSize=
# This output file may be truncated or incomplete.
#
#  Out of Memory Error (allocation.cpp:390), pid=8584, tid=0x0000000000000ea0
#
# JRE version: OpenJDK Runtime Environment (8.0_76-b03) (build 1.8.0_76-release-b03)
# Java VM: OpenJDK 64-Bit Server VM (25.76-b03 mixed mode windows-amd64 compressed oops)
# Failed to write core dump. Minidumps are not enabled by default on client versions of Windows
#

---------------  T H R E A D  ---------------

Current thread (0x0000000056748800):  JavaThread "C2 CompilerThread1" daemon [_thread_in_native, id=3744, stack(0x0000000057640000,0x0000000057740000)]

Stack: [0x0000000057640000,0x0000000057740000]
[error occurred during error reporting (printing stack bounds), id 0xc0000005]

Native frames: (J=compiled Java code, j=interpreted, Vv=VM code, C=native code)


Current CompileTask:
C2:   6895 2510 %     4       com.android.dx.dex.code.DalvInsnList::getOutsSize @ 9 (105 bytes)


---------------  P R O C E S S  ---------------

Java Threads: ( => current thread )
  0x00000000586ea800 JavaThread "pool-1-thread-1" [_thread_blocked, id=7708, stack(0x0000000059090000,0x0000000059190000)]
  0x00000000567d9800 JavaThread "Service Thread" daemon [_thread_blocked, id=8804, stack(0x00000000584a0000,0x00000000585a0000)]
  0x00000000567b2000 JavaThread "C1 CompilerThread3" daemon [_thread_blocked, id=6668, stack(0x0000000057890000,0x0000000057990000)]
  0x000000005674f800 JavaThread "C2 CompilerThread2" daemon [_thread_blocked, id=3980, stack(0x00000000582b0000,0x00000000583b0000)]
=>0x0000000056748800 JavaThread "C2 CompilerThread1" daemon [_thread_in_native, id=3744, stack(0x0000000057640000,0x0000000057740000)]
  0x0000000056746000 JavaThread "C2 CompilerThread0" daemon [_thread_blocked, id=8076, stack(0x0000000058170000,0x0000000058270000)]
  0x0000000056740800 JavaThread "Attach Listener" daemon [_thread_blocked, id=8624, stack(0x0000000057f80000,0x0000000058080000)]
  0x000000005673f000 JavaThread "Signal Dispatcher" daemon [_thread_blocked, id=8580, stack(0x0000000057d80000,0x0000000057e80000)]
  0x000000005557b800 JavaThread "Finalizer" daemon [_thread_blocked, id=6340, stack(0x0000000057bc0000,0x0000000057cc0000)]
  0x0000000055574800 JavaThread "Reference Handler" daemon [_thread_blocked, id=9000, stack(0x00000000579b0000,0x0000000057ab0000)]
  0x000000000222e800 JavaThread "main" [_thread_blocked, id=7280, stack(0x0000000002480000,0x0000000002580000)]

Other Threads:
  0x00000000566f0800 VMThread [stack: 0x0000000057750000,0x0000000057850000] [id=6244]
  0x00000000567cc800 WatcherThread [stack: 0x00000000585e0000,0x00000000586e0000] [id=3864]

VM state:at safepoint (normal execution)

VM Mutex/Monitor currently owned by a thread:  ([mutex/lock_event])
[0x000000000222ccc0] Threads_lock - owner thread: 0x00000000566f0800
[0x000000000222d1c0] Heap_lock - owner thread: 0x00000000586ea800

Heap:
 PSYoungGen      total 132096K, used 11908K [0x00000000eab00000, 0x00000000f3100000, 0x0000000100000000)
  eden space 126976K, 5% used [0x00000000eab00000,0x00000000eb1a1d50,0x00000000f2700000)
  from space 5120K, 99% used [0x00000000f2c00000,0x00000000f30ff610,0x00000000f3100000)
  to   space 5120K, 86% used [0x00000000f2700000,0x00000000f2b52d70,0x00000000f2c00000)
 ParOldGen       total 84992K, used 21489K [0x00000000c0000000, 0x00000000c5300000, 0x00000000eab00000)
  object space 84992K, 25% used [0x00000000c0000000,0x00000000c14fc648,0x00000000c5300000)
 Metaspace       used 6776K, capacity 7416K, committed 7552K, reserved 1056768K
  class space    used 615K, capacity 624K, committed 640K, reserved 1048576K

Card table byte_map: [0x0000000011c10000,0x0000000011e20000] byte_map_base: 0x0000000011610000

Marking Bits: (ParMarkBitMap*) 0x000000005fc59d00
 Begin Bits: [0x0000000012990000, 0x0000000013990000)
 End Bits:   [0x0000000013990000, 0x0000000014990000)

Polling page: 0x0000000000230000

CodeCache: size=245760Kb used=9940Kb max_used=9946Kb free=235819Kb
 bounds [0x0000000002850000, 0x0000000003210000, 0x0000000011850000]
 total_blobs=2716 nmethods=2442 adapters=187
 compilation: enabled

Compilation events (10 events):
Event: 6.856 Thread 0x00000000567b2000 2534       3       sun.misc.FDBigInteger::mult (64 bytes)
Event: 6.857 Thread 0x00000000567b2000 nmethod 2534 0x000000000320b890 code [0x000000000320ba00, 0x000000000320bc90]
Event: 6.857 Thread 0x00000000567b2000 2535       3       sun.misc.FDBigInteger::<init> (30 bytes)
Event: 6.857 Thread 0x00000000567b2000 nmethod 2535 0x000000000320b410 code [0x000000000320b580, 0x000000000320b788]
Event: 6.857 Thread 0x00000000567b2000 2536       3       sun.misc.FDBigInteger::trimLeadingZeros (57 bytes)
Event: 6.857 Thread 0x00000000567b2000 nmethod 2536 0x000000000320ae50 code [0x000000000320afc0, 0x000000000320b2f0]
Event: 6.857 Thread 0x00000000567b2000 2537       3       sun.misc.FDBigInteger::makeImmutable (6 bytes)
Event: 6.857 Thread 0x00000000567b2000 nmethod 2537 0x000000000320ab50 code [0x000000000320aca0, 0x000000000320adf0]
Event: 6.857 Thread 0x00000000567b2000 2538       3       sun.misc.FDBigInteger::mult (44 bytes)
Event: 6.857 Thread 0x00000000567b2000 nmethod 2538 0x000000000320a590 code [0x000000000320a720, 0x000000000320aa38]

GC Heap History (9 events):
Event: 1.172 GC heap before
{Heap before GC invocations=1 (full 0):
 PSYoungGen      total 36864K, used 31744K [0x00000000eab00000, 0x00000000ed400000, 0x0000000100000000)
  eden space 31744K, 100% used [0x00000000eab00000,0x00000000eca00000,0x00000000eca00000)
  from space 5120K, 0% used [0x00000000ecf00000,0x00000000ecf00000,0x00000000ed400000)
  to   space 5120K, 0% used [0x00000000eca00000,0x00000000eca00000,0x00000000ecf00000)
 ParOldGen       total 84992K, used 0K [0x00000000c0000000, 0x00000000c5300000, 0x00000000eab00000)
  object space 84992K, 0% used [0x00000000c0000000,0x00000000c0000000,0x00000000c5300000)
 Metaspace       used 5804K, capacity 6832K, committed 7040K, reserved 1056768K
  class space    used 569K, capacity 616K, committed 640K, reserved 1048576K
Event: 1.249 GC heap after
Heap after GC invocations=1 (full 0):
 PSYoungGen      total 36864K, used 5098K [0x00000000eab00000, 0x00000000ef300000, 0x0000000100000000)
  eden space 31744K, 0% used [0x00000000eab00000,0x00000000eab00000,0x00000000eca00000)
  from space 5120K, 99% used [0x00000000eca00000,0x00000000ecefa9d8,0x00000000ecf00000)
  to   space 5120K, 0% used [0x00000000eee00000,0x00000000eee00000,0x00000000ef300000)
 ParOldGen       total 84992K, used 719K [0x00000000c0000000, 0x00000000c5300000, 0x00000000eab00000)
  object space 84992K, 0% used [0x00000000c0000000,0x00000000c00b3d78,0x00000000c5300000)
 Metaspace       used 5804K, capacity 6832K, committed 7040K, reserved 1056768K
  class space    used 569K, capacity 616K, committed 640K, reserved 1048576K
}
Event: 1.449 GC heap before
{Heap before GC invocations=2 (full 0):
 PSYoungGen      total 36864K, used 36842K [0x00000000eab00000, 0x00000000ef300000, 0x0000000100000000)
  eden space 31744K, 100% used [0x00000000eab00000,0x00000000eca00000,0x00000000eca00000)
  from space 5120K, 99% used [0x00000000eca00000,0x00000000ecefa9d8,0x00000000ecf00000)
  to   space 5120K, 0% used [0x00000000eee00000,0x00000000eee00000,0x00000000ef300000)
 ParOldGen       total 84992K, used 719K [0x00000000c0000000, 0x00000000c5300000, 0x00000000eab00000)
  object space 84992K, 0% used [0x00000000c0000000,0x00000000c00b3d78,0x00000000c5300000)
 Metaspace       used 5957K, capacity 6960K, committed 7040K, reserved 1056768K
  class space    used 570K, capacity 616K, committed 640K, reserved 1048576K
Event: 1.614 GC heap after
Heap after GC invocations=2 (full 0):
 PSYoungGen      total 68608K, used 5095K [0x00000000eab00000, 0x00000000ef300000, 0x0000000100000000)
  eden space 63488K, 0% used [0x00000000eab00000,0x00000000eab00000,0x00000000ee900000)
  from space 5120K, 99% used [0x00000000eee00000,0x00000000ef2f9ef0,0x00000000ef300000)
  to   space 5120K, 0% used [0x00000000ee900000,0x00000000ee900000,0x00000000eee00000)
 ParOldGen       total 84992K, used 4239K [0x00000000c0000000, 0x00000000c5300000, 0x00000000eab00000)
  object space 84992K, 4% used [0x00000000c0000000,0x00000000c0423de0,0x00000000c5300000)
 Metaspace       used 5957K, capacity 6960K, committed 7040K, reserved 1056768K
  class space    used 570K, capacity 616K, committed 640K, reserved 1048576K
}
Event: 2.975 GC heap before
{Heap before GC invocations=3 (full 0):
 PSYoungGen      total 68608K, used 68583K [0x00000000eab00000, 0x00000000ef300000, 0x0000000100000000)
  eden space 63488K, 100% used [0x00000000eab00000,0x00000000ee900000,0x00000000ee900000)
  from space 5120K, 99% used [0x00000000eee00000,0x00000000ef2f9ef0,0x00000000ef300000)
  to   space 5120K, 0% used [0x00000000ee900000,0x00000000ee900000,0x00000000eee00000)
 ParOldGen       total 84992K, used 4239K [0x00000000c0000000, 0x00000000c5300000, 0x00000000eab00000)
  object space 84992K, 4% used [0x00000000c0000000,0x00000000c0423de0,0x00000000c5300000)
 Metaspace       used 6105K, capacity 7024K, committed 7296K, reserved 1056768K
  class space    used 572K, capacity 616K, committed 640K, reserved 1048576K
Event: 3.247 GC heap after
Heap after GC invocations=3 (full 0):
 PSYoungGen      total 68608K, used 5110K [0x00000000eab00000, 0x00000000f3100000, 0x0000000100000000)
  eden space 63488K, 0% used [0x00000000eab00000,0x00000000eab00000,0x00000000ee900000)
  from space 5120K, 99% used [0x00000000ee900000,0x00000000eedfdbf8,0x00000000eee00000)
  to   space 5120K, 0% used [0x00000000f2c00000,0x00000000f2c00000,0x00000000f3100000)
 ParOldGen       total 84992K, used 12875K [0x00000000c0000000, 0x00000000c5300000, 0x00000000eab00000)
  object space 84992K, 15% used [0x00000000c0000000,0x00000000c0c92e48,0x00000000c5300000)
 Metaspace       used 6105K, capacity 7024K, committed 7296K, reserved 1056768K
  class space    used 572K, capacity 616K, committed 640K, reserved 1048576K
}
Event: 4.659 GC heap before
{Heap before GC invocations=4 (full 0):
 PSYoungGen      total 68608K, used 68598K [0x00000000eab00000, 0x00000000f3100000, 0x0000000100000000)
  eden space 63488K, 100% used [0x00000000eab00000,0x00000000ee900000,0x00000000ee900000)
  from space 5120K, 99% used [0x00000000ee900000,0x00000000eedfdbf8,0x00000000eee00000)
  to   space 5120K, 0% used [0x00000000f2c00000,0x00000000f2c00000,0x00000000f3100000)
 ParOldGen       total 84992K, used 12875K [0x00000000c0000000, 0x00000000c5300000, 0x00000000eab00000)
  object space 84992K, 15% used [0x00000000c0000000,0x00000000c0c92e48,0x00000000c5300000)
 Metaspace       used 6315K, capacity 7152K, committed 7296K, reserved 1056768K
  class space    used 582K, capacity 616K, committed 640K, reserved 1048576K
Event: 5.575 GC heap after
Heap after GC invocations=4 (full 0):
 PSYoungGen      total 132096K, used 5117K [0x00000000eab00000, 0x00000000f3100000, 0x0000000100000000)
  eden space 126976K, 0% used [0x00000000eab00000,0x00000000eab00000,0x00000000f2700000)
  from space 5120K, 99% used [0x00000000f2c00000,0x00000000f30ff610,0x00000000f3100000)
  to   space 5120K, 0% used [0x00000000f2700000,0x00000000f2700000,0x00000000f2c00000)
 ParOldGen       total 84992K, used 21489K [0x00000000c0000000, 0x00000000c5300000, 0x00000000eab00000)
  object space 84992K, 25% used [0x00000000c0000000,0x00000000c14fc648,0x00000000c5300000)
 Metaspace       used 6315K, capacity 7152K, committed 7296K, reserved 1056768K
  class space    used 582K, capacity 616K, committed 640K, reserved 1048576K
}
Event: 6.859 GC heap before
{Heap before GC invocations=5 (full 0):
 PSYoungGen      total 132096K, used 11908K [0x00000000eab00000, 0x00000000f3100000, 0x0000000100000000)
  eden space 126976K, 5% used [0x00000000eab00000,0x00000000eb1a1d50,0x00000000f2700000)
  from space 5120K, 99% used [0x00000000f2c00000,0x00000000f30ff610,0x00000000f3100000)
  to   space 5120K, 0% used [0x00000000f2700000,0x00000000f2700000,0x00000000f2c00000)
 ParOldGen       total 84992K, used 21489K [0x00000000c0000000, 0x00000000c5300000, 0x00000000eab00000)
  object space 84992K, 25% used [0x00000000c0000000,0x00000000c14fc648,0x00000000c5300000)
 Metaspace       used 6776K, capacity 7416K, committed 7552K, reserved 1056768K
  class space    used 615K, capacity 624K, committed 640K, reserved 1048576K

Deoptimization events (10 events):
Event: 5.625 Thread 0x00000000586ea800 Uncommon trap: reason=bimorphic action=maybe_recompile pc=0x0000000002f55034 method=java.util.TreeMap.compare(Ljava/lang/Object;Ljava/lang/Object;)I @ 12
Event: 5.625 Thread 0x00000000586ea800 Uncommon trap: reason=bimorphic action=maybe_recompile pc=0x0000000002f55034 method=java.util.TreeMap.compare(Ljava/lang/Object;Ljava/lang/Object;)I @ 12
Event: 5.868 Thread 0x00000000586ea800 Uncommon trap: reason=unstable_if action=reinterpret pc=0x000000000310f5e4 method=com.android.dx.dex.code.OutputFinisher.findOpcodeForInsn(Lcom/android/dx/dex/code/DalvInsn;Lcom/android/dx/dex/code/Dop;)Lcom/android/dx/dex/code/Dop; @ 12
Event: 5.901 Thread 0x00000000586ea800 Uncommon trap: reason=unstable_if action=reinterpret pc=0x000000000313528c method=java.util.TreeMap.put(Ljava/lang/Object;Ljava/lang/Object;)Ljava/lang/Object; @ 163
Event: 5.988 Thread 0x00000000586ea800 Uncommon trap: reason=unstable_if action=reinterpret pc=0x0000000002be50fc method=java.lang.Long.numberOfTrailingZeros(J)I @ 3
Event: 6.022 Thread 0x00000000586ea800 Uncommon trap: reason=unstable_if action=reinterpret pc=0x000000000318ec74 method=com.android.dx.util.ByteArrayAnnotatedOutput.writeByte(I)V @ 13
Event: 6.810 Thread 0x00000000586ea800 Uncommon trap: reason=unstable_if action=reinterpret pc=0x000000000318f8a8 method=com.android.dx.util.ByteArrayAnnotatedOutput.writeUleb128(I)I @ 4
Event: 6.810 Thread 0x00000000586ea800 Uncommon trap: reason=unstable_if action=reinterpret pc=0x000000000318fec8 method=com.android.dx.util.ByteArrayAnnotatedOutput.writeByte(I)V @ 13
Event: 6.858 Thread 0x00000000586ea800 Uncommon trap: reason=unstable_if action=reinterpret pc=0x00000000030fdc4c method=java.lang.String.indexOf([CII[CIII)I @ 3
Event: 6.858 Thread 0x00000000586ea800 Uncommon trap: reason=unstable_if action=reinterpret pc=0x0000000002b1deac method=java.util.Arrays.copyOf([Ljava/lang/Object;ILjava/lang/Class;)[Ljava/lang/Object; @ 3

Internal exceptions (2 events):
Event: 0.118 Thread 0x000000000222e800 Exception <a 'java/lang/NoSuchMethodError': Method sun.misc.Unsafe.defineClass(Ljava/lang/String;[BII)Ljava/lang/Class; name or signature does not match> (0x00000000eab07cc0) thrown at [C:\src\android\AOSP-openjdk\external\jetbrains\jdk\hotspot\src\share\v‡ÑTZÙ1¾?
Event: 0.118 Thread 0x000000000222e800 Exception <a 'java/lang/NoSuchMethodError': Method sun.misc.Unsafe.prefetchRead(Ljava/lang/Object;J)V name or signature does not match> (0x00000000eab07fa8) thrown at [C:\src\android\AOSP-openjdk\external\jetbrains\jdk\hotspot\src\share\vm\prims\jni.cpp, l

Events (10 events):
Event: 6.858 Thread 0x00000000586ea800 DEOPT UNPACKING pc=0x000000000289556a sp=0x000000005918d7e8 mode 2
Event: 6.858 Thread 0x00000000586ea800 Uncommon trap: trap_request=0xffffff65 fr.pc=0x0000000002b1deac
Event: 6.858 Thread 0x00000000586ea800 DEOPT PACKING pc=0x0000000002b1deac sp=0x000000005918da20
Event: 6.858 Thread 0x00000000586ea800 DEOPT UNPACKING pc=0x000000000289556a sp=0x000000005918d9e8 mode 2
Event: 6.858 loading class sun/security/jca/ProviderConfig$2
Event: 6.858 loading class sun/security/jca/ProviderConfig$2 done
Event: 6.858 loading class sun/security/provider/Sun
Event: 6.859 loading class sun/security/provider/Sun done
Event: 6.859 loading class sun/security/provider/SunEntries
Event: 6.859 Executing VM operation: CollectForMetadataAllocation


Dynamic libraries:
0x000000013f0c0000 - 0x000000013f0f1000 	C:\Program Files\Android\Android Studio\jre\bin\java.exe
0x0000000077180000 - 0x0000000077329000 	C:\Windows\SYSTEM32\ntdll.dll
0x0000000077060000 - 0x000000007717f000 	C:\Windows\system32\kernel32.dll
0x000007fefd940000 - 0x000007fefd9ac000 	C:\Windows\system32\KERNELBASE.dll
0x000007feff3b0000 - 0x000007feff48b000 	C:\Windows\system32\ADVAPI32.dll
0x000007feff1a0000 - 0x000007feff23f000 	C:\Windows\system32\msvcrt.dll
0x000007fefed50000 - 0x000007fefed6f000 	C:\Windows\SYSTEM32\sechost.dll
0x000007fefec00000 - 0x000007fefed2d000 	C:\Windows\system32\RPCRT4.dll
0x0000000076f60000 - 0x000000007705a000 	C:\Windows\system32\USER32.dll
0x000007fefe9f0000 - 0x000007fefea57000 	C:\Windows\system32\GDI32.dll
0x000007fefed30000 - 0x000007fefed3e000 	C:\Windows\system32\LPK.dll
0x000007fefea90000 - 0x000007fefeb59000 	C:\Windows\system32\USP10.dll
0x000007fefbe40000 - 0x000007fefc034000 	C:\Windows\WinSxS\amd64_microsoft.windows.common-controls_6595b64144ccf1df_6.0.7601.17514_none_fa396087175ac9ac\COMCTL32.dll
0x000007fefeb80000 - 0x000007fefebf1000 	C:\Windows\system32\SHLWAPI.dll
0x000007fefea60000 - 0x000007fefea8e000 	C:\Windows\system32\IMM32.DLL
0x000007feff240000 - 0x000007feff349000 	C:\Windows\system32\MSCTF.dll
0x0000000061f00000 - 0x0000000061fd2000 	C:\Program Files\Android\Android Studio\jre\jre\bin\msvcr100.dll
0x000000005f4a0000 - 0x000000005fcd4000 	C:\Program Files\Android\Android Studio\jre\jre\bin\server\jvm.dll
0x000007feec580000 - 0x000007feec589000 	C:\Windows\system32\WSOCK32.dll
0x000007fefee50000 - 0x000007fefee9d000 	C:\Windows\system32\WS2_32.dll
0x000007fefed40000 - 0x000007fefed48000 	C:\Windows\system32\NSI.dll
0x000007fefaf00000 - 0x000007fefaf3b000 	C:\Windows\system32\WINMM.dll
0x000007fefc6e0000 - 0x000007fefc6ec000 	C:\Windows\system32\VERSION.dll
0x0000000077340000 - 0x0000000077347000 	C:\Windows\system32\PSAPI.DLL
0x000007fef83d0000 - 0x000007fef83df000 	C:\Program Files\Android\Android Studio\jre\jre\bin\verify.dll
0x000007fef82f0000 - 0x000007fef8319000 	C:\Program Files\Android\Android Studio\jre\jre\bin\java.dll
0x000007fef7780000 - 0x000007fef7796000 	C:\Program Files\Android\Android Studio\jre\jre\bin\zip.dll
0x000007fefd9b0000 - 0x000007fefe738000 	C:\Windows\system32\SHELL32.dll
0x000007fefe7e0000 - 0x000007fefe9e3000 	C:\Windows\system32\ole32.dll
0x000007fefd5e0000 - 0x000007fefd5ef000 	C:\Windows\system32\profapi.dll

VM Arguments:
jvm_args: -Djava.awt.headless=true -Xmx1024M -Dfile.encoding=windows-1252 -Duser.country=FR -Duser.language=fr -Duser.variant 
java_command: com.android.dx.command.Main --dex --force-jumbo --num-threads=4 --multi-dex --output C:\Users\rhakanjin.Newsco\Desktop\workspaceAndroid\friendzone\app\build\intermediates\transforms\dex\debug\folders\1000\10\com.google.android.gms-play-services-maps-10.0.1_1dc0e85a7611416917d4f99e2752e857400f6780 C:\Users\rhakanjin.Newsco\Desktop\workspaceAndroid\friendzone\app\build\intermediates\exploded-aar\com.google.android.gms\play-services-maps\10.0.1\jars\classes.jar
java_class_path (initial): C:\Users\rhakanjin.Newsco\AppData\Local\Android\sdk\build-tools\25.0.2\lib\dx.jar
Launcher Type: SUN_STANDARD

Environment Variables:
PATH=c:\Program Files (x86)\Intel\iCLS Client\;c:\Program Files\Intel\iCLS Client\;C:\Windows\system32;C:\Windows;C:\Windows\System32\Wbem;C:\Windows\System32\WindowsPowerShell\v1.0\;c:\Program Files (x86)\Common Files\Roxio Shared\DLLShared\;c:\Program Files (x86)\Common Files\Roxio Shared\10.0\DLLShared\;C:\Program Files\Intel\Intel(R) Management Engine Components\DAL;C:\Program Files\Intel\Intel(R) Management Engine Components\IPT;C:\Program Files (x86)\Intel\Intel(R) Management Engine Components\DAL;C:\Program Files (x86)\Intel\Intel(R) Management Engine Components\IPT;C:\Program Files\nodejs\;C:\RailsInstaller\Ruby2.3.0\bin;c:\Program Files (x86)\Intel\iCLS Client\;c:\Program Files\Intel\iCLS Client\;C:\Windows\system32;C:\Windows;C:\Windows\System32\Wbem;C:\Windows\System32\WindowsPowerShell\v1.0\;c:\Program Files (x86)\Common Files\Roxio Shared\DLLShared\;c:\Program Files (x86)\Common Files\Roxio Shared\10.0\DLLShared\;C:\Program Files\Intel\Intel(R) Management Engine Components\DAL;C:\Program Files\Intel\Intel(R) Management Engine Components\IPT;C:\Program Files (x86)\Intel\Intel(R) Management Engine Components\DAL;C:\Program Files (x86)\Intel\Intel(R) Management Engine Components\IPT;C:\Users\rhakanjin.Newsco\AppData\Local\Programs\Git\cmd;C:\Users\rhakanjin.Newsco\AppData\Roaming\npm
USERNAME=rhakanjin
OS=Windows_NT
PROCESSOR_IDENTIFIER=Intel64 Family 6 Model 58 Stepping 9, GenuineIntel



---------------  S Y S T E M  ---------------

OS: Windows 7 , 64 bit Build 7601 (6.1.7601.17651)

CPU:total 8 (4 cores per cpu, 2 threads per core) family 6 model 58 stepping 9, cmov, cx8, fxsr, mmx, sse, sse2, sse3, ssse3, sse4.1, sse4.2, popcnt, avx, aes, clmul, erms, ht, tsc, tscinvbit, tscinv

Memory: 4k page, physical 8063920k(457220k free), swap 12256372k(10160k free)

vm_info: OpenJDK 64-Bit Server VM (25.76-b03) for windows-amd64 JRE (1.8.0_76-release-b03), built on Jun 29 2016 19:09:20 by "ralucas" with MS VC++ 10.0 (VS2010)

time: Mon Feb 13 13:51:11 2017
elapsed time: 6 seconds (0d 0h 0m 6s)

