#
# There is insufficient memory for the Java Runtime Environment to continue.
# Native memory allocation (malloc) failed to allocate 813456 bytes for Chunk::new
# Possible reasons:
#   The system is out of physical RAM or swap space
#   In 32 bit mode, the process size limit was hit
# Possible solutions:
#   Reduce memory load on the system
#   Increase physical memory or swap space
#   Check if swap backing store is full
#   Use 64 bit Java on a 64 bit OS
#   Decrease Java heap size (-Xmx/-Xms)
#   Decrease number of Java threads
#   Decrease Java thread stack sizes (-Xss)
#   Set larger code cache with -XX:ReservedCodeCacheSize=
# This output file may be truncated or incomplete.
#
#  Out of Memory Error (allocation.cpp:390), pid=7336, tid=0x0000000000001200
#
# JRE version: OpenJDK Runtime Environment (8.0_76-b03) (build 1.8.0_76-release-b03)
# Java VM: OpenJDK 64-Bit Server VM (25.76-b03 mixed mode windows-amd64 compressed oops)
# Failed to write core dump. Minidumps are not enabled by default on client versions of Windows
#

---------------  T H R E A D  ---------------

Current thread (0x00000000567f7000):  JavaThread "C2 CompilerThread0" daemon [_thread_in_native, id=4608, stack(0x0000000057ff0000,0x00000000580f0000)]

Stack: [0x0000000057ff0000,0x00000000580f0000]
[error occurred during error reporting (printing stack bounds), id 0xc0000005]

Native frames: (J=compiled Java code, j=interpreted, Vv=VM code, C=native code)


Current CompileTask:
C2:   2806 1332   !   4       com.android.dx.cf.cst.ConstantPoolParser::parse0 (731 bytes)


---------------  P R O C E S S  ---------------

Java Threads: ( => current thread )
  0x00000000589f7800 JavaThread "pool-2-thread-4" [_thread_blocked, id=6080, stack(0x0000000059720000,0x0000000059820000)]
  0x00000000589f7000 JavaThread "pool-2-thread-3" [_thread_blocked, id=6064, stack(0x0000000058330000,0x0000000058430000)]
  0x0000000056a6e000 JavaThread "pool-2-thread-2" [_thread_blocked, id=8756, stack(0x00000000594b0000,0x00000000595b0000)]
  0x0000000056a57800 JavaThread "pool-3-thread-1" [_thread_blocked, id=6032, stack(0x00000000592c0000,0x00000000593c0000)]
  0x0000000056a5b000 JavaThread "pool-2-thread-1" [_thread_blocked, id=5148, stack(0x00000000591b0000,0x00000000592b0000)]
  0x0000000056866800 JavaThread "Service Thread" daemon [_thread_blocked, id=6012, stack(0x0000000058680000,0x0000000058780000)]
  0x0000000056801800 JavaThread "C1 CompilerThread3" daemon [_thread_blocked, id=5996, stack(0x0000000058440000,0x0000000058540000)]
  0x00000000567fc000 JavaThread "C2 CompilerThread2" daemon [_thread_blocked, id=8884, stack(0x00000000581c0000,0x00000000582c0000)]
  0x00000000567f9800 JavaThread "C2 CompilerThread1" daemon [_thread_blocked, id=5736, stack(0x0000000057cc0000,0x0000000057dc0000)]
=>0x00000000567f7000 JavaThread "C2 CompilerThread0" daemon [_thread_in_native, id=4608, stack(0x0000000057ff0000,0x00000000580f0000)]
  0x00000000567f2000 JavaThread "Attach Listener" daemon [_thread_blocked, id=4360, stack(0x0000000057e40000,0x0000000057f40000)]
  0x00000000567f0000 JavaThread "Signal Dispatcher" daemon [_thread_blocked, id=2416, stack(0x00000000577b0000,0x00000000578b0000)]
  0x000000005573b800 JavaThread "Finalizer" daemon [_thread_blocked, id=5268, stack(0x0000000057b70000,0x0000000057c70000)]
  0x0000000055734800 JavaThread "Reference Handler" daemon [_thread_blocked, id=6344, stack(0x00000000579e0000,0x0000000057ae0000)]
  0x00000000023fe800 JavaThread "main" [_thread_blocked, id=2060, stack(0x00000000025a0000,0x00000000026a0000)]

Other Threads:
  0x00000000567a0800 VMThread [stack: 0x00000000578e0000,0x00000000579e0000] [id=7276]
  0x000000005686b000 WatcherThread [stack: 0x0000000058880000,0x0000000058980000] [id=180]

VM state:at safepoint (normal execution)

VM Mutex/Monitor currently owned by a thread:  ([mutex/lock_event])
[0x00000000023fccc0] Threads_lock - owner thread: 0x00000000567a0800
[0x00000000023fd1c0] Heap_lock - owner thread: 0x00000000589f7800

Heap:
 PSYoungGen      total 36864K, used 36838K [0x00000000eab00000, 0x00000000ed400000, 0x0000000100000000)
  eden space 31744K, 100% used [0x00000000eab00000,0x00000000eca00000,0x00000000eca00000)
  from space 5120K, 99% used [0x00000000eca00000,0x00000000ecef9bb8,0x00000000ecf00000)
  to   space 5120K, 99% used [0x00000000ecf00000,0x00000000ed3f84f8,0x00000000ed400000)
 ParOldGen       total 84992K, used 3714K [0x00000000c0000000, 0x00000000c5300000, 0x00000000eab00000)
  object space 84992K, 4% used [0x00000000c0000000,0x00000000c03a0b80,0x00000000c5300000)
 Metaspace       used 6067K, capacity 7024K, committed 7296K, reserved 1056768K
  class space    used 569K, capacity 616K, committed 640K, reserved 1048576K

Card table byte_map: [0x0000000011d30000,0x0000000011f40000] byte_map_base: 0x0000000011730000

Marking Bits: (ParMarkBitMap*) 0x0000000070e59d00
 Begin Bits: [0x0000000012b50000, 0x0000000013b50000)
 End Bits:   [0x0000000013b50000, 0x0000000014b50000)

Polling page: 0x0000000000130000

CodeCache: size=245760Kb used=5940Kb max_used=5963Kb free=239819Kb
 bounds [0x0000000002970000, 0x0000000002f50000, 0x0000000011970000]
 total_blobs=1709 nmethods=1441 adapters=181
 compilation: disabled (not enough contiguous free space left)

Compilation events (10 events):
Event: 2.690 Thread 0x00000000567f9800 1459       4       com.android.dx.ssa.SsaConverter::needsNewSuccessor (53 bytes)
Event: 2.693 Thread 0x00000000567f9800 nmethod 1459 0x0000000002f270d0 code [0x0000000002f27220, 0x0000000002f27418]
Event: 2.693 Thread 0x00000000567f9800 1461       4       com.android.dx.ssa.SCCP::simulateBlock (54 bytes)
Event: 2.697 Thread 0x00000000567f9800 nmethod 1461 0x0000000002f26950 code [0x0000000002f26ac0, 0x0000000002f26d38]
Event: 2.697 Thread 0x00000000567f9800 1460       4       com.android.dx.ssa.SsaBasicBlock::exitBlockFixup (58 bytes)
Event: 2.706 Thread 0x00000000567f9800 nmethod 1460 0x0000000002f29bd0 code [0x0000000002f29d40, 0x0000000002f2a498]
Event: 2.706 Thread 0x00000000567f9800 1464       4       com.android.dx.ssa.back.LivenessAnalyzer::run (231 bytes)
Event: 2.707 Thread 0x0000000056801800 nmethod 1441 0x0000000002f291d0 code [0x0000000002f29380, 0x0000000002f29938]
Event: 2.707 Thread 0x00000000567fc000 1465       4       java.util.ArrayList::removeRange (75 bytes)
Event: 2.707 Thread 0x0000000056801800 1471   !   3       com.android.dx.cf.code.BytecodeArray::parseInstruction (2764 bytes)

GC Heap History (2 events):
Event: 1.512 GC heap before
{Heap before GC invocations=1 (full 0):
 PSYoungGen      total 36864K, used 31744K [0x00000000eab00000, 0x00000000ed400000, 0x0000000100000000)
  eden space 31744K, 100% used [0x00000000eab00000,0x00000000eca00000,0x00000000eca00000)
  from space 5120K, 0% used [0x00000000ecf00000,0x00000000ecf00000,0x00000000ed400000)
  to   space 5120K, 0% used [0x00000000eca00000,0x00000000eca00000,0x00000000ecf00000)
 ParOldGen       total 84992K, used 0K [0x00000000c0000000, 0x00000000c5300000, 0x00000000eab00000)
  object space 84992K, 0% used [0x00000000c0000000,0x00000000c0000000,0x00000000c5300000)
 Metaspace       used 5851K, capacity 6832K, committed 7040K, reserved 1056768K
  class space    used 568K, capacity 616K, committed 640K, reserved 1048576K
Event: 1.962 GC heap after
Heap after GC invocations=1 (full 0):
 PSYoungGen      total 36864K, used 5094K [0x00000000eab00000, 0x00000000ed400000, 0x0000000100000000)
  eden space 31744K, 0% used [0x00000000eab00000,0x00000000eab00000,0x00000000eca00000)
  from space 5120K, 99% used [0x00000000eca00000,0x00000000ecef9bb8,0x00000000ecf00000)
  to   space 5120K, 0% used [0x00000000ecf00000,0x00000000ecf00000,0x00000000ed400000)
 ParOldGen       total 84992K, used 685K [0x00000000c0000000, 0x00000000c5300000, 0x00000000eab00000)
  object space 84992K, 0% used [0x00000000c0000000,0x00000000c00ab438,0x00000000c5300000)
 Metaspace       used 5851K, capacity 6832K, committed 7040K, reserved 1056768K
  class space    used 568K, capacity 616K, committed 640K, reserved 1048576K
}

Deoptimization events (9 events):
Event: 0.568 Thread 0x0000000056a6e000 Uncommon trap: reason=unstable_if action=reinterpret pc=0x0000000002b7dc2c method=java.util.HashMap.getNode(ILjava/lang/Object;)Ljava/util/HashMap$Node; @ 129
Event: 0.658 Thread 0x0000000056a6e000 Uncommon trap: reason=unstable_if action=reinterpret pc=0x0000000002b89160 method=java.util.BitSet.nextSetBit(I)I @ 87
Event: 2.598 Thread 0x00000000589f7800 Uncommon trap: reason=class_check action=maybe_recompile pc=0x0000000002e5e7d8 method=com.android.dx.ssa.SCCP.setLatticeValueTo(IILcom/android/dx/rop/cst/Constant;)Z @ 43
Event: 2.598 Thread 0x00000000589f7800 Uncommon trap: reason=class_check action=maybe_recompile pc=0x0000000002e5e7d8 method=com.android.dx.ssa.SCCP.setLatticeValueTo(IILcom/android/dx/rop/cst/Constant;)Z @ 43
Event: 2.598 Thread 0x00000000589f7800 Uncommon trap: reason=class_check action=maybe_recompile pc=0x0000000002e5e7d8 method=com.android.dx.ssa.SCCP.setLatticeValueTo(IILcom/android/dx/rop/cst/Constant;)Z @ 43
Event: 2.652 Thread 0x0000000056a5b000 Uncommon trap: reason=unstable_if action=reinterpret pc=0x0000000002e1fd70 method=com.android.dx.ssa.SCCP.simulateBranch(Lcom/android/dx/ssa/SsaInsn;)V @ 64
Event: 2.653 Thread 0x0000000056a5b000 Uncommon trap: reason=unstable_if action=reinterpret pc=0x0000000002e2bee4 method=com.android.dx.ssa.LiteralOpUpgrader$1.visitNonMoveInsn(Lcom/android/dx/ssa/NormalSsaInsn;)V @ 43
Event: 2.654 Thread 0x0000000056a5b000 Uncommon trap: reason=unstable_if action=reinterpret pc=0x0000000002d12f0c method=com.android.dx.ssa.SsaMethod.updateOneDefinition(Lcom/android/dx/ssa/SsaInsn;Lcom/android/dx/rop/code/RegisterSpec;)V @ 4
Event: 2.704 Thread 0x00000000589f7800 Uncommon trap: reason=unstable_if action=reinterpret pc=0x0000000002f39ba0 method=com.android.dx.cf.code.ByteCatchList$Item.getExceptionClass()Lcom/android/dx/rop/cst/CstType; @ 4

Internal exceptions (2 events):
Event: 0.065 Thread 0x00000000023fe800 Exception <a 'java/lang/NoSuchMethodError': Method sun.misc.Unsafe.defineClass(Ljava/lang/String;[BII)Ljava/lang/Class; name or signature does not match> (0x00000000eab07cc0) thrown at [C:\src\android\AOSP-openjdk\external\jetbrains\jdk\hotspot\src\share\vÌ-Æž	Ç°?
Event: 0.066 Thread 0x00000000023fe800 Exception <a 'java/lang/NoSuchMethodError': Method sun.misc.Unsafe.prefetchRead(Ljava/lang/Object;J)V name or signature does not match> (0x00000000eab07fa8) thrown at [C:\src\android\AOSP-openjdk\external\jetbrains\jdk\hotspot\src\share\vm\prims\jni.cpp, l

Events (10 events):
Event: 2.653 Thread 0x0000000056a5b000 DEOPT PACKING pc=0x0000000002e2bee4 sp=0x00000000592ae6d0
Event: 2.653 Thread 0x0000000056a5b000 DEOPT UNPACKING pc=0x00000000029b556a sp=0x00000000592ae6d8 mode 2
Event: 2.653 loading class com/android/dx/rop/code/RegOps
Event: 2.653 loading class com/android/dx/rop/code/RegOps done
Event: 2.654 Thread 0x0000000056a5b000 Uncommon trap: trap_request=0xffffff65 fr.pc=0x0000000002d12f0c
Event: 2.654 Thread 0x0000000056a5b000 DEOPT PACKING pc=0x0000000002d12f0c sp=0x00000000592ae540
Event: 2.654 Thread 0x0000000056a5b000 DEOPT UNPACKING pc=0x00000000029b556a sp=0x00000000592ae4e8 mode 2
Event: 2.704 Thread 0x00000000589f7800 Uncommon trap: trap_request=0xffffff65 fr.pc=0x0000000002f39ba0
Event: 2.704 Thread 0x00000000589f7800 DEOPT PACKING pc=0x0000000002f39ba0 sp=0x000000005981e680
Event: 2.704 Thread 0x00000000589f7800 DEOPT UNPACKING pc=0x00000000029b556a sp=0x000000005981e3f8 mode 2


Dynamic libraries:
0x000000013f250000 - 0x000000013f281000 	C:\Program Files\Android\Android Studio\jre\bin\java.exe
0x0000000077180000 - 0x0000000077329000 	C:\Windows\SYSTEM32\ntdll.dll
0x0000000077060000 - 0x000000007717f000 	C:\Windows\system32\kernel32.dll
0x000007fefd940000 - 0x000007fefd9ac000 	C:\Windows\system32\KERNELBASE.dll
0x000007feff3b0000 - 0x000007feff48b000 	C:\Windows\system32\ADVAPI32.dll
0x000007feff1a0000 - 0x000007feff23f000 	C:\Windows\system32\msvcrt.dll
0x000007fefed50000 - 0x000007fefed6f000 	C:\Windows\SYSTEM32\sechost.dll
0x000007fefec00000 - 0x000007fefed2d000 	C:\Windows\system32\RPCRT4.dll
0x0000000076f60000 - 0x000000007705a000 	C:\Windows\system32\USER32.dll
0x000007fefe9f0000 - 0x000007fefea57000 	C:\Windows\system32\GDI32.dll
0x000007fefed30000 - 0x000007fefed3e000 	C:\Windows\system32\LPK.dll
0x000007fefea90000 - 0x000007fefeb59000 	C:\Windows\system32\USP10.dll
0x000007fefbe40000 - 0x000007fefc034000 	C:\Windows\WinSxS\amd64_microsoft.windows.common-controls_6595b64144ccf1df_6.0.7601.17514_none_fa396087175ac9ac\COMCTL32.dll
0x000007fefeb80000 - 0x000007fefebf1000 	C:\Windows\system32\SHLWAPI.dll
0x000007fefea60000 - 0x000007fefea8e000 	C:\Windows\system32\IMM32.DLL
0x000007feff240000 - 0x000007feff349000 	C:\Windows\system32\MSCTF.dll
0x00000000705c0000 - 0x0000000070692000 	C:\Program Files\Android\Android Studio\jre\jre\bin\msvcr100.dll
0x00000000706a0000 - 0x0000000070ed4000 	C:\Program Files\Android\Android Studio\jre\jre\bin\server\jvm.dll
0x000007feec580000 - 0x000007feec589000 	C:\Windows\system32\WSOCK32.dll
0x000007fefee50000 - 0x000007fefee9d000 	C:\Windows\system32\WS2_32.dll
0x000007fefed40000 - 0x000007fefed48000 	C:\Windows\system32\NSI.dll
0x000007fefaf00000 - 0x000007fefaf3b000 	C:\Windows\system32\WINMM.dll
0x000007fefc6e0000 - 0x000007fefc6ec000 	C:\Windows\system32\VERSION.dll
0x0000000077340000 - 0x0000000077347000 	C:\Windows\system32\PSAPI.DLL
0x000007fef8460000 - 0x000007fef846f000 	C:\Program Files\Android\Android Studio\jre\jre\bin\verify.dll
0x000007fef83e0000 - 0x000007fef8409000 	C:\Program Files\Android\Android Studio\jre\jre\bin\java.dll
0x000007fef7bc0000 - 0x000007fef7bd6000 	C:\Program Files\Android\Android Studio\jre\jre\bin\zip.dll
0x000007fefd9b0000 - 0x000007fefe738000 	C:\Windows\system32\SHELL32.dll
0x000007fefe7e0000 - 0x000007fefe9e3000 	C:\Windows\system32\ole32.dll
0x000007fefd5e0000 - 0x000007fefd5ef000 	C:\Windows\system32\profapi.dll

VM Arguments:
jvm_args: -Djava.awt.headless=true -Xmx1024M -Dfile.encoding=windows-1252 -Duser.country=FR -Duser.language=fr -Duser.variant 
java_command: com.android.dx.command.Main --dex --force-jumbo --num-threads=4 --multi-dex --output C:\Users\rhakanjin.Newsco\Desktop\workspaceAndroid\friendzone\app\build\intermediates\transforms\dex\debug\folders\1000\10\com.google.android.gms-play-services-maps-10.0.1_1dc0e85a7611416917d4f99e2752e857400f6780 C:\Users\rhakanjin.Newsco\Desktop\workspaceAndroid\friendzone\app\build\intermediates\exploded-aar\com.google.android.gms\play-services-maps\10.0.1\jars\classes.jar
java_class_path (initial): C:\Users\rhakanjin.Newsco\AppData\Local\Android\sdk\build-tools\25.0.2\lib\dx.jar
Launcher Type: SUN_STANDARD

Environment Variables:
PATH=c:\Program Files (x86)\Intel\iCLS Client\;c:\Program Files\Intel\iCLS Client\;C:\Windows\system32;C:\Windows;C:\Windows\System32\Wbem;C:\Windows\System32\WindowsPowerShell\v1.0\;c:\Program Files (x86)\Common Files\Roxio Shared\DLLShared\;c:\Program Files (x86)\Common Files\Roxio Shared\10.0\DLLShared\;C:\Program Files\Intel\Intel(R) Management Engine Components\DAL;C:\Program Files\Intel\Intel(R) Management Engine Components\IPT;C:\Program Files (x86)\Intel\Intel(R) Management Engine Components\DAL;C:\Program Files (x86)\Intel\Intel(R) Management Engine Components\IPT;C:\Program Files\nodejs\;C:\RailsInstaller\Ruby2.3.0\bin;c:\Program Files (x86)\Intel\iCLS Client\;c:\Program Files\Intel\iCLS Client\;C:\Windows\system32;C:\Windows;C:\Windows\System32\Wbem;C:\Windows\System32\WindowsPowerShell\v1.0\;c:\Program Files (x86)\Common Files\Roxio Shared\DLLShared\;c:\Program Files (x86)\Common Files\Roxio Shared\10.0\DLLShared\;C:\Program Files\Intel\Intel(R) Management Engine Components\DAL;C:\Program Files\Intel\Intel(R) Management Engine Components\IPT;C:\Program Files (x86)\Intel\Intel(R) Management Engine Components\DAL;C:\Program Files (x86)\Intel\Intel(R) Management Engine Components\IPT;C:\Users\rhakanjin.Newsco\AppData\Local\Programs\Git\cmd;C:\Users\rhakanjin.Newsco\AppData\Roaming\npm
USERNAME=rhakanjin
OS=Windows_NT
PROCESSOR_IDENTIFIER=Intel64 Family 6 Model 58 Stepping 9, GenuineIntel



---------------  S Y S T E M  ---------------

OS: Windows 7 , 64 bit Build 7601 (6.1.7601.17651)

CPU:total 8 (4 cores per cpu, 2 threads per core) family 6 model 58 stepping 9, cmov, cx8, fxsr, mmx, sse, sse2, sse3, ssse3, sse4.1, sse4.2, popcnt, avx, aes, clmul, erms, ht, tsc, tscinvbit, tscinv

Memory: 4k page, physical 8063920k(190788k free), swap 12256372k(4620k free)

vm_info: OpenJDK 64-Bit Server VM (25.76-b03) for windows-amd64 JRE (1.8.0_76-release-b03), built on Jun 29 2016 19:09:20 by "ralucas" with MS VC++ 10.0 (VS2010)

time: Mon Feb 13 14:24:00 2017
elapsed time: 2 seconds (0d 0h 0m 2s)

